#
# There is insufficient memory for the Java Runtime Environment to continue.
# Native memory allocation (malloc) failed to allocate 232336 bytes for Chunk::new
# Possible reasons:
#   The system is out of physical RAM or swap space
#   The process is running with CompressedOops enabled, and the Java Heap may be blocking the growth of the native heap
# Possible solutions:
#   Reduce memory load on the system
#   Increase physical memory or swap space
#   Check if swap backing store is full
#   Decrease Java heap size (-Xmx/-Xms)
#   Decrease number of Java threads
#   Decrease Java thread stack sizes (-Xss)
#   Set larger code cache with -XX:ReservedCodeCacheSize=
#   JVM is running with Zero Based Compressed Oops mode in which the Java heap is
#     placed in the first 32GB address space. The Java Heap base address is the
#     maximum limit for the native heap growth. Please use -XX:HeapBaseMinAddress
#     to set the Java Heap base and to place the Java Heap above 32GB virtual address.
# This output file may be truncated or incomplete.
#
#  Out of Memory Error (allocation.cpp:389), pid=15140, tid=0x0000000000003eb4
#
# JRE version: Java(TM) SE Runtime Environment (8.0_202-b08) (build 1.8.0_202-b08)
# Java VM: Java HotSpot(TM) 64-Bit Server VM (25.202-b08 mixed mode windows-amd64 compressed oops)
# Failed to write core dump. Minidumps are not enabled by default on client versions of Windows
#

---------------  T H R E A D  ---------------

Current thread (0x000000001db21800):  JavaThread "C2 CompilerThread1" daemon [_thread_in_native, id=16052, stack(0x000000001e4e0000,0x000000001e5e0000)]

Stack: [0x000000001e4e0000,0x000000001e5e0000]
[error occurred during error reporting (printing stack bounds), id 0xc0000005]

Native frames: (J=compiled Java code, j=interpreted, Vv=VM code, C=native code)


Current CompileTask:
C2: 112193 11096       4       java.util.ArrayList$ArrayListSpliterator::forEachRemaining (129 bytes)


---------------  P R O C E S S  ---------------

Java Threads: ( => current thread )
  0x0000000021692800 JavaThread "OkHttp ConnectionPool" daemon [_thread_blocked, id=16844, stack(0x0000000028fe0000,0x00000000290e0000)]
  0x0000000021691000 JavaThread "OkHttp ConnectionPool" daemon [_thread_blocked, id=10324, stack(0x0000000028ee0000,0x0000000028fe0000)]
  0x000000001db26800 JavaThread "OkHttp ConnectionPool" daemon [_thread_blocked, id=10652, stack(0x0000000028de0000,0x0000000028ee0000)]
  0x000000001db23800 JavaThread "OkHttp ConnectionPool" daemon [_thread_blocked, id=17052, stack(0x0000000028ce0000,0x0000000028de0000)]
  0x000000001db26000 JavaThread "OkHttp ConnectionPool" daemon [_thread_blocked, id=12544, stack(0x0000000028be0000,0x0000000028ce0000)]
  0x00000000214e7800 JavaThread "OkHttp ConnectionPool" daemon [_thread_blocked, id=16988, stack(0x0000000028ae0000,0x0000000028be0000)]
  0x00000000214ea800 JavaThread "OkHttp ConnectionPool" daemon [_thread_blocked, id=12296, stack(0x00000000289e0000,0x0000000028ae0000)]
  0x00000000214e6800 JavaThread "OkHttp ConnectionPool" daemon [_thread_blocked, id=15384, stack(0x00000000288e0000,0x00000000289e0000)]
  0x00000000214e8000 JavaThread "OkHttp ConnectionPool" daemon [_thread_blocked, id=7336, stack(0x00000000287e0000,0x00000000288e0000)]
  0x00000000214e6000 JavaThread "OkHttp ConnectionPool" daemon [_thread_blocked, id=15936, stack(0x00000000286e0000,0x00000000287e0000)]
  0x00000000214e9800 JavaThread "OkHttp ConnectionPool" daemon [_thread_blocked, id=9628, stack(0x00000000006b0000,0x00000000007b0000)]
  0x00000000214ec000 JavaThread "OkHttp ConnectionPool" daemon [_thread_blocked, id=7364, stack(0x00000000285e0000,0x00000000286e0000)]
  0x00000000214e9000 JavaThread "OkHttp ConnectionPool" daemon [_thread_blocked, id=7752, stack(0x00000000284e0000,0x00000000285e0000)]
  0x00000000214de800 JavaThread "OkHttp ConnectionPool" daemon [_thread_blocked, id=3896, stack(0x00000000283e0000,0x00000000284e0000)]
  0x00000000214e5000 JavaThread "OkHttp ConnectionPool" daemon [_thread_blocked, id=5280, stack(0x00000000282e0000,0x00000000283e0000)]
  0x00000000214e0000 JavaThread "OkHttp ConnectionPool" daemon [_thread_blocked, id=15660, stack(0x00000000281e0000,0x00000000282e0000)]
  0x00000000214e4800 JavaThread "OkHttp ConnectionPool" daemon [_thread_blocked, id=13980, stack(0x00000000280e0000,0x00000000281e0000)]
  0x00000000214e3800 JavaThread "OkHttp ConnectionPool" daemon [_thread_blocked, id=9400, stack(0x0000000027de0000,0x0000000027ee0000)]
  0x00000000214e1800 JavaThread "OkHttp ConnectionPool" daemon [_thread_blocked, id=6016, stack(0x0000000027ce0000,0x0000000027de0000)]
  0x00000000214dd000 JavaThread "OkHttp ConnectionPool" daemon [_thread_blocked, id=12236, stack(0x00000000279e0000,0x0000000027ae0000)]
  0x00000000214e2000 JavaThread "OkHttp ConnectionPool" daemon [_thread_blocked, id=3320, stack(0x00000000278e0000,0x00000000279e0000)]
  0x00000000214df000 JavaThread "OkHttp ConnectionPool" daemon [_thread_blocked, id=10132, stack(0x00000000277e0000,0x00000000278e0000)]
  0x000000001ff62800 JavaThread "Okio Watchdog" daemon [_thread_blocked, id=17400, stack(0x00000000276e0000,0x00000000277e0000)]
  0x0000000021773800 JavaThread "OkHttp ConnectionPool" daemon [_thread_blocked, id=12468, stack(0x00000000275e0000,0x00000000276e0000)]
  0x0000000023c1c000 JavaThread "pool-2-thread-6" daemon [_thread_blocked, id=12424, stack(0x00000000271e0000,0x00000000272e0000)]
  0x000000001eea0000 JavaThread "pool-2-thread-5" daemon [_thread_blocked, id=18112, stack(0x00000000270e0000,0x00000000271e0000)]
  0x000000001fef7000 JavaThread "pool-2-thread-4" daemon [_thread_blocked, id=13284, stack(0x0000000026de0000,0x0000000026ee0000)]
  0x0000000021145000 JavaThread "pool-2-thread-3" daemon [_thread_blocked, id=11496, stack(0x00000000254f0000,0x00000000255f0000)]
  0x0000000022d95000 JavaThread "pool-2-thread-2" daemon [_thread_blocked, id=9264, stack(0x0000000020a00000,0x0000000020b00000)]
  0x000000001ec29000 JavaThread "pool-2-thread-1" daemon [_thread_blocked, id=18020, stack(0x00000000201b0000,0x00000000202b0000)]
  0x000000001f45f000 JavaThread "ReaderThread" [_thread_in_native, id=14940, stack(0x0000000020700000,0x0000000020800000)]
  0x000000001dbc6000 JavaThread "Service Thread" daemon [_thread_blocked, id=13528, stack(0x000000001e7e0000,0x000000001e8e0000)]
  0x000000001db23000 JavaThread "C1 CompilerThread3" daemon [_thread_blocked, id=15796, stack(0x000000001e6e0000,0x000000001e7e0000)]
  0x000000001db22000 JavaThread "C2 CompilerThread2" daemon [_thread_blocked, id=9124, stack(0x000000001e5e0000,0x000000001e6e0000)]
=>0x000000001db21800 JavaThread "C2 CompilerThread1" daemon [_thread_in_native, id=16052, stack(0x000000001e4e0000,0x000000001e5e0000)]
  0x000000001db1b800 JavaThread "C2 CompilerThread0" daemon [_thread_blocked, id=3020, stack(0x000000001e3e0000,0x000000001e4e0000)]
  0x000000001db1a000 JavaThread "Attach Listener" daemon [_thread_blocked, id=17424, stack(0x000000001e2e0000,0x000000001e3e0000)]
  0x000000001db18800 JavaThread "Signal Dispatcher" daemon [_thread_blocked, id=13008, stack(0x000000001e1e0000,0x000000001e2e0000)]
  0x000000001db00800 JavaThread "Finalizer" daemon [_thread_blocked, id=6316, stack(0x000000001dfe0000,0x000000001e0e0000)]
  0x000000001bd20000 JavaThread "Reference Handler" daemon [_thread_blocked, id=17000, stack(0x000000001dee0000,0x000000001dfe0000)]
  0x000000000241a000 JavaThread "main" [_thread_in_vm, id=18392, stack(0x0000000002310000,0x0000000002410000)]

Other Threads:
  0x000000001bd16800 VMThread [stack: 0x000000001d9e0000,0x000000001dae0000] [id=10780]
  0x000000001dbe0800 WatcherThread [stack: 0x000000001e8e0000,0x000000001e9e0000] [id=14244]

VM state:not at safepoint (normal execution)

VM Mutex/Monitor currently owned by a thread: None

heap address: 0x00000006c5400000, size: 4012 MB, Compressed Oops mode: Zero based, Oop shift amount: 3
Narrow klass base: 0x0000000000000000, Narrow klass shift: 3
Compressed class space size: 1073741824 Address: 0x00000007c0000000

Heap:
 PSYoungGen      total 349696K, used 160606K [0x000000076c700000, 0x0000000784600000, 0x00000007c0000000)
  eden space 346112K, 45% used [0x000000076c700000,0x00000007760673d8,0x0000000781900000)
  from space 3584K, 98% used [0x0000000782e00000,0x00000007831706d0,0x0000000783180000)
  to   space 20480K, 0% used [0x0000000783200000,0x0000000783200000,0x0000000784600000)
 ParOldGen       total 240640K, used 27714K [0x00000006c5400000, 0x00000006d3f00000, 0x000000076c700000)
  object space 240640K, 11% used [0x00000006c5400000,0x00000006c6f10ab8,0x00000006d3f00000)
 Metaspace       used 56403K, capacity 59380K, committed 59736K, reserved 1101824K
  class space    used 6760K, capacity 7640K, committed 7808K, reserved 1048576K

Card table byte_map: [0x00000000118d0000,0x00000000120b0000] byte_map_base: 0x000000000e2a6000

Marking Bits: (ParMarkBitMap*) 0x0000000063495ce0
 Begin Bits: [0x0000000012df0000, 0x0000000016ca0000)
 End Bits:   [0x0000000016ca0000, 0x000000001ab50000)

Polling page: 0x0000000000530000

CodeCache: size=245760Kb used=32856Kb max_used=32883Kb free=212903Kb
 bounds [0x0000000002510000, 0x0000000004570000, 0x0000000011510000]
 total_blobs=9640 nmethods=8812 adapters=739
 compilation: enabled

Compilation events (10 events):
Event: 110.784 Thread 0x000000001db23000 11092       1       com.fasterxml.jackson.core.JsonGenerator$Feature::getMask (5 bytes)
Event: 110.784 Thread 0x000000001db23000 nmethod 11092 0x000000000453c450 code [0x000000000453c5a0, 0x000000000453c6b0]
Event: 110.904 Thread 0x000000001db1b800 nmethod 11071 0x0000000004558e50 code [0x0000000004559500, 0x000000000455e1d0]
Event: 110.924 Thread 0x000000001db23000 11093       3       sun.security.util.DisabledAlgorithmConstraints::permits (10 bytes)
Event: 110.924 Thread 0x000000001db23000 nmethod 11093 0x000000000453f4d0 code [0x000000000453f640, 0x000000000453f7e8]
Event: 110.924 Thread 0x000000001db23000 11094       3       sun.security.util.DisabledAlgorithmConstraints$KeySizeConstraint::permits (60 bytes)
Event: 110.925 Thread 0x000000001db23000 nmethod 11094 0x0000000004546610 code [0x00000000045467a0, 0x0000000004546b18]
Event: 112.173 Thread 0x000000001db22000 11095       4       java.net.URLClassLoader$3$1::run (5 bytes)
Event: 112.175 Thread 0x000000001db22000 nmethod 11095 0x00000000045460d0 code [0x0000000004546240, 0x0000000004546398]
Event: 112.178 Thread 0x000000001db21800 11096       4       java.util.ArrayList$ArrayListSpliterator::forEachRemaining (129 bytes)

GC Heap History (10 events):
Event: 51.599 GC heap before
{Heap before GC invocations=16 (full 2):
 PSYoungGen      total 323072K, used 318788K [0x000000076c700000, 0x0000000783800000, 0x00000007c0000000)
  eden space 304640K, 100% used [0x000000076c700000,0x000000077f080000,0x000000077f080000)
  from space 18432K, 76% used [0x000000077f080000,0x000000077fe51088,0x0000000780280000)
  to   space 18944K, 0% used [0x0000000782580000,0x0000000782580000,0x0000000783800000)
 ParOldGen       total 158720K, used 17750K [0x00000006c5400000, 0x00000006cef00000, 0x000000076c700000)
  object space 158720K, 11% used [0x00000006c5400000,0x00000006c6555ab0,0x00000006cef00000)
 Metaspace       used 55527K, capacity 58544K, committed 58624K, reserved 1099776K
  class space    used 6757K, capacity 7615K, committed 7680K, reserved 1048576K
Event: 51.615 GC heap after
Heap after GC invocations=16 (full 2):
 PSYoungGen      total 356864K, used 14373K [0x000000076c700000, 0x0000000783700000, 0x00000007c0000000)
  eden space 338944K, 0% used [0x000000076c700000,0x000000076c700000,0x0000000781200000)
  from space 17920K, 80% used [0x0000000782580000,0x00000007833896e0,0x0000000783700000)
  to   space 18944K, 0% used [0x0000000781200000,0x0000000781200000,0x0000000782480000)
 ParOldGen       total 158720K, used 17758K [0x00000006c5400000, 0x00000006cef00000, 0x000000076c700000)
  object space 158720K, 11% used [0x00000006c5400000,0x00000006c6557ab0,0x00000006cef00000)
 Metaspace       used 55527K, capacity 58544K, committed 58624K, reserved 1099776K
  class space    used 6757K, capacity 7615K, committed 7680K, reserved 1048576K
}
Event: 59.594 GC heap before
{Heap before GC invocations=17 (full 2):
 PSYoungGen      total 356864K, used 353317K [0x000000076c700000, 0x0000000783700000, 0x00000007c0000000)
  eden space 338944K, 100% used [0x000000076c700000,0x0000000781200000,0x0000000781200000)
  from space 17920K, 80% used [0x0000000782580000,0x00000007833896e0,0x0000000783700000)
  to   space 18944K, 0% used [0x0000000781200000,0x0000000781200000,0x0000000782480000)
 ParOldGen       total 158720K, used 17758K [0x00000006c5400000, 0x00000006cef00000, 0x000000076c700000)
  object space 158720K, 11% used [0x00000006c5400000,0x00000006c6557ab0,0x00000006cef00000)
 Metaspace       used 55707K, capacity 58738K, committed 58880K, reserved 1099776K
  class space    used 6765K, capacity 7637K, committed 7680K, reserved 1048576K
Event: 59.610 GC heap after
Heap after GC invocations=17 (full 2):
 PSYoungGen      total 357888K, used 14216K [0x000000076c700000, 0x0000000785880000, 0x00000007c0000000)
  eden space 338944K, 0% used [0x000000076c700000,0x000000076c700000,0x0000000781200000)
  from space 18944K, 75% used [0x0000000781200000,0x0000000781fe2140,0x0000000782480000)
  to   space 19456K, 0% used [0x0000000784580000,0x0000000784580000,0x0000000785880000)
 ParOldGen       total 158720K, used 17766K [0x00000006c5400000, 0x00000006cef00000, 0x000000076c700000)
  object space 158720K, 11% used [0x00000006c5400000,0x00000006c6559ab0,0x00000006cef00000)
 Metaspace       used 55707K, capacity 58738K, committed 58880K, reserved 1099776K
  class space    used 6765K, capacity 7637K, committed 7680K, reserved 1048576K
}
Event: 70.281 GC heap before
{Heap before GC invocations=18 (full 2):
 PSYoungGen      total 357888K, used 223752K [0x000000076c700000, 0x0000000785880000, 0x00000007c0000000)
  eden space 338944K, 61% used [0x000000076c700000,0x000000077939ffd0,0x0000000781200000)
  from space 18944K, 75% used [0x0000000781200000,0x0000000781fe2140,0x0000000782480000)
  to   space 19456K, 0% used [0x0000000784580000,0x0000000784580000,0x0000000785880000)
 ParOldGen       total 158720K, used 17766K [0x00000006c5400000, 0x00000006cef00000, 0x000000076c700000)
  object space 158720K, 11% used [0x00000006c5400000,0x00000006c6559ab0,0x00000006cef00000)
 Metaspace       used 56031K, capacity 59014K, committed 59096K, reserved 1101824K
  class space    used 6782K, capacity 7680K, committed 7680K, reserved 1048576K
Event: 70.299 GC heap after
Heap after GC invocations=18 (full 2):
 PSYoungGen      total 342016K, used 14584K [0x000000076c700000, 0x0000000785400000, 0x00000007c0000000)
  eden space 327168K, 0% used [0x000000076c700000,0x000000076c700000,0x0000000780680000)
  from space 14848K, 98% used [0x0000000784580000,0x00000007853be258,0x0000000785400000)
  to   space 19456K, 0% used [0x0000000782e00000,0x0000000782e00000,0x0000000784100000)
 ParOldGen       total 158720K, used 17774K [0x00000006c5400000, 0x00000006cef00000, 0x000000076c700000)
  object space 158720K, 11% used [0x00000006c5400000,0x00000006c655bab0,0x00000006cef00000)
 Metaspace       used 56031K, capacity 59014K, committed 59096K, reserved 1101824K
  class space    used 6782K, capacity 7680K, committed 7680K, reserved 1048576K
}
Event: 70.299 GC heap before
{Heap before GC invocations=19 (full 3):
 PSYoungGen      total 342016K, used 14584K [0x000000076c700000, 0x0000000785400000, 0x00000007c0000000)
  eden space 327168K, 0% used [0x000000076c700000,0x000000076c700000,0x0000000780680000)
  from space 14848K, 98% used [0x0000000784580000,0x00000007853be258,0x0000000785400000)
  to   space 19456K, 0% used [0x0000000782e00000,0x0000000782e00000,0x0000000784100000)
 ParOldGen       total 158720K, used 17774K [0x00000006c5400000, 0x00000006cef00000, 0x000000076c700000)
  object space 158720K, 11% used [0x00000006c5400000,0x00000006c655bab0,0x00000006cef00000)
 Metaspace       used 56031K, capacity 59014K, committed 59096K, reserved 1101824K
  class space    used 6782K, capacity 7680K, committed 7680K, reserved 1048576K
Event: 70.620 GC heap after
Heap after GC invocations=19 (full 3):
 PSYoungGen      total 342016K, used 0K [0x000000076c700000, 0x0000000785400000, 0x00000007c0000000)
  eden space 327168K, 0% used [0x000000076c700000,0x000000076c700000,0x0000000780680000)
  from space 14848K, 0% used [0x0000000784580000,0x0000000784580000,0x0000000785400000)
  to   space 19456K, 0% used [0x0000000782e00000,0x0000000782e00000,0x0000000784100000)
 ParOldGen       total 240640K, used 27706K [0x00000006c5400000, 0x00000006d3f00000, 0x000000076c700000)
  object space 240640K, 11% used [0x00000006c5400000,0x00000006c6f0eab8,0x00000006d3f00000)
 Metaspace       used 55550K, capacity 58324K, committed 59096K, reserved 1101824K
  class space    used 6698K, capacity 7450K, committed 7680K, reserved 1048576K
}
Event: 100.698 GC heap before
{Heap before GC invocations=20 (full 3):
 PSYoungGen      total 342016K, used 327168K [0x000000076c700000, 0x0000000785400000, 0x00000007c0000000)
  eden space 327168K, 100% used [0x000000076c700000,0x0000000780680000,0x0000000780680000)
  from space 14848K, 0% used [0x0000000784580000,0x0000000784580000,0x0000000785400000)
  to   space 19456K, 0% used [0x0000000782e00000,0x0000000782e00000,0x0000000784100000)
 ParOldGen       total 240640K, used 27706K [0x00000006c5400000, 0x00000006d3f00000, 0x000000076c700000)
  object space 240640K, 11% used [0x00000006c5400000,0x00000006c6f0eab8,0x00000006d3f00000)
 Metaspace       used 56171K, capacity 59154K, committed 59736K, reserved 1101824K
  class space    used 6743K, capacity 7594K, committed 7808K, reserved 1048576K
Event: 100.707 GC heap after
Heap after GC invocations=20 (full 3):
 PSYoungGen      total 349696K, used 3521K [0x000000076c700000, 0x0000000784600000, 0x00000007c0000000)
  eden space 346112K, 0% used [0x000000076c700000,0x000000076c700000,0x0000000781900000)
  from space 3584K, 98% used [0x0000000782e00000,0x00000007831706d0,0x0000000783180000)
  to   space 20480K, 0% used [0x0000000783200000,0x0000000783200000,0x0000000784600000)
 ParOldGen       total 240640K, used 27714K [0x00000006c5400000, 0x00000006d3f00000, 0x000000076c700000)
  object space 240640K, 11% used [0x00000006c5400000,0x00000006c6f10ab8,0x00000006d3f00000)
 Metaspace       used 56171K, capacity 59154K, committed 59736K, reserved 1101824K
  class space    used 6743K, capacity 7594K, committed 7808K, reserved 1048576K
}

Deoptimization events (10 events):
Event: 54.978 Thread 0x000000000241a000 Uncommon trap: reason=unstable_if action=reinterpret pc=0x0000000003adfda4 method=sun.misc.FloatingDecimal$ASCIIToBinaryBuffer.doubleValue()D @ 149
Event: 61.667 Thread 0x000000000241a000 Uncommon trap: reason=unstable_if action=reinterpret pc=0x000000000274f4f4 method=java.util.HashMap.removeNode(ILjava/lang/Object;Ljava/lang/Object;ZZ)Ljava/util/HashMap$Node; @ 133
Event: 97.864 Thread 0x000000000241a000 Uncommon trap: reason=class_check action=maybe_recompile pc=0x000000000445c794 method=org.codehaus.groovy.runtime.callsite.PogoMetaMethodSite.nonParamCheck(Ljava/lang/Object;)Z @ 7
Event: 100.765 Thread 0x000000000241a000 Uncommon trap: reason=unstable_if action=reinterpret pc=0x00000000041272c4 method=org.apache.xmlbeans.impl.store.Xobj.getValueAsString(I)Ljava/lang/String; @ 61
Event: 100.821 Thread 0x000000000241a000 Uncommon trap: reason=class_check action=maybe_recompile pc=0x000000000445c794 method=org.codehaus.groovy.runtime.callsite.PogoMetaMethodSite.nonParamCheck(Ljava/lang/Object;)Z @ 7
Event: 102.191 Thread 0x000000000241a000 Uncommon trap: reason=array_check action=maybe_recompile pc=0x000000000354f138 method=java.util.stream.Nodes$FixedNodeBuilder.accept(Ljava/lang/Object;)V @ 28
Event: 102.191 Thread 0x000000000241a000 Uncommon trap: reason=array_check action=maybe_recompile pc=0x000000000354f138 method=java.util.stream.Nodes$FixedNodeBuilder.accept(Ljava/lang/Object;)V @ 28
Event: 102.191 Thread 0x000000000241a000 Uncommon trap: reason=array_check action=maybe_recompile pc=0x000000000354f138 method=java.util.stream.Nodes$FixedNodeBuilder.accept(Ljava/lang/Object;)V @ 28
Event: 102.208 Thread 0x000000000241a000 Uncommon trap: reason=array_check action=maybe_recompile pc=0x000000000354f138 method=java.util.stream.Nodes$FixedNodeBuilder.accept(Ljava/lang/Object;)V @ 28
Event: 102.321 Thread 0x000000000241a000 Uncommon trap: reason=class_check action=maybe_recompile pc=0x000000000445c794 method=org.codehaus.groovy.runtime.callsite.PogoMetaMethodSite.nonParamCheck(Ljava/lang/Object;)Z @ 7

Classes redefined (0 events):
No events

Internal exceptions (10 events):
Event: 110.523 Thread 0x000000000241a000 Exception <a 'java/lang/ClassNotFoundException': Script1BeanInfo> (0x00000007731c0ff0) thrown at [C:\re\workspace\8-2-build-windows-amd64-cygwin\jdk8u202\12323\hotspot\src\share\vm\classfile\systemDictionary.cpp, line 210]
Event: 110.524 Thread 0x000000000241a000 Exception <a 'java/lang/ClassNotFoundException': Script1Customizer> (0x00000007731e0188) thrown at [C:\re\workspace\8-2-build-windows-amd64-cygwin\jdk8u202\12323\hotspot\src\share\vm\classfile\systemDictionary.cpp, line 210]
Event: 110.539 Thread 0x000000000241a000 Exception <a 'java/lang/ClassNotFoundException': Script1BeanInfo> (0x0000000773370e10) thrown at [C:\re\workspace\8-2-build-windows-amd64-cygwin\jdk8u202\12323\hotspot\src\share\vm\classfile\systemDictionary.cpp, line 210]
Event: 110.539 Thread 0x000000000241a000 Exception <a 'java/lang/ClassNotFoundException': Script1Customizer> (0x000000077338ff28) thrown at [C:\re\workspace\8-2-build-windows-amd64-cygwin\jdk8u202\12323\hotspot\src\share\vm\classfile\systemDictionary.cpp, line 210]
Event: 110.559 Thread 0x000000000241a000 Exception <a 'java/lang/ClassNotFoundException': Script1BeanInfo> (0x0000000773522380) thrown at [C:\re\workspace\8-2-build-windows-amd64-cygwin\jdk8u202\12323\hotspot\src\share\vm\classfile\systemDictionary.cpp, line 210]
Event: 110.560 Thread 0x000000000241a000 Exception <a 'java/lang/ClassNotFoundException': Script1Customizer> (0x0000000773541498) thrown at [C:\re\workspace\8-2-build-windows-amd64-cygwin\jdk8u202\12323\hotspot\src\share\vm\classfile\systemDictionary.cpp, line 210]
Event: 110.578 Thread 0x000000000241a000 Exception <a 'java/lang/ClassNotFoundException': Script1BeanInfo> (0x00000007736d3dd0) thrown at [C:\re\workspace\8-2-build-windows-amd64-cygwin\jdk8u202\12323\hotspot\src\share\vm\classfile\systemDictionary.cpp, line 210]
Event: 110.579 Thread 0x000000000241a000 Exception <a 'java/lang/ClassNotFoundException': Script1Customizer> (0x00000007736f2ee8) thrown at [C:\re\workspace\8-2-build-windows-amd64-cygwin\jdk8u202\12323\hotspot\src\share\vm\classfile\systemDictionary.cpp, line 210]
Event: 112.184 Thread 0x000000000241a000 Exception <a 'java/lang/ClassNotFoundException': Script1BeanInfo> (0x00000007759eb230) thrown at [C:\re\workspace\8-2-build-windows-amd64-cygwin\jdk8u202\12323\hotspot\src\share\vm\classfile\systemDictionary.cpp, line 210]
Event: 112.185 Thread 0x000000000241a000 Exception <a 'java/lang/ClassNotFoundException': Script1Customizer> (0x0000000775a0a348) thrown at [C:\re\workspace\8-2-build-windows-amd64-cygwin\jdk8u202\12323\hotspot\src\share\vm\classfile\systemDictionary.cpp, line 210]

Events (10 events):
Event: 112.184 loading class Script1BeanInfo
Event: 112.184 loading class Script1BeanInfo done
Event: 112.184 loading class Script1Customizer
Event: 112.184 loading class Script1Customizer done
Event: 112.185 loading class Script1Customizer
Event: 112.185 loading class Script1Customizer done
Event: 112.185 loading class Script1Customizer
Event: 112.185 loading class Script1Customizer done
Event: 112.191 loading class Script1$restAssuredJsonRootObject
Event: 112.191 loading class Script1$restAssuredJsonRootObject done


Dynamic libraries:
0x00007ff709350000 - 0x00007ff709387000 	C:\Program Files\Java\jdk1.8.0_202\bin\javaw.exe
0x00007ffae86f0000 - 0x00007ffae88e8000 	C:\Windows\SYSTEM32\ntdll.dll
0x00007ffae6a90000 - 0x00007ffae6b4f000 	C:\Windows\System32\KERNEL32.DLL
0x00007ffae61f0000 - 0x00007ffae64c2000 	C:\Windows\System32\KERNELBASE.dll
0x00007ffae6730000 - 0x00007ffae67de000 	C:\Windows\System32\ADVAPI32.dll
0x00007ffae75e0000 - 0x00007ffae767e000 	C:\Windows\System32\msvcrt.dll
0x00007ffae67e0000 - 0x00007ffae687c000 	C:\Windows\System32\sechost.dll
0x00007ffae7040000 - 0x00007ffae7165000 	C:\Windows\System32\RPCRT4.dll
0x00007ffae6b50000 - 0x00007ffae6cf1000 	C:\Windows\System32\USER32.dll
0x00007ffae5fe0000 - 0x00007ffae6002000 	C:\Windows\System32\win32u.dll
0x00007ffae7010000 - 0x00007ffae703b000 	C:\Windows\System32\GDI32.dll
0x00007ffae64d0000 - 0x00007ffae65df000 	C:\Windows\System32\gdi32full.dll
0x00007ffae60c0000 - 0x00007ffae615d000 	C:\Windows\System32\msvcp_win.dll
0x00007ffae65e0000 - 0x00007ffae66e0000 	C:\Windows\System32\ucrtbase.dll
0x00007ffad5540000 - 0x00007ffad57da000 	C:\Windows\WinSxS\amd64_microsoft.windows.common-controls_6595b64144ccf1df_6.0.19041.1110_none_60b5254171f9507e\COMCTL32.dll
0x00007ffae7690000 - 0x00007ffae76c2000 	C:\Windows\System32\IMM32.DLL
0x0000000063520000 - 0x00000000635f2000 	C:\Program Files\Java\jdk1.8.0_202\jre\bin\msvcr100.dll
0x0000000062c70000 - 0x0000000063515000 	C:\Program Files\Java\jdk1.8.0_202\jre\bin\server\jvm.dll
0x00007ffae7680000 - 0x00007ffae7688000 	C:\Windows\System32\PSAPI.DLL
0x00007ffade580000 - 0x00007ffade58a000 	C:\Windows\SYSTEM32\VERSION.dll
0x00007ffac35d0000 - 0x00007ffac35d9000 	C:\Windows\SYSTEM32\WSOCK32.dll
0x00007ffabe860000 - 0x00007ffabe887000 	C:\Windows\SYSTEM32\WINMM.dll
0x00007ffae7cf0000 - 0x00007ffae7d5b000 	C:\Windows\System32\WS2_32.dll
0x00007ffabe050000 - 0x00007ffabe05f000 	C:\Program Files\Java\jdk1.8.0_202\jre\bin\verify.dll
0x00007ffabd0a0000 - 0x00007ffabd0c9000 	C:\Program Files\Java\jdk1.8.0_202\jre\bin\java.dll
0x00007ffad4650000 - 0x00007ffad4666000 	C:\Program Files\Java\jdk1.8.0_202\jre\bin\zip.dll
0x00007ffae7f60000 - 0x00007ffae86a4000 	C:\Windows\System32\SHELL32.dll
0x00007ffae3e40000 - 0x00007ffae45d2000 	C:\Windows\SYSTEM32\windows.storage.dll
0x00007ffae7800000 - 0x00007ffae7b55000 	C:\Windows\System32\combase.dll
0x00007ffae5680000 - 0x00007ffae56b0000 	C:\Windows\SYSTEM32\Wldp.dll
0x00007ffae7b60000 - 0x00007ffae7c0d000 	C:\Windows\System32\SHCORE.dll
0x00007ffae76d0000 - 0x00007ffae7725000 	C:\Windows\System32\shlwapi.dll
0x00007ffae5d20000 - 0x00007ffae5d3f000 	C:\Windows\SYSTEM32\profapi.dll
0x00007ffab8d40000 - 0x00007ffab8d5a000 	C:\Program Files\Java\jdk1.8.0_202\jre\bin\net.dll
0x00007ffad6960000 - 0x00007ffad6b4d000 	C:\Windows\SYSTEM32\urlmon.dll
0x00007ffad6930000 - 0x00007ffad6958000 	C:\Windows\SYSTEM32\srvcli.dll
0x00007ffad6ce0000 - 0x00007ffad6f91000 	C:\Windows\SYSTEM32\iertutil.dll
0x00007ffae5280000 - 0x00007ffae528c000 	C:\Windows\SYSTEM32\netutils.dll
0x00007ffae5460000 - 0x00007ffae54ca000 	C:\Windows\system32\mswsock.dll
0x00007ffae51b0000 - 0x00007ffae527a000 	C:\Windows\SYSTEM32\DNSAPI.dll
0x00007ffae5170000 - 0x00007ffae51ab000 	C:\Windows\SYSTEM32\IPHLPAPI.DLL
0x00007ffae7c10000 - 0x00007ffae7c18000 	C:\Windows\System32\NSI.dll
0x00007ffade940000 - 0x00007ffade94a000 	C:\Windows\System32\rasadhlp.dll
0x00007ffadce90000 - 0x00007ffadcf10000 	C:\Windows\System32\fwpuclnt.dll
0x00007ffae5de0000 - 0x00007ffae5e07000 	C:\Windows\System32\bcrypt.dll
0x00007ffae56c0000 - 0x00007ffae56d8000 	C:\Windows\SYSTEM32\CRYPTSP.dll
0x00007ffae4da0000 - 0x00007ffae4dd4000 	C:\Windows\system32\rsaenh.dll
0x00007ffae5ce0000 - 0x00007ffae5d0e000 	C:\Windows\SYSTEM32\USERENV.dll
0x00007ffae6160000 - 0x00007ffae61e2000 	C:\Windows\System32\bcryptprimitives.dll
0x00007ffae55f0000 - 0x00007ffae55fc000 	C:\Windows\SYSTEM32\CRYPTBASE.dll
0x00007ffadd310000 - 0x00007ffadd327000 	C:\Windows\SYSTEM32\dhcpcsvc6.DLL
0x00007ffaddf30000 - 0x00007ffaddf4d000 	C:\Windows\SYSTEM32\dhcpcsvc.DLL
0x00007ffab6bb0000 - 0x00007ffab6bc2000 	C:\Program Files\Java\jdk1.8.0_202\jre\bin\nio.dll
0x00007ffab9500000 - 0x00007ffab950d000 	C:\Program Files\Java\jdk1.8.0_202\jre\bin\management.dll
0x00007ffabe060000 - 0x00007ffabe077000 	C:\Windows\system32\napinsp.dll
0x00007ffabd0f0000 - 0x00007ffabd10b000 	C:\Windows\system32\pnrpnsp.dll
0x00007ffae0530000 - 0x00007ffae0545000 	C:\Windows\system32\wshbth.dll
0x00007ffae0ff0000 - 0x00007ffae100d000 	C:\Windows\system32\NLAapi.dll
0x00007ffabd0d0000 - 0x00007ffabd0e2000 	C:\Windows\System32\winrnr.dll
0x00007ffad2d80000 - 0x00007ffad2da4000 	C:\Program Files\Java\jdk1.8.0_202\jre\bin\sunec.dll
0x00007ffad2d70000 - 0x00007ffad2d7b000 	C:\Program Files\Java\jdk1.8.0_202\jre\bin\sunmscapi.dll
0x00007ffae5e10000 - 0x00007ffae5f66000 	C:\Windows\System32\CRYPT32.dll

VM Arguments:
jvm_args: -ea -Dfile.encoding=UTF-8 
java_command: org.testng.remote.RemoteTestNG -serport 61817 -protocol json -d D:\RingPay\RingPay_APIAutomation\modified_updated\test-output D:\RingPay\RingPay_APIAutomation\modified_updated\RingPay.xml
java_class_path (initial): C:\Users\IGS0425\eclipse\java-2022-06\eclipse\configuration\org.eclipse.osgi\447\0\.cp\lib\testng-remote.jar;D:\RingPay\RingPay_APIAutomation\modified_updated\target\test-classes;D:\RingPay\RingPay_APIAutomation\modified_updated\target\classes;C:\Users\IGS0425\.m2\repository\io\appium\java-client\7.2.0\java-client-7.2.0.jar;C:\Users\IGS0425\.m2\repository\org\seleniumhq\selenium\selenium-support\3.141.59\selenium-support-3.141.59.jar;C:\Users\IGS0425\.m2\repository\org\seleniumhq\selenium\selenium-api\3.141.59\selenium-api-3.141.59.jar;C:\Users\IGS0425\.m2\repository\com\google\code\gson\gson\2.8.5\gson-2.8.5.jar;C:\Users\IGS0425\.m2\repository\org\apache\httpcomponents\httpclient\4.5.9\httpclient-4.5.9.jar;C:\Users\IGS0425\.m2\repository\cglib\cglib\3.2.12\cglib-3.2.12.jar;C:\Users\IGS0425\.m2\repository\org\ow2\asm\asm\7.1\asm-7.1.jar;C:\Users\IGS0425\.m2\repository\commons-io\commons-io\2.6\commons-io-2.6.jar;C:\Users\IGS0425\.m2\repository\org\springframework\spring-context\5.1.8.RELEASE\spring-context-5.1.8.RELEASE.jar;C:\Users\IGS0425\.m2\repository\org\springframework\spring-aop\5.1.8.RELEASE\spring-aop-5.1.8.RELEASE.jar;C:\Users\IGS0425\.m2\repository\org\springframework\spring-beans\5.1.8.RELEASE\spring-beans-5.1.8.RELEASE.jar;C:\Users\IGS0425\.m2\repository\org\springframework\spring-core\5.1.8.RELEASE\spring-core-5.1.8.RELEASE.jar;C:\Users\IGS0425\.m2\repository\org\springframework\spring-jcl\5.1.8.RELEASE\spring-jcl-5.1.8.RELEASE.jar;C:\Users\IGS0425\.m2\repository\org\springframework\spring-expression\5.1.8.RELEASE\spring-expression-5.1.8.RELEASE.jar;C:\Users\IGS0425\.m2\repository\org\aspectj\aspectjweaver\1.9.4\aspectjweaver-1.9.4.jar;C:\Users\IGS0425\.m2\repository\org\slf4j\slf4j-api\1.7.26\slf4j-api-1.7.26.jar;C:\Users\IGS0425\.m2\repository\org\seleniumhq\selenium\selenium-java\3.141.59\selenium-java-3.141.59.jar;C:\Users\IGS0425\.m2\repository\org\seleniumhq\selenium\selenium-chrome-driver\3.141.59\selenium-chrome-dri
Launcher Type: SUN_STANDARD

Environment Variables:
JAVA_HOME=C:\Program Files\Java\jdk1.8.0_202
PATH=C:/Users/IGS0425/.p2/pool/plugins/org.eclipse.justj.openjdk.hotspot.jre.full.win32.x86_64_17.0.3.v20220515-1416/jre/bin/server;C:/Users/IGS0425/.p2/pool/plugins/org.eclipse.justj.openjdk.hotspot.jre.full.win32.x86_64_17.0.3.v20220515-1416/jre/bin;C:\Program Files (x86)\Common Files\Oracle\Java\javapath;C:\Windows\system32;C:\Windows;C:\Windows\System32\Wbem;C:\Windows\System32\WindowsPowerShell\v1.0\;C:\Windows\System32\OpenSSH\;C:\Program Files\nodejs\;C:\Program Files\Git\cmd;C:\Program Files\apache-maven-3.8.6\bin;C:\Users\IGS0425\AppData\Local\Microsoft\WindowsApps;C:\Program Files\JetBrains\IntelliJ IDEA Community Edition 2022.1.3\bin;;C:\Users\IGS0425\AppData\Roaming\npm;C:\Program Files\Java\jdk1.8.0_202\bin;;C:\Windows\System32;
USERNAME=IGS0425
OS=Windows_NT
PROCESSOR_IDENTIFIER=Intel64 Family 6 Model 140 Stepping 1, GenuineIntel



---------------  S Y S T E M  ---------------

OS: Windows 10.0 , 64 bit Build 19041 (10.0.19041.2364)

CPU:total 8 (initial active 8) (4 cores per cpu, 2 threads per core) family 6 model 140 stepping 1, cmov, cx8, fxsr, mmx, sse, sse2, sse3, ssse3, sse4.1, sse4.2, popcnt, avx, avx2, aes, clmul, erms, 3dnowpref, lzcnt, ht, tsc, tscinvbit, bmi1, bmi2, adx

Memory: 4k page, physical 16428308k(1243580k free), swap 16428308k(496k free)

vm_info: Java HotSpot(TM) 64-Bit Server VM (25.202-b08) for windows-amd64 JRE (1.8.0_202-b08), built on Dec 15 2018 19:54:30 by "java_re" with MS VC++ 10.0 (VS2010)

time: Tue Dec 27 13:40:36 2022
timezone: India Standard Time
elapsed time: 112 seconds (0d 0h 1m 52s)

