#
# There is insufficient memory for the Java Runtime Environment to continue.
# Native memory allocation (malloc) failed to allocate 32744 bytes for ChunkPool::allocate
# Possible reasons:
#   The system is out of physical RAM or swap space
#   The process is running with CompressedOops enabled, and the Java Heap may be blocking the growth of the native heap
# Possible solutions:
#   Reduce memory load on the system
#   Increase physical memory or swap space
#   Check if swap backing store is full
#   Decrease Java heap size (-Xmx/-Xms)
#   Decrease number of Java threads
#   Decrease Java thread stack sizes (-Xss)
#   Set larger code cache with -XX:ReservedCodeCacheSize=
#   JVM is running with Zero Based Compressed Oops mode in which the Java heap is
#     placed in the first 32GB address space. The Java Heap base address is the
#     maximum limit for the native heap growth. Please use -XX:HeapBaseMinAddress
#     to set the Java Heap base and to place the Java Heap above 32GB virtual address.
# This output file may be truncated or incomplete.
#
#  Out of Memory Error (allocation.cpp:272), pid=5896, tid=0x00000000000039f4
#
# JRE version: Java(TM) SE Runtime Environment (8.0_202-b08) (build 1.8.0_202-b08)
# Java VM: Java HotSpot(TM) 64-Bit Server VM (25.202-b08 mixed mode windows-amd64 compressed oops)
# Failed to write core dump. Minidumps are not enabled by default on client versions of Windows
#

---------------  T H R E A D  ---------------

Current thread (0x0000000002cfa000):  JavaThread "main" [_thread_in_vm, id=14836, stack(0x0000000002bf0000,0x0000000002cf0000)]

Stack: [0x0000000002bf0000,0x0000000002cf0000]
[error occurred during error reporting (printing stack bounds), id 0xc0000005]

Native frames: (J=compiled Java code, j=interpreted, Vv=VM code, C=native code)

Java frames: (J=compiled Java code, j=interpreted, Vv=VM code)
J 817  java.lang.ClassLoader.defineClass1(Ljava/lang/String;[BIILjava/security/ProtectionDomain;Ljava/lang/String;)Ljava/lang/Class; (0 bytes) @ 0x000000000311b15f [0x000000000311b0c0+0x9f]
J 6618 C2 java.lang.ClassLoader.defineClass(Ljava/lang/String;[BIILjava/security/ProtectionDomain;)Ljava/lang/Class; (43 bytes) @ 0x00000000034233b4 [0x0000000003422e20+0x594]
J 778 C1 java.net.URLClassLoader.defineClass(Ljava/lang/String;Lsun/misc/Resource;)Ljava/lang/Class; (142 bytes) @ 0x000000000310774c [0x0000000003105bc0+0x1b8c]
J 662 C1 java.net.URLClassLoader$1.run()Ljava/lang/Class; (63 bytes) @ 0x000000000309da04 [0x000000000309d720+0x2e4]
J 3369 C1 java.net.URLClassLoader$1.run()Ljava/lang/Object; (5 bytes) @ 0x0000000003a85c7c [0x0000000003a85c00+0x7c]
v  ~StubRoutines::call_stub
J 263  java.security.AccessController.doPrivileged(Ljava/security/PrivilegedExceptionAction;Ljava/security/AccessControlContext;)Ljava/lang/Object; (0 bytes) @ 0x0000000002f8faa6 [0x0000000002f8fa40+0x66]
J 2915 C2 java.net.URLClassLoader.findClass(Ljava/lang/String;)Ljava/lang/Class; (47 bytes) @ 0x00000000038b8d7c [0x00000000038b8ce0+0x9c]
J 4092 C1 java.lang.ClassLoader.loadClass(Ljava/lang/String;Z)Ljava/lang/Class; (122 bytes) @ 0x0000000003d4be1c [0x0000000003d4b440+0x9dc]
J 4135 C1 sun.misc.Launcher$AppClassLoader.loadClass(Ljava/lang/String;Z)Ljava/lang/Class; (85 bytes) @ 0x0000000003d776b4 [0x0000000003d76d00+0x9b4]
J 3370 C2 java.lang.ClassLoader.loadClass(Ljava/lang/String;)Ljava/lang/Class; (7 bytes) @ 0x0000000003a7f180 [0x0000000003a7f140+0x40]
v  ~StubRoutines::call_stub
j  freemarker.core.FMParser.BuiltIn(Lfreemarker/core/Expression;)Lfreemarker/core/Expression;+38
j  freemarker.core.FMParser.AddSubExpression(Lfreemarker/core/Expression;)Lfreemarker/core/Expression;+117
j  freemarker.core.FMParser.PrimaryExpression()Lfreemarker/core/Expression;+216
j  freemarker.core.FMParser.UnaryExpression()Lfreemarker/core/Expression;+253
j  freemarker.core.FMParser.MultiplicativeExpression()Lfreemarker/core/Expression;+4
j  freemarker.core.FMParser.AdditiveExpression()Lfreemarker/core/Expression;+1
j  freemarker.core.FMParser.RangeExpression()Lfreemarker/core/Expression;+6
j  freemarker.core.FMParser.RelationalExpression()Lfreemarker/core/Expression;+1
j  freemarker.core.FMParser.EqualityExpression()Lfreemarker/core/Expression;+1
j  freemarker.core.FMParser.AndExpression()Lfreemarker/core/Expression;+1
j  freemarker.core.FMParser.OrExpression()Lfreemarker/core/Expression;+1
j  freemarker.core.FMParser.Expression()Lfreemarker/core/Expression;+1
j  freemarker.core.FMParser.Assign()Lfreemarker/core/TemplateElement;+524
j  freemarker.core.FMParser.FreemarkerDirective()Lfreemarker/core/TemplateElement;+305
j  freemarker.core.FMParser.MixedContent()Lfreemarker/core/MixedContent;+361
j  freemarker.core.FMParser.OptionalBlock()Lfreemarker/core/TemplateElement;+321
j  freemarker.core.FMParser.Root()Lfreemarker/core/TemplateElement;+14
j  freemarker.template.Template.<init>(Ljava/lang/String;Ljava/lang/String;Ljava/io/Reader;Lfreemarker/template/Configuration;Ljava/lang/String;)V+100
j  freemarker.cache.TemplateCache.loadTemplate(Lfreemarker/cache/TemplateLoader;Ljava/lang/Object;Ljava/lang/String;Ljava/lang/String;Ljava/util/Locale;Ljava/lang/Object;Ljava/lang/String;Z)Lfreemarker/template/Template;+31
j  freemarker.cache.TemplateCache.getTemplate(Lfreemarker/cache/TemplateLoader;Ljava/lang/String;Ljava/util/Locale;Ljava/lang/Object;Ljava/lang/String;Z)Lfreemarker/template/Template;+898
j  freemarker.cache.TemplateCache.getTemplate(Ljava/lang/String;Ljava/util/Locale;Ljava/lang/Object;Ljava/lang/String;Z)Lfreemarker/cache/TemplateCache$MaybeMissingTemplate;+105
j  freemarker.template.Configuration.getTemplate(Ljava/lang/String;Ljava/util/Locale;Ljava/lang/Object;Ljava/lang/String;ZZ)Lfreemarker/template/Template;+32
j  freemarker.template.Configuration.getTemplate(Ljava/lang/String;)Lfreemarker/template/Template;+7
j  com.aventstack.extentreports.reporter.ExtentHtmlReporter.flush(Lcom/aventstack/extentreports/ReportAggregates;)V+28
j  com.aventstack.extentreports.ExtentObservable.lambda$notifyReporters$21(Lcom/aventstack/extentreports/ReportAggregates;Lcom/aventstack/extentreports/ExtentReporter;)V+2
j  com.aventstack.extentreports.ExtentObservable$$Lambda$312.accept(Ljava/lang/Object;)V+8
J 5837 C1 java.util.ArrayList.forEach(Ljava/util/function/Consumer;)V (75 bytes) @ 0x00000000041dad0c [0x00000000041dab00+0x20c]
j  com.aventstack.extentreports.ExtentObservable.notifyReporters()V+151
j  com.aventstack.extentreports.ExtentObservable.flush()V+5
j  com.aventstack.extentreports.ExtentReports.flush()V+1
j  com.utility.ExtentReporter.onFinish(Lorg/testng/ITestContext;)V+11
j  org.testng.TestRunner.fireEvent(Z)V+45
j  org.testng.TestRunner.afterRun()V+30
j  org.testng.TestRunner.run()V+29
j  org.testng.SuiteRunner.runTest(Lorg/testng/TestRunner;)V+21
j  org.testng.SuiteRunner.runSequentially()V+31
j  org.testng.SuiteRunner.privateRun()V+296
j  org.testng.SuiteRunner.run()V+6
j  org.testng.SuiteRunnerWorker.runSuite(Lorg/testng/internal/SuiteRunnerMap;Lorg/testng/xml/XmlSuite;)V+87
j  org.testng.SuiteRunnerWorker.run()V+12
j  org.testng.TestNG.runSuitesSequentially(Lorg/testng/xml/XmlSuite;Lorg/testng/internal/SuiteRunnerMap;ILjava/lang/String;)V+66
j  org.testng.TestNG.runSuitesLocally()Ljava/util/List;+156
j  org.testng.TestNG.runSuites()Ljava/util/List;+1
j  org.testng.TestNG.run()V+25
j  org.testng.remote.AbstractRemoteTestNG.run()V+149
j  org.testng.remote.RemoteTestNG.initAndRun(Lorg/testng/remote/IRemoteTestNG;[Ljava/lang/String;Lorg/testng/CommandLineArgs;Lorg/testng/remote/RemoteArgs;)V+184
j  org.testng.remote.RemoteTestNG.main([Ljava/lang/String;)V+201
v  ~StubRoutines::call_stub

---------------  P R O C E S S  ---------------

Java Threads: ( => current thread )
  0x0000000024648800 JavaThread "Okio Watchdog" daemon [_thread_blocked, id=10260, stack(0x0000000027f80000,0x0000000028080000)]
  0x0000000024647000 JavaThread "OkHttp ConnectionPool" daemon [_thread_blocked, id=9456, stack(0x0000000027e80000,0x0000000027f80000)]
  0x000000002022c000 JavaThread "pool-2-thread-6" daemon [_thread_blocked, id=16184, stack(0x0000000027880000,0x0000000027980000)]
  0x0000000022545800 JavaThread "pool-2-thread-5" daemon [_thread_blocked, id=15212, stack(0x0000000027780000,0x0000000027880000)]
  0x000000001f951800 JavaThread "pool-2-thread-4" daemon [_thread_blocked, id=1080, stack(0x0000000027680000,0x0000000027780000)]
  0x00000000204d8800 JavaThread "pool-2-thread-3" daemon [_thread_blocked, id=3976, stack(0x0000000027580000,0x0000000027680000)]
  0x00000000258fc800 JavaThread "pool-2-thread-2" daemon [_thread_blocked, id=7504, stack(0x0000000027280000,0x0000000027380000)]
  0x0000000022546000 JavaThread "pool-2-thread-1" daemon [_thread_blocked, id=14896, stack(0x0000000020ab0000,0x0000000020bb0000)]
  0x0000000020221800 JavaThread "ReaderThread" [_thread_in_native, id=6984, stack(0x0000000021000000,0x0000000021100000)]
  0x000000001e4bc800 JavaThread "Service Thread" daemon [_thread_blocked, id=13376, stack(0x000000001f0e0000,0x000000001f1e0000)]
  0x000000001e432800 JavaThread "C1 CompilerThread3" daemon [_thread_blocked, id=15604, stack(0x000000001efe0000,0x000000001f0e0000)]
  0x000000001e424800 JavaThread "C2 CompilerThread2" daemon [_thread_in_native, id=11688, stack(0x000000001eee0000,0x000000001efe0000)]
  0x000000001e422000 JavaThread "C2 CompilerThread1" daemon [_thread_in_native, id=6296, stack(0x000000001ede0000,0x000000001eee0000)]
  0x000000001e41c800 JavaThread "C2 CompilerThread0" daemon [_thread_in_vm, id=15888, stack(0x000000001ece0000,0x000000001ede0000)]
  0x000000001e41b000 JavaThread "Attach Listener" daemon [_thread_blocked, id=11388, stack(0x000000001ebe0000,0x000000001ece0000)]
  0x000000001e419800 JavaThread "Signal Dispatcher" daemon [_thread_blocked, id=11024, stack(0x000000001eae0000,0x000000001ebe0000)]
  0x000000001c607000 JavaThread "Finalizer" daemon [_thread_blocked, id=11972, stack(0x000000001e8e0000,0x000000001e9e0000)]
  0x000000001e400800 JavaThread "Reference Handler" daemon [_thread_blocked, id=11960, stack(0x000000001e7e0000,0x000000001e8e0000)]
=>0x0000000002cfa000 JavaThread "main" [_thread_in_vm, id=14836, stack(0x0000000002bf0000,0x0000000002cf0000)]

Other Threads:
  0x000000001c5f6800 VMThread [stack: 0x000000001e2e0000,0x000000001e3e0000] [id=11952]
  0x000000001e442000 WatcherThread [stack: 0x000000001f1e0000,0x000000001f2e0000] [id=5276]

VM state:not at safepoint (normal execution)

VM Mutex/Monitor currently owned by a thread: None

heap address: 0x00000006c5400000, size: 4012 MB, Compressed Oops mode: Zero based, Oop shift amount: 3
Narrow klass base: 0x0000000000000000, Narrow klass shift: 3
Compressed class space size: 1073741824 Address: 0x00000007c0000000

Heap:
 PSYoungGen      total 350720K, used 79675K [0x000000076c700000, 0x0000000785400000, 0x00000007c0000000)
  eden space 331264K, 20% used [0x000000076c700000,0x000000077084b1c0,0x0000000780a80000)
  from space 19456K, 65% used [0x0000000780a80000,0x0000000781703e20,0x0000000781d80000)
  to   space 16384K, 0% used [0x0000000781d80000,0x0000000781d80000,0x0000000782d80000)
 ParOldGen       total 163328K, used 17795K [0x00000006c5400000, 0x00000006cf380000, 0x000000076c700000)
  object space 163328K, 10% used [0x00000006c5400000,0x00000006c6560cd0,0x00000006cf380000)
 Metaspace       used 54104K, capacity 56294K, committed 56576K, reserved 1097728K
  class space    used 6747K, capacity 7384K, committed 7424K, reserved 1048576K

Card table byte_map: [0x00000000121b0000,0x0000000012990000] byte_map_base: 0x000000000eb86000

Marking Bits: (ParMarkBitMap*) 0x000000006ae75ce0
 Begin Bits: [0x00000000136d0000, 0x0000000017580000)
 End Bits:   [0x0000000017580000, 0x000000001b430000)

Polling page: 0x0000000000d70000

CodeCache: size=245760Kb used=21538Kb max_used=22079Kb free=224221Kb
 bounds [0x0000000002df0000, 0x00000000043b0000, 0x0000000011df0000]
 total_blobs=6632 nmethods=5801 adapters=742
 compilation: enabled

Compilation events (10 events):
Event: 7.988 Thread 0x000000001e432800 6652       3       freemarker.core.SimpleCharStream::readChar (89 bytes)
Event: 7.988 Thread 0x000000001e432800 nmethod 6652 0x0000000003d03010 code [0x0000000003d031a0, 0x0000000003d034d8]
Event: 7.988 Thread 0x000000001e432800 6653       3       freemarker.core.SimpleCharStream::UpdateLineColumn (191 bytes)
Event: 7.988 Thread 0x000000001e432800 nmethod 6653 0x0000000003d02a10 code [0x0000000003d02b80, 0x0000000003d02eb0]
Event: 7.997 Thread 0x000000001e41c800 nmethod 6650 0x0000000003147e50 code [0x0000000003148060, 0x0000000003148f50]
Event: 7.997 Thread 0x000000001e41c800 6654       4       java.net.URLStreamHandler::equals (45 bytes)
Event: 8.001 Thread 0x000000001e41c800 nmethod 6654 0x0000000003eea4d0 code [0x0000000003eea680, 0x0000000003eeae88]
Event: 8.001 Thread 0x000000001e41c800 6656   !   4       java.net.URLClassLoader$1::run (63 bytes)
Event: 8.011 Thread 0x000000001e422000 nmethod 6643 0x0000000003c92850 code [0x0000000003c92b80, 0x0000000003c95b00]
Event: 8.011 Thread 0x000000001e422000 6655       4       java.util.jar.JarFile::getManifestFromReference (117 bytes)

GC Heap History (10 events):
Event: 2.761 GC heap before
{Heap before GC invocations=5 (full 1):
 PSYoungGen      total 139776K, used 129024K [0x000000076c700000, 0x000000077d800000, 0x00000007c0000000)
  eden space 129024K, 100% used [0x000000076c700000,0x0000000774500000,0x0000000774500000)
  from space 10752K, 0% used [0x0000000774500000,0x0000000774500000,0x0000000774f80000)
  to   space 10752K, 0% used [0x000000077cd80000,0x000000077cd80000,0x000000077d800000)
 ParOldGen       total 100352K, used 6850K [0x00000006c5400000, 0x00000006cb600000, 0x000000076c700000)
  object space 100352K, 6% used [0x00000006c5400000,0x00000006c5ab0888,0x00000006cb600000)
 Metaspace       used 31758K, capacity 32490K, committed 32768K, reserved 1077248K
  class space    used 3799K, capacity 3983K, committed 4096K, reserved 1048576K
Event: 2.780 GC heap after
Heap after GC invocations=5 (full 1):
 PSYoungGen      total 212992K, used 10724K [0x000000076c700000, 0x000000077d800000, 0x00000007c0000000)
  eden space 202240K, 0% used [0x000000076c700000,0x000000076c700000,0x0000000778c80000)
  from space 10752K, 99% used [0x000000077cd80000,0x000000077d7f9320,0x000000077d800000)
  to   space 10752K, 0% used [0x000000077c300000,0x000000077c300000,0x000000077cd80000)
 ParOldGen       total 100352K, used 10905K [0x00000006c5400000, 0x00000006cb600000, 0x000000076c700000)
  object space 100352K, 10% used [0x00000006c5400000,0x00000006c5ea6678,0x00000006cb600000)
 Metaspace       used 31758K, capacity 32490K, committed 32768K, reserved 1077248K
  class space    used 3799K, capacity 3983K, committed 4096K, reserved 1048576K
}
Event: 3.094 GC heap before
{Heap before GC invocations=6 (full 1):
 PSYoungGen      total 212992K, used 63565K [0x000000076c700000, 0x000000077d800000, 0x00000007c0000000)
  eden space 202240K, 26% used [0x000000076c700000,0x000000076fa9a260,0x0000000778c80000)
  from space 10752K, 99% used [0x000000077cd80000,0x000000077d7f9320,0x000000077d800000)
  to   space 10752K, 0% used [0x000000077c300000,0x000000077c300000,0x000000077cd80000)
 ParOldGen       total 100352K, used 10905K [0x00000006c5400000, 0x00000006cb600000, 0x000000076c700000)
  object space 100352K, 10% used [0x00000006c5400000,0x00000006c5ea6678,0x00000006cb600000)
 Metaspace       used 34548K, capacity 35446K, committed 35496K, reserved 1081344K
  class space    used 4162K, capacity 4431K, committed 4480K, reserved 1048576K
Event: 3.108 GC heap after
Heap after GC invocations=6 (full 1):
 PSYoungGen      total 268800K, used 10744K [0x000000076c700000, 0x0000000782d80000, 0x00000007c0000000)
  eden space 258048K, 0% used [0x000000076c700000,0x000000076c700000,0x000000077c300000)
  from space 10752K, 99% used [0x000000077c300000,0x000000077cd7e1a8,0x000000077cd80000)
  to   space 16384K, 0% used [0x0000000781d80000,0x0000000781d80000,0x0000000782d80000)
 ParOldGen       total 100352K, used 13332K [0x00000006c5400000, 0x00000006cb600000, 0x000000076c700000)
  object space 100352K, 13% used [0x00000006c5400000,0x00000006c6105388,0x00000006cb600000)
 Metaspace       used 34548K, capacity 35446K, committed 35496K, reserved 1081344K
  class space    used 4162K, capacity 4431K, committed 4480K, reserved 1048576K
}
Event: 3.108 GC heap before
{Heap before GC invocations=7 (full 2):
 PSYoungGen      total 268800K, used 10744K [0x000000076c700000, 0x0000000782d80000, 0x00000007c0000000)
  eden space 258048K, 0% used [0x000000076c700000,0x000000076c700000,0x000000077c300000)
  from space 10752K, 99% used [0x000000077c300000,0x000000077cd7e1a8,0x000000077cd80000)
  to   space 16384K, 0% used [0x0000000781d80000,0x0000000781d80000,0x0000000782d80000)
 ParOldGen       total 100352K, used 13332K [0x00000006c5400000, 0x00000006cb600000, 0x000000076c700000)
  object space 100352K, 13% used [0x00000006c5400000,0x00000006c6105388,0x00000006cb600000)
 Metaspace       used 34548K, capacity 35446K, committed 35496K, reserved 1081344K
  class space    used 4162K, capacity 4431K, committed 4480K, reserved 1048576K
Event: 3.163 GC heap after
Heap after GC invocations=7 (full 2):
 PSYoungGen      total 268800K, used 0K [0x000000076c700000, 0x0000000782d80000, 0x00000007c0000000)
  eden space 258048K, 0% used [0x000000076c700000,0x000000076c700000,0x000000077c300000)
  from space 10752K, 0% used [0x000000077c300000,0x000000077c300000,0x000000077cd80000)
  to   space 16384K, 0% used [0x0000000781d80000,0x0000000781d80000,0x0000000782d80000)
 ParOldGen       total 163328K, used 17154K [0x00000006c5400000, 0x00000006cf380000, 0x000000076c700000)
  object space 163328K, 10% used [0x00000006c5400000,0x00000006c64c0a70,0x00000006cf380000)
 Metaspace       used 34546K, capacity 35440K, committed 35496K, reserved 1081344K
  class space    used 4162K, capacity 4429K, committed 4480K, reserved 1048576K
}
Event: 5.631 GC heap before
{Heap before GC invocations=8 (full 2):
 PSYoungGen      total 268800K, used 258048K [0x000000076c700000, 0x0000000782d80000, 0x00000007c0000000)
  eden space 258048K, 100% used [0x000000076c700000,0x000000077c300000,0x000000077c300000)
  from space 10752K, 0% used [0x000000077c300000,0x000000077c300000,0x000000077cd80000)
  to   space 16384K, 0% used [0x0000000781d80000,0x0000000781d80000,0x0000000782d80000)
 ParOldGen       total 163328K, used 17154K [0x00000006c5400000, 0x00000006cf380000, 0x000000076c700000)
  object space 163328K, 10% used [0x00000006c5400000,0x00000006c64c0a70,0x00000006cf380000)
 Metaspace       used 44897K, capacity 46982K, committed 47104K, reserved 1089536K
  class space    used 5692K, capacity 6326K, committed 6400K, reserved 1048576K
Event: 5.644 GC heap after
Heap after GC invocations=8 (full 2):
 PSYoungGen      total 347648K, used 16383K [0x000000076c700000, 0x0000000785400000, 0x00000007c0000000)
  eden space 331264K, 0% used [0x000000076c700000,0x000000076c700000,0x0000000780a80000)
  from space 16384K, 99% used [0x0000000781d80000,0x0000000782d7fcd0,0x0000000782d80000)
  to   space 19456K, 0% used [0x0000000780a80000,0x0000000780a80000,0x0000000781d80000)
 ParOldGen       total 163328K, used 17787K [0x00000006c5400000, 0x00000006cf380000, 0x000000076c700000)
  object space 163328K, 10% used [0x00000006c5400000,0x00000006c655ecd0,0x00000006cf380000)
 Metaspace       used 44897K, capacity 46982K, committed 47104K, reserved 1089536K
  class space    used 5692K, capacity 6326K, committed 6400K, reserved 1048576K
}
Event: 7.466 GC heap before
{Heap before GC invocations=9 (full 2):
 PSYoungGen      total 347648K, used 347647K [0x000000076c700000, 0x0000000785400000, 0x00000007c0000000)
  eden space 331264K, 100% used [0x000000076c700000,0x0000000780a80000,0x0000000780a80000)
  from space 16384K, 99% used [0x0000000781d80000,0x0000000782d7fcd0,0x0000000782d80000)
  to   space 19456K, 0% used [0x0000000780a80000,0x0000000780a80000,0x0000000781d80000)
 ParOldGen       total 163328K, used 17787K [0x00000006c5400000, 0x00000006cf380000, 0x000000076c700000)
  object space 163328K, 10% used [0x00000006c5400000,0x00000006c655ecd0,0x00000006cf380000)
 Metaspace       used 48808K, capacity 50934K, committed 51072K, reserved 1093632K
  class space    used 6094K, capacity 6738K, committed 6784K, reserved 1048576K
Event: 7.474 GC heap after
Heap after GC invocations=9 (full 2):
 PSYoungGen      total 350720K, used 12815K [0x000000076c700000, 0x0000000785400000, 0x00000007c0000000)
  eden space 331264K, 0% used [0x000000076c700000,0x000000076c700000,0x0000000780a80000)
  from space 19456K, 65% used [0x0000000780a80000,0x0000000781703e20,0x0000000781d80000)
  to   space 16384K, 0% used [0x0000000781d80000,0x0000000781d80000,0x0000000782d80000)
 ParOldGen       total 163328K, used 17795K [0x00000006c5400000, 0x00000006cf380000, 0x000000076c700000)
  object space 163328K, 10% used [0x00000006c5400000,0x00000006c6560cd0,0x00000006cf380000)
 Metaspace       used 48808K, capacity 50934K, committed 51072K, reserved 1093632K
  class space    used 6094K, capacity 6738K, committed 6784K, reserved 1048576K
}

Deoptimization events (10 events):
Event: 7.901 Thread 0x0000000002cfa000 Uncommon trap: reason=unstable_if action=reinterpret pc=0x00000000032c1a34 method=java.lang.Character.charCount(I)I @ 3
Event: 7.908 Thread 0x0000000002cfa000 Uncommon trap: reason=class_check action=maybe_recompile pc=0x0000000003314784 method=java.util.regex.Pattern$6.isSatisfiedBy(I)Z @ 5
Event: 7.908 Thread 0x0000000002cfa000 Uncommon trap: reason=class_check action=maybe_recompile pc=0x0000000003314784 method=java.util.regex.Pattern$6.isSatisfiedBy(I)Z @ 5
Event: 7.908 Thread 0x0000000002cfa000 Uncommon trap: reason=class_check action=maybe_recompile pc=0x0000000003314784 method=java.util.regex.Pattern$6.isSatisfiedBy(I)Z @ 5
Event: 7.908 Thread 0x0000000002cfa000 Uncommon trap: reason=class_check action=maybe_recompile pc=0x0000000003314784 method=java.util.regex.Pattern$6.isSatisfiedBy(I)Z @ 5
Event: 7.908 Thread 0x0000000002cfa000 Uncommon trap: reason=bimorphic action=maybe_recompile pc=0x000000000384b544 method=java.util.regex.Matcher.search(I)Z @ 86
Event: 7.909 Thread 0x0000000002cfa000 Uncommon trap: reason=class_check action=maybe_recompile pc=0x00000000032f9850 method=java.util.regex.Pattern$7.isSatisfiedBy(I)Z @ 5
Event: 7.909 Thread 0x0000000002cfa000 Uncommon trap: reason=class_check action=maybe_recompile pc=0x00000000032f9850 method=java.util.regex.Pattern$7.isSatisfiedBy(I)Z @ 5
Event: 7.909 Thread 0x0000000002cfa000 Uncommon trap: reason=class_check action=maybe_recompile pc=0x00000000032f9850 method=java.util.regex.Pattern$7.isSatisfiedBy(I)Z @ 5
Event: 7.909 Thread 0x0000000002cfa000 Uncommon trap: reason=class_check action=maybe_recompile pc=0x00000000032f9850 method=java.util.regex.Pattern$7.isSatisfiedBy(I)Z @ 5

Classes redefined (0 events):
No events

Internal exceptions (10 events):
Event: 5.473 Thread 0x0000000002cfa000 Exception <a 'java/lang/ClassNotFoundException': Script1BeanInfo> (0x000000077ac0e2b0) thrown at [C:\re\workspace\8-2-build-windows-amd64-cygwin\jdk8u202\12323\hotspot\src\share\vm\classfile\systemDictionary.cpp, line 210]
Event: 5.473 Thread 0x0000000002cfa000 Exception <a 'java/lang/ClassNotFoundException': Script1Customizer> (0x000000077ac2d3c8) thrown at [C:\re\workspace\8-2-build-windows-amd64-cygwin\jdk8u202\12323\hotspot\src\share\vm\classfile\systemDictionary.cpp, line 210]
Event: 5.485 Thread 0x0000000002cfa000 Exception <a 'java/lang/ClassNotFoundException': Script1BeanInfo> (0x000000077ae359e0) thrown at [C:\re\workspace\8-2-build-windows-amd64-cygwin\jdk8u202\12323\hotspot\src\share\vm\classfile\systemDictionary.cpp, line 210]
Event: 5.486 Thread 0x0000000002cfa000 Exception <a 'java/lang/ClassNotFoundException': Script1Customizer> (0x000000077ae54af8) thrown at [C:\re\workspace\8-2-build-windows-amd64-cygwin\jdk8u202\12323\hotspot\src\share\vm\classfile\systemDictionary.cpp, line 210]
Event: 5.498 Thread 0x0000000002cfa000 Exception <a 'java/lang/ClassNotFoundException': Script1BeanInfo> (0x000000077b05aa28) thrown at [C:\re\workspace\8-2-build-windows-amd64-cygwin\jdk8u202\12323\hotspot\src\share\vm\classfile\systemDictionary.cpp, line 210]
Event: 5.498 Thread 0x0000000002cfa000 Exception <a 'java/lang/ClassNotFoundException': Script1Customizer> (0x000000077b079b40) thrown at [C:\re\workspace\8-2-build-windows-amd64-cygwin\jdk8u202\12323\hotspot\src\share\vm\classfile\systemDictionary.cpp, line 210]
Event: 6.234 Thread 0x0000000002cfa000 Implicit null exception at 0x000000000406e2c3 to 0x0000000004071da5
Event: 6.234 Thread 0x0000000002cfa000 Implicit null exception at 0x00000000040955e3 to 0x00000000040977d5
Event: 7.886 Thread 0x0000000002cfa000 Exception <a 'java/lang/NullPointerException'> (0x000000076f755a90) thrown at [C:\re\workspace\8-2-build-windows-amd64-cygwin\jdk8u202\12323\hotspot\src\share\vm\interpreter\linkResolver.cpp, line 1185]
Event: 7.886 Thread 0x0000000002cfa000 Exception <a 'java/lang/reflect/InvocationTargetException'> (0x000000076f755c98) thrown at [C:\re\workspace\8-2-build-windows-amd64-cygwin\jdk8u202\12323\hotspot\src\share\vm\runtime\reflection.cpp, line 1092]

Events (10 events):
Event: 8.014 loading class freemarker/core/BuiltInsForStringsBasic$remove_endingBI
Event: 8.014 loading class freemarker/core/BuiltInsForStringsBasic$remove_endingBI done
Event: 8.014 loading class freemarker/core/BuiltInsForStringsBasic$remove_beginningBI
Event: 8.014 loading class freemarker/core/BuiltInsForStringsBasic$remove_beginningBI done
Event: 8.014 loading class freemarker/core/BuiltInsForStringsEncoding$rtfBI
Event: 8.014 loading class freemarker/core/BuiltInsForStringsEncoding$rtfBI done
Event: 8.014 loading class freemarker/core/BuiltInsForSequences$seq_containsBI
Event: 8.014 loading class freemarker/core/BuiltInsForSequences$seq_containsBI done
Event: 8.015 loading class freemarker/core/BuiltInsForSequences$seq_index_ofBI
Event: 8.015 loading class freemarker/core/BuiltInsForSequences$seq_index_ofBI done


Dynamic libraries:
0x00007ff605a80000 - 0x00007ff605ab7000 	C:\Program Files\Java\jdk1.8.0_202\bin\javaw.exe
0x00007ffe571f0000 - 0x00007ffe573e8000 	C:\Windows\SYSTEM32\ntdll.dll
0x00007ffe56c80000 - 0x00007ffe56d3f000 	C:\Windows\System32\KERNEL32.DLL
0x00007ffe54c60000 - 0x00007ffe54f32000 	C:\Windows\System32\KERNELBASE.dll
0x00007ffe570c0000 - 0x00007ffe5716e000 	C:\Windows\System32\ADVAPI32.dll
0x00007ffe56bd0000 - 0x00007ffe56c6e000 	C:\Windows\System32\msvcrt.dll
0x00007ffe567d0000 - 0x00007ffe5686c000 	C:\Windows\System32\sechost.dll
0x00007ffe56f90000 - 0x00007ffe570b5000 	C:\Windows\System32\RPCRT4.dll
0x00007ffe56a20000 - 0x00007ffe56bc1000 	C:\Windows\System32\USER32.dll
0x00007ffe55200000 - 0x00007ffe55222000 	C:\Windows\System32\win32u.dll
0x00007ffe57170000 - 0x00007ffe5719b000 	C:\Windows\System32\GDI32.dll
0x00007ffe550f0000 - 0x00007ffe551ff000 	C:\Windows\System32\gdi32full.dll
0x00007ffe54b30000 - 0x00007ffe54bcd000 	C:\Windows\System32\msvcp_win.dll
0x00007ffe54f40000 - 0x00007ffe55040000 	C:\Windows\System32\ucrtbase.dll
0x00007ffe3db30000 - 0x00007ffe3ddca000 	C:\Windows\WinSxS\amd64_microsoft.windows.common-controls_6595b64144ccf1df_6.0.19041.1110_none_60b5254171f9507e\COMCTL32.dll
0x00007ffe56dc0000 - 0x00007ffe56df2000 	C:\Windows\System32\IMM32.DLL
0x000000006af00000 - 0x000000006afd2000 	C:\Program Files\Java\jdk1.8.0_202\jre\bin\msvcr100.dll
0x000000006a650000 - 0x000000006aef5000 	C:\Program Files\Java\jdk1.8.0_202\jre\bin\server\jvm.dll
0x00007ffe56c70000 - 0x00007ffe56c78000 	C:\Windows\System32\PSAPI.DLL
0x00007ffe3af50000 - 0x00007ffe3af59000 	C:\Windows\SYSTEM32\WSOCK32.dll
0x00007ffe4d110000 - 0x00007ffe4d11a000 	C:\Windows\SYSTEM32\VERSION.dll
0x00007ffe2e570000 - 0x00007ffe2e597000 	C:\Windows\SYSTEM32\WINMM.dll
0x00007ffe56760000 - 0x00007ffe567cb000 	C:\Windows\System32\WS2_32.dll
0x00007ffe2c020000 - 0x00007ffe2c02f000 	C:\Program Files\Java\jdk1.8.0_202\jre\bin\verify.dll
0x00007ffe2bff0000 - 0x00007ffe2c019000 	C:\Program Files\Java\jdk1.8.0_202\jre\bin\java.dll
0x00007ffe2b920000 - 0x00007ffe2b936000 	C:\Program Files\Java\jdk1.8.0_202\jre\bin\zip.dll
0x00007ffe55630000 - 0x00007ffe55d74000 	C:\Windows\System32\SHELL32.dll
0x00007ffe52940000 - 0x00007ffe530d2000 	C:\Windows\SYSTEM32\windows.storage.dll
0x00007ffe55f00000 - 0x00007ffe56255000 	C:\Windows\System32\combase.dll
0x00007ffe54180000 - 0x00007ffe541b0000 	C:\Windows\SYSTEM32\Wldp.dll
0x00007ffe55df0000 - 0x00007ffe55e9d000 	C:\Windows\System32\SHCORE.dll
0x00007ffe55ea0000 - 0x00007ffe55ef5000 	C:\Windows\System32\shlwapi.dll
0x00007ffe54820000 - 0x00007ffe5483f000 	C:\Windows\SYSTEM32\profapi.dll
0x00007ffe27b50000 - 0x00007ffe27b6a000 	C:\Program Files\Java\jdk1.8.0_202\jre\bin\net.dll
0x00007ffe3f030000 - 0x00007ffe3f21d000 	C:\Windows\SYSTEM32\urlmon.dll
0x00007ffe3f380000 - 0x00007ffe3f631000 	C:\Windows\SYSTEM32\iertutil.dll
0x00007ffe3f000000 - 0x00007ffe3f028000 	C:\Windows\SYSTEM32\srvcli.dll
0x00007ffe53d80000 - 0x00007ffe53d8c000 	C:\Windows\SYSTEM32\netutils.dll
0x00007ffe53f60000 - 0x00007ffe53fca000 	C:\Windows\system32\mswsock.dll
0x00007ffe53cb0000 - 0x00007ffe53d7a000 	C:\Windows\SYSTEM32\DNSAPI.dll
0x00007ffe53c70000 - 0x00007ffe53cab000 	C:\Windows\SYSTEM32\IPHLPAPI.DLL
0x00007ffe571a0000 - 0x00007ffe571a8000 	C:\Windows\System32\NSI.dll
0x00007ffe4be10000 - 0x00007ffe4be1a000 	C:\Windows\System32\rasadhlp.dll
0x00007ffe4a330000 - 0x00007ffe4a3b0000 	C:\Windows\System32\fwpuclnt.dll
0x00007ffe549a0000 - 0x00007ffe549c7000 	C:\Windows\System32\bcrypt.dll
0x00007ffe541c0000 - 0x00007ffe541d8000 	C:\Windows\SYSTEM32\CRYPTSP.dll
0x00007ffe538a0000 - 0x00007ffe538d4000 	C:\Windows\system32\rsaenh.dll
0x00007ffe547e0000 - 0x00007ffe5480e000 	C:\Windows\SYSTEM32\USERENV.dll
0x00007ffe54bd0000 - 0x00007ffe54c52000 	C:\Windows\System32\bcryptprimitives.dll
0x00007ffe540f0000 - 0x00007ffe540fc000 	C:\Windows\SYSTEM32\CRYPTBASE.dll
0x00007ffe4be80000 - 0x00007ffe4be97000 	C:\Windows\SYSTEM32\dhcpcsvc6.DLL
0x00007ffe4c8c0000 - 0x00007ffe4c8dd000 	C:\Windows\SYSTEM32\dhcpcsvc.DLL
0x00007ffe25820000 - 0x00007ffe25832000 	C:\Program Files\Java\jdk1.8.0_202\jre\bin\nio.dll
0x00007ffe28920000 - 0x00007ffe2892d000 	C:\Program Files\Java\jdk1.8.0_202\jre\bin\management.dll
0x00007ffe3d3d0000 - 0x00007ffe3d3e7000 	C:\Windows\system32\napinsp.dll
0x00007ffe3d3b0000 - 0x00007ffe3d3cb000 	C:\Windows\system32\pnrpnsp.dll
0x00007ffe4f180000 - 0x00007ffe4f195000 	C:\Windows\system32\wshbth.dll
0x00007ffe4fc60000 - 0x00007ffe4fc7d000 	C:\Windows\system32\NLAapi.dll
0x00007ffe2a620000 - 0x00007ffe2a632000 	C:\Windows\System32\winrnr.dll
0x00007ffe28550000 - 0x00007ffe28574000 	C:\Program Files\Java\jdk1.8.0_202\jre\bin\sunec.dll
0x00007ffe28540000 - 0x00007ffe2854b000 	C:\Program Files\Java\jdk1.8.0_202\jre\bin\sunmscapi.dll
0x00007ffe549d0000 - 0x00007ffe54b26000 	C:\Windows\System32\CRYPT32.dll

VM Arguments:
jvm_args: -ea -Dfile.encoding=UTF-8 
java_command: org.testng.remote.RemoteTestNG -serport 50267 -protocol json -d D:\RingPay\RingPay_APIAutomation\modified_updated\test-output D:\RingPay\RingPay_APIAutomation\modified_updated\RingPay.xml
java_class_path (initial): C:\Users\IGS0425\eclipse\java-2022-06\eclipse\configuration\org.eclipse.osgi\447\0\.cp\lib\testng-remote.jar;D:\RingPay\RingPay_APIAutomation\modified_updated\target\test-classes;D:\RingPay\RingPay_APIAutomation\modified_updated\target\classes;C:\Users\IGS0425\.m2\repository\io\appium\java-client\7.2.0\java-client-7.2.0.jar;C:\Users\IGS0425\.m2\repository\org\seleniumhq\selenium\selenium-support\3.141.59\selenium-support-3.141.59.jar;C:\Users\IGS0425\.m2\repository\org\seleniumhq\selenium\selenium-api\3.141.59\selenium-api-3.141.59.jar;C:\Users\IGS0425\.m2\repository\com\google\code\gson\gson\2.8.5\gson-2.8.5.jar;C:\Users\IGS0425\.m2\repository\org\apache\httpcomponents\httpclient\4.5.9\httpclient-4.5.9.jar;C:\Users\IGS0425\.m2\repository\cglib\cglib\3.2.12\cglib-3.2.12.jar;C:\Users\IGS0425\.m2\repository\org\ow2\asm\asm\7.1\asm-7.1.jar;C:\Users\IGS0425\.m2\repository\commons-io\commons-io\2.6\commons-io-2.6.jar;C:\Users\IGS0425\.m2\repository\org\springframework\spring-context\5.1.8.RELEASE\spring-context-5.1.8.RELEASE.jar;C:\Users\IGS0425\.m2\repository\org\springframework\spring-aop\5.1.8.RELEASE\spring-aop-5.1.8.RELEASE.jar;C:\Users\IGS0425\.m2\repository\org\springframework\spring-beans\5.1.8.RELEASE\spring-beans-5.1.8.RELEASE.jar;C:\Users\IGS0425\.m2\repository\org\springframework\spring-core\5.1.8.RELEASE\spring-core-5.1.8.RELEASE.jar;C:\Users\IGS0425\.m2\repository\org\springframework\spring-jcl\5.1.8.RELEASE\spring-jcl-5.1.8.RELEASE.jar;C:\Users\IGS0425\.m2\repository\org\springframework\spring-expression\5.1.8.RELEASE\spring-expression-5.1.8.RELEASE.jar;C:\Users\IGS0425\.m2\repository\org\aspectj\aspectjweaver\1.9.4\aspectjweaver-1.9.4.jar;C:\Users\IGS0425\.m2\repository\org\slf4j\slf4j-api\1.7.26\slf4j-api-1.7.26.jar;C:\Users\IGS0425\.m2\repository\org\seleniumhq\selenium\selenium-java\3.141.59\selenium-java-3.141.59.jar;C:\Users\IGS0425\.m2\repository\org\seleniumhq\selenium\selenium-chrome-driver\3.141.59\selenium-chrome-dri
Launcher Type: SUN_STANDARD

Environment Variables:
JAVA_HOME=C:\Program Files\Java\jdk1.8.0_202
PATH=C:/Users/IGS0425/.p2/pool/plugins/org.eclipse.justj.openjdk.hotspot.jre.full.win32.x86_64_17.0.3.v20220515-1416/jre/bin/server;C:/Users/IGS0425/.p2/pool/plugins/org.eclipse.justj.openjdk.hotspot.jre.full.win32.x86_64_17.0.3.v20220515-1416/jre/bin;C:\Program Files (x86)\Common Files\Oracle\Java\javapath;C:\Windows\system32;C:\Windows;C:\Windows\System32\Wbem;C:\Windows\System32\WindowsPowerShell\v1.0\;C:\Windows\System32\OpenSSH\;C:\Program Files\nodejs\;C:\Program Files\Git\cmd;C:\Program Files\apache-maven-3.8.6\bin;C:\Users\IGS0425\AppData\Local\Microsoft\WindowsApps;C:\Program Files\JetBrains\IntelliJ IDEA Community Edition 2022.1.3\bin;;C:\Users\IGS0425\AppData\Roaming\npm;C:\Program Files\Java\jdk1.8.0_202\bin;;C:\Windows\system32;
USERNAME=IGS0425
OS=Windows_NT
PROCESSOR_IDENTIFIER=Intel64 Family 6 Model 140 Stepping 1, GenuineIntel



---------------  S Y S T E M  ---------------

OS: Windows 10.0 , 64 bit Build 19041 (10.0.19041.2364)

CPU:total 8 (initial active 8) (4 cores per cpu, 2 threads per core) family 6 model 140 stepping 1, cmov, cx8, fxsr, mmx, sse, sse2, sse3, ssse3, sse4.1, sse4.2, popcnt, avx, avx2, aes, clmul, erms, 3dnowpref, lzcnt, ht, tsc, tscinvbit, bmi1, bmi2, adx

Memory: 4k page, physical 16428308k(2462580k free), swap 16428308k(5296k free)

vm_info: Java HotSpot(TM) 64-Bit Server VM (25.202-b08) for windows-amd64 JRE (1.8.0_202-b08), built on Dec 15 2018 19:54:30 by "java_re" with MS VC++ 10.0 (VS2010)

time: Mon Dec 19 18:05:18 2022
timezone: India Standard Time
elapsed time: 8 seconds (0d 0h 0m 8s)

