#
# There is insufficient memory for the Java Runtime Environment to continue.
# Native memory allocation (malloc) failed to allocate 920496 bytes for Chunk::new
# Possible reasons:
#   The system is out of physical RAM or swap space
#   The process is running with CompressedOops enabled, and the Java Heap may be blocking the growth of the native heap
# Possible solutions:
#   Reduce memory load on the system
#   Increase physical memory or swap space
#   Check if swap backing store is full
#   Decrease Java heap size (-Xmx/-Xms)
#   Decrease number of Java threads
#   Decrease Java thread stack sizes (-Xss)
#   Set larger code cache with -XX:ReservedCodeCacheSize=
#   JVM is running with Zero Based Compressed Oops mode in which the Java heap is
#     placed in the first 32GB address space. The Java Heap base address is the
#     maximum limit for the native heap growth. Please use -XX:HeapBaseMinAddress
#     to set the Java Heap base and to place the Java Heap above 32GB virtual address.
# This output file may be truncated or incomplete.
#
#  Out of Memory Error (allocation.cpp:389), pid=17852, tid=0x0000000000003434
#
# JRE version: Java(TM) SE Runtime Environment (8.0_202-b08) (build 1.8.0_202-b08)
# Java VM: Java HotSpot(TM) 64-Bit Server VM (25.202-b08 mixed mode windows-amd64 compressed oops)
# Failed to write core dump. Minidumps are not enabled by default on client versions of Windows
#

---------------  T H R E A D  ---------------

Current thread (0x000000001deb0000):  JavaThread "C2 CompilerThread1" daemon [_thread_in_native, id=13364, stack(0x000000001e870000,0x000000001e970000)]

Stack: [0x000000001e870000,0x000000001e970000]
[error occurred during error reporting (printing stack bounds), id 0xc0000005]

Native frames: (J=compiled Java code, j=interpreted, Vv=VM code, C=native code)


Current CompileTask:
C2:   2564 2894       4       groovy.lang.MetaClassImpl::checkIfStdMethod (178 bytes)


---------------  P R O C E S S  ---------------

Java Threads: ( => current thread )
  0x00000000203dd000 JavaThread "ReaderThread" [_thread_in_native, id=6668, stack(0x0000000020a90000,0x0000000020b90000)]
  0x000000001dede000 JavaThread "Service Thread" daemon [_thread_blocked, id=13408, stack(0x000000001eb70000,0x000000001ec70000)]
  0x000000001dec4800 JavaThread "C1 CompilerThread3" daemon [_thread_blocked, id=7196, stack(0x000000001ea70000,0x000000001eb70000)]
  0x000000001debd000 JavaThread "C2 CompilerThread2" daemon [_thread_in_native, id=18648, stack(0x000000001e970000,0x000000001ea70000)]
=>0x000000001deb0000 JavaThread "C2 CompilerThread1" daemon [_thread_in_native, id=13364, stack(0x000000001e870000,0x000000001e970000)]
  0x000000001deac800 JavaThread "C2 CompilerThread0" daemon [_thread_in_native, id=15280, stack(0x000000001e770000,0x000000001e870000)]
  0x000000001deab000 JavaThread "Attach Listener" daemon [_thread_blocked, id=3248, stack(0x000000001e670000,0x000000001e770000)]
  0x000000001deaa000 JavaThread "Signal Dispatcher" daemon [_thread_blocked, id=7216, stack(0x000000001e570000,0x000000001e670000)]
  0x000000001c0a7800 JavaThread "Finalizer" daemon [_thread_blocked, id=1072, stack(0x000000001e370000,0x000000001e470000)]
  0x000000001de90800 JavaThread "Reference Handler" daemon [_thread_blocked, id=18812, stack(0x000000001e270000,0x000000001e370000)]
  0x000000000274a000 JavaThread "main" [_thread_in_Java, id=15112, stack(0x0000000002640000,0x0000000002740000)]

Other Threads:
  0x000000001c096800 VMThread [stack: 0x000000001dd70000,0x000000001de70000] [id=1300]
  0x000000001dee1000 WatcherThread [stack: 0x000000001ec70000,0x000000001ed70000] [id=18464]

VM state:not at safepoint (normal execution)

VM Mutex/Monitor currently owned by a thread: None

heap address: 0x00000006c5400000, size: 4012 MB, Compressed Oops mode: Zero based, Oop shift amount: 3
Narrow klass base: 0x0000000000000000, Narrow klass shift: 3
Compressed class space size: 1073741824 Address: 0x00000007c0000000

Heap:
 PSYoungGen      total 75264K, used 55359K [0x000000076c700000, 0x0000000773e80000, 0x00000007c0000000)
  eden space 64512K, 69% used [0x000000076c700000,0x000000076f290250,0x0000000770600000)
  from space 10752K, 99% used [0x0000000770600000,0x000000077107fd30,0x0000000771080000)
  to   space 11776K, 0% used [0x0000000773300000,0x0000000773300000,0x0000000773e80000)
 ParOldGen       total 102400K, used 7595K [0x00000006c5400000, 0x00000006cb800000, 0x000000076c700000)
  object space 102400K, 7% used [0x00000006c5400000,0x00000006c5b6af38,0x00000006cb800000)
 Metaspace       used 34064K, capacity 34782K, committed 35072K, reserved 1079296K
  class space    used 4077K, capacity 4248K, committed 4352K, reserved 1048576K

Card table byte_map: [0x0000000011c00000,0x00000000123e0000] byte_map_base: 0x000000000e5d6000

Marking Bits: (ParMarkBitMap*) 0x000000006ae75ce0
 Begin Bits: [0x0000000013120000, 0x0000000016fd0000)
 End Bits:   [0x0000000016fd0000, 0x000000001ae80000)

Polling page: 0x00000000025e0000

CodeCache: size=245760Kb used=11138Kb max_used=11138Kb free=234621Kb
 bounds [0x0000000002840000, 0x0000000003330000, 0x0000000011840000]
 total_blobs=3643 nmethods=2921 adapters=634
 compilation: enabled

Compilation events (10 events):
Event: 2.520 Thread 0x000000001dec4800 2924       3       groovyjarjarasm.asm.MethodWriter::computeAllFrames (510 bytes)
Event: 2.521 Thread 0x000000001dec4800 nmethod 2924 0x000000000331c910 code [0x000000000331cc00, 0x000000000331e5e8]
Event: 2.526 Thread 0x000000001dec4800 2925  s    3       java.beans.PropertyDescriptor::setReadMethod (64 bytes)
Event: 2.527 Thread 0x000000001dec4800 nmethod 2925 0x000000000331f590 code [0x000000000331f960, 0x0000000003321df8]
Event: 2.527 Thread 0x000000001dec4800 2927       3       groovy.lang.MetaClassImpl$$Lambda$124/2047984839::apply (12 bytes)
Event: 2.528 Thread 0x000000001dec4800 nmethod 2927 0x0000000003322ed0 code [0x0000000003323080, 0x00000000033236b8]
Event: 2.528 Thread 0x000000001dec4800 2926       3       groovy.lang.MetaClassImpl::addMetaBeanProperty (119 bytes)
Event: 2.528 Thread 0x000000001dec4800 nmethod 2926 0x0000000003323890 code [0x0000000003323ae0, 0x0000000003325128]
Event: 2.534 Thread 0x000000001dec4800 2928       3       org.codehaus.groovy.classgen.asm.BytecodeHelper::getClassInternalName (9 bytes)
Event: 2.534 Thread 0x000000001dec4800 nmethod 2928 0x0000000003325ad0 code [0x0000000003325c40, 0x0000000003325e48]

GC Heap History (10 events):
Event: 1.318 GC heap before
{Heap before GC invocations=2 (full 0):
 PSYoungGen      total 75264K, used 70700K [0x000000076c700000, 0x0000000771b00000, 0x00000007c0000000)
  eden space 64512K, 100% used [0x000000076c700000,0x0000000770600000,0x0000000770600000)
  from space 10752K, 57% used [0x0000000770600000,0x0000000770c0b190,0x0000000771080000)
  to   space 10752K, 0% used [0x0000000771080000,0x0000000771080000,0x0000000771b00000)
 ParOldGen       total 172032K, used 80K [0x00000006c5400000, 0x00000006cfc00000, 0x000000076c700000)
  object space 172032K, 0% used [0x00000006c5400000,0x00000006c5414010,0x00000006cfc00000)
 Metaspace       used 18331K, capacity 18710K, committed 18816K, reserved 1064960K
  class space    used 2242K, capacity 2360K, committed 2432K, reserved 1048576K
Event: 1.323 GC heap after
Heap after GC invocations=2 (full 0):
 PSYoungGen      total 75264K, used 8389K [0x000000076c700000, 0x0000000771b00000, 0x00000007c0000000)
  eden space 64512K, 0% used [0x000000076c700000,0x000000076c700000,0x0000000770600000)
  from space 10752K, 78% used [0x0000000771080000,0x00000007718b1490,0x0000000771b00000)
  to   space 10752K, 0% used [0x0000000770600000,0x0000000770600000,0x0000000771080000)
 ParOldGen       total 172032K, used 88K [0x00000006c5400000, 0x00000006cfc00000, 0x000000076c700000)
  object space 172032K, 0% used [0x00000006c5400000,0x00000006c5416010,0x00000006cfc00000)
 Metaspace       used 18331K, capacity 18710K, committed 18816K, reserved 1064960K
  class space    used 2242K, capacity 2360K, committed 2432K, reserved 1048576K
}
Event: 1.492 GC heap before
{Heap before GC invocations=3 (full 0):
 PSYoungGen      total 75264K, used 31512K [0x000000076c700000, 0x0000000771b00000, 0x00000007c0000000)
  eden space 64512K, 35% used [0x000000076c700000,0x000000076dd94e20,0x0000000770600000)
  from space 10752K, 78% used [0x0000000771080000,0x00000007718b1490,0x0000000771b00000)
  to   space 10752K, 0% used [0x0000000770600000,0x0000000770600000,0x0000000771080000)
 ParOldGen       total 172032K, used 88K [0x00000006c5400000, 0x00000006cfc00000, 0x000000076c700000)
  object space 172032K, 0% used [0x00000006c5400000,0x00000006c5416010,0x00000006cfc00000)
 Metaspace       used 20716K, capacity 21134K, committed 21296K, reserved 1069056K
  class space    used 2507K, capacity 2654K, committed 2688K, reserved 1048576K
Event: 1.497 GC heap after
Heap after GC invocations=3 (full 0):
 PSYoungGen      total 75264K, used 7048K [0x000000076c700000, 0x0000000771b00000, 0x00000007c0000000)
  eden space 64512K, 0% used [0x000000076c700000,0x000000076c700000,0x0000000770600000)
  from space 10752K, 65% used [0x0000000770600000,0x0000000770ce2008,0x0000000771080000)
  to   space 10752K, 0% used [0x0000000771080000,0x0000000771080000,0x0000000771b00000)
 ParOldGen       total 172032K, used 96K [0x00000006c5400000, 0x00000006cfc00000, 0x000000076c700000)
  object space 172032K, 0% used [0x00000006c5400000,0x00000006c5418010,0x00000006cfc00000)
 Metaspace       used 20716K, capacity 21134K, committed 21296K, reserved 1069056K
  class space    used 2507K, capacity 2654K, committed 2688K, reserved 1048576K
}
Event: 1.497 GC heap before
{Heap before GC invocations=4 (full 1):
 PSYoungGen      total 75264K, used 7048K [0x000000076c700000, 0x0000000771b00000, 0x00000007c0000000)
  eden space 64512K, 0% used [0x000000076c700000,0x000000076c700000,0x0000000770600000)
  from space 10752K, 65% used [0x0000000770600000,0x0000000770ce2008,0x0000000771080000)
  to   space 10752K, 0% used [0x0000000771080000,0x0000000771080000,0x0000000771b00000)
 ParOldGen       total 172032K, used 96K [0x00000006c5400000, 0x00000006cfc00000, 0x000000076c700000)
  object space 172032K, 0% used [0x00000006c5400000,0x00000006c5418010,0x00000006cfc00000)
 Metaspace       used 20716K, capacity 21134K, committed 21296K, reserved 1069056K
  class space    used 2507K, capacity 2654K, committed 2688K, reserved 1048576K
Event: 1.515 GC heap after
Heap after GC invocations=4 (full 1):
 PSYoungGen      total 75264K, used 0K [0x000000076c700000, 0x0000000771b00000, 0x00000007c0000000)
  eden space 64512K, 0% used [0x000000076c700000,0x000000076c700000,0x0000000770600000)
  from space 10752K, 0% used [0x0000000770600000,0x0000000770600000,0x0000000771080000)
  to   space 10752K, 0% used [0x0000000771080000,0x0000000771080000,0x0000000771b00000)
 ParOldGen       total 102400K, used 6830K [0x00000006c5400000, 0x00000006cb800000, 0x000000076c700000)
  object space 102400K, 6% used [0x00000006c5400000,0x00000006c5aab8b0,0x00000006cb800000)
 Metaspace       used 20716K, capacity 21134K, committed 21296K, reserved 1069056K
  class space    used 2507K, capacity 2654K, committed 2688K, reserved 1048576K
}
Event: 1.968 GC heap before
{Heap before GC invocations=5 (full 1):
 PSYoungGen      total 75264K, used 64512K [0x000000076c700000, 0x0000000771b00000, 0x00000007c0000000)
  eden space 64512K, 100% used [0x000000076c700000,0x0000000770600000,0x0000000770600000)
  from space 10752K, 0% used [0x0000000770600000,0x0000000770600000,0x0000000771080000)
  to   space 10752K, 0% used [0x0000000771080000,0x0000000771080000,0x0000000771b00000)
 ParOldGen       total 102400K, used 6830K [0x00000006c5400000, 0x00000006cb800000, 0x000000076c700000)
  object space 102400K, 6% used [0x00000006c5400000,0x00000006c5aab8b0,0x00000006cb800000)
 Metaspace       used 27521K, capacity 28134K, committed 28160K, reserved 1073152K
  class space    used 3386K, capacity 3570K, committed 3584K, reserved 1048576K
Event: 1.972 GC heap after
Heap after GC invocations=5 (full 1):
 PSYoungGen      total 75264K, used 8283K [0x000000076c700000, 0x0000000773b00000, 0x00000007c0000000)
  eden space 64512K, 0% used [0x000000076c700000,0x000000076c700000,0x0000000770600000)
  from space 10752K, 77% used [0x0000000771080000,0x0000000771896fe0,0x0000000771b00000)
  to   space 10752K, 0% used [0x0000000770600000,0x0000000770600000,0x0000000771080000)
 ParOldGen       total 102400K, used 6838K [0x00000006c5400000, 0x00000006cb800000, 0x000000076c700000)
  object space 102400K, 6% used [0x00000006c5400000,0x00000006c5aad8b0,0x00000006cb800000)
 Metaspace       used 27521K, capacity 28134K, committed 28160K, reserved 1073152K
  class space    used 3386K, capacity 3570K, committed 3584K, reserved 1048576K
}
Event: 2.354 GC heap before
{Heap before GC invocations=6 (full 1):
 PSYoungGen      total 75264K, used 72795K [0x000000076c700000, 0x0000000773b00000, 0x00000007c0000000)
  eden space 64512K, 100% used [0x000000076c700000,0x0000000770600000,0x0000000770600000)
  from space 10752K, 77% used [0x0000000771080000,0x0000000771896fe0,0x0000000771b00000)
  to   space 10752K, 0% used [0x0000000770600000,0x0000000770600000,0x0000000771080000)
 ParOldGen       total 102400K, used 6838K [0x00000006c5400000, 0x00000006cb800000, 0x000000076c700000)
  object space 102400K, 6% used [0x00000006c5400000,0x00000006c5aad8b0,0x00000006cb800000)
 Metaspace       used 31576K, capacity 32300K, committed 32384K, reserved 1077248K
  class space    used 3781K, capacity 3954K, committed 3968K, reserved 1048576K
Event: 2.361 GC heap after
Heap after GC invocations=6 (full 1):
 PSYoungGen      total 75264K, used 10751K [0x000000076c700000, 0x0000000773e80000, 0x00000007c0000000)
  eden space 64512K, 0% used [0x000000076c700000,0x000000076c700000,0x0000000770600000)
  from space 10752K, 99% used [0x0000000770600000,0x000000077107fd30,0x0000000771080000)
  to   space 11776K, 0% used [0x0000000773300000,0x0000000773300000,0x0000000773e80000)
 ParOldGen       total 102400K, used 7595K [0x00000006c5400000, 0x00000006cb800000, 0x000000076c700000)
  object space 102400K, 7% used [0x00000006c5400000,0x00000006c5b6af38,0x00000006cb800000)
 Metaspace       used 31576K, capacity 32300K, committed 32384K, reserved 1077248K
  class space    used 3781K, capacity 3954K, committed 3968K, reserved 1048576K
}

Deoptimization events (10 events):
Event: 1.691 Thread 0x000000000274a000 Uncommon trap: reason=unstable_if action=reinterpret pc=0x0000000002e60320 method=org.apache.xmlbeans.impl.store.Xobj.bitIsSet(I)Z @ 6
Event: 1.691 Thread 0x000000000274a000 Uncommon trap: reason=unstable_if action=reinterpret pc=0x0000000002e655d8 method=org.apache.xmlbeans.impl.store.Xobj.bitIsSet(I)Z @ 6
Event: 1.701 Thread 0x000000000274a000 Uncommon trap: reason=class_check action=maybe_recompile pc=0x0000000002e9e5c8 method=org.apache.xmlbeans.XmlOptions.hasOption(Ljava/lang/Object;)Z @ 5
Event: 1.829 Thread 0x000000000274a000 Uncommon trap: reason=class_check action=maybe_recompile pc=0x0000000002e2e610 method=java.io.FilterInputStream.read([BII)I @ 7
Event: 2.035 Thread 0x000000000274a000 Uncommon trap: reason=unstable_if action=reinterpret pc=0x0000000003017440 method=java.lang.ClassLoader.getClassLoadingLock(Ljava/lang/String;)Ljava/lang/Object; @ 6
Event: 2.094 Thread 0x000000000274a000 Uncommon trap: reason=class_check action=maybe_recompile pc=0x0000000002e2e610 method=java.io.FilterInputStream.read([BII)I @ 7
Event: 2.094 Thread 0x000000000274a000 Uncommon trap: reason=class_check action=maybe_recompile pc=0x0000000002e2e610 method=java.io.FilterInputStream.read([BII)I @ 7
Event: 2.094 Thread 0x000000000274a000 Uncommon trap: reason=class_check action=maybe_recompile pc=0x0000000002e2e610 method=java.io.FilterInputStream.read([BII)I @ 7
Event: 2.106 Thread 0x000000000274a000 Uncommon trap: reason=unstable_if action=reinterpret pc=0x000000000303ee78 method=java.lang.Class$MethodArray.addIfNotPresent(Ljava/lang/reflect/Method;)V @ 19
Event: 2.539 Thread 0x000000000274a000 Uncommon trap: reason=class_check action=maybe_recompile pc=0x0000000002cb1674 method=java.util.concurrent.ConcurrentHashMap.putVal(Ljava/lang/Object;Ljava/lang/Object;Z)Ljava/lang/Object; @ 192

Classes redefined (0 events):
No events

Internal exceptions (10 events):
Event: 2.505 Thread 0x000000000274a000 Exception <a 'java/lang/ClassNotFoundException': com/fasterxml/jackson/core/TreeCodecBeanInfo> (0x000000076e998328) thrown at [C:\re\workspace\8-2-build-windows-amd64-cygwin\jdk8u202\12323\hotspot\src\share\vm\classfile\systemDictionary.cpp, line 210]
Event: 2.506 Thread 0x000000000274a000 Exception <a 'java/lang/ClassNotFoundException': com/fasterxml/jackson/core/TreeCodecCustomizer> (0x000000076e9bd9a0) thrown at [C:\re\workspace\8-2-build-windows-amd64-cygwin\jdk8u202\12323\hotspot\src\share\vm\classfile\systemDictionary.cpp, line 210]
Event: 2.506 Thread 0x000000000274a000 Exception <a 'java/lang/ClassNotFoundException': com/fasterxml/jackson/core/ObjectCodecCustomizer> (0x000000076e9ea390) thrown at [C:\re\workspace\8-2-build-windows-amd64-cygwin\jdk8u202\12323\hotspot\src\share\vm\classfile\systemDictionary.cpp, line 210]
Event: 2.507 Thread 0x000000000274a000 Exception <a 'java/lang/ClassNotFoundException': com/fasterxml/jackson/databind/ObjectMapperCustomizer> (0x000000076ea2daf0) thrown at [C:\re\workspace\8-2-build-windows-amd64-cygwin\jdk8u202\12323\hotspot\src\share\vm\classfile\systemDictionary.cpp, line
Event: 2.524 Thread 0x000000000274a000 Exception <a 'java/lang/ClassNotFoundException': com/fasterxml/jackson/databind/MappingJsonFactoryBeanInfo> (0x000000076edca5f8) thrown at [C:\re\workspace\8-2-build-windows-amd64-cygwin\jdk8u202\12323\hotspot\src\share\vm\classfile\systemDictionary.cpp, 
Event: 2.524 Thread 0x000000000274a000 Exception <a 'java/lang/ClassNotFoundException': com/fasterxml/jackson/core/JsonFactoryBeanInfo> (0x000000076edefce0) thrown at [C:\re\workspace\8-2-build-windows-amd64-cygwin\jdk8u202\12323\hotspot\src\share\vm\classfile\systemDictionary.cpp, line 210]
Event: 2.524 Thread 0x000000000274a000 Exception <a 'java/lang/ClassNotFoundException': com/fasterxml/jackson/core/TokenStreamFactoryBeanInfo> (0x000000076ee19908) thrown at [C:\re\workspace\8-2-build-windows-amd64-cygwin\jdk8u202\12323\hotspot\src\share\vm\classfile\systemDictionary.cpp, line
Event: 2.524 Thread 0x000000000274a000 Exception <a 'java/lang/ClassNotFoundException': com/fasterxml/jackson/core/TokenStreamFactoryCustomizer> (0x000000076ee44018) thrown at [C:\re\workspace\8-2-build-windows-amd64-cygwin\jdk8u202\12323\hotspot\src\share\vm\classfile\systemDictionary.cpp, li
Event: 2.525 Thread 0x000000000274a000 Exception <a 'java/lang/ClassNotFoundException': com/fasterxml/jackson/core/JsonFactoryCustomizer> (0x000000076ee946e8) thrown at [C:\re\workspace\8-2-build-windows-amd64-cygwin\jdk8u202\12323\hotspot\src\share\vm\classfile\systemDictionary.cpp, line 210]
Event: 2.526 Thread 0x000000000274a000 Exception <a 'java/lang/ClassNotFoundException': com/fasterxml/jackson/databind/MappingJsonFactoryCustomizer> (0x000000076ef0bc28) thrown at [C:\re\workspace\8-2-build-windows-amd64-cygwin\jdk8u202\12323\hotspot\src\share\vm\classfile\systemDictionary.cpp

Events (10 events):
Event: 2.550 loading class com/fasterxml/jackson/annotation/JsonProperty
Event: 2.550 loading class com/fasterxml/jackson/annotation/JsonProperty done
Event: 2.550 loading class com/fasterxml/jackson/annotation/JsonAutoDetect$1
Event: 2.550 loading class com/fasterxml/jackson/annotation/JsonAutoDetect$1 done
Event: 2.550 loading class com/fasterxml/jackson/annotation/JsonIgnore
Event: 2.550 loading class com/fasterxml/jackson/annotation/JsonIgnore done
Event: 2.551 loading class com/fasterxml/jackson/databind/introspect/POJOPropertyBuilder
Event: 2.551 loading class com/fasterxml/jackson/databind/introspect/POJOPropertyBuilder done
Event: 2.552 loading class com/fasterxml/jackson/databind/introspect/POJOPropertyBuilder$WithMember
Event: 2.552 loading class com/fasterxml/jackson/databind/introspect/POJOPropertyBuilder$WithMember done


Dynamic libraries:
0x00007ff7a9170000 - 0x00007ff7a91a7000 	C:\Program Files\Java\jdk1.8.0_202\bin\javaw.exe
0x00007ffe571f0000 - 0x00007ffe573e8000 	C:\Windows\SYSTEM32\ntdll.dll
0x00007ffe56c80000 - 0x00007ffe56d3f000 	C:\Windows\System32\KERNEL32.DLL
0x00007ffe54c60000 - 0x00007ffe54f32000 	C:\Windows\System32\KERNELBASE.dll
0x00007ffe570c0000 - 0x00007ffe5716e000 	C:\Windows\System32\ADVAPI32.dll
0x00007ffe56bd0000 - 0x00007ffe56c6e000 	C:\Windows\System32\msvcrt.dll
0x00007ffe567d0000 - 0x00007ffe5686c000 	C:\Windows\System32\sechost.dll
0x00007ffe56f90000 - 0x00007ffe570b5000 	C:\Windows\System32\RPCRT4.dll
0x00007ffe56a20000 - 0x00007ffe56bc1000 	C:\Windows\System32\USER32.dll
0x00007ffe55200000 - 0x00007ffe55222000 	C:\Windows\System32\win32u.dll
0x00007ffe57170000 - 0x00007ffe5719b000 	C:\Windows\System32\GDI32.dll
0x00007ffe550f0000 - 0x00007ffe551ff000 	C:\Windows\System32\gdi32full.dll
0x00007ffe54b30000 - 0x00007ffe54bcd000 	C:\Windows\System32\msvcp_win.dll
0x00007ffe54f40000 - 0x00007ffe55040000 	C:\Windows\System32\ucrtbase.dll
0x00007ffe3db30000 - 0x00007ffe3ddca000 	C:\Windows\WinSxS\amd64_microsoft.windows.common-controls_6595b64144ccf1df_6.0.19041.1110_none_60b5254171f9507e\COMCTL32.dll
0x00007ffe56dc0000 - 0x00007ffe56df2000 	C:\Windows\System32\IMM32.DLL
0x000000006af00000 - 0x000000006afd2000 	C:\Program Files\Java\jdk1.8.0_202\jre\bin\msvcr100.dll
0x000000006a650000 - 0x000000006aef5000 	C:\Program Files\Java\jdk1.8.0_202\jre\bin\server\jvm.dll
0x00007ffe56c70000 - 0x00007ffe56c78000 	C:\Windows\System32\PSAPI.DLL
0x00007ffe2e570000 - 0x00007ffe2e597000 	C:\Windows\SYSTEM32\WINMM.dll
0x00007ffe4d110000 - 0x00007ffe4d11a000 	C:\Windows\SYSTEM32\VERSION.dll
0x00007ffe3af50000 - 0x00007ffe3af59000 	C:\Windows\SYSTEM32\WSOCK32.dll
0x00007ffe56760000 - 0x00007ffe567cb000 	C:\Windows\System32\WS2_32.dll
0x00007ffe2c020000 - 0x00007ffe2c02f000 	C:\Program Files\Java\jdk1.8.0_202\jre\bin\verify.dll
0x00007ffe2bff0000 - 0x00007ffe2c019000 	C:\Program Files\Java\jdk1.8.0_202\jre\bin\java.dll
0x00007ffe2b920000 - 0x00007ffe2b936000 	C:\Program Files\Java\jdk1.8.0_202\jre\bin\zip.dll
0x00007ffe55630000 - 0x00007ffe55d74000 	C:\Windows\System32\SHELL32.dll
0x00007ffe52940000 - 0x00007ffe530d2000 	C:\Windows\SYSTEM32\windows.storage.dll
0x00007ffe55f00000 - 0x00007ffe56255000 	C:\Windows\System32\combase.dll
0x00007ffe54180000 - 0x00007ffe541b0000 	C:\Windows\SYSTEM32\Wldp.dll
0x00007ffe55df0000 - 0x00007ffe55e9d000 	C:\Windows\System32\SHCORE.dll
0x00007ffe55ea0000 - 0x00007ffe55ef5000 	C:\Windows\System32\shlwapi.dll
0x00007ffe54820000 - 0x00007ffe5483f000 	C:\Windows\SYSTEM32\profapi.dll
0x00007ffe27b50000 - 0x00007ffe27b6a000 	C:\Program Files\Java\jdk1.8.0_202\jre\bin\net.dll
0x00007ffe3f030000 - 0x00007ffe3f21d000 	C:\Windows\SYSTEM32\urlmon.dll
0x00007ffe3f000000 - 0x00007ffe3f028000 	C:\Windows\SYSTEM32\srvcli.dll
0x00007ffe3f380000 - 0x00007ffe3f631000 	C:\Windows\SYSTEM32\iertutil.dll
0x00007ffe53d80000 - 0x00007ffe53d8c000 	C:\Windows\SYSTEM32\netutils.dll
0x00007ffe53f60000 - 0x00007ffe53fca000 	C:\Windows\system32\mswsock.dll
0x00007ffe53cb0000 - 0x00007ffe53d7a000 	C:\Windows\SYSTEM32\DNSAPI.dll
0x00007ffe53c70000 - 0x00007ffe53cab000 	C:\Windows\SYSTEM32\IPHLPAPI.DLL
0x00007ffe571a0000 - 0x00007ffe571a8000 	C:\Windows\System32\NSI.dll
0x00007ffe4be10000 - 0x00007ffe4be1a000 	C:\Windows\System32\rasadhlp.dll
0x00007ffe4a330000 - 0x00007ffe4a3b0000 	C:\Windows\System32\fwpuclnt.dll
0x00007ffe549a0000 - 0x00007ffe549c7000 	C:\Windows\System32\bcrypt.dll
0x00007ffe541c0000 - 0x00007ffe541d8000 	C:\Windows\SYSTEM32\CRYPTSP.dll
0x00007ffe538a0000 - 0x00007ffe538d4000 	C:\Windows\system32\rsaenh.dll
0x00007ffe547e0000 - 0x00007ffe5480e000 	C:\Windows\SYSTEM32\USERENV.dll
0x00007ffe54bd0000 - 0x00007ffe54c52000 	C:\Windows\System32\bcryptprimitives.dll
0x00007ffe540f0000 - 0x00007ffe540fc000 	C:\Windows\SYSTEM32\CRYPTBASE.dll
0x00007ffe4be80000 - 0x00007ffe4be97000 	C:\Windows\SYSTEM32\dhcpcsvc6.DLL
0x00007ffe4c8c0000 - 0x00007ffe4c8dd000 	C:\Windows\SYSTEM32\dhcpcsvc.DLL
0x00007ffe25820000 - 0x00007ffe25832000 	C:\Program Files\Java\jdk1.8.0_202\jre\bin\nio.dll
0x00007ffe28920000 - 0x00007ffe2892d000 	C:\Program Files\Java\jdk1.8.0_202\jre\bin\management.dll
0x00007ffe3d3d0000 - 0x00007ffe3d3e7000 	C:\Windows\system32\napinsp.dll
0x00007ffe3d3b0000 - 0x00007ffe3d3cb000 	C:\Windows\system32\pnrpnsp.dll
0x00007ffe4f180000 - 0x00007ffe4f195000 	C:\Windows\system32\wshbth.dll
0x00007ffe4fc60000 - 0x00007ffe4fc7d000 	C:\Windows\system32\NLAapi.dll
0x00007ffe2a620000 - 0x00007ffe2a632000 	C:\Windows\System32\winrnr.dll

VM Arguments:
jvm_args: -ea -Dfile.encoding=UTF-8 
java_command: org.testng.remote.RemoteTestNG -serport 62418 -protocol json -d D:\RingPay\RingPay_APIAutomation\modified_updated\test-output D:\RingPay\RingPay_APIAutomation\modified_updated\RingPay.xml
java_class_path (initial): C:\Users\IGS0425\eclipse\java-2022-06\eclipse\configuration\org.eclipse.osgi\447\0\.cp\lib\testng-remote.jar;D:\RingPay\RingPay_APIAutomation\modified_updated\target\test-classes;D:\RingPay\RingPay_APIAutomation\modified_updated\target\classes;C:\Users\IGS0425\.m2\repository\io\appium\java-client\7.2.0\java-client-7.2.0.jar;C:\Users\IGS0425\.m2\repository\org\seleniumhq\selenium\selenium-support\3.141.59\selenium-support-3.141.59.jar;C:\Users\IGS0425\.m2\repository\org\seleniumhq\selenium\selenium-api\3.141.59\selenium-api-3.141.59.jar;C:\Users\IGS0425\.m2\repository\com\google\code\gson\gson\2.8.5\gson-2.8.5.jar;C:\Users\IGS0425\.m2\repository\org\apache\httpcomponents\httpclient\4.5.9\httpclient-4.5.9.jar;C:\Users\IGS0425\.m2\repository\cglib\cglib\3.2.12\cglib-3.2.12.jar;C:\Users\IGS0425\.m2\repository\org\ow2\asm\asm\7.1\asm-7.1.jar;C:\Users\IGS0425\.m2\repository\commons-io\commons-io\2.6\commons-io-2.6.jar;C:\Users\IGS0425\.m2\repository\org\springframework\spring-context\5.1.8.RELEASE\spring-context-5.1.8.RELEASE.jar;C:\Users\IGS0425\.m2\repository\org\springframework\spring-aop\5.1.8.RELEASE\spring-aop-5.1.8.RELEASE.jar;C:\Users\IGS0425\.m2\repository\org\springframework\spring-beans\5.1.8.RELEASE\spring-beans-5.1.8.RELEASE.jar;C:\Users\IGS0425\.m2\repository\org\springframework\spring-core\5.1.8.RELEASE\spring-core-5.1.8.RELEASE.jar;C:\Users\IGS0425\.m2\repository\org\springframework\spring-jcl\5.1.8.RELEASE\spring-jcl-5.1.8.RELEASE.jar;C:\Users\IGS0425\.m2\repository\org\springframework\spring-expression\5.1.8.RELEASE\spring-expression-5.1.8.RELEASE.jar;C:\Users\IGS0425\.m2\repository\org\aspectj\aspectjweaver\1.9.4\aspectjweaver-1.9.4.jar;C:\Users\IGS0425\.m2\repository\org\slf4j\slf4j-api\1.7.26\slf4j-api-1.7.26.jar;C:\Users\IGS0425\.m2\repository\org\seleniumhq\selenium\selenium-java\3.141.59\selenium-java-3.141.59.jar;C:\Users\IGS0425\.m2\repository\org\seleniumhq\selenium\selenium-chrome-driver\3.141.59\selenium-chrome-dri
Launcher Type: SUN_STANDARD

Environment Variables:
JAVA_HOME=C:\Program Files\Java\jdk1.8.0_202
PATH=C:/Users/IGS0425/.p2/pool/plugins/org.eclipse.justj.openjdk.hotspot.jre.full.win32.x86_64_17.0.3.v20220515-1416/jre/bin/server;C:/Users/IGS0425/.p2/pool/plugins/org.eclipse.justj.openjdk.hotspot.jre.full.win32.x86_64_17.0.3.v20220515-1416/jre/bin;C:\Program Files (x86)\Common Files\Oracle\Java\javapath;C:\Windows\system32;C:\Windows;C:\Windows\System32\Wbem;C:\Windows\System32\WindowsPowerShell\v1.0\;C:\Windows\System32\OpenSSH\;C:\Program Files\nodejs\;C:\Program Files\Git\cmd;C:\Program Files\apache-maven-3.8.6\bin;C:\Users\IGS0425\AppData\Local\Microsoft\WindowsApps;C:\Program Files\JetBrains\IntelliJ IDEA Community Edition 2022.1.3\bin;;C:\Users\IGS0425\AppData\Roaming\npm;C:\Program Files\Java\jdk1.8.0_202\bin;;C:\Windows\System32;
USERNAME=IGS0425
OS=Windows_NT
PROCESSOR_IDENTIFIER=Intel64 Family 6 Model 140 Stepping 1, GenuineIntel



---------------  S Y S T E M  ---------------

OS: Windows 10.0 , 64 bit Build 19041 (10.0.19041.2364)

CPU:total 8 (initial active 8) (4 cores per cpu, 2 threads per core) family 6 model 140 stepping 1, cmov, cx8, fxsr, mmx, sse, sse2, sse3, ssse3, sse4.1, sse4.2, popcnt, avx, avx2, aes, clmul, erms, 3dnowpref, lzcnt, ht, tsc, tscinvbit, bmi1, bmi2, adx

Memory: 4k page, physical 16428308k(1814092k free), swap 16428308k(5268k free)

vm_info: Java HotSpot(TM) 64-Bit Server VM (25.202-b08) for windows-amd64 JRE (1.8.0_202-b08), built on Dec 15 2018 19:54:30 by "java_re" with MS VC++ 10.0 (VS2010)

time: Tue Dec 20 14:45:55 2022
timezone: India Standard Time
elapsed time: 2 seconds (0d 0h 0m 2s)

