#
# There is insufficient memory for the Java Runtime Environment to continue.
# Native memory allocation (malloc) failed to allocate 1015968 bytes for Chunk::new
# Possible reasons:
#   The system is out of physical RAM or swap space
#   The process is running with CompressedOops enabled, and the Java Heap may be blocking the growth of the native heap
# Possible solutions:
#   Reduce memory load on the system
#   Increase physical memory or swap space
#   Check if swap backing store is full
#   Decrease Java heap size (-Xmx/-Xms)
#   Decrease number of Java threads
#   Decrease Java thread stack sizes (-Xss)
#   Set larger code cache with -XX:ReservedCodeCacheSize=
#   JVM is running with Zero Based Compressed Oops mode in which the Java heap is
#     placed in the first 32GB address space. The Java Heap base address is the
#     maximum limit for the native heap growth. Please use -XX:HeapBaseMinAddress
#     to set the Java Heap base and to place the Java Heap above 32GB virtual address.
# This output file may be truncated or incomplete.
#
#  Out of Memory Error (allocation.cpp:389), pid=11800, tid=0x00000000000008d4
#
# JRE version: Java(TM) SE Runtime Environment (8.0_202-b08) (build 1.8.0_202-b08)
# Java VM: Java HotSpot(TM) 64-Bit Server VM (25.202-b08 mixed mode windows-amd64 compressed oops)
# Failed to write core dump. Minidumps are not enabled by default on client versions of Windows
#

---------------  T H R E A D  ---------------

Current thread (0x000000001ea7a800):  JavaThread "C2 CompilerThread0" daemon [_thread_in_native, id=2260, stack(0x000000001f340000,0x000000001f440000)]

Stack: [0x000000001f340000,0x000000001f440000]
[error occurred during error reporting (printing stack bounds), id 0xc0000005]

Native frames: (J=compiled Java code, j=interpreted, Vv=VM code, C=native code)


Current CompileTask:
C2:  71113 11409   !   4       com.sun.org.apache.xerces.internal.parsers.XML11Configuration::<init> (1069 bytes)


---------------  P R O C E S S  ---------------

Java Threads: ( => current thread )
  0x000000001fdff800 JavaThread "OkHttp ConnectionPool" daemon [_thread_blocked, id=1720, stack(0x000000002a7d0000,0x000000002a8d0000)]
  0x000000001fe04000 JavaThread "OkHttp ConnectionPool" daemon [_thread_blocked, id=4204, stack(0x000000002a6d0000,0x000000002a7d0000)]
  0x000000001fdff000 JavaThread "OkHttp ConnectionPool" daemon [_thread_blocked, id=2884, stack(0x0000000001730000,0x0000000001830000)]
  0x000000001fdfc800 JavaThread "OkHttp ConnectionPool" daemon [_thread_blocked, id=8428, stack(0x00000000015f0000,0x00000000016f0000)]
  0x000000001fe03800 JavaThread "OkHttp ConnectionPool" daemon [_thread_blocked, id=12772, stack(0x00000000014f0000,0x00000000015f0000)]
  0x000000001fe02000 JavaThread "OkHttp ConnectionPool" daemon [_thread_blocked, id=8184, stack(0x000000002a5d0000,0x000000002a6d0000)]
  0x000000001fe02800 JavaThread "OkHttp ConnectionPool" daemon [_thread_blocked, id=11396, stack(0x000000002a4d0000,0x000000002a5d0000)]
  0x000000001ea86000 JavaThread "OkHttp ConnectionPool" daemon [_thread_blocked, id=8864, stack(0x000000002a3d0000,0x000000002a4d0000)]
  0x000000001ea85800 JavaThread "OkHttp ConnectionPool" daemon [_thread_blocked, id=2224, stack(0x000000002a2d0000,0x000000002a3d0000)]
  0x000000001ea80000 JavaThread "OkHttp ConnectionPool" daemon [_thread_blocked, id=1736, stack(0x000000002a1d0000,0x000000002a2d0000)]
  0x0000000024b1e000 JavaThread "OkHttp ConnectionPool" daemon [_thread_blocked, id=7248, stack(0x000000002a0d0000,0x000000002a1d0000)]
  0x0000000024b1c800 JavaThread "OkHttp ConnectionPool" daemon [_thread_blocked, id=10952, stack(0x0000000029fd0000,0x000000002a0d0000)]
  0x0000000024b1b800 JavaThread "OkHttp ConnectionPool" daemon [_thread_blocked, id=16812, stack(0x0000000029ed0000,0x0000000029fd0000)]
  0x0000000024b1d000 JavaThread "OkHttp ConnectionPool" daemon [_thread_blocked, id=7896, stack(0x0000000029dd0000,0x0000000029ed0000)]
  0x0000000024b14000 JavaThread "OkHttp ConnectionPool" daemon [_thread_blocked, id=9644, stack(0x0000000029cd0000,0x0000000029dd0000)]
  0x0000000024b1a000 JavaThread "OkHttp ConnectionPool" daemon [_thread_blocked, id=9724, stack(0x00000000299d0000,0x0000000029ad0000)]
  0x0000000024b19800 JavaThread "OkHttp ConnectionPool" daemon [_thread_blocked, id=11424, stack(0x00000000298d0000,0x00000000299d0000)]
  0x0000000024b15800 JavaThread "OkHttp ConnectionPool" daemon [_thread_blocked, id=13192, stack(0x00000000297d0000,0x00000000298d0000)]
  0x0000000024b18800 JavaThread "OkHttp ConnectionPool" daemon [_thread_blocked, id=17588, stack(0x00000000294d0000,0x00000000295d0000)]
  0x0000000024b18000 JavaThread "OkHttp ConnectionPool" daemon [_thread_blocked, id=17548, stack(0x00000000293d0000,0x00000000294d0000)]
  0x0000000024b1b000 JavaThread "OkHttp ConnectionPool" daemon [_thread_blocked, id=3548, stack(0x00000000292d0000,0x00000000293d0000)]
  0x0000000024b17000 JavaThread "OkHttp ConnectionPool" daemon [_thread_blocked, id=14812, stack(0x00000000291d0000,0x00000000292d0000)]
  0x0000000024b0f800 JavaThread "OkHttp ConnectionPool" daemon [_thread_blocked, id=12548, stack(0x00000000290d0000,0x00000000291d0000)]
  0x0000000024b12000 JavaThread "OkHttp ConnectionPool" daemon [_thread_blocked, id=12812, stack(0x0000000028fd0000,0x00000000290d0000)]
  0x0000000024b13800 JavaThread "OkHttp ConnectionPool" daemon [_thread_blocked, id=12076, stack(0x0000000028ed0000,0x0000000028fd0000)]
  0x0000000024b16800 JavaThread "OkHttp ConnectionPool" daemon [_thread_blocked, id=8856, stack(0x0000000028bd0000,0x0000000028cd0000)]
  0x0000000024b11000 JavaThread "OkHttp ConnectionPool" daemon [_thread_blocked, id=16120, stack(0x0000000028ad0000,0x0000000028bd0000)]
  0x0000000024b10800 JavaThread "OkHttp ConnectionPool" daemon [_thread_blocked, id=10900, stack(0x00000000289d0000,0x0000000028ad0000)]
  0x0000000024b0f000 JavaThread "OkHttp ConnectionPool" daemon [_thread_blocked, id=9608, stack(0x00000000288d0000,0x00000000289d0000)]
  0x0000000024b15000 JavaThread "Okio Watchdog" daemon [_thread_blocked, id=2300, stack(0x00000000287d0000,0x00000000288d0000)]
  0x000000001ea87000 JavaThread "OkHttp ConnectionPool" daemon [_thread_blocked, id=632, stack(0x00000000286d0000,0x00000000287d0000)]
  0x0000000021e9e800 JavaThread "pool-2-thread-6" daemon [_thread_blocked, id=1540, stack(0x00000000280d0000,0x00000000281d0000)]
  0x00000000225bc800 JavaThread "pool-2-thread-5" daemon [_thread_blocked, id=9208, stack(0x0000000027500000,0x0000000027600000)]
  0x00000000244f1000 JavaThread "pool-2-thread-4" daemon [_thread_blocked, id=5600, stack(0x00000000261a0000,0x00000000262a0000)]
  0x0000000024563800 JavaThread "pool-2-thread-3" daemon [_thread_blocked, id=9816, stack(0x0000000025c00000,0x0000000025d00000)]
  0x0000000025717800 JavaThread "pool-2-thread-2" daemon [_thread_blocked, id=7304, stack(0x0000000021960000,0x0000000021a60000)]
  0x0000000025717000 JavaThread "pool-2-thread-1" daemon [_thread_blocked, id=9372, stack(0x0000000021450000,0x0000000021550000)]
  0x0000000020a9c800 JavaThread "ReaderThread" [_thread_in_native, id=16092, stack(0x0000000021660000,0x0000000021760000)]
  0x000000001eb16000 JavaThread "Service Thread" daemon [_thread_blocked, id=14528, stack(0x000000001f740000,0x000000001f840000)]
  0x000000001ea84800 JavaThread "C1 CompilerThread3" daemon [_thread_blocked, id=17484, stack(0x000000001f640000,0x000000001f740000)]
  0x000000001ea84000 JavaThread "C2 CompilerThread2" daemon [_thread_blocked, id=15952, stack(0x000000001f540000,0x000000001f640000)]
  0x000000001ea81000 JavaThread "C2 CompilerThread1" daemon [_thread_blocked, id=14648, stack(0x000000001f440000,0x000000001f540000)]
=>0x000000001ea7a800 JavaThread "C2 CompilerThread0" daemon [_thread_in_native, id=2260, stack(0x000000001f340000,0x000000001f440000)]
  0x000000001ea79000 JavaThread "Attach Listener" daemon [_thread_blocked, id=15288, stack(0x000000001f240000,0x000000001f340000)]
  0x000000001ea78000 JavaThread "Signal Dispatcher" daemon [_thread_blocked, id=5088, stack(0x000000001f140000,0x000000001f240000)]
  0x000000001ea60800 JavaThread "Finalizer" daemon [_thread_blocked, id=15212, stack(0x000000001ef40000,0x000000001f040000)]
  0x000000001cc80000 JavaThread "Reference Handler" daemon [_thread_blocked, id=708, stack(0x000000001ee40000,0x000000001ef40000)]
  0x000000000337a000 JavaThread "main" [_thread_in_native, id=18272, stack(0x0000000003270000,0x0000000003370000)]

Other Threads:
  0x000000001cc76800 VMThread [stack: 0x000000001e940000,0x000000001ea40000] [id=18160]
  0x000000001eb62800 WatcherThread [stack: 0x000000001f840000,0x000000001f940000] [id=3552]

VM state:not at safepoint (normal execution)

VM Mutex/Monitor currently owned by a thread: None

heap address: 0x00000006c5400000, size: 4012 MB, Compressed Oops mode: Zero based, Oop shift amount: 3
Narrow klass base: 0x0000000000000000, Narrow klass shift: 3
Compressed class space size: 1073741824 Address: 0x00000007c0000000

Heap:
 PSYoungGen      total 400384K, used 178433K [0x000000076c700000, 0x0000000786680000, 0x00000007c0000000)
  eden space 382464K, 45% used [0x000000076c700000,0x00000007771a2ff0,0x0000000783c80000)
  from space 17920K, 20% used [0x0000000785500000,0x000000078589d508,0x0000000786680000)
  to   space 21504K, 0% used [0x0000000783c80000,0x0000000783c80000,0x0000000785180000)
 ParOldGen       total 246784K, used 27748K [0x00000006c5400000, 0x00000006d4500000, 0x000000076c700000)
  object space 246784K, 11% used [0x00000006c5400000,0x00000006c6f19248,0x00000006d4500000)
 Metaspace       used 56888K, capacity 60036K, committed 60120K, reserved 1101824K
  class space    used 6809K, capacity 7780K, committed 7808K, reserved 1048576K

Card table byte_map: [0x0000000012830000,0x0000000013010000] byte_map_base: 0x000000000f206000

Marking Bits: (ParMarkBitMap*) 0x0000000077f75ce0
 Begin Bits: [0x0000000013d50000, 0x0000000017c00000)
 End Bits:   [0x0000000017c00000, 0x000000001bab0000)

Polling page: 0x00000000018c0000

CodeCache: size=245760Kb used=33264Kb max_used=33277Kb free=212495Kb
 bounds [0x0000000003470000, 0x0000000005520000, 0x0000000012470000]
 total_blobs=10036 nmethods=9208 adapters=739
 compilation: enabled

Compilation events (10 events):
Event: 70.882 Thread 0x000000001ea84800 nmethod 11407 0x0000000005502b50 code [0x0000000005502ce0, 0x0000000005503098]
Event: 70.887 Thread 0x000000001ea81000 11408       4       com.sun.org.apache.xerces.internal.impl.XMLEntityManager::<init> (181 bytes)
Event: 70.887 Thread 0x000000001ea7a800 11409   !   4       com.sun.org.apache.xerces.internal.parsers.XML11Configuration::<init> (1069 bytes)
Event: 70.897 Thread 0x000000001ea81000 nmethod 11408 0x000000000551a550 code [0x000000000551a760, 0x000000000551b3e8]
Event: 70.922 Thread 0x000000001ea84800 11410   !   3       io.restassured.internal.common.assertion.AssertParameter$notNull::callStatic (33 bytes)
Event: 70.922 Thread 0x000000001ea84800 nmethod 11410 0x0000000005502090 code [0x0000000005502260, 0x00000000055027e8]
Event: 70.924 Thread 0x000000001ea84000 11411       4       org.codehaus.groovy.runtime.callsite.AbstractCallSite::callCurrent (37 bytes)
Event: 70.926 Thread 0x000000001ea84000 nmethod 11411 0x00000000054f5e90 code [0x00000000054f5fe0, 0x00000000054f6158]
Event: 71.020 Thread 0x000000001ea81000 11412   !   4       java.util.Collections$SynchronizedMap::get (25 bytes)
Event: 71.028 Thread 0x000000001ea81000 nmethod 11412 0x000000000551ba50 code [0x000000000551bbe0, 0x000000000551c538]

GC Heap History (10 events):
Event: 37.709 GC heap before
{Heap before GC invocations=17 (full 2):
 PSYoungGen      total 348160K, used 193386K [0x000000076c700000, 0x0000000783080000, 0x00000007c0000000)
  eden space 331264K, 53% used [0x000000076c700000,0x0000000777566af0,0x0000000780a80000)
  from space 16896K, 87% used [0x0000000782000000,0x0000000782e73d50,0x0000000783080000)
  to   space 19456K, 0% used [0x0000000780a80000,0x0000000780a80000,0x0000000781d80000)
 ParOldGen       total 165888K, used 18384K [0x00000006c5400000, 0x00000006cf600000, 0x000000076c700000)
  object space 165888K, 11% used [0x00000006c5400000,0x00000006c65f4040,0x00000006cf600000)
 Metaspace       used 55909K, capacity 58938K, committed 59096K, reserved 1101824K
  class space    used 6790K, capacity 7710K, committed 7808K, reserved 1048576K
Event: 37.717 GC heap after
Heap after GC invocations=17 (full 2):
 PSYoungGen      total 350720K, used 14800K [0x000000076c700000, 0x0000000785300000, 0x00000007c0000000)
  eden space 331264K, 0% used [0x000000076c700000,0x000000076c700000,0x0000000780a80000)
  from space 19456K, 76% used [0x0000000780a80000,0x00000007818f4390,0x0000000781d80000)
  to   space 19968K, 0% used [0x0000000783f80000,0x0000000783f80000,0x0000000785300000)
 ParOldGen       total 165888K, used 18392K [0x00000006c5400000, 0x00000006cf600000, 0x000000076c700000)
  object space 165888K, 11% used [0x00000006c5400000,0x00000006c65f6040,0x00000006cf600000)
 Metaspace       used 55909K, capacity 58938K, committed 59096K, reserved 1101824K
  class space    used 6790K, capacity 7710K, committed 7808K, reserved 1048576K
}
Event: 37.717 GC heap before
{Heap before GC invocations=18 (full 3):
 PSYoungGen      total 350720K, used 14800K [0x000000076c700000, 0x0000000785300000, 0x00000007c0000000)
  eden space 331264K, 0% used [0x000000076c700000,0x000000076c700000,0x0000000780a80000)
  from space 19456K, 76% used [0x0000000780a80000,0x00000007818f4390,0x0000000781d80000)
  to   space 19968K, 0% used [0x0000000783f80000,0x0000000783f80000,0x0000000785300000)
 ParOldGen       total 165888K, used 18392K [0x00000006c5400000, 0x00000006cf600000, 0x000000076c700000)
  object space 165888K, 11% used [0x00000006c5400000,0x00000006c65f6040,0x00000006cf600000)
 Metaspace       used 55909K, capacity 58938K, committed 59096K, reserved 1101824K
  class space    used 6790K, capacity 7710K, committed 7808K, reserved 1048576K
Event: 37.849 GC heap after
Heap after GC invocations=18 (full 3):
 PSYoungGen      total 350720K, used 0K [0x000000076c700000, 0x0000000785300000, 0x00000007c0000000)
  eden space 331264K, 0% used [0x000000076c700000,0x000000076c700000,0x0000000780a80000)
  from space 19456K, 0% used [0x0000000780a80000,0x0000000780a80000,0x0000000781d80000)
  to   space 19968K, 0% used [0x0000000783f80000,0x0000000783f80000,0x0000000785300000)
 ParOldGen       total 246784K, used 27732K [0x00000006c5400000, 0x00000006d4500000, 0x000000076c700000)
  object space 246784K, 11% used [0x00000006c5400000,0x00000006c6f15248,0x00000006d4500000)
 Metaspace       used 55377K, capacity 58176K, committed 59096K, reserved 1101824K
  class space    used 6698K, capacity 7456K, committed 7808K, reserved 1048576K
}
Event: 46.998 GC heap before
{Heap before GC invocations=19 (full 3):
 PSYoungGen      total 350720K, used 331264K [0x000000076c700000, 0x0000000785300000, 0x00000007c0000000)
  eden space 331264K, 100% used [0x000000076c700000,0x0000000780a80000,0x0000000780a80000)
  from space 19456K, 0% used [0x0000000780a80000,0x0000000780a80000,0x0000000781d80000)
  to   space 19968K, 0% used [0x0000000783f80000,0x0000000783f80000,0x0000000785300000)
 ParOldGen       total 246784K, used 27732K [0x00000006c5400000, 0x00000006d4500000, 0x000000076c700000)
  object space 246784K, 11% used [0x00000006c5400000,0x00000006c6f15248,0x00000006d4500000)
 Metaspace       used 55790K, capacity 58678K, committed 59352K, reserved 1101824K
  class space    used 6728K, capacity 7534K, committed 7808K, reserved 1048576K
Event: 47.003 GC heap after
Heap after GC invocations=19 (full 3):
 PSYoungGen      total 384512K, used 2252K [0x000000076c700000, 0x0000000785700000, 0x00000007c0000000)
  eden space 364544K, 0% used [0x000000076c700000,0x000000076c700000,0x0000000782b00000)
  from space 19968K, 11% used [0x0000000783f80000,0x00000007841b3378,0x0000000785300000)
  to   space 20992K, 0% used [0x0000000782b00000,0x0000000782b00000,0x0000000783f80000)
 ParOldGen       total 246784K, used 27740K [0x00000006c5400000, 0x00000006d4500000, 0x000000076c700000)
  object space 246784K, 11% used [0x00000006c5400000,0x00000006c6f17248,0x00000006d4500000)
 Metaspace       used 55790K, capacity 58678K, committed 59352K, reserved 1101824K
  class space    used 6728K, capacity 7534K, committed 7808K, reserved 1048576K
}
Event: 56.650 GC heap before
{Heap before GC invocations=20 (full 3):
 PSYoungGen      total 384512K, used 366796K [0x000000076c700000, 0x0000000785700000, 0x00000007c0000000)
  eden space 364544K, 100% used [0x000000076c700000,0x0000000782b00000,0x0000000782b00000)
  from space 19968K, 11% used [0x0000000783f80000,0x00000007841b3378,0x0000000785300000)
  to   space 20992K, 0% used [0x0000000782b00000,0x0000000782b00000,0x0000000783f80000)
 ParOldGen       total 246784K, used 27740K [0x00000006c5400000, 0x00000006d4500000, 0x000000076c700000)
  object space 246784K, 11% used [0x00000006c5400000,0x00000006c6f17248,0x00000006d4500000)
 Metaspace       used 56283K, capacity 59236K, committed 59608K, reserved 1101824K
  class space    used 6762K, capacity 7624K, committed 7808K, reserved 1048576K
Event: 56.654 GC heap after
Heap after GC invocations=20 (full 3):
 PSYoungGen      total 385536K, used 3300K [0x000000076c700000, 0x0000000786980000, 0x00000007c0000000)
  eden space 364544K, 0% used [0x000000076c700000,0x000000076c700000,0x0000000782b00000)
  from space 20992K, 15% used [0x0000000782b00000,0x0000000782e39178,0x0000000783f80000)
  to   space 20992K, 0% used [0x0000000785500000,0x0000000785500000,0x0000000786980000)
 ParOldGen       total 246784K, used 27740K [0x00000006c5400000, 0x00000006d4500000, 0x000000076c700000)
  object space 246784K, 11% used [0x00000006c5400000,0x00000006c6f17248,0x00000006d4500000)
 Metaspace       used 56283K, capacity 59236K, committed 59608K, reserved 1101824K
  class space    used 6762K, capacity 7624K, committed 7808K, reserved 1048576K
}
Event: 67.832 GC heap before
{Heap before GC invocations=21 (full 3):
 PSYoungGen      total 385536K, used 367844K [0x000000076c700000, 0x0000000786980000, 0x00000007c0000000)
  eden space 364544K, 100% used [0x000000076c700000,0x0000000782b00000,0x0000000782b00000)
  from space 20992K, 15% used [0x0000000782b00000,0x0000000782e39178,0x0000000783f80000)
  to   space 20992K, 0% used [0x0000000785500000,0x0000000785500000,0x0000000786980000)
 ParOldGen       total 246784K, used 27740K [0x00000006c5400000, 0x00000006d4500000, 0x000000076c700000)
  object space 246784K, 11% used [0x00000006c5400000,0x00000006c6f17248,0x00000006d4500000)
 Metaspace       used 56691K, capacity 59802K, committed 59864K, reserved 1101824K
  class space    used 6797K, capacity 7746K, committed 7808K, reserved 1048576K
Event: 67.836 GC heap after
Heap after GC invocations=21 (full 3):
 PSYoungGen      total 400384K, used 3701K [0x000000076c700000, 0x0000000786680000, 0x00000007c0000000)
  eden space 382464K, 0% used [0x000000076c700000,0x000000076c700000,0x0000000783c80000)
  from space 17920K, 20% used [0x0000000785500000,0x000000078589d508,0x0000000786680000)
  to   space 21504K, 0% used [0x0000000783c80000,0x0000000783c80000,0x0000000785180000)
 ParOldGen       total 246784K, used 27748K [0x00000006c5400000, 0x00000006d4500000, 0x000000076c700000)
  object space 246784K, 11% used [0x00000006c5400000,0x00000006c6f19248,0x00000006d4500000)
 Metaspace       used 56691K, capacity 59802K, committed 59864K, reserved 1101824K
  class space    used 6797K, capacity 7746K, committed 7808K, reserved 1048576K
}

Deoptimization events (10 events):
Event: 47.924 Thread 0x000000000337a000 Uncommon trap: reason=class_check action=maybe_recompile pc=0x00000000051552d4 method=org.codehaus.groovy.runtime.callsite.PogoMetaMethodSite.nonParamCheck(Ljava/lang/Object;)Z @ 7
Event: 54.073 Thread 0x000000000337a000 Uncommon trap: reason=speculate_class_check action=maybe_recompile pc=0x000000000385a194 method=groovyjarjarantlr4.v4.runtime.atn.ATNConfig.equals(Lgroovyjarjarantlr4/v4/runtime/atn/ATNConfig;)Z @ 71
Event: 54.073 Thread 0x000000000337a000 Uncommon trap: reason=speculate_class_check action=maybe_recompile pc=0x000000000385a194 method=groovyjarjarantlr4.v4.runtime.atn.ATNConfig.equals(Lgroovyjarjarantlr4/v4/runtime/atn/ATNConfig;)Z @ 71
Event: 54.073 Thread 0x000000000337a000 Uncommon trap: reason=speculate_class_check action=maybe_recompile pc=0x0000000003d42174 method=groovyjarjarantlr4.v4.runtime.atn.ATNConfig.equals(Lgroovyjarjarantlr4/v4/runtime/atn/ATNConfig;)Z @ 71
Event: 54.073 Thread 0x000000000337a000 Uncommon trap: reason=speculate_class_check action=maybe_recompile pc=0x0000000003d42174 method=groovyjarjarantlr4.v4.runtime.atn.ATNConfig.equals(Lgroovyjarjarantlr4/v4/runtime/atn/ATNConfig;)Z @ 71
Event: 54.142 Thread 0x000000000337a000 Uncommon trap: reason=unstable_if action=reinterpret pc=0x0000000003a589b0 method=org.apache.xmlbeans.impl.store.Xobj.getFirstChars()Ljava/lang/Object; @ 24
Event: 54.142 Thread 0x000000000337a000 Uncommon trap: reason=unstable_if action=reinterpret pc=0x000000000471198c method=org.apache.xmlbeans.impl.store.Xobj.getValueAsString(I)Ljava/lang/String; @ 61
Event: 61.324 Thread 0x000000000337a000 Uncommon trap: reason=unstable_if action=reinterpret pc=0x0000000003b32bb4 method=java.util.HashMap.removeNode(ILjava/lang/Object;Ljava/lang/Object;ZZ)Ljava/util/HashMap$Node; @ 133
Event: 67.845 Thread 0x000000000337a000 Uncommon trap: reason=speculate_class_check action=maybe_recompile pc=0x0000000005295274 method=groovyjarjarantlr4.v4.runtime.atn.ATNConfig.equals(Lgroovyjarjarantlr4/v4/runtime/atn/ATNConfig;)Z @ 92
Event: 67.845 Thread 0x000000000337a000 Uncommon trap: reason=speculate_class_check action=maybe_recompile pc=0x0000000005295274 method=groovyjarjarantlr4.v4.runtime.atn.ATNConfig.equals(Lgroovyjarjarantlr4/v4/runtime/atn/ATNConfig;)Z @ 92

Classes redefined (0 events):
No events

Internal exceptions (10 events):
Event: 70.488 Thread 0x000000000337a000 Exception <a 'java/lang/ClassNotFoundException': Script1BeanInfo> (0x0000000772c9ee98) thrown at [C:\re\workspace\8-2-build-windows-amd64-cygwin\jdk8u202\12323\hotspot\src\share\vm\classfile\systemDictionary.cpp, line 210]
Event: 70.489 Thread 0x000000000337a000 Exception <a 'java/lang/ClassNotFoundException': Script1Customizer> (0x0000000772cbdfb0) thrown at [C:\re\workspace\8-2-build-windows-amd64-cygwin\jdk8u202\12323\hotspot\src\share\vm\classfile\systemDictionary.cpp, line 210]
Event: 70.496 Thread 0x000000000337a000 Exception <a 'java/lang/ClassNotFoundException': Script1BeanInfo> (0x0000000772e45838) thrown at [C:\re\workspace\8-2-build-windows-amd64-cygwin\jdk8u202\12323\hotspot\src\share\vm\classfile\systemDictionary.cpp, line 210]
Event: 70.496 Thread 0x000000000337a000 Exception <a 'java/lang/ClassNotFoundException': Script1Customizer> (0x0000000772e64950) thrown at [C:\re\workspace\8-2-build-windows-amd64-cygwin\jdk8u202\12323\hotspot\src\share\vm\classfile\systemDictionary.cpp, line 210]
Event: 70.871 Thread 0x000000000337a000 Exception <a 'java/lang/ClassNotFoundException': Script1BeanInfo> (0x0000000775076828) thrown at [C:\re\workspace\8-2-build-windows-amd64-cygwin\jdk8u202\12323\hotspot\src\share\vm\classfile\systemDictionary.cpp, line 210]
Event: 70.871 Thread 0x000000000337a000 Exception <a 'java/lang/ClassNotFoundException': Script1Customizer> (0x0000000775095940) thrown at [C:\re\workspace\8-2-build-windows-amd64-cygwin\jdk8u202\12323\hotspot\src\share\vm\classfile\systemDictionary.cpp, line 210]
Event: 70.876 Thread 0x000000000337a000 Exception <a 'java/lang/ClassNotFoundException': Script1BeanInfo> (0x000000077521f848) thrown at [C:\re\workspace\8-2-build-windows-amd64-cygwin\jdk8u202\12323\hotspot\src\share\vm\classfile\systemDictionary.cpp, line 210]
Event: 70.876 Thread 0x000000000337a000 Exception <a 'java/lang/ClassNotFoundException': Script1Customizer> (0x000000077523e960) thrown at [C:\re\workspace\8-2-build-windows-amd64-cygwin\jdk8u202\12323\hotspot\src\share\vm\classfile\systemDictionary.cpp, line 210]
Event: 70.882 Thread 0x000000000337a000 Exception <a 'java/lang/ClassNotFoundException': Script1BeanInfo> (0x00000007753c8808) thrown at [C:\re\workspace\8-2-build-windows-amd64-cygwin\jdk8u202\12323\hotspot\src\share\vm\classfile\systemDictionary.cpp, line 210]
Event: 70.883 Thread 0x000000000337a000 Exception <a 'java/lang/ClassNotFoundException': Script1Customizer> (0x00000007753e7920) thrown at [C:\re\workspace\8-2-build-windows-amd64-cygwin\jdk8u202\12323\hotspot\src\share\vm\classfile\systemDictionary.cpp, line 210]

Events (10 events):
Event: 70.915 loading class org/apache/xerces/util/SecurityManager
Event: 70.915 loading class org/apache/xerces/util/SecurityManager done
Event: 70.917 loading class org/apache/xerces/util/SecurityManager
Event: 70.917 loading class org/apache/xerces/util/SecurityManager done
Event: 70.918 loading class org/apache/xerces/util/SecurityManager
Event: 70.918 loading class org/apache/xerces/util/SecurityManager done
Event: 70.919 loading class org/apache/xerces/util/SecurityManager
Event: 70.919 loading class org/apache/xerces/util/SecurityManager done
Event: 70.920 loading class org/apache/xerces/util/SecurityManager
Event: 70.920 loading class org/apache/xerces/util/SecurityManager done


Dynamic libraries:
0x00007ff7b8920000 - 0x00007ff7b8957000 	C:\Program Files\Java\jdk1.8.0_202\bin\javaw.exe
0x00007ffa77ad0000 - 0x00007ffa77cc8000 	C:\Windows\SYSTEM32\ntdll.dll
0x00007ffa76120000 - 0x00007ffa761df000 	C:\Windows\System32\KERNEL32.DLL
0x00007ffa75750000 - 0x00007ffa75a22000 	C:\Windows\System32\KERNELBASE.dll
0x00007ffa75cb0000 - 0x00007ffa75d5e000 	C:\Windows\System32\ADVAPI32.dll
0x00007ffa775f0000 - 0x00007ffa7768e000 	C:\Windows\System32\msvcrt.dll
0x00007ffa75b60000 - 0x00007ffa75bfc000 	C:\Windows\System32\sechost.dll
0x00007ffa76650000 - 0x00007ffa76775000 	C:\Windows\System32\RPCRT4.dll
0x00007ffa767f0000 - 0x00007ffa7698d000 	C:\Windows\System32\USER32.dll
0x00007ffa75510000 - 0x00007ffa75532000 	C:\Windows\System32\win32u.dll
0x00007ffa75b30000 - 0x00007ffa75b5b000 	C:\Windows\System32\GDI32.dll
0x00007ffa75640000 - 0x00007ffa7574f000 	C:\Windows\System32\gdi32full.dll
0x00007ffa751d0000 - 0x00007ffa7526d000 	C:\Windows\System32\msvcp_win.dll
0x00007ffa75540000 - 0x00007ffa75640000 	C:\Windows\System32\ucrtbase.dll
0x00007ffa65d30000 - 0x00007ffa65fca000 	C:\Windows\WinSxS\amd64_microsoft.windows.common-controls_6595b64144ccf1df_6.0.19041.1110_none_60b5254171f9507e\COMCTL32.dll
0x00007ffa760e0000 - 0x00007ffa76112000 	C:\Windows\System32\IMM32.DLL
0x00000000504f0000 - 0x00000000505c2000 	C:\Program Files\Java\jdk1.8.0_202\jre\bin\msvcr100.dll
0x0000000077750000 - 0x0000000077ff5000 	C:\Program Files\Java\jdk1.8.0_202\jre\bin\server\jvm.dll
0x00007ffa75b20000 - 0x00007ffa75b28000 	C:\Windows\System32\PSAPI.DLL
0x00007ffa54930000 - 0x00007ffa54939000 	C:\Windows\SYSTEM32\WSOCK32.dll
0x00007ffa4f0f0000 - 0x00007ffa4f117000 	C:\Windows\SYSTEM32\WINMM.dll
0x00007ffa6d390000 - 0x00007ffa6d39a000 	C:\Windows\SYSTEM32\VERSION.dll
0x00007ffa77710000 - 0x00007ffa7777b000 	C:\Windows\System32\WS2_32.dll
0x00007ffa4cfe0000 - 0x00007ffa4cfef000 	C:\Program Files\Java\jdk1.8.0_202\jre\bin\verify.dll
0x00007ffa4ced0000 - 0x00007ffa4cef9000 	C:\Program Files\Java\jdk1.8.0_202\jre\bin\java.dll
0x00007ffa4c530000 - 0x00007ffa4c546000 	C:\Program Files\Java\jdk1.8.0_202\jre\bin\zip.dll
0x00007ffa76ea0000 - 0x00007ffa775e3000 	C:\Windows\System32\SHELL32.dll
0x00007ffa73230000 - 0x00007ffa739c2000 	C:\Windows\SYSTEM32\windows.storage.dll
0x00007ffa76a70000 - 0x00007ffa76dc4000 	C:\Windows\System32\combase.dll
0x00007ffa74a70000 - 0x00007ffa74aa0000 	C:\Windows\SYSTEM32\Wldp.dll
0x00007ffa75c00000 - 0x00007ffa75cad000 	C:\Windows\System32\SHCORE.dll
0x00007ffa76790000 - 0x00007ffa767e5000 	C:\Windows\System32\shlwapi.dll
0x00007ffa75110000 - 0x00007ffa7512f000 	C:\Windows\SYSTEM32\profapi.dll
0x00007ffa49480000 - 0x00007ffa4949a000 	C:\Program Files\Java\jdk1.8.0_202\jre\bin\net.dll
0x00007ffa67210000 - 0x00007ffa673fd000 	C:\Windows\SYSTEM32\urlmon.dll
0x00007ffa67570000 - 0x00007ffa67821000 	C:\Windows\SYSTEM32\iertutil.dll
0x00007ffa74670000 - 0x00007ffa7467c000 	C:\Windows\SYSTEM32\netutils.dll
0x00007ffa671c0000 - 0x00007ffa671e8000 	C:\Windows\SYSTEM32\srvcli.dll
0x00007ffa74850000 - 0x00007ffa748ba000 	C:\Windows\system32\mswsock.dll
0x00007ffa745a0000 - 0x00007ffa7466a000 	C:\Windows\SYSTEM32\DNSAPI.dll
0x00007ffa74560000 - 0x00007ffa7459b000 	C:\Windows\SYSTEM32\IPHLPAPI.DLL
0x00007ffa77a80000 - 0x00007ffa77a88000 	C:\Windows\System32\NSI.dll
0x00007ffa6c790000 - 0x00007ffa6c79a000 	C:\Windows\System32\rasadhlp.dll
0x00007ffa6bc00000 - 0x00007ffa6bc80000 	C:\Windows\System32\fwpuclnt.dll
0x00007ffa75a30000 - 0x00007ffa75a57000 	C:\Windows\System32\bcrypt.dll
0x00007ffa74b20000 - 0x00007ffa74b38000 	C:\Windows\SYSTEM32\CRYPTSP.dll
0x00007ffa74190000 - 0x00007ffa741c4000 	C:\Windows\system32\rsaenh.dll
0x00007ffa750d0000 - 0x00007ffa750fe000 	C:\Windows\SYSTEM32\USERENV.dll
0x00007ffa75270000 - 0x00007ffa752f2000 	C:\Windows\System32\bcryptprimitives.dll
0x00007ffa749e0000 - 0x00007ffa749ec000 	C:\Windows\SYSTEM32\CRYPTBASE.dll
0x00007ffa6c8b0000 - 0x00007ffa6c8c7000 	C:\Windows\SYSTEM32\dhcpcsvc6.DLL
0x00007ffa6c890000 - 0x00007ffa6c8ad000 	C:\Windows\SYSTEM32\dhcpcsvc.DLL
0x00007ffa3ada0000 - 0x00007ffa3adb2000 	C:\Program Files\Java\jdk1.8.0_202\jre\bin\nio.dll
0x00007ffa48f50000 - 0x00007ffa48f5d000 	C:\Program Files\Java\jdk1.8.0_202\jre\bin\management.dll
0x00007ffa4b150000 - 0x00007ffa4b167000 	C:\Windows\system32\napinsp.dll
0x00007ffa4b130000 - 0x00007ffa4b14b000 	C:\Windows\system32\pnrpnsp.dll
0x00007ffa6f920000 - 0x00007ffa6f935000 	C:\Windows\system32\wshbth.dll
0x00007ffa703a0000 - 0x00007ffa703bd000 	C:\Windows\system32\NLAapi.dll
0x00007ffa4b110000 - 0x00007ffa4b122000 	C:\Windows\System32\winrnr.dll
0x00007ffa491e0000 - 0x00007ffa49204000 	C:\Program Files\Java\jdk1.8.0_202\jre\bin\sunec.dll
0x00007ffa39580000 - 0x00007ffa3958b000 	C:\Program Files\Java\jdk1.8.0_202\jre\bin\sunmscapi.dll
0x00007ffa753b0000 - 0x00007ffa75506000 	C:\Windows\System32\CRYPT32.dll

VM Arguments:
jvm_args: -ea -Dfile.encoding=UTF-8 
java_command: org.testng.remote.RemoteTestNG -serport 50985 -protocol json -d D:\RingPay\RingPay_APIAutomation\modified_updated\test-output D:\RingPay\RingPay_APIAutomation\modified_updated\RingPay.xml
java_class_path (initial): C:\Users\IGS0425\eclipse\java-2022-06\eclipse\configuration\org.eclipse.osgi\447\0\.cp\lib\testng-remote.jar;D:\RingPay\RingPay_APIAutomation\modified_updated\target\test-classes;D:\RingPay\RingPay_APIAutomation\modified_updated\target\classes;C:\Users\IGS0425\.m2\repository\io\appium\java-client\7.2.0\java-client-7.2.0.jar;C:\Users\IGS0425\.m2\repository\org\seleniumhq\selenium\selenium-support\3.141.59\selenium-support-3.141.59.jar;C:\Users\IGS0425\.m2\repository\org\seleniumhq\selenium\selenium-api\3.141.59\selenium-api-3.141.59.jar;C:\Users\IGS0425\.m2\repository\com\google\code\gson\gson\2.8.5\gson-2.8.5.jar;C:\Users\IGS0425\.m2\repository\org\apache\httpcomponents\httpclient\4.5.9\httpclient-4.5.9.jar;C:\Users\IGS0425\.m2\repository\cglib\cglib\3.2.12\cglib-3.2.12.jar;C:\Users\IGS0425\.m2\repository\org\ow2\asm\asm\7.1\asm-7.1.jar;C:\Users\IGS0425\.m2\repository\commons-io\commons-io\2.6\commons-io-2.6.jar;C:\Users\IGS0425\.m2\repository\org\springframework\spring-context\5.1.8.RELEASE\spring-context-5.1.8.RELEASE.jar;C:\Users\IGS0425\.m2\repository\org\springframework\spring-aop\5.1.8.RELEASE\spring-aop-5.1.8.RELEASE.jar;C:\Users\IGS0425\.m2\repository\org\springframework\spring-beans\5.1.8.RELEASE\spring-beans-5.1.8.RELEASE.jar;C:\Users\IGS0425\.m2\repository\org\springframework\spring-core\5.1.8.RELEASE\spring-core-5.1.8.RELEASE.jar;C:\Users\IGS0425\.m2\repository\org\springframework\spring-jcl\5.1.8.RELEASE\spring-jcl-5.1.8.RELEASE.jar;C:\Users\IGS0425\.m2\repository\org\springframework\spring-expression\5.1.8.RELEASE\spring-expression-5.1.8.RELEASE.jar;C:\Users\IGS0425\.m2\repository\org\aspectj\aspectjweaver\1.9.4\aspectjweaver-1.9.4.jar;C:\Users\IGS0425\.m2\repository\org\slf4j\slf4j-api\1.7.26\slf4j-api-1.7.26.jar;C:\Users\IGS0425\.m2\repository\org\seleniumhq\selenium\selenium-java\3.141.59\selenium-java-3.141.59.jar;C:\Users\IGS0425\.m2\repository\org\seleniumhq\selenium\selenium-chrome-driver\3.141.59\selenium-chrome-dri
Launcher Type: SUN_STANDARD

Environment Variables:
JAVA_HOME=C:\Program Files\Java\jdk1.8.0_202
PATH=C:/Users/IGS0425/.p2/pool/plugins/org.eclipse.justj.openjdk.hotspot.jre.full.win32.x86_64_17.0.3.v20220515-1416/jre/bin/server;C:/Users/IGS0425/.p2/pool/plugins/org.eclipse.justj.openjdk.hotspot.jre.full.win32.x86_64_17.0.3.v20220515-1416/jre/bin;C:\Program Files (x86)\Common Files\Oracle\Java\javapath;C:\Windows\system32;C:\Windows;C:\Windows\System32\Wbem;C:\Windows\System32\WindowsPowerShell\v1.0\;C:\Windows\System32\OpenSSH\;C:\Program Files\nodejs\;C:\Program Files\Git\cmd;C:\Program Files\apache-maven-3.8.6\bin;C:\Users\IGS0425\AppData\Local\Microsoft\WindowsApps;C:\Program Files\JetBrains\IntelliJ IDEA Community Edition 2022.1.3\bin;;C:\Users\IGS0425\AppData\Roaming\npm;C:\Program Files\Java\jdk1.8.0_202\bin;;C:\Windows\System32;
USERNAME=IGS0425
OS=Windows_NT
PROCESSOR_IDENTIFIER=Intel64 Family 6 Model 140 Stepping 1, GenuineIntel



---------------  S Y S T E M  ---------------

OS: Windows 10.0 , 64 bit Build 19041 (10.0.19041.2251)

CPU:total 8 (initial active 8) (4 cores per cpu, 2 threads per core) family 6 model 140 stepping 1, cmov, cx8, fxsr, mmx, sse, sse2, sse3, ssse3, sse4.1, sse4.2, popcnt, avx, avx2, aes, clmul, erms, 3dnowpref, lzcnt, ht, tsc, tscinvbit, bmi1, bmi2, adx

Memory: 4k page, physical 16428308k(1381460k free), swap 16428308k(5208k free)

vm_info: Java HotSpot(TM) 64-Bit Server VM (25.202-b08) for windows-amd64 JRE (1.8.0_202-b08), built on Dec 15 2018 19:54:30 by "java_re" with MS VC++ 10.0 (VS2010)

time: Fri Dec 09 11:36:44 2022
timezone: India Standard Time
elapsed time: 71 seconds (0d 0h 1m 11s)

