#
# There is insufficient memory for the Java Runtime Environment to continue.
# Native memory allocation (malloc) failed to allocate 930496 bytes for Chunk::new
# Possible reasons:
#   The system is out of physical RAM or swap space
#   The process is running with CompressedOops enabled, and the Java Heap may be blocking the growth of the native heap
# Possible solutions:
#   Reduce memory load on the system
#   Increase physical memory or swap space
#   Check if swap backing store is full
#   Decrease Java heap size (-Xmx/-Xms)
#   Decrease number of Java threads
#   Decrease Java thread stack sizes (-Xss)
#   Set larger code cache with -XX:ReservedCodeCacheSize=
#   JVM is running with Zero Based Compressed Oops mode in which the Java heap is
#     placed in the first 32GB address space. The Java Heap base address is the
#     maximum limit for the native heap growth. Please use -XX:HeapBaseMinAddress
#     to set the Java Heap base and to place the Java Heap above 32GB virtual address.
# This output file may be truncated or incomplete.
#
#  Out of Memory Error (allocation.cpp:389), pid=17548, tid=0x0000000000002a20
#
# JRE version: Java(TM) SE Runtime Environment (8.0_202-b08) (build 1.8.0_202-b08)
# Java VM: Java HotSpot(TM) 64-Bit Server VM (25.202-b08 mixed mode windows-amd64 compressed oops)
# Failed to write core dump. Minidumps are not enabled by default on client versions of Windows
#

---------------  T H R E A D  ---------------

Current thread (0x000000001e832000):  JavaThread "C2 CompilerThread2" daemon [_thread_in_native, id=10784, stack(0x000000001f2e0000,0x000000001f3e0000)]

Stack: [0x000000001f2e0000,0x000000001f3e0000]
[error occurred during error reporting (printing stack bounds), id 0xc0000005]

Native frames: (J=compiled Java code, j=interpreted, Vv=VM code, C=native code)


Current CompileTask:
C2:  27822 9130       4       org.apache.poi.xssf.usermodel.helpers.ColumnHelper::addCleanColIntoCols (274 bytes)


---------------  P R O C E S S  ---------------

Java Threads: ( => current thread )
  0x0000000025790800 JavaThread "OkHttp ConnectionPool" daemon [_thread_blocked, id=7564, stack(0x0000000029270000,0x0000000029370000)]
  0x0000000025793800 JavaThread "OkHttp ConnectionPool" daemon [_thread_blocked, id=8264, stack(0x0000000029170000,0x0000000029270000)]
  0x000000002578e800 JavaThread "OkHttp ConnectionPool" daemon [_thread_blocked, id=19336, stack(0x0000000029070000,0x0000000029170000)]
  0x0000000025787000 JavaThread "OkHttp ConnectionPool" daemon [_thread_blocked, id=19356, stack(0x0000000028f70000,0x0000000029070000)]
  0x000000002578d800 JavaThread "OkHttp ConnectionPool" daemon [_thread_blocked, id=9000, stack(0x0000000028e70000,0x0000000028f70000)]
  0x000000002578a800 JavaThread "OkHttp ConnectionPool" daemon [_thread_blocked, id=10688, stack(0x0000000028d70000,0x0000000028e70000)]
  0x0000000025787800 JavaThread "OkHttp ConnectionPool" daemon [_thread_blocked, id=12284, stack(0x0000000028c70000,0x0000000028d70000)]
  0x0000000025786000 JavaThread "OkHttp ConnectionPool" daemon [_thread_blocked, id=6004, stack(0x0000000028b70000,0x0000000028c70000)]
  0x000000002578d000 JavaThread "OkHttp ConnectionPool" daemon [_thread_blocked, id=7784, stack(0x0000000028870000,0x0000000028970000)]
  0x0000000025789000 JavaThread "OkHttp ConnectionPool" daemon [_thread_blocked, id=10112, stack(0x0000000028770000,0x0000000028870000)]
  0x000000002578c000 JavaThread "OkHttp ConnectionPool" daemon [_thread_blocked, id=13588, stack(0x0000000028670000,0x0000000028770000)]
  0x0000000026484000 JavaThread "Okio Watchdog" daemon [_thread_blocked, id=10304, stack(0x0000000028570000,0x0000000028670000)]
  0x000000002088a000 JavaThread "OkHttp ConnectionPool" daemon [_thread_blocked, id=18208, stack(0x0000000028470000,0x0000000028570000)]
  0x0000000021af8800 JavaThread "pool-2-thread-6" daemon [_thread_blocked, id=14944, stack(0x0000000027e70000,0x0000000027f70000)]
  0x0000000025186000 JavaThread "pool-2-thread-5" daemon [_thread_blocked, id=19152, stack(0x0000000027d70000,0x0000000027e70000)]
  0x0000000023d51000 JavaThread "pool-2-thread-4" daemon [_thread_blocked, id=2772, stack(0x00000000272b0000,0x00000000273b0000)]
  0x0000000021b98800 JavaThread "pool-2-thread-3" daemon [_thread_blocked, id=19260, stack(0x0000000025890000,0x0000000025990000)]
  0x00000000245e6800 JavaThread "pool-2-thread-2" daemon [_thread_blocked, id=9236, stack(0x0000000027a70000,0x0000000027b70000)]
  0x00000000255a4800 JavaThread "pool-2-thread-1" daemon [_thread_blocked, id=7028, stack(0x00000000215f0000,0x00000000216f0000)]
  0x0000000020503800 JavaThread "ReaderThread" [_thread_in_native, id=17612, stack(0x00000000212f0000,0x00000000213f0000)]
  0x000000001e8ba000 JavaThread "Service Thread" daemon [_thread_blocked, id=14280, stack(0x000000001f4e0000,0x000000001f5e0000)]
  0x000000001e835800 JavaThread "C1 CompilerThread3" daemon [_thread_blocked, id=10760, stack(0x000000001f3e0000,0x000000001f4e0000)]
=>0x000000001e832000 JavaThread "C2 CompilerThread2" daemon [_thread_in_native, id=10784, stack(0x000000001f2e0000,0x000000001f3e0000)]
  0x000000001e82e000 JavaThread "C2 CompilerThread1" daemon [_thread_blocked, id=17560, stack(0x000000001f1e0000,0x000000001f2e0000)]
  0x000000001e81b800 JavaThread "C2 CompilerThread0" daemon [_thread_blocked, id=1052, stack(0x000000001f0e0000,0x000000001f1e0000)]
  0x000000001e81a800 JavaThread "Attach Listener" daemon [_thread_blocked, id=18704, stack(0x000000001efe0000,0x000000001f0e0000)]
  0x000000001e819800 JavaThread "Signal Dispatcher" daemon [_thread_blocked, id=4124, stack(0x000000001eee0000,0x000000001efe0000)]
  0x000000001e801800 JavaThread "Finalizer" daemon [_thread_blocked, id=11984, stack(0x000000001ece0000,0x000000001ede0000)]
  0x000000001e800800 JavaThread "Reference Handler" daemon [_thread_blocked, id=11932, stack(0x000000001ebe0000,0x000000001ece0000)]
  0x000000000311a000 JavaThread "main" [_thread_in_native, id=1636, stack(0x0000000002f70000,0x0000000003070000)]

Other Threads:
  0x000000001ca17800 VMThread [stack: 0x000000001e6e0000,0x000000001e7e0000] [id=17288]
  0x000000001e8dd000 WatcherThread [stack: 0x000000001f5e0000,0x000000001f6e0000] [id=17200]

VM state:not at safepoint (normal execution)

VM Mutex/Monitor currently owned by a thread: None

heap address: 0x00000006c5400000, size: 4012 MB, Compressed Oops mode: Zero based, Oop shift amount: 3
Narrow klass base: 0x0000000000000000, Narrow klass shift: 3
Compressed class space size: 1073741824 Address: 0x00000007c0000000

Heap:
 PSYoungGen      total 291328K, used 119785K [0x000000076c700000, 0x000000077fd00000, 0x00000007c0000000)
  eden space 275968K, 38% used [0x000000076c700000,0x0000000772d70018,0x000000077d480000)
  from space 15360K, 96% used [0x000000077ee00000,0x000000077fc8a668,0x000000077fd00000)
  to   space 18944K, 0% used [0x000000077d800000,0x000000077d800000,0x000000077ea80000)
 ParOldGen       total 167936K, used 17579K [0x00000006c5400000, 0x00000006cf800000, 0x000000076c700000)
  object space 167936K, 10% used [0x00000006c5400000,0x00000006c652af78,0x00000006cf800000)
 Metaspace       used 55430K, capacity 58392K, committed 58624K, reserved 1099776K
  class space    used 6761K, capacity 7629K, committed 7680K, reserved 1048576K

Card table byte_map: [0x00000000125d0000,0x0000000012db0000] byte_map_base: 0x000000000efa6000

Marking Bits: (ParMarkBitMap*) 0x000000006ae75ce0
 Begin Bits: [0x0000000013af0000, 0x00000000179a0000)
 End Bits:   [0x00000000179a0000, 0x000000001b850000)

Polling page: 0x0000000001630000

CodeCache: size=245760Kb used=27932Kb max_used=27949Kb free=217827Kb
 bounds [0x0000000003210000, 0x0000000004d80000, 0x0000000012210000]
 total_blobs=8611 nmethods=7783 adapters=739
 compilation: enabled

Compilation events (10 events):
Event: 27.785 Thread 0x000000001e835800 nmethod 9136 0x0000000004d6a690 code [0x0000000004d6a7e0, 0x0000000004d6a9b0]
Event: 27.785 Thread 0x000000001e835800 9137       3       java.io.FilePermission$1::run (5 bytes)
Event: 27.785 Thread 0x000000001e835800 nmethod 9137 0x0000000004d6a2d0 code [0x0000000004d6a440, 0x0000000004d6a5e8]
Event: 27.785 Thread 0x000000001e835800 9138   !   3       java_lang_String$split$10::call (35 bytes)
Event: 27.785 Thread 0x000000001e835800 nmethod 9138 0x0000000004d697d0 code [0x0000000004d699a0, 0x0000000004d6a048]
Event: 27.785 Thread 0x000000001e835800 9139   !   3       java_util_Map$get$4::call (34 bytes)
Event: 27.786 Thread 0x000000001e835800 nmethod 9139 0x0000000004d6dd10 code [0x0000000004d6dee0, 0x0000000004d6e6e8]
Event: 27.788 Thread 0x000000001e82e000 nmethod 9126 0x0000000004d78e10 code [0x0000000004d79040, 0x0000000004d7a9f0]
Event: 27.820 Thread 0x000000001e835800 9140       3       java.net.Socket::isConnected (20 bytes)
Event: 27.821 Thread 0x000000001e835800 nmethod 9140 0x0000000004d6d950 code [0x0000000004d6daa0, 0x0000000004d6dc90]

GC Heap History (10 events):
Event: 5.147 GC heap before
{Heap before GC invocations=10 (full 2):
 PSYoungGen      total 154624K, used 150732K [0x000000076c700000, 0x000000077a700000, 0x00000007c0000000)
  eden space 140800K, 100% used [0x000000076c700000,0x0000000775080000,0x0000000775080000)
  from space 13824K, 71% used [0x0000000775080000,0x0000000775a331e0,0x0000000775e00000)
  to   space 13824K, 0% used [0x0000000779980000,0x0000000779980000,0x000000077a700000)
 ParOldGen       total 167936K, used 15315K [0x00000006c5400000, 0x00000006cf800000, 0x000000076c700000)
  object space 167936K, 9% used [0x00000006c5400000,0x00000006c62f4d58,0x00000006cf800000)
 Metaspace       used 45930K, capacity 47952K, committed 48256K, reserved 1091584K
  class space    used 5816K, capacity 6430K, committed 6528K, reserved 1048576K
Event: 5.157 GC heap after
Heap after GC invocations=10 (full 2):
 PSYoungGen      total 212480K, used 13796K [0x000000076c700000, 0x000000077a800000, 0x00000007c0000000)
  eden space 198656K, 0% used [0x000000076c700000,0x000000076c700000,0x0000000778900000)
  from space 13824K, 99% used [0x0000000779980000,0x000000077a6f9258,0x000000077a700000)
  to   space 15872K, 0% used [0x0000000778900000,0x0000000778900000,0x0000000779880000)
 ParOldGen       total 167936K, used 16374K [0x00000006c5400000, 0x00000006cf800000, 0x000000076c700000)
  object space 167936K, 9% used [0x00000006c5400000,0x00000006c63fdb28,0x00000006cf800000)
 Metaspace       used 45930K, capacity 47952K, committed 48256K, reserved 1091584K
  class space    used 5816K, capacity 6430K, committed 6528K, reserved 1048576K
}
Event: 6.128 GC heap before
{Heap before GC invocations=11 (full 2):
 PSYoungGen      total 212480K, used 212452K [0x000000076c700000, 0x000000077a800000, 0x00000007c0000000)
  eden space 198656K, 100% used [0x000000076c700000,0x0000000778900000,0x0000000778900000)
  from space 13824K, 99% used [0x0000000779980000,0x000000077a6f9258,0x000000077a700000)
  to   space 15872K, 0% used [0x0000000778900000,0x0000000778900000,0x0000000779880000)
 ParOldGen       total 167936K, used 16374K [0x00000006c5400000, 0x00000006cf800000, 0x000000076c700000)
  object space 167936K, 9% used [0x00000006c5400000,0x00000006c63fdb28,0x00000006cf800000)
 Metaspace       used 46709K, capacity 48752K, committed 49024K, reserved 1091584K
  class space    used 5819K, capacity 6434K, committed 6528K, reserved 1048576K
Event: 6.134 GC heap after
Heap after GC invocations=11 (full 2):
 PSYoungGen      total 214528K, used 10782K [0x000000076c700000, 0x000000077d200000, 0x00000007c0000000)
  eden space 198656K, 0% used [0x000000076c700000,0x000000076c700000,0x0000000778900000)
  from space 15872K, 67% used [0x0000000778900000,0x0000000779387ae8,0x0000000779880000)
  to   space 15360K, 0% used [0x000000077c300000,0x000000077c300000,0x000000077d200000)
 ParOldGen       total 167936K, used 16382K [0x00000006c5400000, 0x00000006cf800000, 0x000000076c700000)
  object space 167936K, 9% used [0x00000006c5400000,0x00000006c63ffb28,0x00000006cf800000)
 Metaspace       used 46709K, capacity 48752K, committed 49024K, reserved 1091584K
  class space    used 5819K, capacity 6434K, committed 6528K, reserved 1048576K
}
Event: 7.071 GC heap before
{Heap before GC invocations=12 (full 2):
 PSYoungGen      total 214528K, used 209438K [0x000000076c700000, 0x000000077d200000, 0x00000007c0000000)
  eden space 198656K, 100% used [0x000000076c700000,0x0000000778900000,0x0000000778900000)
  from space 15872K, 67% used [0x0000000778900000,0x0000000779387ae8,0x0000000779880000)
  to   space 15360K, 0% used [0x000000077c300000,0x000000077c300000,0x000000077d200000)
 ParOldGen       total 167936K, used 16382K [0x00000006c5400000, 0x00000006cf800000, 0x000000076c700000)
  object space 167936K, 9% used [0x00000006c5400000,0x00000006c63ffb28,0x00000006cf800000)
 Metaspace       used 53065K, capacity 55304K, committed 55424K, reserved 1097728K
  class space    used 6572K, capacity 7261K, committed 7296K, reserved 1048576K
Event: 7.081 GC heap after
Heap after GC invocations=12 (full 2):
 PSYoungGen      total 256000K, used 15349K [0x000000076c700000, 0x000000077d400000, 0x00000007c0000000)
  eden space 240640K, 0% used [0x000000076c700000,0x000000076c700000,0x000000077b200000)
  from space 15360K, 99% used [0x000000077c300000,0x000000077d1fd710,0x000000077d200000)
  to   space 17408K, 0% used [0x000000077b200000,0x000000077b200000,0x000000077c300000)
 ParOldGen       total 167936K, used 17555K [0x00000006c5400000, 0x00000006cf800000, 0x000000076c700000)
  object space 167936K, 10% used [0x00000006c5400000,0x00000006c6524f78,0x00000006cf800000)
 Metaspace       used 53065K, capacity 55304K, committed 55424K, reserved 1097728K
  class space    used 6572K, capacity 7261K, committed 7296K, reserved 1048576K
}
Event: 13.233 GC heap before
{Heap before GC invocations=13 (full 2):
 PSYoungGen      total 256000K, used 255989K [0x000000076c700000, 0x000000077d400000, 0x00000007c0000000)
  eden space 240640K, 100% used [0x000000076c700000,0x000000077b200000,0x000000077b200000)
  from space 15360K, 99% used [0x000000077c300000,0x000000077d1fd710,0x000000077d200000)
  to   space 17408K, 0% used [0x000000077b200000,0x000000077b200000,0x000000077c300000)
 ParOldGen       total 167936K, used 17555K [0x00000006c5400000, 0x00000006cf800000, 0x000000076c700000)
  object space 167936K, 10% used [0x00000006c5400000,0x00000006c6524f78,0x00000006cf800000)
 Metaspace       used 54266K, capacity 56800K, committed 56832K, reserved 1099776K
  class space    used 6662K, capacity 7418K, committed 7424K, reserved 1048576K
Event: 13.242 GC heap after
Heap after GC invocations=13 (full 2):
 PSYoungGen      total 258048K, used 15175K [0x000000076c700000, 0x0000000780000000, 0x00000007c0000000)
  eden space 240640K, 0% used [0x000000076c700000,0x000000076c700000,0x000000077b200000)
  from space 17408K, 87% used [0x000000077b200000,0x000000077c0d1ef0,0x000000077c300000)
  to   space 18432K, 0% used [0x000000077ee00000,0x000000077ee00000,0x0000000780000000)
 ParOldGen       total 167936K, used 17571K [0x00000006c5400000, 0x00000006cf800000, 0x000000076c700000)
  object space 167936K, 10% used [0x00000006c5400000,0x00000006c6528f78,0x00000006cf800000)
 Metaspace       used 54266K, capacity 56800K, committed 56832K, reserved 1099776K
  class space    used 6662K, capacity 7418K, committed 7424K, reserved 1048576K
}
Event: 25.233 GC heap before
{Heap before GC invocations=14 (full 2):
 PSYoungGen      total 258048K, used 255815K [0x000000076c700000, 0x0000000780000000, 0x00000007c0000000)
  eden space 240640K, 100% used [0x000000076c700000,0x000000077b200000,0x000000077b200000)
  from space 17408K, 87% used [0x000000077b200000,0x000000077c0d1ef0,0x000000077c300000)
  to   space 18432K, 0% used [0x000000077ee00000,0x000000077ee00000,0x0000000780000000)
 ParOldGen       total 167936K, used 17571K [0x00000006c5400000, 0x00000006cf800000, 0x000000076c700000)
  object space 167936K, 10% used [0x00000006c5400000,0x00000006c6528f78,0x00000006cf800000)
 Metaspace       used 55258K, capacity 58250K, committed 58368K, reserved 1099776K
  class space    used 6752K, capacity 7604K, committed 7680K, reserved 1048576K
Event: 25.243 GC heap after
Heap after GC invocations=14 (full 2):
 PSYoungGen      total 291328K, used 14889K [0x000000076c700000, 0x000000077fd00000, 0x00000007c0000000)
  eden space 275968K, 0% used [0x000000076c700000,0x000000076c700000,0x000000077d480000)
  from space 15360K, 96% used [0x000000077ee00000,0x000000077fc8a668,0x000000077fd00000)
  to   space 18944K, 0% used [0x000000077d800000,0x000000077d800000,0x000000077ea80000)
 ParOldGen       total 167936K, used 17579K [0x00000006c5400000, 0x00000006cf800000, 0x000000076c700000)
  object space 167936K, 10% used [0x00000006c5400000,0x00000006c652af78,0x00000006cf800000)
 Metaspace       used 55258K, capacity 58250K, committed 58368K, reserved 1099776K
  class space    used 6752K, capacity 7604K, committed 7680K, reserved 1048576K
}

Deoptimization events (10 events):
Event: 20.571 Thread 0x000000000311a000 Uncommon trap: reason=speculate_class_check action=maybe_recompile pc=0x0000000004c0a6fc method=groovyjarjarantlr4.v4.runtime.atn.ATNConfig.equals(Lgroovyjarjarantlr4/v4/runtime/atn/ATNConfig;)Z @ 67
Event: 20.571 Thread 0x000000000311a000 Uncommon trap: reason=class_check action=maybe_recompile pc=0x0000000004c05fb8 method=groovyjarjarantlr4.v4.runtime.atn.ATNConfig.equals(Ljava/lang/Object;)Z @ 1
Event: 20.571 Thread 0x000000000311a000 Uncommon trap: reason=speculate_class_check action=maybe_recompile pc=0x0000000004c0a6fc method=groovyjarjarantlr4.v4.runtime.atn.ATNConfig.equals(Lgroovyjarjarantlr4/v4/runtime/atn/ATNConfig;)Z @ 67
Event: 20.571 Thread 0x000000000311a000 Uncommon trap: reason=class_check action=maybe_recompile pc=0x0000000004c05fb8 method=groovyjarjarantlr4.v4.runtime.atn.ATNConfig.equals(Ljava/lang/Object;)Z @ 1
Event: 20.571 Thread 0x000000000311a000 Uncommon trap: reason=bimorphic action=maybe_recompile pc=0x0000000004c0a7c8 method=groovyjarjarantlr4.v4.runtime.atn.ATNConfig.equals(Lgroovyjarjarantlr4/v4/runtime/atn/ATNConfig;)Z @ 60
Event: 20.571 Thread 0x000000000311a000 Uncommon trap: reason=class_check action=maybe_recompile pc=0x0000000004c05fb8 method=groovyjarjarantlr4.v4.runtime.atn.ATNConfig.equals(Ljava/lang/Object;)Z @ 1
Event: 20.571 Thread 0x000000000311a000 Uncommon trap: reason=bimorphic action=maybe_recompile pc=0x0000000004c0a7c8 method=groovyjarjarantlr4.v4.runtime.atn.ATNConfig.equals(Lgroovyjarjarantlr4/v4/runtime/atn/ATNConfig;)Z @ 60
Event: 20.571 Thread 0x000000000311a000 Uncommon trap: reason=speculate_class_check action=maybe_recompile pc=0x0000000004c0a6fc method=groovyjarjarantlr4.v4.runtime.atn.ATNConfig.equals(Lgroovyjarjarantlr4/v4/runtime/atn/ATNConfig;)Z @ 67
Event: 20.571 Thread 0x000000000311a000 Uncommon trap: reason=bimorphic action=maybe_recompile pc=0x0000000004c0a7c8 method=groovyjarjarantlr4.v4.runtime.atn.ATNConfig.equals(Lgroovyjarjarantlr4/v4/runtime/atn/ATNConfig;)Z @ 60
Event: 20.571 Thread 0x000000000311a000 Uncommon trap: reason=speculate_class_check action=maybe_recompile pc=0x0000000004c0a6fc method=groovyjarjarantlr4.v4.runtime.atn.ATNConfig.equals(Lgroovyjarjarantlr4/v4/runtime/atn/ATNConfig;)Z @ 67

Classes redefined (0 events):
No events

Internal exceptions (10 events):
Event: 27.340 Thread 0x000000000311a000 Exception <a 'java/lang/ClassNotFoundException': Script1BeanInfo> (0x000000076f8c0d20) thrown at [C:\re\workspace\8-2-build-windows-amd64-cygwin\jdk8u202\12323\hotspot\src\share\vm\classfile\systemDictionary.cpp, line 210]
Event: 27.340 Thread 0x000000000311a000 Exception <a 'java/lang/ClassNotFoundException': Script1Customizer> (0x000000076f8dfe38) thrown at [C:\re\workspace\8-2-build-windows-amd64-cygwin\jdk8u202\12323\hotspot\src\share\vm\classfile\systemDictionary.cpp, line 210]
Event: 27.391 Thread 0x000000000311a000 Exception <a 'java/lang/ClassCastException'> (0x00000007713bded8) thrown at [C:\re\workspace\8-2-build-windows-amd64-cygwin\jdk8u202\12323\hotspot\src\share\vm\runtime\sharedRuntime.cpp, line 605]
Event: 27.746 Thread 0x000000000311a000 Exception <a 'java/lang/ClassNotFoundException': Script1BeanInfo> (0x0000000771716e78) thrown at [C:\re\workspace\8-2-build-windows-amd64-cygwin\jdk8u202\12323\hotspot\src\share\vm\classfile\systemDictionary.cpp, line 210]
Event: 27.746 Thread 0x000000000311a000 Exception <a 'java/lang/ClassNotFoundException': Script1Customizer> (0x0000000771735f90) thrown at [C:\re\workspace\8-2-build-windows-amd64-cygwin\jdk8u202\12323\hotspot\src\share\vm\classfile\systemDictionary.cpp, line 210]
Event: 27.752 Thread 0x000000000311a000 Exception <a 'java/lang/ClassNotFoundException': Script1BeanInfo> (0x00000007718c3f70) thrown at [C:\re\workspace\8-2-build-windows-amd64-cygwin\jdk8u202\12323\hotspot\src\share\vm\classfile\systemDictionary.cpp, line 210]
Event: 27.752 Thread 0x000000000311a000 Exception <a 'java/lang/ClassNotFoundException': Script1Customizer> (0x00000007718e3088) thrown at [C:\re\workspace\8-2-build-windows-amd64-cygwin\jdk8u202\12323\hotspot\src\share\vm\classfile\systemDictionary.cpp, line 210]
Event: 27.758 Thread 0x000000000311a000 Exception <a 'java/lang/ClassNotFoundException': Script1BeanInfo> (0x0000000771a70ff0) thrown at [C:\re\workspace\8-2-build-windows-amd64-cygwin\jdk8u202\12323\hotspot\src\share\vm\classfile\systemDictionary.cpp, line 210]
Event: 27.758 Thread 0x000000000311a000 Exception <a 'java/lang/ClassNotFoundException': Script1Customizer> (0x0000000771a90108) thrown at [C:\re\workspace\8-2-build-windows-amd64-cygwin\jdk8u202\12323\hotspot\src\share\vm\classfile\systemDictionary.cpp, line 210]
Event: 27.782 Thread 0x000000000311a000 Exception <a 'java/lang/ClassCastException'> (0x0000000772827280) thrown at [C:\re\workspace\8-2-build-windows-amd64-cygwin\jdk8u202\12323\hotspot\src\share\vm\runtime\sharedRuntime.cpp, line 605]

Events (10 events):
Event: 27.775 loading class org/apache/xerces/util/SecurityManager
Event: 27.775 loading class org/apache/xerces/util/SecurityManager done
Event: 27.776 loading class org/apache/xerces/util/SecurityManager
Event: 27.776 loading class org/apache/xerces/util/SecurityManager done
Event: 27.777 loading class org/apache/xerces/util/SecurityManager
Event: 27.777 loading class org/apache/xerces/util/SecurityManager done
Event: 27.778 loading class org/apache/xerces/util/SecurityManager
Event: 27.778 loading class org/apache/xerces/util/SecurityManager done
Event: 27.779 loading class org/apache/xerces/util/SecurityManager
Event: 27.779 loading class org/apache/xerces/util/SecurityManager done


Dynamic libraries:
0x00007ff7a9170000 - 0x00007ff7a91a7000 	C:\Program Files\Java\jdk1.8.0_202\bin\javaw.exe
0x00007ffe571f0000 - 0x00007ffe573e8000 	C:\Windows\SYSTEM32\ntdll.dll
0x00007ffe56c80000 - 0x00007ffe56d3f000 	C:\Windows\System32\KERNEL32.DLL
0x00007ffe54c60000 - 0x00007ffe54f32000 	C:\Windows\System32\KERNELBASE.dll
0x00007ffe570c0000 - 0x00007ffe5716e000 	C:\Windows\System32\ADVAPI32.dll
0x00007ffe56bd0000 - 0x00007ffe56c6e000 	C:\Windows\System32\msvcrt.dll
0x00007ffe567d0000 - 0x00007ffe5686c000 	C:\Windows\System32\sechost.dll
0x00007ffe56f90000 - 0x00007ffe570b5000 	C:\Windows\System32\RPCRT4.dll
0x00007ffe56a20000 - 0x00007ffe56bc1000 	C:\Windows\System32\USER32.dll
0x00007ffe55200000 - 0x00007ffe55222000 	C:\Windows\System32\win32u.dll
0x00007ffe57170000 - 0x00007ffe5719b000 	C:\Windows\System32\GDI32.dll
0x00007ffe550f0000 - 0x00007ffe551ff000 	C:\Windows\System32\gdi32full.dll
0x00007ffe54b30000 - 0x00007ffe54bcd000 	C:\Windows\System32\msvcp_win.dll
0x00007ffe54f40000 - 0x00007ffe55040000 	C:\Windows\System32\ucrtbase.dll
0x00007ffe3db30000 - 0x00007ffe3ddca000 	C:\Windows\WinSxS\amd64_microsoft.windows.common-controls_6595b64144ccf1df_6.0.19041.1110_none_60b5254171f9507e\COMCTL32.dll
0x00007ffe56dc0000 - 0x00007ffe56df2000 	C:\Windows\System32\IMM32.DLL
0x000000006af00000 - 0x000000006afd2000 	C:\Program Files\Java\jdk1.8.0_202\jre\bin\msvcr100.dll
0x000000006a650000 - 0x000000006aef5000 	C:\Program Files\Java\jdk1.8.0_202\jre\bin\server\jvm.dll
0x00007ffe56c70000 - 0x00007ffe56c78000 	C:\Windows\System32\PSAPI.DLL
0x00007ffe2e570000 - 0x00007ffe2e597000 	C:\Windows\SYSTEM32\WINMM.dll
0x00007ffe4d110000 - 0x00007ffe4d11a000 	C:\Windows\SYSTEM32\VERSION.dll
0x00007ffe3af50000 - 0x00007ffe3af59000 	C:\Windows\SYSTEM32\WSOCK32.dll
0x00007ffe56760000 - 0x00007ffe567cb000 	C:\Windows\System32\WS2_32.dll
0x00007ffe2c020000 - 0x00007ffe2c02f000 	C:\Program Files\Java\jdk1.8.0_202\jre\bin\verify.dll
0x00007ffe2bff0000 - 0x00007ffe2c019000 	C:\Program Files\Java\jdk1.8.0_202\jre\bin\java.dll
0x00007ffe2b920000 - 0x00007ffe2b936000 	C:\Program Files\Java\jdk1.8.0_202\jre\bin\zip.dll
0x00007ffe55630000 - 0x00007ffe55d74000 	C:\Windows\System32\SHELL32.dll
0x00007ffe52940000 - 0x00007ffe530d2000 	C:\Windows\SYSTEM32\windows.storage.dll
0x00007ffe55f00000 - 0x00007ffe56255000 	C:\Windows\System32\combase.dll
0x00007ffe54180000 - 0x00007ffe541b0000 	C:\Windows\SYSTEM32\Wldp.dll
0x00007ffe55df0000 - 0x00007ffe55e9d000 	C:\Windows\System32\SHCORE.dll
0x00007ffe55ea0000 - 0x00007ffe55ef5000 	C:\Windows\System32\shlwapi.dll
0x00007ffe54820000 - 0x00007ffe5483f000 	C:\Windows\SYSTEM32\profapi.dll
0x00007ffe27b50000 - 0x00007ffe27b6a000 	C:\Program Files\Java\jdk1.8.0_202\jre\bin\net.dll
0x00007ffe3f030000 - 0x00007ffe3f21d000 	C:\Windows\SYSTEM32\urlmon.dll
0x00007ffe53d80000 - 0x00007ffe53d8c000 	C:\Windows\SYSTEM32\netutils.dll
0x00007ffe3f380000 - 0x00007ffe3f631000 	C:\Windows\SYSTEM32\iertutil.dll
0x00007ffe3f000000 - 0x00007ffe3f028000 	C:\Windows\SYSTEM32\srvcli.dll
0x00007ffe53f60000 - 0x00007ffe53fca000 	C:\Windows\system32\mswsock.dll
0x00007ffe53cb0000 - 0x00007ffe53d7a000 	C:\Windows\SYSTEM32\DNSAPI.dll
0x00007ffe53c70000 - 0x00007ffe53cab000 	C:\Windows\SYSTEM32\IPHLPAPI.DLL
0x00007ffe571a0000 - 0x00007ffe571a8000 	C:\Windows\System32\NSI.dll
0x00007ffe4be10000 - 0x00007ffe4be1a000 	C:\Windows\System32\rasadhlp.dll
0x00007ffe4a330000 - 0x00007ffe4a3b0000 	C:\Windows\System32\fwpuclnt.dll
0x00007ffe549a0000 - 0x00007ffe549c7000 	C:\Windows\System32\bcrypt.dll
0x00007ffe541c0000 - 0x00007ffe541d8000 	C:\Windows\SYSTEM32\CRYPTSP.dll
0x00007ffe538a0000 - 0x00007ffe538d4000 	C:\Windows\system32\rsaenh.dll
0x00007ffe547e0000 - 0x00007ffe5480e000 	C:\Windows\SYSTEM32\USERENV.dll
0x00007ffe54bd0000 - 0x00007ffe54c52000 	C:\Windows\System32\bcryptprimitives.dll
0x00007ffe540f0000 - 0x00007ffe540fc000 	C:\Windows\SYSTEM32\CRYPTBASE.dll
0x00007ffe4be80000 - 0x00007ffe4be97000 	C:\Windows\SYSTEM32\dhcpcsvc6.DLL
0x00007ffe4c8c0000 - 0x00007ffe4c8dd000 	C:\Windows\SYSTEM32\dhcpcsvc.DLL
0x00007ffe25820000 - 0x00007ffe25832000 	C:\Program Files\Java\jdk1.8.0_202\jre\bin\nio.dll
0x00007ffe28920000 - 0x00007ffe2892d000 	C:\Program Files\Java\jdk1.8.0_202\jre\bin\management.dll
0x00007ffe3d3d0000 - 0x00007ffe3d3e7000 	C:\Windows\system32\napinsp.dll
0x00007ffe3d3b0000 - 0x00007ffe3d3cb000 	C:\Windows\system32\pnrpnsp.dll
0x00007ffe4f180000 - 0x00007ffe4f195000 	C:\Windows\system32\wshbth.dll
0x00007ffe4fc60000 - 0x00007ffe4fc7d000 	C:\Windows\system32\NLAapi.dll
0x00007ffe2a620000 - 0x00007ffe2a632000 	C:\Windows\System32\winrnr.dll
0x00007ffe28550000 - 0x00007ffe28574000 	C:\Program Files\Java\jdk1.8.0_202\jre\bin\sunec.dll
0x00007ffe28540000 - 0x00007ffe2854b000 	C:\Program Files\Java\jdk1.8.0_202\jre\bin\sunmscapi.dll
0x00007ffe549d0000 - 0x00007ffe54b26000 	C:\Windows\System32\CRYPT32.dll

VM Arguments:
jvm_args: -ea -Dfile.encoding=UTF-8 
java_command: org.testng.remote.RemoteTestNG -serport 62440 -protocol json -d D:\RingPay\RingPay_APIAutomation\modified_updated\test-output D:\RingPay\RingPay_APIAutomation\modified_updated\RingPay.xml
java_class_path (initial): C:\Users\IGS0425\eclipse\java-2022-06\eclipse\configuration\org.eclipse.osgi\447\0\.cp\lib\testng-remote.jar;D:\RingPay\RingPay_APIAutomation\modified_updated\target\test-classes;D:\RingPay\RingPay_APIAutomation\modified_updated\target\classes;C:\Users\IGS0425\.m2\repository\io\appium\java-client\7.2.0\java-client-7.2.0.jar;C:\Users\IGS0425\.m2\repository\org\seleniumhq\selenium\selenium-support\3.141.59\selenium-support-3.141.59.jar;C:\Users\IGS0425\.m2\repository\org\seleniumhq\selenium\selenium-api\3.141.59\selenium-api-3.141.59.jar;C:\Users\IGS0425\.m2\repository\com\google\code\gson\gson\2.8.5\gson-2.8.5.jar;C:\Users\IGS0425\.m2\repository\org\apache\httpcomponents\httpclient\4.5.9\httpclient-4.5.9.jar;C:\Users\IGS0425\.m2\repository\cglib\cglib\3.2.12\cglib-3.2.12.jar;C:\Users\IGS0425\.m2\repository\org\ow2\asm\asm\7.1\asm-7.1.jar;C:\Users\IGS0425\.m2\repository\commons-io\commons-io\2.6\commons-io-2.6.jar;C:\Users\IGS0425\.m2\repository\org\springframework\spring-context\5.1.8.RELEASE\spring-context-5.1.8.RELEASE.jar;C:\Users\IGS0425\.m2\repository\org\springframework\spring-aop\5.1.8.RELEASE\spring-aop-5.1.8.RELEASE.jar;C:\Users\IGS0425\.m2\repository\org\springframework\spring-beans\5.1.8.RELEASE\spring-beans-5.1.8.RELEASE.jar;C:\Users\IGS0425\.m2\repository\org\springframework\spring-core\5.1.8.RELEASE\spring-core-5.1.8.RELEASE.jar;C:\Users\IGS0425\.m2\repository\org\springframework\spring-jcl\5.1.8.RELEASE\spring-jcl-5.1.8.RELEASE.jar;C:\Users\IGS0425\.m2\repository\org\springframework\spring-expression\5.1.8.RELEASE\spring-expression-5.1.8.RELEASE.jar;C:\Users\IGS0425\.m2\repository\org\aspectj\aspectjweaver\1.9.4\aspectjweaver-1.9.4.jar;C:\Users\IGS0425\.m2\repository\org\slf4j\slf4j-api\1.7.26\slf4j-api-1.7.26.jar;C:\Users\IGS0425\.m2\repository\org\seleniumhq\selenium\selenium-java\3.141.59\selenium-java-3.141.59.jar;C:\Users\IGS0425\.m2\repository\org\seleniumhq\selenium\selenium-chrome-driver\3.141.59\selenium-chrome-dri
Launcher Type: SUN_STANDARD

Environment Variables:
JAVA_HOME=C:\Program Files\Java\jdk1.8.0_202
PATH=C:/Users/IGS0425/.p2/pool/plugins/org.eclipse.justj.openjdk.hotspot.jre.full.win32.x86_64_17.0.3.v20220515-1416/jre/bin/server;C:/Users/IGS0425/.p2/pool/plugins/org.eclipse.justj.openjdk.hotspot.jre.full.win32.x86_64_17.0.3.v20220515-1416/jre/bin;C:\Program Files (x86)\Common Files\Oracle\Java\javapath;C:\Windows\system32;C:\Windows;C:\Windows\System32\Wbem;C:\Windows\System32\WindowsPowerShell\v1.0\;C:\Windows\System32\OpenSSH\;C:\Program Files\nodejs\;C:\Program Files\Git\cmd;C:\Program Files\apache-maven-3.8.6\bin;C:\Users\IGS0425\AppData\Local\Microsoft\WindowsApps;C:\Program Files\JetBrains\IntelliJ IDEA Community Edition 2022.1.3\bin;;C:\Users\IGS0425\AppData\Roaming\npm;C:\Program Files\Java\jdk1.8.0_202\bin;;C:\Windows\System32;
USERNAME=IGS0425
OS=Windows_NT
PROCESSOR_IDENTIFIER=Intel64 Family 6 Model 140 Stepping 1, GenuineIntel



---------------  S Y S T E M  ---------------

OS: Windows 10.0 , 64 bit Build 19041 (10.0.19041.2364)

CPU:total 8 (initial active 8) (4 cores per cpu, 2 threads per core) family 6 model 140 stepping 1, cmov, cx8, fxsr, mmx, sse, sse2, sse3, ssse3, sse4.1, sse4.2, popcnt, avx, avx2, aes, clmul, erms, 3dnowpref, lzcnt, ht, tsc, tscinvbit, bmi1, bmi2, adx

Memory: 4k page, physical 16428308k(1806920k free), swap 16428308k(5128k free)

vm_info: Java HotSpot(TM) 64-Bit Server VM (25.202-b08) for windows-amd64 JRE (1.8.0_202-b08), built on Dec 15 2018 19:54:30 by "java_re" with MS VC++ 10.0 (VS2010)

time: Tue Dec 20 14:46:44 2022
timezone: India Standard Time
elapsed time: 27 seconds (0d 0h 0m 27s)

