#
# There is insufficient memory for the Java Runtime Environment to continue.
# Native memory allocation (malloc) failed to allocate 749296 bytes for Chunk::new
# Possible reasons:
#   The system is out of physical RAM or swap space
#   The process is running with CompressedOops enabled, and the Java Heap may be blocking the growth of the native heap
# Possible solutions:
#   Reduce memory load on the system
#   Increase physical memory or swap space
#   Check if swap backing store is full
#   Decrease Java heap size (-Xmx/-Xms)
#   Decrease number of Java threads
#   Decrease Java thread stack sizes (-Xss)
#   Set larger code cache with -XX:ReservedCodeCacheSize=
#   JVM is running with Zero Based Compressed Oops mode in which the Java heap is
#     placed in the first 32GB address space. The Java Heap base address is the
#     maximum limit for the native heap growth. Please use -XX:HeapBaseMinAddress
#     to set the Java Heap base and to place the Java Heap above 32GB virtual address.
# This output file may be truncated or incomplete.
#
#  Out of Memory Error (allocation.cpp:389), pid=17316, tid=0x00000000000010e0
#
# JRE version: Java(TM) SE Runtime Environment (8.0_202-b08) (build 1.8.0_202-b08)
# Java VM: Java HotSpot(TM) 64-Bit Server VM (25.202-b08 mixed mode windows-amd64 compressed oops)
# Failed to write core dump. Minidumps are not enabled by default on client versions of Windows
#

---------------  T H R E A D  ---------------

Current thread (0x000000001e8db800):  JavaThread "C2 CompilerThread0" daemon [_thread_in_native, id=4320, stack(0x000000001f1a0000,0x000000001f2a0000)]

Stack: [0x000000001f1a0000,0x000000001f2a0000]
[error occurred during error reporting (printing stack bounds), id 0xc0000005]

Native frames: (J=compiled Java code, j=interpreted, Vv=VM code, C=native code)


Current CompileTask:
C2:   3899 3148       4       groovy.lang.MetaClassImpl$1MOPIter::methodNameAction (325 bytes)


---------------  P R O C E S S  ---------------

Java Threads: ( => current thread )
  0x000000001fe36800 JavaThread "ReaderThread" [_thread_in_native, id=13648, stack(0x00000000213b0000,0x00000000214b0000)]
  0x000000001e984000 JavaThread "Service Thread" daemon [_thread_blocked, id=5996, stack(0x000000001f5a0000,0x000000001f6a0000)]
  0x000000001e8ec000 JavaThread "C1 CompilerThread3" daemon [_thread_blocked, id=14652, stack(0x000000001f4a0000,0x000000001f5a0000)]
  0x000000001e8e8800 JavaThread "C2 CompilerThread2" daemon [_thread_in_native, id=14204, stack(0x000000001f3a0000,0x000000001f4a0000)]
  0x000000001e8e0000 JavaThread "C2 CompilerThread1" daemon [_thread_in_native, id=1992, stack(0x000000001f2a0000,0x000000001f3a0000)]
=>0x000000001e8db800 JavaThread "C2 CompilerThread0" daemon [_thread_in_native, id=4320, stack(0x000000001f1a0000,0x000000001f2a0000)]
  0x000000001e8da000 JavaThread "Attach Listener" daemon [_thread_blocked, id=7176, stack(0x000000001f0a0000,0x000000001f1a0000)]
  0x000000001e8d9000 JavaThread "Signal Dispatcher" daemon [_thread_blocked, id=4492, stack(0x000000001efa0000,0x000000001f0a0000)]
  0x000000001cad7800 JavaThread "Finalizer" daemon [_thread_blocked, id=16432, stack(0x000000001eda0000,0x000000001eea0000)]
  0x000000001e8c0800 JavaThread "Reference Handler" daemon [_thread_blocked, id=14216, stack(0x000000001eca0000,0x000000001eda0000)]
  0x00000000031ca000 JavaThread "main" [_thread_in_native, id=8108, stack(0x0000000003010000,0x0000000003110000)]

Other Threads:
  0x000000001cac6800 VMThread [stack: 0x000000001e7a0000,0x000000001e8a0000] [id=10896]
  0x000000001e9c9000 WatcherThread [stack: 0x000000001f6a0000,0x000000001f7a0000] [id=5048]

VM state:not at safepoint (normal execution)

VM Mutex/Monitor currently owned by a thread: None

heap address: 0x00000006c5400000, size: 4012 MB, Compressed Oops mode: Zero based, Oop shift amount: 3
Narrow klass base: 0x0000000000000000, Narrow klass shift: 3
Compressed class space size: 1073741824 Address: 0x00000007c0000000

Heap:
 PSYoungGen      total 111616K, used 29574K [0x000000076c700000, 0x0000000774800000, 0x00000007c0000000)
  eden space 99840K, 29% used [0x000000076c700000,0x000000076e3e1bf8,0x0000000772880000)
  from space 11776K, 0% used [0x0000000773600000,0x0000000773600000,0x0000000774180000)
  to   space 13824K, 0% used [0x0000000772880000,0x0000000772880000,0x0000000773600000)
 ParOldGen       total 102400K, used 17204K [0x00000006c5400000, 0x00000006cb800000, 0x000000076c700000)
  object space 102400K, 16% used [0x00000006c5400000,0x00000006c64cd3f0,0x00000006cb800000)
 Metaspace       used 35003K, capacity 36234K, committed 36352K, reserved 1081344K
  class space    used 4229K, capacity 4555K, committed 4608K, reserved 1048576K

Card table byte_map: [0x0000000012680000,0x0000000012e60000] byte_map_base: 0x000000000f056000

Marking Bits: (ParMarkBitMap*) 0x000000006ae75ce0
 Begin Bits: [0x0000000013ba0000, 0x0000000017a50000)
 End Bits:   [0x0000000017a50000, 0x000000001b900000)

Polling page: 0x0000000001810000

CodeCache: size=245760Kb used=12045Kb max_used=12052Kb free=233714Kb
 bounds [0x00000000032c0000, 0x0000000003e90000, 0x00000000122c0000]
 total_blobs=3882 nmethods=3153 adapters=640
 compilation: enabled

Compilation events (10 events):
Event: 3.868 Thread 0x000000001e8e8800 nmethod 3151 0x0000000003e88bd0 code [0x0000000003e88d20, 0x0000000003e89298]
Event: 3.877 Thread 0x000000001e8e8800 3152       4       org.codehaus.groovy.reflection.CachedMethod::getReturnType (8 bytes)
Event: 3.877 Thread 0x000000001e8e8800 nmethod 3152 0x0000000003e7edd0 code [0x0000000003e7ef00, 0x0000000003e7ef78]
Event: 3.878 Thread 0x000000001e8ec000 3154       1       groovy.lang.MetaClassImpl$MethodIndexAction::skipClass (2 bytes)
Event: 3.878 Thread 0x000000001e8e8800 3153       4       groovy.lang.MetaMethod::getMopName (105 bytes)
Event: 3.878 Thread 0x000000001e8ec000 nmethod 3154 0x0000000003e79810 code [0x0000000003e79960, 0x0000000003e79a70]
Event: 3.880 Thread 0x000000001e8ec000 3156       3       org.codehaus.groovy.runtime.callsite.AbstractCallSite::<init> (35 bytes)
Event: 3.881 Thread 0x000000001e8ec000 nmethod 3156 0x0000000003e884d0 code [0x0000000003e88640, 0x0000000003e88a90]
Event: 3.885 Thread 0x000000001e8ec000 3157       3       java.util.Collections::emptyList (4 bytes)
Event: 3.885 Thread 0x000000001e8ec000 nmethod 3157 0x0000000003e8c5d0 code [0x0000000003e8c720, 0x0000000003e8c850]

GC Heap History (10 events):
Event: 2.253 GC heap before
{Heap before GC invocations=4 (full 1):
 PSYoungGen      total 75264K, used 7422K [0x000000076c700000, 0x0000000771b00000, 0x00000007c0000000)
  eden space 64512K, 0% used [0x000000076c700000,0x000000076c700000,0x0000000770600000)
  from space 10752K, 69% used [0x0000000770600000,0x0000000770d3fb08,0x0000000771080000)
  to   space 10752K, 0% used [0x0000000771080000,0x0000000771080000,0x0000000771b00000)
 ParOldGen       total 172032K, used 104K [0x00000006c5400000, 0x00000006cfc00000, 0x000000076c700000)
  object space 172032K, 0% used [0x00000006c5400000,0x00000006c541a010,0x00000006cfc00000)
 Metaspace       used 20769K, capacity 21138K, committed 21296K, reserved 1069056K
  class space    used 2509K, capacity 2656K, committed 2688K, reserved 1048576K
Event: 2.275 GC heap after
Heap after GC invocations=4 (full 1):
 PSYoungGen      total 75264K, used 0K [0x000000076c700000, 0x0000000771b00000, 0x00000007c0000000)
  eden space 64512K, 0% used [0x000000076c700000,0x000000076c700000,0x0000000770600000)
  from space 10752K, 0% used [0x0000000770600000,0x0000000770600000,0x0000000771080000)
  to   space 10752K, 0% used [0x0000000771080000,0x0000000771080000,0x0000000771b00000)
 ParOldGen       total 102400K, used 7217K [0x00000006c5400000, 0x00000006cb800000, 0x000000076c700000)
  object space 102400K, 7% used [0x00000006c5400000,0x00000006c5b0c5a8,0x00000006cb800000)
 Metaspace       used 20769K, capacity 21138K, committed 21296K, reserved 1069056K
  class space    used 2509K, capacity 2656K, committed 2688K, reserved 1048576K
}
Event: 2.848 GC heap before
{Heap before GC invocations=5 (full 1):
 PSYoungGen      total 75264K, used 64512K [0x000000076c700000, 0x0000000771b00000, 0x00000007c0000000)
  eden space 64512K, 100% used [0x000000076c700000,0x0000000770600000,0x0000000770600000)
  from space 10752K, 0% used [0x0000000770600000,0x0000000770600000,0x0000000771080000)
  to   space 10752K, 0% used [0x0000000771080000,0x0000000771080000,0x0000000771b00000)
 ParOldGen       total 102400K, used 7217K [0x00000006c5400000, 0x00000006cb800000, 0x000000076c700000)
  object space 102400K, 7% used [0x00000006c5400000,0x00000006c5b0c5a8,0x00000006cb800000)
 Metaspace       used 27636K, capacity 28202K, committed 28416K, reserved 1075200K
  class space    used 3388K, capacity 3572K, committed 3584K, reserved 1048576K
Event: 2.853 GC heap after
Heap after GC invocations=5 (full 1):
 PSYoungGen      total 75264K, used 8362K [0x000000076c700000, 0x0000000773b80000, 0x00000007c0000000)
  eden space 64512K, 0% used [0x000000076c700000,0x000000076c700000,0x0000000770600000)
  from space 10752K, 77% used [0x0000000771080000,0x00000007718aa8a8,0x0000000771b00000)
  to   space 10752K, 0% used [0x0000000770600000,0x0000000770600000,0x0000000771080000)
 ParOldGen       total 102400K, used 7225K [0x00000006c5400000, 0x00000006cb800000, 0x000000076c700000)
  object space 102400K, 7% used [0x00000006c5400000,0x00000006c5b0e5a8,0x00000006cb800000)
 Metaspace       used 27636K, capacity 28202K, committed 28416K, reserved 1075200K
  class space    used 3388K, capacity 3572K, committed 3584K, reserved 1048576K
}
Event: 3.304 GC heap before
{Heap before GC invocations=6 (full 1):
 PSYoungGen      total 75264K, used 72874K [0x000000076c700000, 0x0000000773b80000, 0x00000007c0000000)
  eden space 64512K, 100% used [0x000000076c700000,0x0000000770600000,0x0000000770600000)
  from space 10752K, 77% used [0x0000000771080000,0x00000007718aa8a8,0x0000000771b00000)
  to   space 10752K, 0% used [0x0000000770600000,0x0000000770600000,0x0000000771080000)
 ParOldGen       total 102400K, used 7225K [0x00000006c5400000, 0x00000006cb800000, 0x000000076c700000)
  object space 102400K, 7% used [0x00000006c5400000,0x00000006c5b0e5a8,0x00000006cb800000)
 Metaspace       used 31692K, capacity 32432K, committed 32640K, reserved 1077248K
  class space    used 3786K, capacity 3956K, committed 3968K, reserved 1048576K
Event: 3.314 GC heap after
Heap after GC invocations=6 (full 1):
 PSYoungGen      total 75264K, used 10736K [0x000000076c700000, 0x0000000774180000, 0x00000007c0000000)
  eden space 64512K, 0% used [0x000000076c700000,0x000000076c700000,0x0000000770600000)
  from space 10752K, 99% used [0x0000000770600000,0x000000077107c3d8,0x0000000771080000)
  to   space 11776K, 0% used [0x0000000773600000,0x0000000773600000,0x0000000774180000)
 ParOldGen       total 102400K, used 8019K [0x00000006c5400000, 0x00000006cb800000, 0x000000076c700000)
  object space 102400K, 7% used [0x00000006c5400000,0x00000006c5bd4de8,0x00000006cb800000)
 Metaspace       used 31692K, capacity 32432K, committed 32640K, reserved 1077248K
  class space    used 3786K, capacity 3956K, committed 3968K, reserved 1048576K
}
Event: 3.712 GC heap before
{Heap before GC invocations=7 (full 1):
 PSYoungGen      total 75264K, used 63194K [0x000000076c700000, 0x0000000774180000, 0x00000007c0000000)
  eden space 64512K, 81% used [0x000000076c700000,0x000000076fa3a528,0x0000000770600000)
  from space 10752K, 99% used [0x0000000770600000,0x000000077107c3d8,0x0000000771080000)
  to   space 11776K, 0% used [0x0000000773600000,0x0000000773600000,0x0000000774180000)
 ParOldGen       total 102400K, used 8019K [0x00000006c5400000, 0x00000006cb800000, 0x000000076c700000)
  object space 102400K, 7% used [0x00000006c5400000,0x00000006c5bd4de8,0x00000006cb800000)
 Metaspace       used 34537K, capacity 35302K, committed 35456K, reserved 1081344K
  class space    used 4147K, capacity 4405K, committed 4480K, reserved 1048576K
Event: 3.721 GC heap after
Heap after GC invocations=7 (full 1):
 PSYoungGen      total 111616K, used 11773K [0x000000076c700000, 0x0000000774800000, 0x00000007c0000000)
  eden space 99840K, 0% used [0x000000076c700000,0x000000076c700000,0x0000000772880000)
  from space 11776K, 99% used [0x0000000773600000,0x000000077417f750,0x0000000774180000)
  to   space 13824K, 0% used [0x0000000772880000,0x0000000772880000,0x0000000773600000)
 ParOldGen       total 102400K, used 9750K [0x00000006c5400000, 0x00000006cb800000, 0x000000076c700000)
  object space 102400K, 9% used [0x00000006c5400000,0x00000006c5d85a18,0x00000006cb800000)
 Metaspace       used 34537K, capacity 35302K, committed 35456K, reserved 1081344K
  class space    used 4147K, capacity 4405K, committed 4480K, reserved 1048576K
}
Event: 3.721 GC heap before
{Heap before GC invocations=8 (full 2):
 PSYoungGen      total 111616K, used 11773K [0x000000076c700000, 0x0000000774800000, 0x00000007c0000000)
  eden space 99840K, 0% used [0x000000076c700000,0x000000076c700000,0x0000000772880000)
  from space 11776K, 99% used [0x0000000773600000,0x000000077417f750,0x0000000774180000)
  to   space 13824K, 0% used [0x0000000772880000,0x0000000772880000,0x0000000773600000)
 ParOldGen       total 102400K, used 9750K [0x00000006c5400000, 0x00000006cb800000, 0x000000076c700000)
  object space 102400K, 9% used [0x00000006c5400000,0x00000006c5d85a18,0x00000006cb800000)
 Metaspace       used 34537K, capacity 35302K, committed 35456K, reserved 1081344K
  class space    used 4147K, capacity 4405K, committed 4480K, reserved 1048576K
Event: 3.782 GC heap after
Heap after GC invocations=8 (full 2):
 PSYoungGen      total 111616K, used 0K [0x000000076c700000, 0x0000000774800000, 0x00000007c0000000)
  eden space 99840K, 0% used [0x000000076c700000,0x000000076c700000,0x0000000772880000)
  from space 11776K, 0% used [0x0000000773600000,0x0000000773600000,0x0000000774180000)
  to   space 13824K, 0% used [0x0000000772880000,0x0000000772880000,0x0000000773600000)
 ParOldGen       total 102400K, used 17204K [0x00000006c5400000, 0x00000006cb800000, 0x000000076c700000)
  object space 102400K, 16% used [0x00000006c5400000,0x00000006c64cd3f0,0x00000006cb800000)
 Metaspace       used 34535K, capacity 35296K, committed 35456K, reserved 1081344K
  class space    used 4147K, capacity 4403K, committed 4480K, reserved 1048576K
}

Deoptimization events (10 events):
Event: 2.928 Thread 0x00000000031ca000 Uncommon trap: reason=unstable_if action=reinterpret pc=0x0000000003af5600 method=java.lang.ClassLoader.getClassLoadingLock(Ljava/lang/String;)Ljava/lang/Object; @ 6
Event: 3.008 Thread 0x00000000031ca000 Uncommon trap: reason=unstable_if action=reinterpret pc=0x0000000003b193dc method=java.lang.Class$MethodArray.addIfNotPresent(Ljava/lang/reflect/Method;)V @ 19
Event: 3.634 Thread 0x00000000031ca000 Uncommon trap: reason=class_check action=maybe_recompile pc=0x00000000037650f4 method=java.util.concurrent.ConcurrentHashMap.putVal(Ljava/lang/Object;Ljava/lang/Object;Z)Ljava/lang/Object; @ 192
Event: 3.710 Thread 0x00000000031ca000 Uncommon trap: reason=unstable_if action=reinterpret pc=0x0000000003dcf35c method=groovy.lang.MetaClassImpl.checkIfStdMethod(Lgroovy/lang/MetaMethod;)V @ 167
Event: 3.785 Thread 0x00000000031ca000 Uncommon trap: reason=unstable_if action=reinterpret pc=0x0000000003dd4bd0 method=groovy.lang.MetaClassImpl.checkIfStdMethod(Lgroovy/lang/MetaMethod;)V @ 167
Event: 3.787 Thread 0x00000000031ca000 Uncommon trap: reason=bimorphic action=maybe_recompile pc=0x0000000003dc1854 method=org.codehaus.groovy.runtime.metaclass.MetaMethodIndex.addMethodToList(Ljava/lang/Object;Lgroovy/lang/MetaMethod;)Ljava/lang/Object; @ 130
Event: 3.787 Thread 0x00000000031ca000 Uncommon trap: reason=bimorphic action=maybe_recompile pc=0x0000000003dc1854 method=org.codehaus.groovy.runtime.metaclass.MetaMethodIndex.addMethodToList(Ljava/lang/Object;Lgroovy/lang/MetaMethod;)Ljava/lang/Object; @ 130
Event: 3.799 Thread 0x00000000031ca000 Uncommon trap: reason=bimorphic action=maybe_recompile pc=0x0000000003dc1854 method=org.codehaus.groovy.runtime.metaclass.MetaMethodIndex.addMethodToList(Ljava/lang/Object;Lgroovy/lang/MetaMethod;)Ljava/lang/Object; @ 130
Event: 3.800 Thread 0x00000000031ca000 Uncommon trap: reason=bimorphic action=maybe_recompile pc=0x0000000003dc1854 method=org.codehaus.groovy.runtime.metaclass.MetaMethodIndex.addMethodToList(Ljava/lang/Object;Lgroovy/lang/MetaMethod;)Ljava/lang/Object; @ 130
Event: 3.814 Thread 0x00000000031ca000 Uncommon trap: reason=bimorphic action=maybe_recompile pc=0x00000000036a6560 method=java.net.URL.<init>(Ljava/net/URL;Ljava/lang/String;Ljava/net/URLStreamHandler;)V @ 504

Classes redefined (0 events):
No events

Internal exceptions (10 events):
Event: 3.852 Thread 0x00000000031ca000 Exception <a 'java/lang/ClassNotFoundException': [Ljava/lang/String;Customizer> (0x000000076d4e9db8) thrown at [C:\re\workspace\8-2-build-windows-amd64-cygwin\jdk8u202\12323\hotspot\src\share\vm\prims\jni.cpp, line 736]
Event: 3.852 Thread 0x00000000031ca000 Exception <a 'java/lang/ClassNotFoundException': [Ljava/lang/String;Customizer> (0x000000076d4ea7d0) thrown at [C:\re\workspace\8-2-build-windows-amd64-cygwin\jdk8u202\12323\hotspot\src\share\vm\prims\jni.cpp, line 736]
Event: 3.857 Thread 0x00000000031ca000 Exception <a 'java/lang/ClassNotFoundException': groovy/lang/GString$1BeanInfo> (0x000000076d5d5930) thrown at [C:\re\workspace\8-2-build-windows-amd64-cygwin\jdk8u202\12323\hotspot\src\share\vm\classfile\systemDictionary.cpp, line 210]
Event: 3.858 Thread 0x00000000031ca000 Exception <a 'java/lang/ClassNotFoundException': groovy/lang/GStringBeanInfo> (0x000000076d60c4a0) thrown at [C:\re\workspace\8-2-build-windows-amd64-cygwin\jdk8u202\12323\hotspot\src\share\vm\classfile\systemDictionary.cpp, line 210]
Event: 3.859 Thread 0x00000000031ca000 Exception <a 'java/lang/ClassNotFoundException': groovy/lang/GStringCustomizer> (0x000000076d643ba8) thrown at [C:\re\workspace\8-2-build-windows-amd64-cygwin\jdk8u202\12323\hotspot\src\share\vm\classfile\systemDictionary.cpp, line 210]
Event: 3.860 Thread 0x00000000031ca000 Exception <a 'java/lang/ClassNotFoundException': groovy/lang/GString$1Customizer> (0x000000076d686860) thrown at [C:\re\workspace\8-2-build-windows-amd64-cygwin\jdk8u202\12323\hotspot\src\share\vm\classfile\systemDictionary.cpp, line 210]
Event: 3.869 Thread 0x00000000031ca000 Exception <a 'java/lang/ClassNotFoundException': org/codehaus/groovy/runtime/GStringImplBeanInfo> (0x000000076dace9a8) thrown at [C:\re\workspace\8-2-build-windows-amd64-cygwin\jdk8u202\12323\hotspot\src\share\vm\classfile\systemDictionary.cpp, line 210]
Event: 3.876 Thread 0x00000000031ca000 Exception <a 'java/lang/ClassNotFoundException': org/codehaus/groovy/runtime/GStringImplCustomizer> (0x000000076de7dbb8) thrown at [C:\re\workspace\8-2-build-windows-amd64-cygwin\jdk8u202\12323\hotspot\src\share\vm\classfile\systemDictionary.cpp, line 210
Event: 3.879 Thread 0x00000000031ca000 Exception <a 'java/lang/ClassNotFoundException': io/restassured/internal/RequestSpecificationImpl$EncodingTargetBeanInfo> (0x000000076deec940) thrown at [C:\re\workspace\8-2-build-windows-amd64-cygwin\jdk8u202\12323\hotspot\src\share\vm\classfile\systemDi
Event: 3.879 Thread 0x00000000031ca000 Exception <a 'java/lang/ClassNotFoundException': io/restassured/internal/RequestSpecificationImpl$EncodingTargetCustomizer> (0x000000076df21930) thrown at [C:\re\workspace\8-2-build-windows-amd64-cygwin\jdk8u202\12323\hotspot\src\share\vm\classfile\system

Events (10 events):
Event: 3.889 loading class groovy/transform/options/PropertyHandler
Event: 3.889 loading class groovy/transform/options/PropertyHandler done
Event: 3.890 loading class groovy/lang/GroovyClassLoader
Event: 3.890 loading class groovy/lang/GroovyClassLoader done
Event: 3.892 loading class org/codehaus/groovy/control/CompilerConfiguration
Event: 3.892 loading class org/codehaus/groovy/control/CompilerConfiguration done
Event: 3.893 loading class org/codehaus/groovy/control/ErrorCollector
Event: 3.893 loading class org/codehaus/groovy/control/ErrorCollector done
Event: 3.894 loading class org/codehaus/groovy/transform/ImmutableASTTransformationBeanInfo
Event: 3.894 loading class org/codehaus/groovy/transform/ImmutableASTTransformationBeanInfo done


Dynamic libraries:
0x00007ff605a80000 - 0x00007ff605ab7000 	C:\Program Files\Java\jdk1.8.0_202\bin\javaw.exe
0x00007ffe571f0000 - 0x00007ffe573e8000 	C:\Windows\SYSTEM32\ntdll.dll
0x00007ffe56c80000 - 0x00007ffe56d3f000 	C:\Windows\System32\KERNEL32.DLL
0x00007ffe54c60000 - 0x00007ffe54f32000 	C:\Windows\System32\KERNELBASE.dll
0x00007ffe570c0000 - 0x00007ffe5716e000 	C:\Windows\System32\ADVAPI32.dll
0x00007ffe56bd0000 - 0x00007ffe56c6e000 	C:\Windows\System32\msvcrt.dll
0x00007ffe567d0000 - 0x00007ffe5686c000 	C:\Windows\System32\sechost.dll
0x00007ffe56f90000 - 0x00007ffe570b5000 	C:\Windows\System32\RPCRT4.dll
0x00007ffe56a20000 - 0x00007ffe56bc1000 	C:\Windows\System32\USER32.dll
0x00007ffe55200000 - 0x00007ffe55222000 	C:\Windows\System32\win32u.dll
0x00007ffe57170000 - 0x00007ffe5719b000 	C:\Windows\System32\GDI32.dll
0x00007ffe550f0000 - 0x00007ffe551ff000 	C:\Windows\System32\gdi32full.dll
0x00007ffe54b30000 - 0x00007ffe54bcd000 	C:\Windows\System32\msvcp_win.dll
0x00007ffe54f40000 - 0x00007ffe55040000 	C:\Windows\System32\ucrtbase.dll
0x00007ffe3db30000 - 0x00007ffe3ddca000 	C:\Windows\WinSxS\amd64_microsoft.windows.common-controls_6595b64144ccf1df_6.0.19041.1110_none_60b5254171f9507e\COMCTL32.dll
0x00007ffe56dc0000 - 0x00007ffe56df2000 	C:\Windows\System32\IMM32.DLL
0x000000006af00000 - 0x000000006afd2000 	C:\Program Files\Java\jdk1.8.0_202\jre\bin\msvcr100.dll
0x000000006a650000 - 0x000000006aef5000 	C:\Program Files\Java\jdk1.8.0_202\jre\bin\server\jvm.dll
0x00007ffe56c70000 - 0x00007ffe56c78000 	C:\Windows\System32\PSAPI.DLL
0x00007ffe2e570000 - 0x00007ffe2e597000 	C:\Windows\SYSTEM32\WINMM.dll
0x00007ffe3af50000 - 0x00007ffe3af59000 	C:\Windows\SYSTEM32\WSOCK32.dll
0x00007ffe4d110000 - 0x00007ffe4d11a000 	C:\Windows\SYSTEM32\VERSION.dll
0x00007ffe56760000 - 0x00007ffe567cb000 	C:\Windows\System32\WS2_32.dll
0x00007ffe2c020000 - 0x00007ffe2c02f000 	C:\Program Files\Java\jdk1.8.0_202\jre\bin\verify.dll
0x00007ffe2bff0000 - 0x00007ffe2c019000 	C:\Program Files\Java\jdk1.8.0_202\jre\bin\java.dll
0x00007ffe2b920000 - 0x00007ffe2b936000 	C:\Program Files\Java\jdk1.8.0_202\jre\bin\zip.dll
0x00007ffe55630000 - 0x00007ffe55d74000 	C:\Windows\System32\SHELL32.dll
0x00007ffe52940000 - 0x00007ffe530d2000 	C:\Windows\SYSTEM32\windows.storage.dll
0x00007ffe55f00000 - 0x00007ffe56255000 	C:\Windows\System32\combase.dll
0x00007ffe54180000 - 0x00007ffe541b0000 	C:\Windows\SYSTEM32\Wldp.dll
0x00007ffe55df0000 - 0x00007ffe55e9d000 	C:\Windows\System32\SHCORE.dll
0x00007ffe55ea0000 - 0x00007ffe55ef5000 	C:\Windows\System32\shlwapi.dll
0x00007ffe54820000 - 0x00007ffe5483f000 	C:\Windows\SYSTEM32\profapi.dll
0x00007ffe27b50000 - 0x00007ffe27b6a000 	C:\Program Files\Java\jdk1.8.0_202\jre\bin\net.dll
0x00007ffe3f030000 - 0x00007ffe3f21d000 	C:\Windows\SYSTEM32\urlmon.dll
0x00007ffe3f380000 - 0x00007ffe3f631000 	C:\Windows\SYSTEM32\iertutil.dll
0x00007ffe53d80000 - 0x00007ffe53d8c000 	C:\Windows\SYSTEM32\netutils.dll
0x00007ffe3f000000 - 0x00007ffe3f028000 	C:\Windows\SYSTEM32\srvcli.dll
0x00007ffe53f60000 - 0x00007ffe53fca000 	C:\Windows\system32\mswsock.dll
0x00007ffe53cb0000 - 0x00007ffe53d7a000 	C:\Windows\SYSTEM32\DNSAPI.dll
0x00007ffe53c70000 - 0x00007ffe53cab000 	C:\Windows\SYSTEM32\IPHLPAPI.DLL
0x00007ffe571a0000 - 0x00007ffe571a8000 	C:\Windows\System32\NSI.dll
0x00007ffe4be10000 - 0x00007ffe4be1a000 	C:\Windows\System32\rasadhlp.dll
0x00007ffe4a330000 - 0x00007ffe4a3b0000 	C:\Windows\System32\fwpuclnt.dll
0x00007ffe549a0000 - 0x00007ffe549c7000 	C:\Windows\System32\bcrypt.dll
0x00007ffe541c0000 - 0x00007ffe541d8000 	C:\Windows\SYSTEM32\CRYPTSP.dll
0x00007ffe538a0000 - 0x00007ffe538d4000 	C:\Windows\system32\rsaenh.dll
0x00007ffe547e0000 - 0x00007ffe5480e000 	C:\Windows\SYSTEM32\USERENV.dll
0x00007ffe54bd0000 - 0x00007ffe54c52000 	C:\Windows\System32\bcryptprimitives.dll
0x00007ffe540f0000 - 0x00007ffe540fc000 	C:\Windows\SYSTEM32\CRYPTBASE.dll
0x00007ffe4be80000 - 0x00007ffe4be97000 	C:\Windows\SYSTEM32\dhcpcsvc6.DLL
0x00007ffe4c8c0000 - 0x00007ffe4c8dd000 	C:\Windows\SYSTEM32\dhcpcsvc.DLL
0x00007ffe25820000 - 0x00007ffe25832000 	C:\Program Files\Java\jdk1.8.0_202\jre\bin\nio.dll
0x00007ffe28920000 - 0x00007ffe2892d000 	C:\Program Files\Java\jdk1.8.0_202\jre\bin\management.dll
0x00007ffe3d3d0000 - 0x00007ffe3d3e7000 	C:\Windows\system32\napinsp.dll
0x00007ffe3d3b0000 - 0x00007ffe3d3cb000 	C:\Windows\system32\pnrpnsp.dll
0x00007ffe4f180000 - 0x00007ffe4f195000 	C:\Windows\system32\wshbth.dll
0x00007ffe4fc60000 - 0x00007ffe4fc7d000 	C:\Windows\system32\NLAapi.dll
0x00007ffe2a620000 - 0x00007ffe2a632000 	C:\Windows\System32\winrnr.dll

VM Arguments:
jvm_args: -ea -Dfile.encoding=UTF-8 
java_command: org.testng.remote.RemoteTestNG -serport 65324 -protocol json -d D:\RingPay\RingPay_APIAutomation\modified_updated\test-output D:\RingPay\RingPay_APIAutomation\modified_updated\RingPay.xml
java_class_path (initial): C:\Users\IGS0425\eclipse\java-2022-06\eclipse\configuration\org.eclipse.osgi\447\0\.cp\lib\testng-remote.jar;D:\RingPay\RingPay_APIAutomation\modified_updated\target\test-classes;D:\RingPay\RingPay_APIAutomation\modified_updated\target\classes;C:\Users\IGS0425\.m2\repository\io\appium\java-client\7.2.0\java-client-7.2.0.jar;C:\Users\IGS0425\.m2\repository\org\seleniumhq\selenium\selenium-support\3.141.59\selenium-support-3.141.59.jar;C:\Users\IGS0425\.m2\repository\org\seleniumhq\selenium\selenium-api\3.141.59\selenium-api-3.141.59.jar;C:\Users\IGS0425\.m2\repository\com\google\code\gson\gson\2.8.5\gson-2.8.5.jar;C:\Users\IGS0425\.m2\repository\org\apache\httpcomponents\httpclient\4.5.9\httpclient-4.5.9.jar;C:\Users\IGS0425\.m2\repository\cglib\cglib\3.2.12\cglib-3.2.12.jar;C:\Users\IGS0425\.m2\repository\org\ow2\asm\asm\7.1\asm-7.1.jar;C:\Users\IGS0425\.m2\repository\commons-io\commons-io\2.6\commons-io-2.6.jar;C:\Users\IGS0425\.m2\repository\org\springframework\spring-context\5.1.8.RELEASE\spring-context-5.1.8.RELEASE.jar;C:\Users\IGS0425\.m2\repository\org\springframework\spring-aop\5.1.8.RELEASE\spring-aop-5.1.8.RELEASE.jar;C:\Users\IGS0425\.m2\repository\org\springframework\spring-beans\5.1.8.RELEASE\spring-beans-5.1.8.RELEASE.jar;C:\Users\IGS0425\.m2\repository\org\springframework\spring-core\5.1.8.RELEASE\spring-core-5.1.8.RELEASE.jar;C:\Users\IGS0425\.m2\repository\org\springframework\spring-jcl\5.1.8.RELEASE\spring-jcl-5.1.8.RELEASE.jar;C:\Users\IGS0425\.m2\repository\org\springframework\spring-expression\5.1.8.RELEASE\spring-expression-5.1.8.RELEASE.jar;C:\Users\IGS0425\.m2\repository\org\aspectj\aspectjweaver\1.9.4\aspectjweaver-1.9.4.jar;C:\Users\IGS0425\.m2\repository\org\slf4j\slf4j-api\1.7.26\slf4j-api-1.7.26.jar;C:\Users\IGS0425\.m2\repository\org\seleniumhq\selenium\selenium-java\3.141.59\selenium-java-3.141.59.jar;C:\Users\IGS0425\.m2\repository\org\seleniumhq\selenium\selenium-chrome-driver\3.141.59\selenium-chrome-dri
Launcher Type: SUN_STANDARD

Environment Variables:
JAVA_HOME=C:\Program Files\Java\jdk1.8.0_202
PATH=C:/Users/IGS0425/.p2/pool/plugins/org.eclipse.justj.openjdk.hotspot.jre.full.win32.x86_64_17.0.3.v20220515-1416/jre/bin/server;C:/Users/IGS0425/.p2/pool/plugins/org.eclipse.justj.openjdk.hotspot.jre.full.win32.x86_64_17.0.3.v20220515-1416/jre/bin;C:\Program Files (x86)\Common Files\Oracle\Java\javapath;C:\Windows\system32;C:\Windows;C:\Windows\System32\Wbem;C:\Windows\System32\WindowsPowerShell\v1.0\;C:\Windows\System32\OpenSSH\;C:\Program Files\nodejs\;C:\Program Files\Git\cmd;C:\Program Files\apache-maven-3.8.6\bin;C:\Users\IGS0425\AppData\Local\Microsoft\WindowsApps;C:\Program Files\JetBrains\IntelliJ IDEA Community Edition 2022.1.3\bin;;C:\Users\IGS0425\AppData\Roaming\npm;C:\Program Files\Java\jdk1.8.0_202\bin;;C:\Windows\system32;
USERNAME=IGS0425
OS=Windows_NT
PROCESSOR_IDENTIFIER=Intel64 Family 6 Model 140 Stepping 1, GenuineIntel



---------------  S Y S T E M  ---------------

OS: Windows 10.0 , 64 bit Build 19041 (10.0.19041.2364)

CPU:total 8 (initial active 8) (4 cores per cpu, 2 threads per core) family 6 model 140 stepping 1, cmov, cx8, fxsr, mmx, sse, sse2, sse3, ssse3, sse4.1, sse4.2, popcnt, avx, avx2, aes, clmul, erms, 3dnowpref, lzcnt, ht, tsc, tscinvbit, bmi1, bmi2, adx

Memory: 4k page, physical 16428308k(2472412k free), swap 16428308k(5152k free)

vm_info: Java HotSpot(TM) 64-Bit Server VM (25.202-b08) for windows-amd64 JRE (1.8.0_202-b08), built on Dec 15 2018 19:54:30 by "java_re" with MS VC++ 10.0 (VS2010)

time: Mon Dec 19 17:45:34 2022
timezone: India Standard Time
elapsed time: 3 seconds (0d 0h 0m 3s)

