#
# There is insufficient memory for the Java Runtime Environment to continue.
# Native memory allocation (mmap) failed to map 65536 bytes for Failed to commit metaspace.
# Possible reasons:
#   The system is out of physical RAM or swap space
#   The process is running with CompressedOops enabled, and the Java Heap may be blocking the growth of the native heap
# Possible solutions:
#   Reduce memory load on the system
#   Increase physical memory or swap space
#   Check if swap backing store is full
#   Decrease Java heap size (-Xmx/-Xms)
#   Decrease number of Java threads
#   Decrease Java thread stack sizes (-Xss)
#   Set larger code cache with -XX:ReservedCodeCacheSize=
#   JVM is running with Zero Based Compressed Oops mode in which the Java heap is
#     placed in the first 32GB address space. The Java Heap base address is the
#     maximum limit for the native heap growth. Please use -XX:HeapBaseMinAddress
#     to set the Java Heap base and to place the Java Heap above 32GB virtual address.
# This output file may be truncated or incomplete.
#
#  Out of Memory Error (virtualSpaceNode.cpp:110), pid=19656, tid=14460
#
# JRE version: OpenJDK Runtime Environment Temurin-17.0.3+7 (17.0.3+7) (build 17.0.3+7)
# Java VM: OpenJDK 64-Bit Server VM Temurin-17.0.3+7 (17.0.3+7, mixed mode, tiered, compressed oops, compressed class ptrs, g1 gc, windows-amd64)
# No core dump will be written. Minidumps are not enabled by default on client versions of Windows
#

---------------  S U M M A R Y ------------

Command Line: -ea -Dfile.encoding=UTF-8 -XX:+ShowCodeDetailsInExceptionMessages org.testng.remote.RemoteTestNG -serport 55057 -protocol json -d D:\RingPay\RingPay_APIAutomation\modified_updated\test-output D:\RingPay\RingPay_APIAutomation\modified_updated\RingPay.xml

Host: 11th Gen Intel(R) Core(TM) i5-1135G7 @ 2.40GHz, 8 cores, 15G,  Windows 10 , 64 bit Build 19041 (10.0.19041.2251)
Time: Tue Dec  6 13:16:22 2022 India Standard Time elapsed time: 0.193334 seconds (0d 0h 0m 0s)

---------------  T H R E A D  ---------------

Current thread (0x000001da06514b10):  JavaThread "main" [_thread_in_vm, id=14460, stack(0x00000074ec300000,0x00000074ec400000)]

Stack: [0x00000074ec300000,0x00000074ec400000]
Native frames: (J=compiled Java code, j=interpreted, Vv=VM code, C=native code)
V  [jvm.dll+0x675efa]
V  [jvm.dll+0x830a24]
V  [jvm.dll+0x8321ce]
V  [jvm.dll+0x832833]
V  [jvm.dll+0x2454b5]
V  [jvm.dll+0x82c9cb]
V  [jvm.dll+0x61ab26]
V  [jvm.dll+0x61ab8a]
V  [jvm.dll+0x61d3aa]
V  [jvm.dll+0x61b4c6]
V  [jvm.dll+0x239a1f]
V  [jvm.dll+0x6252d5]
V  [jvm.dll+0x1ea19b]
V  [jvm.dll+0x1ea6d5]
V  [jvm.dll+0x1eb10f]
V  [jvm.dll+0x1e05b1]
V  [jvm.dll+0x53bb80]
V  [jvm.dll+0x1f0da7]
V  [jvm.dll+0x7aae5b]
V  [jvm.dll+0x7ac202]
V  [jvm.dll+0x413a35]
C  [java.dll+0x1a55]

Java frames: (J=compiled Java code, j=interpreted, Vv=VM code)
j  java.lang.ClassLoader.findBootstrapClass(Ljava/lang/String;)Ljava/lang/Class;+0 java.base@17.0.3
j  java.lang.ClassLoader.findBootstrapClassOrNull(Ljava/lang/String;)Ljava/lang/Class;+10 java.base@17.0.3
j  java.lang.System$2.findBootstrapClassOrNull(Ljava/lang/String;)Ljava/lang/Class;+1 java.base@17.0.3
j  jdk.internal.loader.ClassLoaders$BootClassLoader.loadClassOrNull(Ljava/lang/String;Z)Ljava/lang/Class;+4 java.base@17.0.3
j  jdk.internal.loader.BuiltinClassLoader.loadClassOrNull(Ljava/lang/String;)Ljava/lang/Class;+3 java.base@17.0.3
j  jdk.internal.loader.BuiltinClassLoader.loadClassOrNull(Ljava/lang/String;Z)Ljava/lang/Class;+66 java.base@17.0.3
j  jdk.internal.loader.BuiltinClassLoader.loadClass(Ljava/lang/String;Z)Ljava/lang/Class;+3 java.base@17.0.3
j  jdk.internal.loader.ClassLoaders$AppClassLoader.loadClass(Ljava/lang/String;Z)Ljava/lang/Class;+36 java.base@17.0.3
j  java.lang.ClassLoader.loadClass(Ljava/lang/String;)Ljava/lang/Class;+3 java.base@17.0.3
v  ~StubRoutines::call_stub
j  com.beust.jcommander.internal.DefaultConverterFactory.<clinit>()V+170
v  ~StubRoutines::call_stub
j  com.beust.jcommander.JCommander.<init>(Lcom/beust/jcommander/JCommander$Options;)V+84
j  com.beust.jcommander.JCommander.<init>()V+9
j  com.beust.jcommander.JCommander.<init>(Ljava/lang/Object;Ljava/util/ResourceBundle;[Ljava/lang/String;)V+1
j  com.beust.jcommander.JCommander.<init>(Ljava/lang/Object;Ljava/util/ResourceBundle;)V+7
j  com.beust.jcommander.JCommander.<init>(Ljava/lang/Object;)V+6
j  com.beust.jcommander.JCommander.<init>(Ljava/lang/Object;[Ljava/lang/String;)V+2
j  org.testng.remote.RemoteTestNG.main([Ljava/lang/String;)V+45
v  ~StubRoutines::call_stub

---------------  P R O C E S S  ---------------

Threads class SMR info:
_java_thread_list=0x000001da25b70e50, length=13, elements={
0x000001da06514b10, 0x000001da24e88c80, 0x000001da258297a0, 0x000001da25837740,
0x000001da25884600, 0x000001da25886fc0, 0x000001da25887970, 0x000001da25893b60,
0x000001da25894550, 0x000001da25896340, 0x000001da25b4dc00, 0x000001da25b520e0,
0x000001da25b58db0
}

Java Threads: ( => current thread )
=>0x000001da06514b10 JavaThread "main" [_thread_in_vm, id=14460, stack(0x00000074ec300000,0x00000074ec400000)]
  0x000001da24e88c80 JavaThread "Reference Handler" daemon [_thread_blocked, id=14968, stack(0x00000074eca00000,0x00000074ecb00000)]
  0x000001da258297a0 JavaThread "Finalizer" daemon [_thread_blocked, id=17316, stack(0x00000074ecb00000,0x00000074ecc00000)]
  0x000001da25837740 JavaThread "Signal Dispatcher" daemon [_thread_blocked, id=9384, stack(0x00000074ecc00000,0x00000074ecd00000)]
  0x000001da25884600 JavaThread "Attach Listener" daemon [_thread_blocked, id=17076, stack(0x00000074ecd00000,0x00000074ece00000)]
  0x000001da25886fc0 JavaThread "Service Thread" daemon [_thread_blocked, id=16228, stack(0x00000074ece00000,0x00000074ecf00000)]
  0x000001da25887970 JavaThread "Monitor Deflation Thread" daemon [_thread_blocked, id=11636, stack(0x00000074ecf00000,0x00000074ed000000)]
  0x000001da25893b60 JavaThread "C2 CompilerThread0" daemon [_thread_blocked, id=12772, stack(0x00000074ed000000,0x00000074ed100000)]
  0x000001da25894550 JavaThread "C1 CompilerThread0" daemon [_thread_blocked, id=13712, stack(0x00000074ed100000,0x00000074ed200000)]
  0x000001da25896340 JavaThread "Sweeper thread" daemon [_thread_blocked, id=12404, stack(0x00000074ed200000,0x00000074ed300000)]
  0x000001da25b4dc00 JavaThread "Notification Thread" daemon [_thread_blocked, id=17956, stack(0x00000074ed300000,0x00000074ed400000)]
  0x000001da25b520e0 JavaThread "Common-Cleaner" daemon [_thread_blocked, id=19992, stack(0x00000074ed500000,0x00000074ed600000)]
  0x000001da25b58db0 JavaThread "C2 CompilerThread1" daemon [_thread_blocked, id=14800, stack(0x00000074ed600000,0x00000074ed700000)]

Other Threads:
  0x000001da24e88660 VMThread "VM Thread" [stack: 0x00000074ec900000,0x00000074eca00000] [id=18728]
  0x000001da0659a380 WatcherThread [stack: 0x00000074ed400000,0x00000074ed500000] [id=14020]
  0x000001da06580180 GCTaskThread "GC Thread#0" [stack: 0x00000074ec400000,0x00000074ec500000] [id=5092]
  0x000001da06590b80 ConcurrentGCThread "G1 Main Marker" [stack: 0x00000074ec500000,0x00000074ec600000] [id=13284]
  0x000001da06593140 ConcurrentGCThread "G1 Conc#0" [stack: 0x00000074ec600000,0x00000074ec700000] [id=17548]
  0x000001da065de8d0 ConcurrentGCThread "G1 Refine#0" [stack: 0x00000074ec700000,0x00000074ec800000] [id=14572]
  0x000001da24d1f490 ConcurrentGCThread "G1 Service" [stack: 0x00000074ec800000,0x00000074ec900000] [id=17484]

Threads with active compile tasks:

VM state: not at safepoint (normal execution)

VM Mutex/Monitor currently owned by a thread:  ([mutex/lock_event])
[0x000001da0650f4a0] Metaspace_lock - owner thread: 0x000001da06514b10

Heap address: 0x0000000705400000, size: 4012 MB, Compressed Oops mode: Zero based, Oop shift amount: 3

CDS archive(s) not mapped
Compressed class space mapped at: 0x0000000800000000-0x0000000840000000, reserved size: 1073741824
Narrow klass base: 0x0000000800000000, Narrow klass shift: 0, Narrow klass range: 0x40000000

GC Precious Log:
 CPUs: 8 total, 8 available
 Memory: 16043M
 Large Page Support: Disabled
 NUMA Support: Disabled
 Compressed Oops: Enabled (Zero based)
 Heap Region Size: 2M
 Heap Min Capacity: 8M
 Heap Initial Capacity: 252M
 Heap Max Capacity: 4012M
 Pre-touch: Disabled
 Parallel Workers: 8
 Concurrent Workers: 2
 Concurrent Refinement Workers: 8
 Periodic GC: Disabled

Heap:
 garbage-first heap   total 258048K, used 4096K [0x0000000705400000, 0x0000000800000000)
  region size 2048K, 3 young (6144K), 0 survivors (0K)
 Metaspace       used 5064K, committed 5184K, reserved 1056768K
  class space    used 423K, committed 512K, reserved 1048576K

Heap Regions: E=young(eden), S=young(survivor), O=old, HS=humongous(starts), HC=humongous(continues), CS=collection set, F=free, OA=open archive, CA=closed archive, TAMS=top-at-mark-start (previous, next)
|   0|0x0000000705400000, 0x0000000705400000, 0x0000000705600000|  0%| F|  |TAMS 0x0000000705400000, 0x0000000705400000| Untracked 
|   1|0x0000000705600000, 0x0000000705600000, 0x0000000705800000|  0%| F|  |TAMS 0x0000000705600000, 0x0000000705600000| Untracked 
|   2|0x0000000705800000, 0x0000000705800000, 0x0000000705a00000|  0%| F|  |TAMS 0x0000000705800000, 0x0000000705800000| Untracked 
|   3|0x0000000705a00000, 0x0000000705a00000, 0x0000000705c00000|  0%| F|  |TAMS 0x0000000705a00000, 0x0000000705a00000| Untracked 
|   4|0x0000000705c00000, 0x0000000705c00000, 0x0000000705e00000|  0%| F|  |TAMS 0x0000000705c00000, 0x0000000705c00000| Untracked 
|   5|0x0000000705e00000, 0x0000000705e00000, 0x0000000706000000|  0%| F|  |TAMS 0x0000000705e00000, 0x0000000705e00000| Untracked 
|   6|0x0000000706000000, 0x0000000706000000, 0x0000000706200000|  0%| F|  |TAMS 0x0000000706000000, 0x0000000706000000| Untracked 
|   7|0x0000000706200000, 0x0000000706200000, 0x0000000706400000|  0%| F|  |TAMS 0x0000000706200000, 0x0000000706200000| Untracked 
|   8|0x0000000706400000, 0x0000000706400000, 0x0000000706600000|  0%| F|  |TAMS 0x0000000706400000, 0x0000000706400000| Untracked 
|   9|0x0000000706600000, 0x0000000706600000, 0x0000000706800000|  0%| F|  |TAMS 0x0000000706600000, 0x0000000706600000| Untracked 
|  10|0x0000000706800000, 0x0000000706800000, 0x0000000706a00000|  0%| F|  |TAMS 0x0000000706800000, 0x0000000706800000| Untracked 
|  11|0x0000000706a00000, 0x0000000706a00000, 0x0000000706c00000|  0%| F|  |TAMS 0x0000000706a00000, 0x0000000706a00000| Untracked 
|  12|0x0000000706c00000, 0x0000000706c00000, 0x0000000706e00000|  0%| F|  |TAMS 0x0000000706c00000, 0x0000000706c00000| Untracked 
|  13|0x0000000706e00000, 0x0000000706e00000, 0x0000000707000000|  0%| F|  |TAMS 0x0000000706e00000, 0x0000000706e00000| Untracked 
|  14|0x0000000707000000, 0x0000000707000000, 0x0000000707200000|  0%| F|  |TAMS 0x0000000707000000, 0x0000000707000000| Untracked 
|  15|0x0000000707200000, 0x0000000707200000, 0x0000000707400000|  0%| F|  |TAMS 0x0000000707200000, 0x0000000707200000| Untracked 
|  16|0x0000000707400000, 0x0000000707400000, 0x0000000707600000|  0%| F|  |TAMS 0x0000000707400000, 0x0000000707400000| Untracked 
|  17|0x0000000707600000, 0x0000000707600000, 0x0000000707800000|  0%| F|  |TAMS 0x0000000707600000, 0x0000000707600000| Untracked 
|  18|0x0000000707800000, 0x0000000707800000, 0x0000000707a00000|  0%| F|  |TAMS 0x0000000707800000, 0x0000000707800000| Untracked 
|  19|0x0000000707a00000, 0x0000000707a00000, 0x0000000707c00000|  0%| F|  |TAMS 0x0000000707a00000, 0x0000000707a00000| Untracked 
|  20|0x0000000707c00000, 0x0000000707c00000, 0x0000000707e00000|  0%| F|  |TAMS 0x0000000707c00000, 0x0000000707c00000| Untracked 
|  21|0x0000000707e00000, 0x0000000707e00000, 0x0000000708000000|  0%| F|  |TAMS 0x0000000707e00000, 0x0000000707e00000| Untracked 
|  22|0x0000000708000000, 0x0000000708000000, 0x0000000708200000|  0%| F|  |TAMS 0x0000000708000000, 0x0000000708000000| Untracked 
|  23|0x0000000708200000, 0x0000000708200000, 0x0000000708400000|  0%| F|  |TAMS 0x0000000708200000, 0x0000000708200000| Untracked 
|  24|0x0000000708400000, 0x0000000708400000, 0x0000000708600000|  0%| F|  |TAMS 0x0000000708400000, 0x0000000708400000| Untracked 
|  25|0x0000000708600000, 0x0000000708600000, 0x0000000708800000|  0%| F|  |TAMS 0x0000000708600000, 0x0000000708600000| Untracked 
|  26|0x0000000708800000, 0x0000000708800000, 0x0000000708a00000|  0%| F|  |TAMS 0x0000000708800000, 0x0000000708800000| Untracked 
|  27|0x0000000708a00000, 0x0000000708a00000, 0x0000000708c00000|  0%| F|  |TAMS 0x0000000708a00000, 0x0000000708a00000| Untracked 
|  28|0x0000000708c00000, 0x0000000708c00000, 0x0000000708e00000|  0%| F|  |TAMS 0x0000000708c00000, 0x0000000708c00000| Untracked 
|  29|0x0000000708e00000, 0x0000000708e00000, 0x0000000709000000|  0%| F|  |TAMS 0x0000000708e00000, 0x0000000708e00000| Untracked 
|  30|0x0000000709000000, 0x0000000709000000, 0x0000000709200000|  0%| F|  |TAMS 0x0000000709000000, 0x0000000709000000| Untracked 
|  31|0x0000000709200000, 0x0000000709200000, 0x0000000709400000|  0%| F|  |TAMS 0x0000000709200000, 0x0000000709200000| Untracked 
|  32|0x0000000709400000, 0x0000000709400000, 0x0000000709600000|  0%| F|  |TAMS 0x0000000709400000, 0x0000000709400000| Untracked 
|  33|0x0000000709600000, 0x0000000709600000, 0x0000000709800000|  0%| F|  |TAMS 0x0000000709600000, 0x0000000709600000| Untracked 
|  34|0x0000000709800000, 0x0000000709800000, 0x0000000709a00000|  0%| F|  |TAMS 0x0000000709800000, 0x0000000709800000| Untracked 
|  35|0x0000000709a00000, 0x0000000709a00000, 0x0000000709c00000|  0%| F|  |TAMS 0x0000000709a00000, 0x0000000709a00000| Untracked 
|  36|0x0000000709c00000, 0x0000000709c00000, 0x0000000709e00000|  0%| F|  |TAMS 0x0000000709c00000, 0x0000000709c00000| Untracked 
|  37|0x0000000709e00000, 0x0000000709e00000, 0x000000070a000000|  0%| F|  |TAMS 0x0000000709e00000, 0x0000000709e00000| Untracked 
|  38|0x000000070a000000, 0x000000070a000000, 0x000000070a200000|  0%| F|  |TAMS 0x000000070a000000, 0x000000070a000000| Untracked 
|  39|0x000000070a200000, 0x000000070a200000, 0x000000070a400000|  0%| F|  |TAMS 0x000000070a200000, 0x000000070a200000| Untracked 
|  40|0x000000070a400000, 0x000000070a400000, 0x000000070a600000|  0%| F|  |TAMS 0x000000070a400000, 0x000000070a400000| Untracked 
|  41|0x000000070a600000, 0x000000070a600000, 0x000000070a800000|  0%| F|  |TAMS 0x000000070a600000, 0x000000070a600000| Untracked 
|  42|0x000000070a800000, 0x000000070a800000, 0x000000070aa00000|  0%| F|  |TAMS 0x000000070a800000, 0x000000070a800000| Untracked 
|  43|0x000000070aa00000, 0x000000070aa00000, 0x000000070ac00000|  0%| F|  |TAMS 0x000000070aa00000, 0x000000070aa00000| Untracked 
|  44|0x000000070ac00000, 0x000000070ac00000, 0x000000070ae00000|  0%| F|  |TAMS 0x000000070ac00000, 0x000000070ac00000| Untracked 
|  45|0x000000070ae00000, 0x000000070ae00000, 0x000000070b000000|  0%| F|  |TAMS 0x000000070ae00000, 0x000000070ae00000| Untracked 
|  46|0x000000070b000000, 0x000000070b000000, 0x000000070b200000|  0%| F|  |TAMS 0x000000070b000000, 0x000000070b000000| Untracked 
|  47|0x000000070b200000, 0x000000070b200000, 0x000000070b400000|  0%| F|  |TAMS 0x000000070b200000, 0x000000070b200000| Untracked 
|  48|0x000000070b400000, 0x000000070b400000, 0x000000070b600000|  0%| F|  |TAMS 0x000000070b400000, 0x000000070b400000| Untracked 
|  49|0x000000070b600000, 0x000000070b600000, 0x000000070b800000|  0%| F|  |TAMS 0x000000070b600000, 0x000000070b600000| Untracked 
|  50|0x000000070b800000, 0x000000070b800000, 0x000000070ba00000|  0%| F|  |TAMS 0x000000070b800000, 0x000000070b800000| Untracked 
|  51|0x000000070ba00000, 0x000000070ba00000, 0x000000070bc00000|  0%| F|  |TAMS 0x000000070ba00000, 0x000000070ba00000| Untracked 
|  52|0x000000070bc00000, 0x000000070bc00000, 0x000000070be00000|  0%| F|  |TAMS 0x000000070bc00000, 0x000000070bc00000| Untracked 
|  53|0x000000070be00000, 0x000000070be00000, 0x000000070c000000|  0%| F|  |TAMS 0x000000070be00000, 0x000000070be00000| Untracked 
|  54|0x000000070c000000, 0x000000070c000000, 0x000000070c200000|  0%| F|  |TAMS 0x000000070c000000, 0x000000070c000000| Untracked 
|  55|0x000000070c200000, 0x000000070c200000, 0x000000070c400000|  0%| F|  |TAMS 0x000000070c200000, 0x000000070c200000| Untracked 
|  56|0x000000070c400000, 0x000000070c400000, 0x000000070c600000|  0%| F|  |TAMS 0x000000070c400000, 0x000000070c400000| Untracked 
|  57|0x000000070c600000, 0x000000070c600000, 0x000000070c800000|  0%| F|  |TAMS 0x000000070c600000, 0x000000070c600000| Untracked 
|  58|0x000000070c800000, 0x000000070c800000, 0x000000070ca00000|  0%| F|  |TAMS 0x000000070c800000, 0x000000070c800000| Untracked 
|  59|0x000000070ca00000, 0x000000070ca00000, 0x000000070cc00000|  0%| F|  |TAMS 0x000000070ca00000, 0x000000070ca00000| Untracked 
|  60|0x000000070cc00000, 0x000000070cc00000, 0x000000070ce00000|  0%| F|  |TAMS 0x000000070cc00000, 0x000000070cc00000| Untracked 
|  61|0x000000070ce00000, 0x000000070ce00000, 0x000000070d000000|  0%| F|  |TAMS 0x000000070ce00000, 0x000000070ce00000| Untracked 
|  62|0x000000070d000000, 0x000000070d000000, 0x000000070d200000|  0%| F|  |TAMS 0x000000070d000000, 0x000000070d000000| Untracked 
|  63|0x000000070d200000, 0x000000070d200000, 0x000000070d400000|  0%| F|  |TAMS 0x000000070d200000, 0x000000070d200000| Untracked 
|  64|0x000000070d400000, 0x000000070d400000, 0x000000070d600000|  0%| F|  |TAMS 0x000000070d400000, 0x000000070d400000| Untracked 
|  65|0x000000070d600000, 0x000000070d600000, 0x000000070d800000|  0%| F|  |TAMS 0x000000070d600000, 0x000000070d600000| Untracked 
|  66|0x000000070d800000, 0x000000070d800000, 0x000000070da00000|  0%| F|  |TAMS 0x000000070d800000, 0x000000070d800000| Untracked 
|  67|0x000000070da00000, 0x000000070da00000, 0x000000070dc00000|  0%| F|  |TAMS 0x000000070da00000, 0x000000070da00000| Untracked 
|  68|0x000000070dc00000, 0x000000070dc00000, 0x000000070de00000|  0%| F|  |TAMS 0x000000070dc00000, 0x000000070dc00000| Untracked 
|  69|0x000000070de00000, 0x000000070de00000, 0x000000070e000000|  0%| F|  |TAMS 0x000000070de00000, 0x000000070de00000| Untracked 
|  70|0x000000070e000000, 0x000000070e000000, 0x000000070e200000|  0%| F|  |TAMS 0x000000070e000000, 0x000000070e000000| Untracked 
|  71|0x000000070e200000, 0x000000070e200000, 0x000000070e400000|  0%| F|  |TAMS 0x000000070e200000, 0x000000070e200000| Untracked 
|  72|0x000000070e400000, 0x000000070e400000, 0x000000070e600000|  0%| F|  |TAMS 0x000000070e400000, 0x000000070e400000| Untracked 
|  73|0x000000070e600000, 0x000000070e600000, 0x000000070e800000|  0%| F|  |TAMS 0x000000070e600000, 0x000000070e600000| Untracked 
|  74|0x000000070e800000, 0x000000070e800000, 0x000000070ea00000|  0%| F|  |TAMS 0x000000070e800000, 0x000000070e800000| Untracked 
|  75|0x000000070ea00000, 0x000000070ea00000, 0x000000070ec00000|  0%| F|  |TAMS 0x000000070ea00000, 0x000000070ea00000| Untracked 
|  76|0x000000070ec00000, 0x000000070ec00000, 0x000000070ee00000|  0%| F|  |TAMS 0x000000070ec00000, 0x000000070ec00000| Untracked 
|  77|0x000000070ee00000, 0x000000070ee00000, 0x000000070f000000|  0%| F|  |TAMS 0x000000070ee00000, 0x000000070ee00000| Untracked 
|  78|0x000000070f000000, 0x000000070f000000, 0x000000070f200000|  0%| F|  |TAMS 0x000000070f000000, 0x000000070f000000| Untracked 
|  79|0x000000070f200000, 0x000000070f200000, 0x000000070f400000|  0%| F|  |TAMS 0x000000070f200000, 0x000000070f200000| Untracked 
|  80|0x000000070f400000, 0x000000070f400000, 0x000000070f600000|  0%| F|  |TAMS 0x000000070f400000, 0x000000070f400000| Untracked 
|  81|0x000000070f600000, 0x000000070f600000, 0x000000070f800000|  0%| F|  |TAMS 0x000000070f600000, 0x000000070f600000| Untracked 
|  82|0x000000070f800000, 0x000000070f800000, 0x000000070fa00000|  0%| F|  |TAMS 0x000000070f800000, 0x000000070f800000| Untracked 
|  83|0x000000070fa00000, 0x000000070fa00000, 0x000000070fc00000|  0%| F|  |TAMS 0x000000070fa00000, 0x000000070fa00000| Untracked 
|  84|0x000000070fc00000, 0x000000070fc00000, 0x000000070fe00000|  0%| F|  |TAMS 0x000000070fc00000, 0x000000070fc00000| Untracked 
|  85|0x000000070fe00000, 0x000000070fe00000, 0x0000000710000000|  0%| F|  |TAMS 0x000000070fe00000, 0x000000070fe00000| Untracked 
|  86|0x0000000710000000, 0x0000000710000000, 0x0000000710200000|  0%| F|  |TAMS 0x0000000710000000, 0x0000000710000000| Untracked 
|  87|0x0000000710200000, 0x0000000710200000, 0x0000000710400000|  0%| F|  |TAMS 0x0000000710200000, 0x0000000710200000| Untracked 
|  88|0x0000000710400000, 0x0000000710400000, 0x0000000710600000|  0%| F|  |TAMS 0x0000000710400000, 0x0000000710400000| Untracked 
|  89|0x0000000710600000, 0x0000000710600000, 0x0000000710800000|  0%| F|  |TAMS 0x0000000710600000, 0x0000000710600000| Untracked 
|  90|0x0000000710800000, 0x0000000710800000, 0x0000000710a00000|  0%| F|  |TAMS 0x0000000710800000, 0x0000000710800000| Untracked 
|  91|0x0000000710a00000, 0x0000000710a00000, 0x0000000710c00000|  0%| F|  |TAMS 0x0000000710a00000, 0x0000000710a00000| Untracked 
|  92|0x0000000710c00000, 0x0000000710c00000, 0x0000000710e00000|  0%| F|  |TAMS 0x0000000710c00000, 0x0000000710c00000| Untracked 
|  93|0x0000000710e00000, 0x0000000710e00000, 0x0000000711000000|  0%| F|  |TAMS 0x0000000710e00000, 0x0000000710e00000| Untracked 
|  94|0x0000000711000000, 0x0000000711000000, 0x0000000711200000|  0%| F|  |TAMS 0x0000000711000000, 0x0000000711000000| Untracked 
|  95|0x0000000711200000, 0x0000000711200000, 0x0000000711400000|  0%| F|  |TAMS 0x0000000711200000, 0x0000000711200000| Untracked 
|  96|0x0000000711400000, 0x0000000711400000, 0x0000000711600000|  0%| F|  |TAMS 0x0000000711400000, 0x0000000711400000| Untracked 
|  97|0x0000000711600000, 0x0000000711600000, 0x0000000711800000|  0%| F|  |TAMS 0x0000000711600000, 0x0000000711600000| Untracked 
|  98|0x0000000711800000, 0x0000000711800000, 0x0000000711a00000|  0%| F|  |TAMS 0x0000000711800000, 0x0000000711800000| Untracked 
|  99|0x0000000711a00000, 0x0000000711a00000, 0x0000000711c00000|  0%| F|  |TAMS 0x0000000711a00000, 0x0000000711a00000| Untracked 
| 100|0x0000000711c00000, 0x0000000711c00000, 0x0000000711e00000|  0%| F|  |TAMS 0x0000000711c00000, 0x0000000711c00000| Untracked 
| 101|0x0000000711e00000, 0x0000000711e00000, 0x0000000712000000|  0%| F|  |TAMS 0x0000000711e00000, 0x0000000711e00000| Untracked 
| 102|0x0000000712000000, 0x0000000712000000, 0x0000000712200000|  0%| F|  |TAMS 0x0000000712000000, 0x0000000712000000| Untracked 
| 103|0x0000000712200000, 0x0000000712200000, 0x0000000712400000|  0%| F|  |TAMS 0x0000000712200000, 0x0000000712200000| Untracked 
| 104|0x0000000712400000, 0x0000000712400000, 0x0000000712600000|  0%| F|  |TAMS 0x0000000712400000, 0x0000000712400000| Untracked 
| 105|0x0000000712600000, 0x0000000712600000, 0x0000000712800000|  0%| F|  |TAMS 0x0000000712600000, 0x0000000712600000| Untracked 
| 106|0x0000000712800000, 0x0000000712800000, 0x0000000712a00000|  0%| F|  |TAMS 0x0000000712800000, 0x0000000712800000| Untracked 
| 107|0x0000000712a00000, 0x0000000712a00000, 0x0000000712c00000|  0%| F|  |TAMS 0x0000000712a00000, 0x0000000712a00000| Untracked 
| 108|0x0000000712c00000, 0x0000000712c00000, 0x0000000712e00000|  0%| F|  |TAMS 0x0000000712c00000, 0x0000000712c00000| Untracked 
| 109|0x0000000712e00000, 0x0000000712e00000, 0x0000000713000000|  0%| F|  |TAMS 0x0000000712e00000, 0x0000000712e00000| Untracked 
| 110|0x0000000713000000, 0x0000000713000000, 0x0000000713200000|  0%| F|  |TAMS 0x0000000713000000, 0x0000000713000000| Untracked 
| 111|0x0000000713200000, 0x0000000713200000, 0x0000000713400000|  0%| F|  |TAMS 0x0000000713200000, 0x0000000713200000| Untracked 
| 112|0x0000000713400000, 0x0000000713400000, 0x0000000713600000|  0%| F|  |TAMS 0x0000000713400000, 0x0000000713400000| Untracked 
| 113|0x0000000713600000, 0x0000000713600000, 0x0000000713800000|  0%| F|  |TAMS 0x0000000713600000, 0x0000000713600000| Untracked 
| 114|0x0000000713800000, 0x0000000713800000, 0x0000000713a00000|  0%| F|  |TAMS 0x0000000713800000, 0x0000000713800000| Untracked 
| 115|0x0000000713a00000, 0x0000000713a00000, 0x0000000713c00000|  0%| F|  |TAMS 0x0000000713a00000, 0x0000000713a00000| Untracked 
| 116|0x0000000713c00000, 0x0000000713c00000, 0x0000000713e00000|  0%| F|  |TAMS 0x0000000713c00000, 0x0000000713c00000| Untracked 
| 117|0x0000000713e00000, 0x0000000713e00000, 0x0000000714000000|  0%| F|  |TAMS 0x0000000713e00000, 0x0000000713e00000| Untracked 
| 118|0x0000000714000000, 0x0000000714000000, 0x0000000714200000|  0%| F|  |TAMS 0x0000000714000000, 0x0000000714000000| Untracked 
| 119|0x0000000714200000, 0x0000000714200000, 0x0000000714400000|  0%| F|  |TAMS 0x0000000714200000, 0x0000000714200000| Untracked 
| 120|0x0000000714400000, 0x0000000714400000, 0x0000000714600000|  0%| F|  |TAMS 0x0000000714400000, 0x0000000714400000| Untracked 
| 121|0x0000000714600000, 0x0000000714600000, 0x0000000714800000|  0%| F|  |TAMS 0x0000000714600000, 0x0000000714600000| Untracked 
| 122|0x0000000714800000, 0x0000000714800000, 0x0000000714a00000|  0%| F|  |TAMS 0x0000000714800000, 0x0000000714800000| Untracked 
| 123|0x0000000714a00000, 0x0000000714c00000, 0x0000000714c00000|100%| E|  |TAMS 0x0000000714a00000, 0x0000000714a00000| Complete 
| 124|0x0000000714c00000, 0x0000000714e00000, 0x0000000714e00000|100%| E|CS|TAMS 0x0000000714c00000, 0x0000000714c00000| Complete 
| 125|0x0000000714e00000, 0x0000000715000000, 0x0000000715000000|100%| E|CS|TAMS 0x0000000714e00000, 0x0000000714e00000| Complete 

Card table byte_map: [0x000001da196e0000,0x000001da19ec0000] _byte_map_base: 0x000001da15eb6000

Marking Bits (Prev, Next): (CMBitMap*) 0x000001da06580790, (CMBitMap*) 0x000001da065807d0
 Prev Bits: [0x000001da1a6a0000, 0x000001da1e550000)
 Next Bits: [0x000001da1e550000, 0x000001da22400000)

Polling page: 0x000001da05ce0000

Metaspace:

Usage:
  Non-class:      4.53 MB used.
      Class:    423.43 KB used.
       Both:      4.95 MB used.

Virtual space:
  Non-class space:        8.00 MB reserved,       4.56 MB ( 57%) committed,  1 nodes.
      Class space:        1.00 GB reserved,     512.00 KB ( <1%) committed,  1 nodes.
             Both:        1.01 GB reserved,       5.06 MB ( <1%) committed. 

Chunk freelists:
   Non-Class:  2.89 MB
       Class:  3.53 MB
        Both:  6.42 MB

MaxMetaspaceSize: unlimited
CompressedClassSpaceSize: 1.00 GB
Initial GC threshold: 21.00 MB
Current GC threshold: 21.00 MB
CDS: off
MetaspaceReclaimPolicy: balanced
 - commit_granule_bytes: 65536.
 - commit_granule_words: 8192.
 - virtual_space_node_default_size: 1048576.
 - enlarge_chunks_in_place: 1.
 - new_chunks_are_fully_committed: 0.
 - uncommit_free_chunks: 1.
 - use_allocation_guard: 0.
 - handle_deallocations: 1.


Internal statistics:

num_allocs_failed_limit: 0.
num_arena_births: 4.
num_arena_deaths: 0.
num_vsnodes_births: 2.
num_vsnodes_deaths: 0.
num_space_committed: 81.
num_space_uncommitted: 0.
num_chunks_returned_to_freelist: 0.
num_chunks_taken_from_freelist: 17.
num_chunk_merges: 0.
num_chunk_splits: 8.
num_chunks_enlarged: 6.
num_purges: 0.
num_inconsistent_stats: 0.

CodeHeap 'non-profiled nmethods': size=120000Kb used=63Kb max_used=63Kb free=119936Kb
 bounds [0x000001da11690000, 0x000001da11900000, 0x000001da18bc0000]
CodeHeap 'profiled nmethods': size=120000Kb used=387Kb max_used=387Kb free=119612Kb
 bounds [0x000001da0a160000, 0x000001da0a3d0000, 0x000001da11690000]
CodeHeap 'non-nmethods': size=5760Kb used=1073Kb max_used=1090Kb free=4686Kb
 bounds [0x000001da09bc0000, 0x000001da09e30000, 0x000001da0a160000]
 total_blobs=570 nmethods=246 adapters=237
 compilation: enabled
              stopped_count=0, restarted_count=0
 full_count=0

Compilation events (20 events):
Event: 0.179 Thread 0x000001da25893b60  236       4       java.lang.String::indexOf (7 bytes)
Event: 0.179 Thread 0x000001da25894550  237       3       java.lang.String::indexOf (18 bytes)
Event: 0.179 Thread 0x000001da25894550 nmethod 237 0x000001da0a1bd190 code [0x000001da0a1bd360, 0x000001da0a1bd628]
Event: 0.179 Thread 0x000001da25894550  238       3       java.lang.String::indexOf (113 bytes)
Event: 0.179 Thread 0x000001da25894550 nmethod 238 0x000001da0a1bd790 code [0x000001da0a1bd9c0, 0x000001da0a1bdfe8]
Event: 0.179 Thread 0x000001da25894550  239       1       java.util.jar.Attributes$Name::hashCode (5 bytes)
Event: 0.179 Thread 0x000001da25894550 nmethod 239 0x000001da1169f090 code [0x000001da1169f220, 0x000001da1169f2f8]
Event: 0.180 Thread 0x000001da25894550  240       3       java.util.concurrent.ConcurrentHashMap::get (162 bytes)
Event: 0.180 Thread 0x000001da25893b60 nmethod 236 0x000001da1169f390 code [0x000001da1169f500, 0x000001da1169f6b8]
Event: 0.180 Thread 0x000001da25894550 nmethod 240 0x000001da0a1be190 code [0x000001da0a1be3e0, 0x000001da0a1beee8]
Event: 0.180 Thread 0x000001da25894550  241       3       jdk.internal.misc.Unsafe::putReferenceRelease (9 bytes)
Event: 0.180 Thread 0x000001da25894550 nmethod 241 0x000001da0a1bf210 code [0x000001da0a1bf3a0, 0x000001da0a1bf518]
Event: 0.180 Thread 0x000001da25894550  243       3       java.util.concurrent.ConcurrentHashMap::setTabAt (20 bytes)
Event: 0.180 Thread 0x000001da25894550 nmethod 243 0x000001da0a1bf590 code [0x000001da0a1bf740, 0x000001da0a1bf968]
Event: 0.180 Thread 0x000001da25894550  244       3       jdk.internal.misc.Unsafe::allocateUninitializedArray0 (90 bytes)
Event: 0.180 Thread 0x000001da25894550 nmethod 244 0x000001da0a1bfa10 code [0x000001da0a1bfc40, 0x000001da0a1c06d8]
Event: 0.181 Thread 0x000001da25894550  245       3       java.lang.String::replace (42 bytes)
Event: 0.181 Thread 0x000001da25894550 nmethod 245 0x000001da0a1c0890 code [0x000001da0a1c0a60, 0x000001da0a1c0d98]
Event: 0.181 Thread 0x000001da25894550  246       1       jdk.internal.loader.URLClassPath$Loader::getBaseURL (5 bytes)
Event: 0.181 Thread 0x000001da25894550 nmethod 246 0x000001da1169fc10 code [0x000001da1169fda0, 0x000001da1169fe78]

GC Heap History (0 events):
No events

Deoptimization events (20 events):
Event: 0.144 Thread 0x000001da06514b10 DEOPT PACKING pc=0x000001da0a18a58c sp=0x00000074ec3fa710
Event: 0.144 Thread 0x000001da06514b10 DEOPT UNPACKING pc=0x000001da09c16763 sp=0x00000074ec3f9ba0 mode 0
Event: 0.144 Thread 0x000001da06514b10 DEOPT PACKING pc=0x000001da0a18a58c sp=0x00000074ec3fa710
Event: 0.144 Thread 0x000001da06514b10 DEOPT UNPACKING pc=0x000001da09c16763 sp=0x00000074ec3f9ba0 mode 0
Event: 0.144 Thread 0x000001da06514b10 DEOPT PACKING pc=0x000001da0a18a58c sp=0x00000074ec3fa710
Event: 0.144 Thread 0x000001da06514b10 DEOPT UNPACKING pc=0x000001da09c16763 sp=0x00000074ec3f9ba0 mode 0
Event: 0.144 Thread 0x000001da06514b10 DEOPT PACKING pc=0x000001da0a18a58c sp=0x00000074ec3fa710
Event: 0.144 Thread 0x000001da06514b10 DEOPT UNPACKING pc=0x000001da09c16763 sp=0x00000074ec3f9ba0 mode 0
Event: 0.144 Thread 0x000001da06514b10 DEOPT PACKING pc=0x000001da0a18a58c sp=0x00000074ec3fa710
Event: 0.144 Thread 0x000001da06514b10 DEOPT UNPACKING pc=0x000001da09c16763 sp=0x00000074ec3f9ba0 mode 0
Event: 0.144 Thread 0x000001da06514b10 DEOPT PACKING pc=0x000001da0a18a58c sp=0x00000074ec3fa710
Event: 0.144 Thread 0x000001da06514b10 DEOPT UNPACKING pc=0x000001da09c16763 sp=0x00000074ec3f9ba0 mode 0
Event: 0.144 Thread 0x000001da06514b10 DEOPT PACKING pc=0x000001da0a18a58c sp=0x00000074ec3fa710
Event: 0.144 Thread 0x000001da06514b10 DEOPT UNPACKING pc=0x000001da09c16763 sp=0x00000074ec3f9ba0 mode 0
Event: 0.145 Thread 0x000001da06514b10 DEOPT PACKING pc=0x000001da0a18a58c sp=0x00000074ec3fa710
Event: 0.145 Thread 0x000001da06514b10 DEOPT UNPACKING pc=0x000001da09c16763 sp=0x00000074ec3f9ba0 mode 0
Event: 0.145 Thread 0x000001da06514b10 DEOPT PACKING pc=0x000001da0a18a58c sp=0x00000074ec3fa710
Event: 0.145 Thread 0x000001da06514b10 DEOPT UNPACKING pc=0x000001da09c16763 sp=0x00000074ec3f9ba0 mode 0
Event: 0.145 Thread 0x000001da06514b10 DEOPT PACKING pc=0x000001da0a18a58c sp=0x00000074ec3fa710
Event: 0.145 Thread 0x000001da06514b10 DEOPT UNPACKING pc=0x000001da09c16763 sp=0x00000074ec3f9ba0 mode 0

Classes unloaded (0 events):
No events

Classes redefined (0 events):
No events

Internal exceptions (0 events):
No events

VM Operations (2 events):
Event: 0.133 Executing VM operation: HandshakeAllThreads
Event: 0.133 Executing VM operation: HandshakeAllThreads done

Events (20 events):
Event: 0.159 loading class java/util/ArrayList$Itr done
Event: 0.170 loading class java/io/IOException
Event: 0.170 loading class java/io/IOException done
Event: 0.171 loading class java/lang/PublicMethods$MethodList
Event: 0.171 loading class java/lang/PublicMethods$MethodList done
Event: 0.171 loading class java/lang/PublicMethods$Key
Event: 0.171 loading class java/lang/PublicMethods$Key done
Event: 0.171 loading class java/lang/Void
Event: 0.171 loading class java/lang/Void done
Event: 0.171 loading class java/util/concurrent/ConcurrentHashMap$ForwardingNode
Event: 0.171 loading class java/util/concurrent/ConcurrentHashMap$ForwardingNode done
Event: 0.175 loading class java/lang/InstantiationException
Event: 0.175 loading class java/lang/InstantiationException done
Event: 0.175 loading class java/lang/IllegalAccessException
Event: 0.175 loading class java/lang/IllegalAccessException done
Event: 0.175 loading class java/lang/reflect/InvocationTargetException
Event: 0.175 loading class java/lang/reflect/InvocationTargetException done
Event: 0.176 loading class java/lang/IllegalStateException
Event: 0.177 loading class java/lang/IllegalStateException done
Event: 0.181 loading class java/math/BigDecimal


Dynamic libraries:
0x00007ff794190000 - 0x00007ff79419e000 	C:\Users\IGS0425\.p2\pool\plugins\org.eclipse.justj.openjdk.hotspot.jre.full.win32.x86_64_17.0.3.v20220515-1416\jre\bin\javaw.exe
0x00007ffa4d5d0000 - 0x00007ffa4d7c8000 	C:\Windows\SYSTEM32\ntdll.dll
0x00007ffa4b620000 - 0x00007ffa4b6df000 	C:\Windows\System32\KERNEL32.DLL
0x00007ffa4aea0000 - 0x00007ffa4b172000 	C:\Windows\System32\KERNELBASE.dll
0x00007ffa4b330000 - 0x00007ffa4b430000 	C:\Windows\System32\ucrtbase.dll
0x00007ffa41fa0000 - 0x00007ffa41fb9000 	C:\Users\IGS0425\.p2\pool\plugins\org.eclipse.justj.openjdk.hotspot.jre.full.win32.x86_64_17.0.3.v20220515-1416\jre\bin\VCRUNTIME140.dll
0x00007ffa44870000 - 0x00007ffa44888000 	C:\Users\IGS0425\.p2\pool\plugins\org.eclipse.justj.openjdk.hotspot.jre.full.win32.x86_64_17.0.3.v20220515-1416\jre\bin\jli.dll
0x00007ffa4cee0000 - 0x00007ffa4d07d000 	C:\Windows\System32\USER32.dll
0x00007ffa3b980000 - 0x00007ffa3bc1a000 	C:\Windows\WinSxS\amd64_microsoft.windows.common-controls_6595b64144ccf1df_6.0.19041.1110_none_60b5254171f9507e\COMCTL32.dll
0x00007ffa4ae20000 - 0x00007ffa4ae42000 	C:\Windows\System32\win32u.dll
0x00007ffa4d560000 - 0x00007ffa4d58b000 	C:\Windows\System32\GDI32.dll
0x00007ffa4cc40000 - 0x00007ffa4ccde000 	C:\Windows\System32\msvcrt.dll
0x00007ffa4b220000 - 0x00007ffa4b32f000 	C:\Windows\System32\gdi32full.dll
0x00007ffa4ad80000 - 0x00007ffa4ae1d000 	C:\Windows\System32\msvcp_win.dll
0x00007ffa4c8a0000 - 0x00007ffa4c8d2000 	C:\Windows\System32\IMM32.DLL
0x00007ffa44630000 - 0x00007ffa4463c000 	C:\Users\IGS0425\.p2\pool\plugins\org.eclipse.justj.openjdk.hotspot.jre.full.win32.x86_64_17.0.3.v20220515-1416\jre\bin\vcruntime140_1.dll
0x00007ffa18f00000 - 0x00007ffa18f91000 	C:\Users\IGS0425\.p2\pool\plugins\org.eclipse.justj.openjdk.hotspot.jre.full.win32.x86_64_17.0.3.v20220515-1416\jre\bin\msvcp140.dll
0x00007ff9cad20000 - 0x00007ff9cb968000 	C:\Users\IGS0425\.p2\pool\plugins\org.eclipse.justj.openjdk.hotspot.jre.full.win32.x86_64_17.0.3.v20220515-1416\jre\bin\server\jvm.dll
0x00007ffa4c2d0000 - 0x00007ffa4c37e000 	C:\Windows\System32\ADVAPI32.dll
0x00007ffa4bae0000 - 0x00007ffa4bb7c000 	C:\Windows\System32\sechost.dll
0x00007ffa4c990000 - 0x00007ffa4cab5000 	C:\Windows\System32\RPCRT4.dll
0x00007ffa4c530000 - 0x00007ffa4c538000 	C:\Windows\System32\PSAPI.DLL
0x00007ffa2ac10000 - 0x00007ffa2ac19000 	C:\Windows\SYSTEM32\WSOCK32.dll
0x00007ffa43940000 - 0x00007ffa4394a000 	C:\Windows\SYSTEM32\VERSION.dll
0x00007ffa23140000 - 0x00007ffa23167000 	C:\Windows\SYSTEM32\WINMM.dll
0x00007ffa4d080000 - 0x00007ffa4d0eb000 	C:\Windows\System32\WS2_32.dll
0x00007ffa494e0000 - 0x00007ffa494f2000 	C:\Windows\SYSTEM32\kernel.appcore.dll
0x00007ffa44860000 - 0x00007ffa4486a000 	C:\Users\IGS0425\.p2\pool\plugins\org.eclipse.justj.openjdk.hotspot.jre.full.win32.x86_64_17.0.3.v20220515-1416\jre\bin\jimage.dll
0x00007ffa48b30000 - 0x00007ffa48d14000 	C:\Windows\SYSTEM32\DBGHELP.DLL
0x00007ffa2fa00000 - 0x00007ffa2fa2c000 	C:\Windows\SYSTEM32\dbgcore.DLL
0x00007ffa4b590000 - 0x00007ffa4b612000 	C:\Windows\System32\bcryptPrimitives.dll
0x00007ffa41f40000 - 0x00007ffa41f65000 	C:\Users\IGS0425\.p2\pool\plugins\org.eclipse.justj.openjdk.hotspot.jre.full.win32.x86_64_17.0.3.v20220515-1416\jre\bin\java.dll
0x00007ffa43060000 - 0x00007ffa43078000 	C:\Users\IGS0425\.p2\pool\plugins\org.eclipse.justj.openjdk.hotspot.jre.full.win32.x86_64_17.0.3.v20220515-1416\jre\bin\zip.dll
0x00007ffa4bb80000 - 0x00007ffa4c2c3000 	C:\Windows\System32\SHELL32.dll
0x00007ffa48d30000 - 0x00007ffa494c2000 	C:\Windows\SYSTEM32\windows.storage.dll
0x00007ffa4c540000 - 0x00007ffa4c894000 	C:\Windows\System32\combase.dll
0x00007ffa4a570000 - 0x00007ffa4a5a0000 	C:\Windows\SYSTEM32\Wldp.dll
0x00007ffa4cac0000 - 0x00007ffa4cb6d000 	C:\Windows\System32\SHCORE.dll
0x00007ffa4c400000 - 0x00007ffa4c455000 	C:\Windows\System32\shlwapi.dll
0x00007ffa4ac10000 - 0x00007ffa4ac2f000 	C:\Windows\SYSTEM32\profapi.dll
0x00007ffa41370000 - 0x00007ffa41389000 	C:\Users\IGS0425\.p2\pool\plugins\org.eclipse.justj.openjdk.hotspot.jre.full.win32.x86_64_17.0.3.v20220515-1416\jre\bin\net.dll
0x00007ffa45450000 - 0x00007ffa4555c000 	C:\Windows\SYSTEM32\WINHTTP.dll
0x00007ffa4a350000 - 0x00007ffa4a3ba000 	C:\Windows\system32\mswsock.dll
0x00007ffa41150000 - 0x00007ffa41165000 	C:\Users\IGS0425\.p2\pool\plugins\org.eclipse.justj.openjdk.hotspot.jre.full.win32.x86_64_17.0.3.v20220515-1416\jre\bin\nio.dll

dbghelp: loaded successfully - version: 4.0.5 - missing functions: none
symbol engine: initialized successfully - sym options: 0x614 - pdb path: .;C:\Users\IGS0425\.p2\pool\plugins\org.eclipse.justj.openjdk.hotspot.jre.full.win32.x86_64_17.0.3.v20220515-1416\jre\bin;C:\Windows\SYSTEM32;C:\Windows\WinSxS\amd64_microsoft.windows.common-controls_6595b64144ccf1df_6.0.19041.1110_none_60b5254171f9507e;C:\Users\IGS0425\.p2\pool\plugins\org.eclipse.justj.openjdk.hotspot.jre.full.win32.x86_64_17.0.3.v20220515-1416\jre\bin\server

VM Arguments:
jvm_args: -ea -Dfile.encoding=UTF-8 -XX:+ShowCodeDetailsInExceptionMessages 
java_command: org.testng.remote.RemoteTestNG -serport 55057 -protocol json -d D:\RingPay\RingPay_APIAutomation\modified_updated\test-output D:\RingPay\RingPay_APIAutomation\modified_updated\RingPay.xml
java_class_path (initial): C:\Users\IGS0425\eclipse\java-2022-06\eclipse\configuration\org.eclipse.osgi\447\0\.cp\lib\testng-remote.jar;D:\RingPay\RingPay_APIAutomation\modified_updated\target\test-classes;D:\RingPay\RingPay_APIAutomation\modified_updated\target\classes;C:\Users\IGS0425\.m2\repository\io\appium\java-client\7.2.0\java-client-7.2.0.jar;C:\Users\IGS0425\.m2\repository\org\seleniumhq\selenium\selenium-support\3.141.59\selenium-support-3.141.59.jar;C:\Users\IGS0425\.m2\repository\org\seleniumhq\selenium\selenium-api\3.141.59\selenium-api-3.141.59.jar;C:\Users\IGS0425\.m2\repository\com\google\code\gson\gson\2.8.5\gson-2.8.5.jar;C:\Users\IGS0425\.m2\repository\org\apache\httpcomponents\httpclient\4.5.9\httpclient-4.5.9.jar;C:\Users\IGS0425\.m2\repository\cglib\cglib\3.2.12\cglib-3.2.12.jar;C:\Users\IGS0425\.m2\repository\org\ow2\asm\asm\7.1\asm-7.1.jar;C:\Users\IGS0425\.m2\repository\commons-io\commons-io\2.6\commons-io-2.6.jar;C:\Users\IGS0425\.m2\repository\org\springframework\spring-context\5.1.8.RELEASE\spring-context-5.1.8.RELEASE.jar;C:\Users\IGS0425\.m2\repository\org\springframework\spring-aop\5.1.8.RELEASE\spring-aop-5.1.8.RELEASE.jar;C:\Users\IGS0425\.m2\repository\org\springframework\spring-beans\5.1.8.RELEASE\spring-beans-5.1.8.RELEASE.jar;C:\Users\IGS0425\.m2\repository\org\springframework\spring-core\5.1.8.RELEASE\spring-core-5.1.8.RELEASE.jar;C:\Users\IGS0425\.m2\repository\org\springframework\spring-jcl\5.1.8.RELEASE\spring-jcl-5.1.8.RELEASE.jar;C:\Users\IGS0425\.m2\repository\org\springframework\spring-expression\5.1.8.RELEASE\spring-expression-5.1.8.RELEASE.jar;C:\Users\IGS0425\.m2\repository\org\aspectj\aspectjweaver\1.9.4\aspectjweaver-1.9.4.jar;C:\Users\IGS0425\.m2\repository\org\slf4j\slf4j-api\1.7.26\slf4j-api-1.7.26.jar;C:\Users\IGS0425\.m2\repository\org\seleniumhq\selenium\selenium-java\3.141.59\selenium-java-3.141.59.jar;C:\Users\IGS0425\.m2\repository\org\seleniumhq\selenium\selenium-chrome-driver\3.141.59\selenium-chrome-dri
Launcher Type: SUN_STANDARD

[Global flags]
     intx CICompilerCount                          = 4                                         {product} {ergonomic}
     uint ConcGCThreads                            = 2                                         {product} {ergonomic}
     uint G1ConcRefinementThreads                  = 8                                         {product} {ergonomic}
   size_t G1HeapRegionSize                         = 2097152                                   {product} {ergonomic}
    uintx GCDrainStackTargetSize                   = 64                                        {product} {ergonomic}
   size_t InitialHeapSize                          = 264241152                                 {product} {ergonomic}
   size_t MarkStackSize                            = 4194304                                   {product} {ergonomic}
   size_t MaxHeapSize                              = 4206886912                                {product} {ergonomic}
   size_t MaxNewSize                               = 2522873856                                {product} {ergonomic}
   size_t MinHeapDeltaBytes                        = 2097152                                   {product} {ergonomic}
   size_t MinHeapSize                              = 8388608                                   {product} {ergonomic}
    uintx NonNMethodCodeHeapSize                   = 5839372                                {pd product} {ergonomic}
    uintx NonProfiledCodeHeapSize                  = 122909434                              {pd product} {ergonomic}
    uintx ProfiledCodeHeapSize                     = 122909434                              {pd product} {ergonomic}
    uintx ReservedCodeCacheSize                    = 251658240                              {pd product} {ergonomic}
     bool SegmentedCodeCache                       = true                                      {product} {ergonomic}
     bool ShowCodeDetailsInExceptionMessages       = true                                   {manageable} {command line}
   size_t SoftMaxHeapSize                          = 4206886912                             {manageable} {ergonomic}
     bool UseCompressedClassPointers               = true                           {product lp64_product} {ergonomic}
     bool UseCompressedOops                        = true                           {product lp64_product} {ergonomic}
     bool UseG1GC                                  = true                                      {product} {ergonomic}
     bool UseLargePagesIndividualAllocation        = false                                  {pd product} {ergonomic}

Logging:
Log output configuration:
 #0: stdout all=warning uptime,level,tags
 #1: stderr all=off uptime,level,tags

Environment Variables:
JAVA_HOME=C:\Program Files\Java\jdk1.8.0_202
PATH=C:/Users/IGS0425/.p2/pool/plugins/org.eclipse.justj.openjdk.hotspot.jre.full.win32.x86_64_17.0.3.v20220515-1416/jre/bin/server;C:/Users/IGS0425/.p2/pool/plugins/org.eclipse.justj.openjdk.hotspot.jre.full.win32.x86_64_17.0.3.v20220515-1416/jre/bin;C:\Program Files (x86)\Common Files\Oracle\Java\javapath;C:\Windows\system32;C:\Windows;C:\Windows\System32\Wbem;C:\Windows\System32\WindowsPowerShell\v1.0\;C:\Windows\System32\OpenSSH\;C:\Program Files\nodejs\;C:\Program Files\Git\cmd;C:\Program Files\apache-maven-3.8.6\bin;C:\Users\IGS0425\AppData\Local\Microsoft\WindowsApps;C:\Program Files\JetBrains\IntelliJ IDEA Community Edition 2022.1.3\bin;;C:\Users\IGS0425\AppData\Roaming\npm;C:\Program Files\Java\jdk1.8.0_202\bin;;C:\Windows\System32;
USERNAME=IGS0425
OS=Windows_NT
PROCESSOR_IDENTIFIER=Intel64 Family 6 Model 140 Stepping 1, GenuineIntel



---------------  S Y S T E M  ---------------

OS:
 Windows 10 , 64 bit Build 19041 (10.0.19041.2251)
OS uptime: 6 days 21:12 hours
Hyper-V role detected

CPU: total 8 (initial active 8) (4 cores per cpu, 2 threads per core) family 6 model 140 stepping 1 microcode 0x9a, cx8, cmov, fxsr, ht, mmx, 3dnowpref, sse, sse2, sse3, ssse3, sse4.1, sse4.2, popcnt, lzcnt, tsc, tscinvbit, avx, avx2, aes, erms, clmul, bmi1, bmi2, adx, avx512f, avx512dq, avx512cd, avx512bw, avx512vl, sha, fma, vzeroupper, avx512_vpopcntdq, avx512_vpclmulqdq, avx512_vaes, avx512_vnni, clflush, clflushopt, clwb, avx512_vbmi2, avx512_vbmi, hv

Memory: 4k page, system-wide physical 16043M (1708M free)
TotalPageFile size 16043M (AvailPageFile size 4M)
current process WorkingSet (physical memory assigned to process): 40M, peak: 40M
current process commit charge ("private bytes"): 336M, peak: 336M

vm_info: OpenJDK 64-Bit Server VM (17.0.3+7) for windows-amd64 JRE (17.0.3+7), built on Apr 19 2022 16:55:35 by "" with MS VC++ 16.7 (VS2019)

END.
