#
# There is insufficient memory for the Java Runtime Environment to continue.
# Native memory allocation (malloc) failed to allocate 651072 bytes for Chunk::new
# Possible reasons:
#   The system is out of physical RAM or swap space
#   The process is running with CompressedOops enabled, and the Java Heap may be blocking the growth of the native heap
# Possible solutions:
#   Reduce memory load on the system
#   Increase physical memory or swap space
#   Check if swap backing store is full
#   Decrease Java heap size (-Xmx/-Xms)
#   Decrease number of Java threads
#   Decrease Java thread stack sizes (-Xss)
#   Set larger code cache with -XX:ReservedCodeCacheSize=
#   JVM is running with Zero Based Compressed Oops mode in which the Java heap is
#     placed in the first 32GB address space. The Java Heap base address is the
#     maximum limit for the native heap growth. Please use -XX:HeapBaseMinAddress
#     to set the Java Heap base and to place the Java Heap above 32GB virtual address.
# This output file may be truncated or incomplete.
#
#  Out of Memory Error (allocation.cpp:389), pid=18324, tid=0x0000000000003694
#
# JRE version: Java(TM) SE Runtime Environment (8.0_202-b08) (build 1.8.0_202-b08)
# Java VM: Java HotSpot(TM) 64-Bit Server VM (25.202-b08 mixed mode windows-amd64 compressed oops)
# Failed to write core dump. Minidumps are not enabled by default on client versions of Windows
#

---------------  T H R E A D  ---------------

Current thread (0x000000001dd04000):  JavaThread "C2 CompilerThread2" daemon [_thread_in_native, id=13972, stack(0x000000001e7c0000,0x000000001e8c0000)]

Stack: [0x000000001e7c0000,0x000000001e8c0000]
[error occurred during error reporting (printing stack bounds), id 0xc0000005]

Native frames: (J=compiled Java code, j=interpreted, Vv=VM code, C=native code)


Current CompileTask:
C2: 212310 11849       4       org.codehaus.groovy.runtime.callsite.CallSiteArray::createCallSite (64 bytes)


---------------  P R O C E S S  ---------------

Java Threads: ( => current thread )
  0x0000000024495800 JavaThread "OkHttp ConnectionPool" daemon [_thread_blocked, id=18416, stack(0x0000000029cb0000,0x0000000029db0000)]
  0x0000000024495000 JavaThread "OkHttp ConnectionPool" daemon [_thread_blocked, id=13320, stack(0x0000000029bb0000,0x0000000029cb0000)]
  0x000000002448d800 JavaThread "OkHttp ConnectionPool" daemon [_thread_blocked, id=4688, stack(0x00000000298b0000,0x00000000299b0000)]
  0x0000000024492000 JavaThread "OkHttp ConnectionPool" daemon [_thread_blocked, id=4816, stack(0x00000000297b0000,0x00000000298b0000)]
  0x000000002448c800 JavaThread "OkHttp ConnectionPool" daemon [_thread_blocked, id=2848, stack(0x00000000296b0000,0x00000000297b0000)]
  0x000000002448e000 JavaThread "OkHttp ConnectionPool" daemon [_thread_blocked, id=5140, stack(0x00000000295b0000,0x00000000296b0000)]
  0x0000000024493800 JavaThread "OkHttp ConnectionPool" daemon [_thread_blocked, id=15432, stack(0x00000000294b0000,0x00000000295b0000)]
  0x0000000024491000 JavaThread "OkHttp ConnectionPool" daemon [_thread_blocked, id=12884, stack(0x00000000293b0000,0x00000000294b0000)]
  0x000000001dd1a000 JavaThread "OkHttp ConnectionPool" daemon [_thread_blocked, id=14156, stack(0x00000000292b0000,0x00000000293b0000)]
  0x0000000022d2a000 JavaThread "OkHttp ConnectionPool" daemon [_thread_blocked, id=9460, stack(0x00000000291b0000,0x00000000292b0000)]
  0x0000000022d28800 JavaThread "OkHttp ConnectionPool" daemon [_thread_blocked, id=17696, stack(0x00000000290b0000,0x00000000291b0000)]
  0x0000000022d2f800 JavaThread "OkHttp ConnectionPool" daemon [_thread_blocked, id=17340, stack(0x0000000027eb0000,0x0000000027fb0000)]
  0x0000000022d2e000 JavaThread "OkHttp ConnectionPool" daemon [_thread_blocked, id=3572, stack(0x0000000027db0000,0x0000000027eb0000)]
  0x0000000022d2d000 JavaThread "OkHttp ConnectionPool" daemon [_thread_blocked, id=3428, stack(0x0000000028fb0000,0x00000000290b0000)]
  0x0000000022d2c800 JavaThread "OkHttp ConnectionPool" daemon [_thread_blocked, id=17828, stack(0x0000000028eb0000,0x0000000028fb0000)]
  0x0000000022d2b800 JavaThread "OkHttp ConnectionPool" daemon [_thread_blocked, id=632, stack(0x0000000028db0000,0x0000000028eb0000)]
  0x0000000022d28000 JavaThread "mysql-cj-abandoned-connection-cleanup" daemon [_thread_blocked, id=16460, stack(0x0000000028ab0000,0x0000000028bb0000)]
  0x0000000022d2b000 JavaThread "OkHttp ConnectionPool" daemon [_thread_blocked, id=16840, stack(0x00000000289b0000,0x0000000028ab0000)]
  0x0000000022d20000 JavaThread "OkHttp ConnectionPool" daemon [_thread_blocked, id=18360, stack(0x00000000288b0000,0x00000000289b0000)]
  0x0000000022d27000 JavaThread "OkHttp ConnectionPool" daemon [_thread_blocked, id=1972, stack(0x00000000285b0000,0x00000000286b0000)]
  0x0000000022d21000 JavaThread "OkHttp ConnectionPool" daemon [_thread_blocked, id=10872, stack(0x0000000000970000,0x0000000000a70000)]
  0x0000000022d22000 JavaThread "OkHttp ConnectionPool" daemon [_thread_blocked, id=17816, stack(0x0000000000870000,0x0000000000970000)]
  0x0000000022d25000 JavaThread "OkHttp ConnectionPool" daemon [_thread_blocked, id=492, stack(0x0000000000770000,0x0000000000870000)]
  0x0000000022d23800 JavaThread "OkHttp ConnectionPool" daemon [_thread_blocked, id=9704, stack(0x00000000284b0000,0x00000000285b0000)]
  0x0000000022d22800 JavaThread "OkHttp ConnectionPool" daemon [_thread_blocked, id=6580, stack(0x00000000283b0000,0x00000000284b0000)]
  0x0000000022d24000 JavaThread "OkHttp ConnectionPool" daemon [_thread_blocked, id=12244, stack(0x00000000282b0000,0x00000000283b0000)]
  0x000000001dd17800 JavaThread "OkHttp ConnectionPool" daemon [_thread_blocked, id=9028, stack(0x0000000027fb0000,0x00000000280b0000)]
  0x000000001dd14800 JavaThread "OkHttp ConnectionPool" daemon [_thread_blocked, id=15652, stack(0x0000000027a50000,0x0000000027b50000)]
  0x000000001dd13000 JavaThread "OkHttp ConnectionPool" daemon [_thread_blocked, id=1468, stack(0x0000000027950000,0x0000000027a50000)]
  0x000000001dd17000 JavaThread "Okio Watchdog" daemon [_thread_blocked, id=2840, stack(0x0000000027850000,0x0000000027950000)]
  0x000000001dd15800 JavaThread "OkHttp ConnectionPool" daemon [_thread_blocked, id=13168, stack(0x0000000027750000,0x0000000027850000)]
  0x00000000216cc800 JavaThread "pool-2-thread-6" daemon [_thread_blocked, id=15528, stack(0x0000000027550000,0x0000000027650000)]
  0x0000000023929800 JavaThread "pool-2-thread-5" daemon [_thread_blocked, id=17336, stack(0x0000000027450000,0x0000000027550000)]
  0x0000000021e9c800 JavaThread "pool-2-thread-4" daemon [_thread_blocked, id=6936, stack(0x0000000027350000,0x0000000027450000)]
  0x000000001f4e3800 JavaThread "pool-2-thread-3" daemon [_thread_blocked, id=11892, stack(0x00000000253a0000,0x00000000254a0000)]
  0x000000001ecd5800 JavaThread "pool-2-thread-2" daemon [_thread_blocked, id=4044, stack(0x0000000024fe0000,0x00000000250e0000)]
  0x0000000021d4f000 JavaThread "pool-2-thread-1" daemon [_thread_blocked, id=5996, stack(0x0000000023e70000,0x0000000023f70000)]
  0x0000000020137800 JavaThread "ReaderThread" [_thread_in_native, id=4292, stack(0x00000000207d0000,0x00000000208d0000)]
  0x000000001dd9e800 JavaThread "Service Thread" daemon [_thread_blocked, id=2260, stack(0x000000001e9c0000,0x000000001eac0000)]
  0x000000001dd19000 JavaThread "C1 CompilerThread3" daemon [_thread_blocked, id=13676, stack(0x000000001e8c0000,0x000000001e9c0000)]
=>0x000000001dd04000 JavaThread "C2 CompilerThread2" daemon [_thread_in_native, id=13972, stack(0x000000001e7c0000,0x000000001e8c0000)]
  0x000000001dcfe000 JavaThread "C2 CompilerThread1" daemon [_thread_blocked, id=1464, stack(0x000000001e6c0000,0x000000001e7c0000)]
  0x000000001dcfa800 JavaThread "C2 CompilerThread0" daemon [_thread_blocked, id=13644, stack(0x000000001e5c0000,0x000000001e6c0000)]
  0x000000001dcf9000 JavaThread "Attach Listener" daemon [_thread_blocked, id=11276, stack(0x000000001e4c0000,0x000000001e5c0000)]
  0x000000001dcf8000 JavaThread "Signal Dispatcher" daemon [_thread_blocked, id=15756, stack(0x000000001e3c0000,0x000000001e4c0000)]
  0x000000001dce0800 JavaThread "Finalizer" daemon [_thread_blocked, id=13172, stack(0x000000001e1c0000,0x000000001e2c0000)]
  0x000000001bec0000 JavaThread "Reference Handler" daemon [_thread_blocked, id=8312, stack(0x000000001e0c0000,0x000000001e1c0000)]
  0x00000000025ba000 JavaThread "main" [_thread_blocked, id=1220, stack(0x00000000024b0000,0x00000000025b0000)]

Other Threads:
  0x000000001beb6800 VMThread [stack: 0x000000001dbc0000,0x000000001dcc0000] [id=10264]
  0x000000001ddca000 WatcherThread [stack: 0x000000001eac0000,0x000000001ebc0000] [id=2712]

VM state:not at safepoint (normal execution)

VM Mutex/Monitor currently owned by a thread: None

heap address: 0x00000006c5400000, size: 4012 MB, Compressed Oops mode: Zero based, Oop shift amount: 3
Narrow klass base: 0x0000000000000000, Narrow klass shift: 3
Compressed class space size: 1073741824 Address: 0x00000007c0000000

Heap:
 PSYoungGen      total 395264K, used 128334K [0x000000076c700000, 0x0000000786100000, 0x00000007c0000000)
  eden space 380928K, 32% used [0x000000076c700000,0x0000000773e76d90,0x0000000783b00000)
  from space 14336K, 41% used [0x0000000785300000,0x00000007858dce40,0x0000000786100000)
  to   space 19456K, 0% used [0x0000000783b00000,0x0000000783b00000,0x0000000784e00000)
 ParOldGen       total 256000K, used 27291K [0x00000006c5400000, 0x00000006d4e00000, 0x000000076c700000)
  object space 256000K, 10% used [0x00000006c5400000,0x00000006c6ea6e88,0x00000006d4e00000)
 Metaspace       used 60336K, capacity 63462K, committed 63704K, reserved 1105920K
  class space    used 7165K, capacity 8081K, committed 8192K, reserved 1048576K

Card table byte_map: [0x0000000011a70000,0x0000000012250000] byte_map_base: 0x000000000e446000

Marking Bits: (ParMarkBitMap*) 0x00000000597e5ce0
 Begin Bits: [0x0000000012f90000, 0x0000000016e40000)
 End Bits:   [0x0000000016e40000, 0x000000001acf0000)

Polling page: 0x00000000005f0000

CodeCache: size=245760Kb used=33947Kb max_used=33959Kb free=211812Kb
 bounds [0x00000000026b0000, 0x0000000004810000, 0x00000000116b0000]
 total_blobs=10016 nmethods=9166 adapters=761
 compilation: enabled

Compilation events (10 events):
Event: 212.222 Thread 0x000000001dd19000 11852       3       groovyjarjarantlr4.v4.runtime.RuleContext::getText (54 bytes)
Event: 212.222 Thread 0x000000001dd19000 nmethod 11852 0x00000000047f7590 code [0x00000000047f7780, 0x00000000047f8198]
Event: 212.222 Thread 0x000000001dd19000 11853       3       groovyjarjarantlr4.v4.runtime.tree.TerminalNodeImpl::getText (19 bytes)
Event: 212.223 Thread 0x000000001dd19000 nmethod 11853 0x00000000047fc8d0 code [0x00000000047fca40, 0x00000000047fcc68]
Event: 212.224 Thread 0x000000001dcfe000 11854       4       java.util.stream.ReduceOps$3::getOpFlags (28 bytes)
Event: 212.224 Thread 0x000000001dcfa800 11855       4       java.util.stream.ReduceOps$3::makeSink (5 bytes)
Event: 212.225 Thread 0x000000001dcfe000 nmethod 11854 0x00000000047f7210 code [0x00000000047f7360, 0x00000000047f7458]
Event: 212.225 Thread 0x000000001dcfa800 nmethod 11855 0x00000000047cbb10 code [0x00000000047cbc60, 0x00000000047cbd38]
Event: 212.227 Thread 0x000000001dd19000 11856       3       org.codehaus.groovy.runtime.callsite.AbstractCallSite::isMarkedInternal (16 bytes)
Event: 212.228 Thread 0x000000001dd19000 nmethod 11856 0x0000000004803350 code [0x0000000004803520, 0x0000000004803dd8]

GC Heap History (10 events):
Event: 75.978 GC heap before
{Heap before GC invocations=19 (full 2):
 PSYoungGen      total 354304K, used 349396K [0x000000076c700000, 0x0000000784000000, 0x00000007c0000000)
  eden space 335872K, 100% used [0x000000076c700000,0x0000000780f00000,0x0000000780f00000)
  from space 18432K, 73% used [0x0000000782100000,0x0000000782e35108,0x0000000783300000)
  to   space 18432K, 0% used [0x0000000780f00000,0x0000000780f00000,0x0000000782100000)
 ParOldGen       total 173056K, used 17978K [0x00000006c5400000, 0x00000006cfd00000, 0x000000076c700000)
  object space 173056K, 10% used [0x00000006c5400000,0x00000006c658e9b8,0x00000006cfd00000)
 Metaspace       used 55719K, capacity 58722K, committed 58880K, reserved 1099776K
  class space    used 6764K, capacity 7650K, committed 7680K, reserved 1048576K
Event: 75.995 GC heap after
Heap after GC invocations=19 (full 2):
 PSYoungGen      total 354304K, used 14764K [0x000000076c700000, 0x0000000784f80000, 0x00000007c0000000)
  eden space 335872K, 0% used [0x000000076c700000,0x000000076c700000,0x0000000780f00000)
  from space 18432K, 80% used [0x0000000780f00000,0x0000000781d6b230,0x0000000782100000)
  to   space 18944K, 0% used [0x0000000783d00000,0x0000000783d00000,0x0000000784f80000)
 ParOldGen       total 173056K, used 17986K [0x00000006c5400000, 0x00000006cfd00000, 0x000000076c700000)
  object space 173056K, 10% used [0x00000006c5400000,0x00000006c65909b8,0x00000006cfd00000)
 Metaspace       used 55719K, capacity 58722K, committed 58880K, reserved 1099776K
  class space    used 6764K, capacity 7650K, committed 7680K, reserved 1048576K
}
Event: 86.430 GC heap before
{Heap before GC invocations=20 (full 2):
 PSYoungGen      total 354304K, used 169417K [0x000000076c700000, 0x0000000784f80000, 0x00000007c0000000)
  eden space 335872K, 46% used [0x000000076c700000,0x0000000775e07288,0x0000000780f00000)
  from space 18432K, 80% used [0x0000000780f00000,0x0000000781d6b230,0x0000000782100000)
  to   space 18944K, 0% used [0x0000000783d00000,0x0000000783d00000,0x0000000784f80000)
 ParOldGen       total 173056K, used 17986K [0x00000006c5400000, 0x00000006cfd00000, 0x000000076c700000)
  object space 173056K, 10% used [0x00000006c5400000,0x00000006c65909b8,0x00000006cfd00000)
 Metaspace       used 55940K, capacity 59024K, committed 59096K, reserved 1101824K
  class space    used 6777K, capacity 7679K, committed 7680K, reserved 1048576K
Event: 86.441 GC heap after
Heap after GC invocations=20 (full 2):
 PSYoungGen      total 373760K, used 14292K [0x000000076c700000, 0x0000000784b00000, 0x00000007c0000000)
  eden space 359424K, 0% used [0x000000076c700000,0x000000076c700000,0x0000000782600000)
  from space 14336K, 99% used [0x0000000783d00000,0x0000000784af52d0,0x0000000784b00000)
  to   space 18944K, 0% used [0x0000000782600000,0x0000000782600000,0x0000000783880000)
 ParOldGen       total 173056K, used 17994K [0x00000006c5400000, 0x00000006cfd00000, 0x000000076c700000)
  object space 173056K, 10% used [0x00000006c5400000,0x00000006c65929b8,0x00000006cfd00000)
 Metaspace       used 55940K, capacity 59024K, committed 59096K, reserved 1101824K
  class space    used 6777K, capacity 7679K, committed 7680K, reserved 1048576K
}
Event: 86.441 GC heap before
{Heap before GC invocations=21 (full 3):
 PSYoungGen      total 373760K, used 14292K [0x000000076c700000, 0x0000000784b00000, 0x00000007c0000000)
  eden space 359424K, 0% used [0x000000076c700000,0x000000076c700000,0x0000000782600000)
  from space 14336K, 99% used [0x0000000783d00000,0x0000000784af52d0,0x0000000784b00000)
  to   space 18944K, 0% used [0x0000000782600000,0x0000000782600000,0x0000000783880000)
 ParOldGen       total 173056K, used 17994K [0x00000006c5400000, 0x00000006cfd00000, 0x000000076c700000)
  object space 173056K, 10% used [0x00000006c5400000,0x00000006c65929b8,0x00000006cfd00000)
 Metaspace       used 55940K, capacity 59024K, committed 59096K, reserved 1101824K
  class space    used 6777K, capacity 7679K, committed 7680K, reserved 1048576K
Event: 86.609 GC heap after
Heap after GC invocations=21 (full 3):
 PSYoungGen      total 373760K, used 0K [0x000000076c700000, 0x0000000784b00000, 0x00000007c0000000)
  eden space 359424K, 0% used [0x000000076c700000,0x000000076c700000,0x0000000782600000)
  from space 14336K, 0% used [0x0000000783d00000,0x0000000783d00000,0x0000000784b00000)
  to   space 18944K, 0% used [0x0000000782600000,0x0000000782600000,0x0000000783880000)
 ParOldGen       total 256000K, used 27275K [0x00000006c5400000, 0x00000006d4e00000, 0x000000076c700000)
  object space 256000K, 10% used [0x00000006c5400000,0x00000006c6ea2e88,0x00000006d4e00000)
 Metaspace       used 55539K, capacity 58448K, committed 59096K, reserved 1101824K
  class space    used 6707K, capacity 7487K, committed 7680K, reserved 1048576K
}
Event: 128.011 GC heap before
{Heap before GC invocations=22 (full 3):
 PSYoungGen      total 373760K, used 359424K [0x000000076c700000, 0x0000000784b00000, 0x00000007c0000000)
  eden space 359424K, 100% used [0x000000076c700000,0x0000000782600000,0x0000000782600000)
  from space 14336K, 0% used [0x0000000783d00000,0x0000000783d00000,0x0000000784b00000)
  to   space 18944K, 0% used [0x0000000782600000,0x0000000782600000,0x0000000783880000)
 ParOldGen       total 256000K, used 27275K [0x00000006c5400000, 0x00000006d4e00000, 0x000000076c700000)
  object space 256000K, 10% used [0x00000006c5400000,0x00000006c6ea2e88,0x00000006d4e00000)
 Metaspace       used 58782K, capacity 61772K, committed 62296K, reserved 1103872K
  class space    used 7039K, capacity 7856K, committed 8064K, reserved 1048576K
Event: 128.016 GC heap after
Heap after GC invocations=22 (full 3):
 PSYoungGen      total 378368K, used 6896K [0x000000076c700000, 0x0000000786600000, 0x00000007c0000000)
  eden space 359424K, 0% used [0x000000076c700000,0x000000076c700000,0x0000000782600000)
  from space 18944K, 36% used [0x0000000782600000,0x0000000782cbc038,0x0000000783880000)
  to   space 19456K, 0% used [0x0000000785300000,0x0000000785300000,0x0000000786600000)
 ParOldGen       total 256000K, used 27283K [0x00000006c5400000, 0x00000006d4e00000, 0x000000076c700000)
  object space 256000K, 10% used [0x00000006c5400000,0x00000006c6ea4e88,0x00000006d4e00000)
 Metaspace       used 58782K, capacity 61772K, committed 62296K, reserved 1103872K
  class space    used 7039K, capacity 7856K, committed 8064K, reserved 1048576K
}
Event: 196.566 GC heap before
{Heap before GC invocations=23 (full 3):
 PSYoungGen      total 378368K, used 366320K [0x000000076c700000, 0x0000000786600000, 0x00000007c0000000)
  eden space 359424K, 100% used [0x000000076c700000,0x0000000782600000,0x0000000782600000)
  from space 18944K, 36% used [0x0000000782600000,0x0000000782cbc038,0x0000000783880000)
  to   space 19456K, 0% used [0x0000000785300000,0x0000000785300000,0x0000000786600000)
 ParOldGen       total 256000K, used 27283K [0x00000006c5400000, 0x00000006d4e00000, 0x000000076c700000)
  object space 256000K, 10% used [0x00000006c5400000,0x00000006c6ea4e88,0x00000006d4e00000)
 Metaspace       used 59909K, capacity 62986K, committed 63064K, reserved 1103872K
  class space    used 7135K, capacity 8016K, committed 8064K, reserved 1048576K
Event: 196.578 GC heap after
Heap after GC invocations=23 (full 3):
 PSYoungGen      total 395264K, used 6003K [0x000000076c700000, 0x0000000786100000, 0x00000007c0000000)
  eden space 380928K, 0% used [0x000000076c700000,0x000000076c700000,0x0000000783b00000)
  from space 14336K, 41% used [0x0000000785300000,0x00000007858dce40,0x0000000786100000)
  to   space 19456K, 0% used [0x0000000783b00000,0x0000000783b00000,0x0000000784e00000)
 ParOldGen       total 256000K, used 27291K [0x00000006c5400000, 0x00000006d4e00000, 0x000000076c700000)
  object space 256000K, 10% used [0x00000006c5400000,0x00000006c6ea6e88,0x00000006d4e00000)
 Metaspace       used 59909K, capacity 62986K, committed 63064K, reserved 1103872K
  class space    used 7135K, capacity 8016K, committed 8064K, reserved 1048576K
}

Deoptimization events (10 events):
Event: 182.090 Thread 0x00000000025ba000 Uncommon trap: reason=unstable_if action=reinterpret pc=0x0000000002be1258 method=java.util.regex.Pattern$Curly.match0(Ljava/util/regex/Matcher;IILjava/lang/CharSequence;)Z @ 5
Event: 182.090 Thread 0x00000000025ba000 Uncommon trap: reason=unstable_if action=reinterpret pc=0x00000000030cfa8c method=groovy.json.StringEscapeUtils.unescapeJava(Ljava/io/Writer;Ljava/lang/String;)V @ 58
Event: 182.135 Thread 0x00000000025ba000 Uncommon trap: reason=class_check action=maybe_recompile pc=0x00000000045d6fd4 method=org.codehaus.groovy.runtime.callsite.PogoMetaMethodSite.nonParamCheck(Ljava/lang/Object;)Z @ 7
Event: 209.381 Thread 0x00000000025ba000 Uncommon trap: reason=class_check action=maybe_recompile pc=0x00000000047ac568 method=java.util.stream.AbstractPipeline.wrapAndCopyInto(Ljava/util/stream/Sink;Ljava/util/Spliterator;)Ljava/util/stream/Sink; @ 6
Event: 209.382 Thread 0x00000000025ba000 Uncommon trap: reason=class_check action=maybe_recompile pc=0x00000000047ac568 method=java.util.stream.AbstractPipeline.wrapAndCopyInto(Ljava/util/stream/Sink;Ljava/util/Spliterator;)Ljava/util/stream/Sink; @ 6
Event: 209.385 Thread 0x00000000025ba000 Uncommon trap: reason=class_check action=maybe_recompile pc=0x00000000047ac568 method=java.util.stream.AbstractPipeline.wrapAndCopyInto(Ljava/util/stream/Sink;Ljava/util/Spliterator;)Ljava/util/stream/Sink; @ 6
Event: 209.385 Thread 0x00000000025ba000 Uncommon trap: reason=class_check action=maybe_recompile pc=0x00000000047ac568 method=java.util.stream.AbstractPipeline.wrapAndCopyInto(Ljava/util/stream/Sink;Ljava/util/Spliterator;)Ljava/util/stream/Sink; @ 6
Event: 212.213 Thread 0x00000000025ba000 Uncommon trap: reason=unstable_if action=reinterpret pc=0x0000000003d41768 method=groovy.json.JsonLexer.nextToken()Lgroovy/json/JsonToken; @ 434
Event: 212.213 Thread 0x00000000025ba000 Uncommon trap: reason=unstable_if action=reinterpret pc=0x0000000003a1007c method=groovy.json.JsonToken.getValue()Ljava/lang/Object; @ 61
Event: 212.216 Thread 0x00000000025ba000 Uncommon trap: reason=class_check action=maybe_recompile pc=0x0000000003407fac method=org.codehaus.groovy.runtime.typehandling.DefaultTypeTransformation.compareToWithEqualityCheck(Ljava/lang/Object;Ljava/lang/Object;Z)I @ 50

Classes redefined (0 events):
No events

Internal exceptions (10 events):
Event: 211.055 Thread 0x00000000025ba000 Exception <a 'java/lang/ClassNotFoundException': Script1BeanInfo> (0x000000077346f048) thrown at [C:\re\workspace\8-2-build-windows-amd64-cygwin\jdk8u202\12323\hotspot\src\share\vm\classfile\systemDictionary.cpp, line 210]
Event: 211.055 Thread 0x00000000025ba000 Exception <a 'java/lang/ClassNotFoundException': Script1Customizer> (0x000000077348e160) thrown at [C:\re\workspace\8-2-build-windows-amd64-cygwin\jdk8u202\12323\hotspot\src\share\vm\classfile\systemDictionary.cpp, line 210]
Event: 211.064 Thread 0x00000000025ba000 Exception <a 'java/lang/ClassNotFoundException': Script1BeanInfo> (0x0000000773612f30) thrown at [C:\re\workspace\8-2-build-windows-amd64-cygwin\jdk8u202\12323\hotspot\src\share\vm\classfile\systemDictionary.cpp, line 210]
Event: 211.065 Thread 0x00000000025ba000 Exception <a 'java/lang/ClassNotFoundException': Script1Customizer> (0x0000000773632048) thrown at [C:\re\workspace\8-2-build-windows-amd64-cygwin\jdk8u202\12323\hotspot\src\share\vm\classfile\systemDictionary.cpp, line 210]
Event: 212.215 Thread 0x00000000025ba000 Exception <a 'java/lang/ClassNotFoundException': java/lang/FloatBeanInfo> (0x00000007739a47e0) thrown at [C:\re\workspace\8-2-build-windows-amd64-cygwin\jdk8u202\12323\hotspot\src\share\vm\classfile\systemDictionary.cpp, line 210]
Event: 212.215 Thread 0x00000000025ba000 Exception <a 'java/lang/ClassNotFoundException': java/lang/FloatCustomizer> (0x00000007739b1ad0) thrown at [C:\re\workspace\8-2-build-windows-amd64-cygwin\jdk8u202\12323\hotspot\src\share\vm\classfile\systemDictionary.cpp, line 210]
Event: 212.218 Thread 0x00000000025ba000 Exception <a 'java/lang/ClassNotFoundException': java/math/BigDecimalBeanInfo> (0x00000007739ff3f0) thrown at [C:\re\workspace\8-2-build-windows-amd64-cygwin\jdk8u202\12323\hotspot\src\share\vm\classfile\systemDictionary.cpp, line 210]
Event: 212.218 Thread 0x00000000025ba000 Exception <a 'java/lang/ClassNotFoundException': java/math/BigDecimalCustomizer> (0x0000000773a0e178) thrown at [C:\re\workspace\8-2-build-windows-amd64-cygwin\jdk8u202\12323\hotspot\src\share\vm\classfile\systemDictionary.cpp, line 210]
Event: 212.227 Thread 0x00000000025ba000 Exception <a 'java/lang/ClassNotFoundException': Script1BeanInfo> (0x0000000773ba95a0) thrown at [C:\re\workspace\8-2-build-windows-amd64-cygwin\jdk8u202\12323\hotspot\src\share\vm\classfile\systemDictionary.cpp, line 210]
Event: 212.227 Thread 0x00000000025ba000 Exception <a 'java/lang/ClassNotFoundException': Script1Customizer> (0x0000000773bc86b8) thrown at [C:\re\workspace\8-2-build-windows-amd64-cygwin\jdk8u202\12323\hotspot\src\share\vm\classfile\systemDictionary.cpp, line 210]

Events (10 events):
Event: 212.226 loading class Script1BeanInfo
Event: 212.226 loading class Script1BeanInfo done
Event: 212.227 loading class Script1BeanInfo
Event: 212.227 loading class Script1BeanInfo done
Event: 212.227 loading class Script1Customizer
Event: 212.227 loading class Script1Customizer done
Event: 212.227 loading class Script1Customizer
Event: 212.227 loading class Script1Customizer done
Event: 212.227 loading class Script1Customizer
Event: 212.227 loading class Script1Customizer done


Dynamic libraries:
0x00007ff650130000 - 0x00007ff650167000 	C:\Program Files\Java\jdk1.8.0_202\bin\javaw.exe
0x00007ffe633b0000 - 0x00007ffe635a8000 	C:\Windows\SYSTEM32\ntdll.dll
0x00007ffe61850000 - 0x00007ffe6190f000 	C:\Windows\System32\KERNEL32.DLL
0x00007ffe60aa0000 - 0x00007ffe60d72000 	C:\Windows\System32\KERNELBASE.dll
0x00007ffe617a0000 - 0x00007ffe6184e000 	C:\Windows\System32\ADVAPI32.dll
0x00007ffe61910000 - 0x00007ffe619ae000 	C:\Windows\System32\msvcrt.dll
0x00007ffe632d0000 - 0x00007ffe6336c000 	C:\Windows\System32\sechost.dll
0x00007ffe613f0000 - 0x00007ffe61515000 	C:\Windows\System32\RPCRT4.dll
0x00007ffe62500000 - 0x00007ffe626a1000 	C:\Windows\System32\USER32.dll
0x00007ffe61060000 - 0x00007ffe61082000 	C:\Windows\System32\win32u.dll
0x00007ffe62780000 - 0x00007ffe627ab000 	C:\Windows\System32\GDI32.dll
0x00007ffe61190000 - 0x00007ffe6129f000 	C:\Windows\System32\gdi32full.dll
0x00007ffe612a0000 - 0x00007ffe6133d000 	C:\Windows\System32\msvcp_win.dll
0x00007ffe60d80000 - 0x00007ffe60e80000 	C:\Windows\System32\ucrtbase.dll
0x00007ffe51e20000 - 0x00007ffe520ba000 	C:\Windows\WinSxS\amd64_microsoft.windows.common-controls_6595b64144ccf1df_6.0.19041.1110_none_60b5254171f9507e\COMCTL32.dll
0x00007ffe62740000 - 0x00007ffe62772000 	C:\Windows\System32\IMM32.DLL
0x0000000059870000 - 0x0000000059942000 	C:\Program Files\Java\jdk1.8.0_202\jre\bin\msvcr100.dll
0x0000000058fc0000 - 0x0000000059865000 	C:\Program Files\Java\jdk1.8.0_202\jre\bin\server\jvm.dll
0x00007ffe627b0000 - 0x00007ffe627b8000 	C:\Windows\System32\PSAPI.DLL
0x00007ffe3fce0000 - 0x00007ffe3fce9000 	C:\Windows\SYSTEM32\WSOCK32.dll
0x00007ffe3a120000 - 0x00007ffe3a147000 	C:\Windows\SYSTEM32\WINMM.dll
0x00007ffe599d0000 - 0x00007ffe599da000 	C:\Windows\SYSTEM32\VERSION.dll
0x00007ffe619b0000 - 0x00007ffe61a1b000 	C:\Windows\System32\WS2_32.dll
0x00007ffe38440000 - 0x00007ffe3844f000 	C:\Program Files\Java\jdk1.8.0_202\jre\bin\verify.dll
0x00007ffe38410000 - 0x00007ffe38439000 	C:\Program Files\Java\jdk1.8.0_202\jre\bin\java.dll
0x00007ffe37e80000 - 0x00007ffe37e96000 	C:\Program Files\Java\jdk1.8.0_202\jre\bin\zip.dll
0x00007ffe61be0000 - 0x00007ffe62324000 	C:\Windows\System32\SHELL32.dll
0x00007ffe5eb00000 - 0x00007ffe5f292000 	C:\Windows\SYSTEM32\windows.storage.dll
0x00007ffe62c30000 - 0x00007ffe62f85000 	C:\Windows\System32\combase.dll
0x00007ffe60340000 - 0x00007ffe60370000 	C:\Windows\SYSTEM32\Wldp.dll
0x00007ffe63010000 - 0x00007ffe630bd000 	C:\Windows\System32\SHCORE.dll
0x00007ffe62fb0000 - 0x00007ffe63005000 	C:\Windows\System32\shlwapi.dll
0x00007ffe609e0000 - 0x00007ffe609ff000 	C:\Windows\SYSTEM32\profapi.dll
0x00007ffe33d90000 - 0x00007ffe33daa000 	C:\Program Files\Java\jdk1.8.0_202\jre\bin\net.dll
0x00007ffe534f0000 - 0x00007ffe536dd000 	C:\Windows\SYSTEM32\urlmon.dll
0x00007ffe54f90000 - 0x00007ffe55241000 	C:\Windows\SYSTEM32\iertutil.dll
0x00007ffe54f60000 - 0x00007ffe54f88000 	C:\Windows\SYSTEM32\srvcli.dll
0x00007ffe5ff40000 - 0x00007ffe5ff4c000 	C:\Windows\SYSTEM32\netutils.dll
0x00007ffe60120000 - 0x00007ffe6018a000 	C:\Windows\system32\mswsock.dll
0x00007ffe5fe70000 - 0x00007ffe5ff3a000 	C:\Windows\SYSTEM32\DNSAPI.dll
0x00007ffe5fe30000 - 0x00007ffe5fe6b000 	C:\Windows\SYSTEM32\IPHLPAPI.DLL
0x00007ffe61520000 - 0x00007ffe61528000 	C:\Windows\System32\NSI.dll
0x00007ffe58e90000 - 0x00007ffe58e9a000 	C:\Windows\System32\rasadhlp.dll
0x00007ffe58920000 - 0x00007ffe589a0000 	C:\Windows\System32\fwpuclnt.dll
0x00007ffe60fe0000 - 0x00007ffe61007000 	C:\Windows\System32\bcrypt.dll
0x00007ffe603f0000 - 0x00007ffe60408000 	C:\Windows\SYSTEM32\CRYPTSP.dll
0x00007ffe5fa60000 - 0x00007ffe5fa94000 	C:\Windows\system32\rsaenh.dll
0x00007ffe609a0000 - 0x00007ffe609ce000 	C:\Windows\SYSTEM32\USERENV.dll
0x00007ffe61100000 - 0x00007ffe61182000 	C:\Windows\System32\bcryptprimitives.dll
0x00007ffe602b0000 - 0x00007ffe602bc000 	C:\Windows\SYSTEM32\CRYPTBASE.dll
0x00007ffe58df0000 - 0x00007ffe58e07000 	C:\Windows\SYSTEM32\dhcpcsvc6.DLL
0x00007ffe58fa0000 - 0x00007ffe58fbd000 	C:\Windows\SYSTEM32\dhcpcsvc.DLL
0x00007ffe33e00000 - 0x00007ffe33e12000 	C:\Program Files\Java\jdk1.8.0_202\jre\bin\nio.dll
0x00007ffe356f0000 - 0x00007ffe356fd000 	C:\Program Files\Java\jdk1.8.0_202\jre\bin\management.dll
0x00007ffe37cc0000 - 0x00007ffe37cd7000 	C:\Windows\system32\napinsp.dll
0x00007ffe37ca0000 - 0x00007ffe37cbb000 	C:\Windows\system32\pnrpnsp.dll
0x00007ffe37c80000 - 0x00007ffe37c95000 	C:\Windows\system32\wshbth.dll
0x00007ffe5be20000 - 0x00007ffe5be3d000 	C:\Windows\system32\NLAapi.dll
0x00007ffe37c60000 - 0x00007ffe37c72000 	C:\Windows\System32\winrnr.dll
0x00007ffe40870000 - 0x00007ffe40894000 	C:\Program Files\Java\jdk1.8.0_202\jre\bin\sunec.dll
0x00007ffe40860000 - 0x00007ffe4086b000 	C:\Program Files\Java\jdk1.8.0_202\jre\bin\sunmscapi.dll
0x00007ffe60e80000 - 0x00007ffe60fd6000 	C:\Windows\System32\CRYPT32.dll

VM Arguments:
jvm_args: -ea -Dfile.encoding=UTF-8 
java_command: org.testng.remote.RemoteTestNG -serport 50973 -protocol json -d D:\RingPay\RingPay_APIAutomation\modified_updated\test-output D:\RingPay\RingPay_APIAutomation\modified_updated\RingPay.xml
java_class_path (initial): C:\Users\IGS0425\eclipse\java-2022-06\eclipse\configuration\org.eclipse.osgi\447\0\.cp\lib\testng-remote.jar;D:\RingPay\RingPay_APIAutomation\modified_updated\target\test-classes;D:\RingPay\RingPay_APIAutomation\modified_updated\target\classes;C:\Users\IGS0425\.m2\repository\io\appium\java-client\7.2.0\java-client-7.2.0.jar;C:\Users\IGS0425\.m2\repository\org\seleniumhq\selenium\selenium-support\3.141.59\selenium-support-3.141.59.jar;C:\Users\IGS0425\.m2\repository\org\seleniumhq\selenium\selenium-api\3.141.59\selenium-api-3.141.59.jar;C:\Users\IGS0425\.m2\repository\com\google\code\gson\gson\2.8.5\gson-2.8.5.jar;C:\Users\IGS0425\.m2\repository\org\apache\httpcomponents\httpclient\4.5.9\httpclient-4.5.9.jar;C:\Users\IGS0425\.m2\repository\cglib\cglib\3.2.12\cglib-3.2.12.jar;C:\Users\IGS0425\.m2\repository\org\ow2\asm\asm\7.1\asm-7.1.jar;C:\Users\IGS0425\.m2\repository\commons-io\commons-io\2.6\commons-io-2.6.jar;C:\Users\IGS0425\.m2\repository\org\springframework\spring-context\5.1.8.RELEASE\spring-context-5.1.8.RELEASE.jar;C:\Users\IGS0425\.m2\repository\org\springframework\spring-aop\5.1.8.RELEASE\spring-aop-5.1.8.RELEASE.jar;C:\Users\IGS0425\.m2\repository\org\springframework\spring-beans\5.1.8.RELEASE\spring-beans-5.1.8.RELEASE.jar;C:\Users\IGS0425\.m2\repository\org\springframework\spring-core\5.1.8.RELEASE\spring-core-5.1.8.RELEASE.jar;C:\Users\IGS0425\.m2\repository\org\springframework\spring-jcl\5.1.8.RELEASE\spring-jcl-5.1.8.RELEASE.jar;C:\Users\IGS0425\.m2\repository\org\springframework\spring-expression\5.1.8.RELEASE\spring-expression-5.1.8.RELEASE.jar;C:\Users\IGS0425\.m2\repository\org\aspectj\aspectjweaver\1.9.4\aspectjweaver-1.9.4.jar;C:\Users\IGS0425\.m2\repository\org\slf4j\slf4j-api\1.7.26\slf4j-api-1.7.26.jar;C:\Users\IGS0425\.m2\repository\org\seleniumhq\selenium\selenium-java\3.141.59\selenium-java-3.141.59.jar;C:\Users\IGS0425\.m2\repository\org\seleniumhq\selenium\selenium-chrome-driver\3.141.59\selenium-chrome-dri
Launcher Type: SUN_STANDARD

Environment Variables:
JAVA_HOME=C:\Program Files\Java\jdk1.8.0_202
PATH=C:/Users/IGS0425/.p2/pool/plugins/org.eclipse.justj.openjdk.hotspot.jre.full.win32.x86_64_17.0.3.v20220515-1416/jre/bin/server;C:/Users/IGS0425/.p2/pool/plugins/org.eclipse.justj.openjdk.hotspot.jre.full.win32.x86_64_17.0.3.v20220515-1416/jre/bin;C:\Program Files (x86)\Common Files\Oracle\Java\javapath;C:\Windows\system32;C:\Windows;C:\Windows\System32\Wbem;C:\Windows\System32\WindowsPowerShell\v1.0\;C:\Windows\System32\OpenSSH\;C:\Program Files\nodejs\;C:\Program Files\Git\cmd;C:\Program Files\apache-maven-3.8.6\bin;C:\Users\IGS0425\AppData\Local\Microsoft\WindowsApps;C:\Program Files\JetBrains\IntelliJ IDEA Community Edition 2022.1.3\bin;;C:\Users\IGS0425\AppData\Roaming\npm;C:\Program Files\Java\jdk1.8.0_202\bin;;C:\Windows\system32;
USERNAME=IGS0425
OS=Windows_NT
PROCESSOR_IDENTIFIER=Intel64 Family 6 Model 140 Stepping 1, GenuineIntel



---------------  S Y S T E M  ---------------

OS: Windows 10.0 , 64 bit Build 19041 (10.0.19041.2364)

CPU:total 8 (initial active 8) (4 cores per cpu, 2 threads per core) family 6 model 140 stepping 1, cmov, cx8, fxsr, mmx, sse, sse2, sse3, ssse3, sse4.1, sse4.2, popcnt, avx, avx2, aes, clmul, erms, 3dnowpref, lzcnt, ht, tsc, tscinvbit, bmi1, bmi2, adx

Memory: 4k page, physical 16428308k(2043444k free), swap 16428308k(5424k free)

vm_info: Java HotSpot(TM) 64-Bit Server VM (25.202-b08) for windows-amd64 JRE (1.8.0_202-b08), built on Dec 15 2018 19:54:30 by "java_re" with MS VC++ 10.0 (VS2010)

time: Thu Jan 12 18:12:18 2023
timezone: India Standard Time
elapsed time: 212 seconds (0d 0h 3m 32s)

