#
# There is insufficient memory for the Java Runtime Environment to continue.
# Native memory allocation (malloc) failed to allocate 689296 bytes for Chunk::new
# Possible reasons:
#   The system is out of physical RAM or swap space
#   The process is running with CompressedOops enabled, and the Java Heap may be blocking the growth of the native heap
# Possible solutions:
#   Reduce memory load on the system
#   Increase physical memory or swap space
#   Check if swap backing store is full
#   Decrease Java heap size (-Xmx/-Xms)
#   Decrease number of Java threads
#   Decrease Java thread stack sizes (-Xss)
#   Set larger code cache with -XX:ReservedCodeCacheSize=
#   JVM is running with Zero Based Compressed Oops mode in which the Java heap is
#     placed in the first 32GB address space. The Java Heap base address is the
#     maximum limit for the native heap growth. Please use -XX:HeapBaseMinAddress
#     to set the Java Heap base and to place the Java Heap above 32GB virtual address.
# This output file may be truncated or incomplete.
#
#  Out of Memory Error (allocation.cpp:389), pid=8732, tid=0x0000000000001d54
#
# JRE version: Java(TM) SE Runtime Environment (8.0_202-b08) (build 1.8.0_202-b08)
# Java VM: Java HotSpot(TM) 64-Bit Server VM (25.202-b08 mixed mode windows-amd64 compressed oops)
# Failed to write core dump. Minidumps are not enabled by default on client versions of Windows
#

---------------  T H R E A D  ---------------

Current thread (0x000000001ddbe800):  JavaThread "C2 CompilerThread1" daemon [_thread_in_native, id=7508, stack(0x000000001e780000,0x000000001e880000)]

Stack: [0x000000001e780000,0x000000001e880000]
[error occurred during error reporting (printing stack bounds), id 0xc0000005]

Native frames: (J=compiled Java code, j=interpreted, Vv=VM code, C=native code)


Current CompileTask:
C2:   2426 2982       4       groovy.lang.MetaClassImpl$1MOPIter::methodNameAction (325 bytes)


---------------  P R O C E S S  ---------------

Java Threads: ( => current thread )
  0x000000001f88e000 JavaThread "ReaderThread" [_thread_in_native, id=3728, stack(0x00000000209a0000,0x0000000020aa0000)]
  0x000000001de5a000 JavaThread "Service Thread" daemon [_thread_blocked, id=3928, stack(0x000000001ea80000,0x000000001eb80000)]
  0x000000001ddd4800 JavaThread "C1 CompilerThread3" daemon [_thread_blocked, id=16980, stack(0x000000001e980000,0x000000001ea80000)]
  0x000000001ddcd000 JavaThread "C2 CompilerThread2" daemon [_thread_in_native, id=9240, stack(0x000000001e880000,0x000000001e980000)]
=>0x000000001ddbe800 JavaThread "C2 CompilerThread1" daemon [_thread_in_native, id=7508, stack(0x000000001e780000,0x000000001e880000)]
  0x000000001ddbb000 JavaThread "C2 CompilerThread0" daemon [_thread_in_native, id=7296, stack(0x000000001e680000,0x000000001e780000)]
  0x000000001ddba000 JavaThread "Attach Listener" daemon [_thread_blocked, id=7128, stack(0x000000001e580000,0x000000001e680000)]
  0x000000001ddb9000 JavaThread "Signal Dispatcher" daemon [_thread_blocked, id=2408, stack(0x000000001e480000,0x000000001e580000)]
  0x000000001bf77000 JavaThread "Finalizer" daemon [_thread_blocked, id=11932, stack(0x000000001e280000,0x000000001e380000)]
  0x000000001dda0800 JavaThread "Reference Handler" daemon [_thread_blocked, id=6580, stack(0x000000001e180000,0x000000001e280000)]
  0x000000000261a000 JavaThread "main" [_thread_in_native, id=16492, stack(0x0000000002510000,0x0000000002610000)]

Other Threads:
  0x000000001bf67800 VMThread [stack: 0x000000001dc80000,0x000000001dd80000] [id=10460]
  0x000000001de9d800 WatcherThread [stack: 0x000000001eb80000,0x000000001ec80000] [id=1012]

VM state:not at safepoint (normal execution)

VM Mutex/Monitor currently owned by a thread: None

heap address: 0x00000006c5400000, size: 4012 MB, Compressed Oops mode: Zero based, Oop shift amount: 3
Narrow klass base: 0x0000000000000000, Narrow klass shift: 3
Compressed class space size: 1073741824 Address: 0x00000007c0000000

Heap:
 PSYoungGen      total 106496K, used 2027K [0x000000076c700000, 0x0000000774680000, 0x00000007c0000000)
  eden space 94720K, 2% used [0x000000076c700000,0x000000076c8faf20,0x0000000772380000)
  from space 11776K, 0% used [0x0000000773180000,0x0000000773180000,0x0000000773d00000)
  to   space 14336K, 0% used [0x0000000772380000,0x0000000772380000,0x0000000773180000)
 ParOldGen       total 103936K, used 17017K [0x00000006c5400000, 0x00000006cb980000, 0x000000076c700000)
  object space 103936K, 16% used [0x00000006c5400000,0x00000006c649e7d8,0x00000006cb980000)
 Metaspace       used 34688K, capacity 35818K, committed 36136K, reserved 1081344K
  class space    used 4188K, capacity 4504K, committed 4608K, reserved 1048576K

Card table byte_map: [0x0000000011ad0000,0x00000000122b0000] byte_map_base: 0x000000000e4a6000

Marking Bits: (ParMarkBitMap*) 0x0000000076df5ce0
 Begin Bits: [0x0000000012ff0000, 0x0000000016ea0000)
 End Bits:   [0x0000000016ea0000, 0x000000001ad50000)

Polling page: 0x00000000023b0000

CodeCache: size=245760Kb used=11445Kb max_used=11445Kb free=234314Kb
 bounds [0x0000000002710000, 0x0000000003250000, 0x0000000011710000]
 total_blobs=3751 nmethods=3024 adapters=638
 compilation: enabled

Compilation events (10 events):
Event: 2.413 Thread 0x000000001ddd4800 nmethod 3004 0x000000000322a9d0 code [0x000000000322ab40, 0x000000000322ada8]
Event: 2.413 Thread 0x000000001ddd4800 3005       3       java.lang.invoke.InnerClassLambdaMetafactory::getOpcodeOffset (38 bytes)
Event: 2.413 Thread 0x000000001ddd4800 nmethod 3005 0x000000000322b210 code [0x000000000322b380, 0x000000000322b6c8]
Event: 2.413 Thread 0x000000001ddbb000 nmethod 3001 0x000000000322e950 code [0x000000000322eac0, 0x000000000322f078]
Event: 2.413 Thread 0x000000001ddbb000 3002   !   4       java.lang.ref.Finalizer::runFinalizer (62 bytes)
Event: 2.414 Thread 0x000000001ddd4800 3007       3       java.lang.Byte::valueOf (10 bytes)
Event: 2.414 Thread 0x000000001ddd4800 nmethod 3007 0x000000000322e590 code [0x000000000322e6e0, 0x000000000322e850]
Event: 2.415 Thread 0x000000001ddd4800 3008       3       java.lang.invoke.MemberName::<init> (131 bytes)
Event: 2.415 Thread 0x000000001ddd4800 nmethod 3008 0x000000000322c6d0 code [0x000000000322c9a0, 0x000000000322dd98]
Event: 2.415 Thread 0x000000001ddd4800 3009       3       java.lang.invoke.MemberName::hashCode (39 bytes)

GC Heap History (10 events):
Event: 1.316 GC heap before
{Heap before GC invocations=4 (full 1):
 PSYoungGen      total 75264K, used 7130K [0x000000076c700000, 0x0000000771b00000, 0x00000007c0000000)
  eden space 64512K, 0% used [0x000000076c700000,0x000000076c700000,0x0000000770600000)
  from space 10752K, 66% used [0x0000000770600000,0x0000000770cf6990,0x0000000771080000)
  to   space 10752K, 0% used [0x0000000771080000,0x0000000771080000,0x0000000771b00000)
 ParOldGen       total 172032K, used 96K [0x00000006c5400000, 0x00000006cfc00000, 0x000000076c700000)
  object space 172032K, 0% used [0x00000006c5400000,0x00000006c5418010,0x00000006cfc00000)
 Metaspace       used 20733K, capacity 21112K, committed 21296K, reserved 1069056K
  class space    used 2507K, capacity 2623K, committed 2688K, reserved 1048576K
Event: 1.335 GC heap after
Heap after GC invocations=4 (full 1):
 PSYoungGen      total 75264K, used 0K [0x000000076c700000, 0x0000000771b00000, 0x00000007c0000000)
  eden space 64512K, 0% used [0x000000076c700000,0x000000076c700000,0x0000000770600000)
  from space 10752K, 0% used [0x0000000770600000,0x0000000770600000,0x0000000771080000)
  to   space 10752K, 0% used [0x0000000771080000,0x0000000771080000,0x0000000771b00000)
 ParOldGen       total 103936K, used 6969K [0x00000006c5400000, 0x00000006cb980000, 0x000000076c700000)
  object space 103936K, 6% used [0x00000006c5400000,0x00000006c5ace5f8,0x00000006cb980000)
 Metaspace       used 20733K, capacity 21112K, committed 21296K, reserved 1069056K
  class space    used 2507K, capacity 2623K, committed 2688K, reserved 1048576K
}
Event: 1.778 GC heap before
{Heap before GC invocations=5 (full 1):
 PSYoungGen      total 75264K, used 64512K [0x000000076c700000, 0x0000000771b00000, 0x00000007c0000000)
  eden space 64512K, 100% used [0x000000076c700000,0x0000000770600000,0x0000000770600000)
  from space 10752K, 0% used [0x0000000770600000,0x0000000770600000,0x0000000771080000)
  to   space 10752K, 0% used [0x0000000771080000,0x0000000771080000,0x0000000771b00000)
 ParOldGen       total 103936K, used 6969K [0x00000006c5400000, 0x00000006cb980000, 0x000000076c700000)
  object space 103936K, 6% used [0x00000006c5400000,0x00000006c5ace5f8,0x00000006cb980000)
 Metaspace       used 27483K, capacity 28036K, committed 28160K, reserved 1073152K
  class space    used 3367K, capacity 3537K, committed 3584K, reserved 1048576K
Event: 1.782 GC heap after
Heap after GC invocations=5 (full 1):
 PSYoungGen      total 75264K, used 8475K [0x000000076c700000, 0x0000000773980000, 0x00000007c0000000)
  eden space 64512K, 0% used [0x000000076c700000,0x000000076c700000,0x0000000770600000)
  from space 10752K, 78% used [0x0000000771080000,0x00000007718c6e10,0x0000000771b00000)
  to   space 10752K, 0% used [0x0000000770600000,0x0000000770600000,0x0000000771080000)
 ParOldGen       total 103936K, used 6977K [0x00000006c5400000, 0x00000006cb980000, 0x000000076c700000)
  object space 103936K, 6% used [0x00000006c5400000,0x00000006c5ad05f8,0x00000006cb980000)
 Metaspace       used 27483K, capacity 28036K, committed 28160K, reserved 1073152K
  class space    used 3367K, capacity 3537K, committed 3584K, reserved 1048576K
}
Event: 2.138 GC heap before
{Heap before GC invocations=6 (full 1):
 PSYoungGen      total 75264K, used 72987K [0x000000076c700000, 0x0000000773980000, 0x00000007c0000000)
  eden space 64512K, 100% used [0x000000076c700000,0x0000000770600000,0x0000000770600000)
  from space 10752K, 78% used [0x0000000771080000,0x00000007718c6e10,0x0000000771b00000)
  to   space 10752K, 0% used [0x0000000770600000,0x0000000770600000,0x0000000771080000)
 ParOldGen       total 103936K, used 6977K [0x00000006c5400000, 0x00000006cb980000, 0x000000076c700000)
  object space 103936K, 6% used [0x00000006c5400000,0x00000006c5ad05f8,0x00000006cb980000)
 Metaspace       used 31590K, capacity 32298K, committed 32384K, reserved 1077248K
  class space    used 3777K, capacity 3953K, committed 3968K, reserved 1048576K
Event: 2.144 GC heap after
Heap after GC invocations=6 (full 1):
 PSYoungGen      total 75264K, used 10730K [0x000000076c700000, 0x0000000773d00000, 0x00000007c0000000)
  eden space 64512K, 0% used [0x000000076c700000,0x000000076c700000,0x0000000770600000)
  from space 10752K, 99% used [0x0000000770600000,0x000000077107aaa0,0x0000000771080000)
  to   space 11776K, 0% used [0x0000000773180000,0x0000000773180000,0x0000000773d00000)
 ParOldGen       total 103936K, used 8146K [0x00000006c5400000, 0x00000006cb980000, 0x000000076c700000)
  object space 103936K, 7% used [0x00000006c5400000,0x00000006c5bf4ae8,0x00000006cb980000)
 Metaspace       used 31590K, capacity 32298K, committed 32384K, reserved 1077248K
  class space    used 3777K, capacity 3953K, committed 3968K, reserved 1048576K
}
Event: 2.353 GC heap before
{Heap before GC invocations=7 (full 1):
 PSYoungGen      total 75264K, used 64325K [0x000000076c700000, 0x0000000773d00000, 0x00000007c0000000)
  eden space 64512K, 83% used [0x000000076c700000,0x000000076fb56a70,0x0000000770600000)
  from space 10752K, 99% used [0x0000000770600000,0x000000077107aaa0,0x0000000771080000)
  to   space 11776K, 0% used [0x0000000773180000,0x0000000773180000,0x0000000773d00000)
 ParOldGen       total 103936K, used 8146K [0x00000006c5400000, 0x00000006cb980000, 0x000000076c700000)
  object space 103936K, 7% used [0x00000006c5400000,0x00000006c5bf4ae8,0x00000006cb980000)
 Metaspace       used 34570K, capacity 35460K, committed 35496K, reserved 1081344K
  class space    used 4153K, capacity 4446K, committed 4480K, reserved 1048576K
Event: 2.361 GC heap after
Heap after GC invocations=7 (full 1):
 PSYoungGen      total 106496K, used 11755K [0x000000076c700000, 0x0000000774680000, 0x00000007c0000000)
  eden space 94720K, 0% used [0x000000076c700000,0x000000076c700000,0x0000000772380000)
  from space 11776K, 99% used [0x0000000773180000,0x0000000773cfaf00,0x0000000773d00000)
  to   space 14336K, 0% used [0x0000000772380000,0x0000000772380000,0x0000000773180000)
 ParOldGen       total 103936K, used 10029K [0x00000006c5400000, 0x00000006cb980000, 0x000000076c700000)
  object space 103936K, 9% used [0x00000006c5400000,0x00000006c5dcb6f0,0x00000006cb980000)
 Metaspace       used 34570K, capacity 35460K, committed 35496K, reserved 1081344K
  class space    used 4153K, capacity 4446K, committed 4480K, reserved 1048576K
}
Event: 2.361 GC heap before
{Heap before GC invocations=8 (full 2):
 PSYoungGen      total 106496K, used 11755K [0x000000076c700000, 0x0000000774680000, 0x00000007c0000000)
  eden space 94720K, 0% used [0x000000076c700000,0x000000076c700000,0x0000000772380000)
  from space 11776K, 99% used [0x0000000773180000,0x0000000773cfaf00,0x0000000773d00000)
  to   space 14336K, 0% used [0x0000000772380000,0x0000000772380000,0x0000000773180000)
 ParOldGen       total 103936K, used 10029K [0x00000006c5400000, 0x00000006cb980000, 0x000000076c700000)
  object space 103936K, 9% used [0x00000006c5400000,0x00000006c5dcb6f0,0x00000006cb980000)
 Metaspace       used 34570K, capacity 35460K, committed 35496K, reserved 1081344K
  class space    used 4153K, capacity 4446K, committed 4480K, reserved 1048576K
Event: 2.411 GC heap after
Heap after GC invocations=8 (full 2):
 PSYoungGen      total 106496K, used 0K [0x000000076c700000, 0x0000000774680000, 0x00000007c0000000)
  eden space 94720K, 0% used [0x000000076c700000,0x000000076c700000,0x0000000772380000)
  from space 11776K, 0% used [0x0000000773180000,0x0000000773180000,0x0000000773d00000)
  to   space 14336K, 0% used [0x0000000772380000,0x0000000772380000,0x0000000773180000)
 ParOldGen       total 103936K, used 17017K [0x00000006c5400000, 0x00000006cb980000, 0x000000076c700000)
  object space 103936K, 16% used [0x00000006c5400000,0x00000006c649e7d8,0x00000006cb980000)
 Metaspace       used 34568K, capacity 35454K, committed 35496K, reserved 1081344K
  class space    used 4152K, capacity 4444K, committed 4480K, reserved 1048576K
}

Deoptimization events (10 events):
Event: 1.840 Thread 0x000000000261a000 Uncommon trap: reason=unstable_if action=reinterpret pc=0x0000000002ee8d00 method=java.lang.ClassLoader.getClassLoadingLock(Ljava/lang/String;)Ljava/lang/Object; @ 6
Event: 1.895 Thread 0x000000000261a000 Uncommon trap: reason=class_check action=maybe_recompile pc=0x0000000002c830d0 method=java.io.FilterInputStream.read([BII)I @ 7
Event: 1.895 Thread 0x000000000261a000 Uncommon trap: reason=class_check action=maybe_recompile pc=0x0000000002c830d0 method=java.io.FilterInputStream.read([BII)I @ 7
Event: 1.895 Thread 0x000000000261a000 Uncommon trap: reason=class_check action=maybe_recompile pc=0x0000000002c830d0 method=java.io.FilterInputStream.read([BII)I @ 7
Event: 2.305 Thread 0x000000000261a000 Uncommon trap: reason=class_check action=maybe_recompile pc=0x0000000002b71734 method=java.util.concurrent.ConcurrentHashMap.putVal(Ljava/lang/Object;Ljava/lang/Object;Z)Ljava/lang/Object; @ 192
Event: 2.343 Thread 0x000000000261a000 Uncommon trap: reason=unstable_if action=reinterpret pc=0x0000000002de1f14 method=java.lang.String.regionMatches(ZILjava/lang/String;II)Z @ 102
Event: 2.348 Thread 0x000000000261a000 Uncommon trap: reason=unstable_if action=reinterpret pc=0x00000000031c5b40 method=groovy.lang.MetaClassImpl.checkIfStdMethod(Lgroovy/lang/MetaMethod;)V @ 167
Event: 2.351 Thread 0x000000000261a000 Uncommon trap: reason=unstable_if action=reinterpret pc=0x00000000031cc190 method=groovy.lang.MetaClassImpl.checkIfStdMethod(Lgroovy/lang/MetaMethod;)V @ 167
Event: 2.353 Thread 0x000000000261a000 Uncommon trap: reason=bimorphic action=maybe_recompile pc=0x00000000031b772c method=org.codehaus.groovy.runtime.metaclass.MetaMethodIndex.addMethodToList(Ljava/lang/Object;Lgroovy/lang/MetaMethod;)Ljava/lang/Object; @ 130
Event: 2.353 Thread 0x000000000261a000 Uncommon trap: reason=bimorphic action=maybe_recompile pc=0x00000000031b772c method=org.codehaus.groovy.runtime.metaclass.MetaMethodIndex.addMethodToList(Ljava/lang/Object;Lgroovy/lang/MetaMethod;)Ljava/lang/Object; @ 130

Classes redefined (0 events):
No events

Internal exceptions (10 events):
Event: 2.297 Thread 0x000000000261a000 Exception <a 'java/lang/ClassNotFoundException': com/fasterxml/jackson/core/JsonFactoryCustomizer> (0x000000076ef7b928) thrown at [C:\re\workspace\8-2-build-windows-amd64-cygwin\jdk8u202\12323\hotspot\src\share\vm\classfile\systemDictionary.cpp, line 210]
Event: 2.298 Thread 0x000000000261a000 Exception <a 'java/lang/ClassNotFoundException': com/fasterxml/jackson/databind/MappingJsonFactoryCustomizer> (0x000000076eff2e80) thrown at [C:\re\workspace\8-2-build-windows-amd64-cygwin\jdk8u202\12323\hotspot\src\share\vm\classfile\systemDictionary.cpp
Event: 2.329 Thread 0x000000000261a000 Exception <a 'java/lang/ClassNotFoundException': io/restassured/http/MethodBeanInfo> (0x000000076f6c0af0) thrown at [C:\re\workspace\8-2-build-windows-amd64-cygwin\jdk8u202\12323\hotspot\src\share\vm\classfile\systemDictionary.cpp, line 210]
Event: 2.329 Thread 0x000000000261a000 Exception <a 'java/lang/ClassNotFoundException': io/restassured/http/MethodCustomizer> (0x000000076f6e1028) thrown at [C:\re\workspace\8-2-build-windows-amd64-cygwin\jdk8u202\12323\hotspot\src\share\vm\classfile\systemDictionary.cpp, line 210]
Event: 2.332 Thread 0x000000000261a000 Exception <a 'java/lang/ClassNotFoundException': io/restassured/config/LogConfigBeanInfo> (0x000000076f75cd48) thrown at [C:\re\workspace\8-2-build-windows-amd64-cygwin\jdk8u202\12323\hotspot\src\share\vm\classfile\systemDictionary.cpp, line 210]
Event: 2.332 Thread 0x000000000261a000 Exception <a 'java/lang/ClassNotFoundException': io/restassured/config/LogConfigCustomizer> (0x000000076f780000) thrown at [C:\re\workspace\8-2-build-windows-amd64-cygwin\jdk8u202\12323\hotspot\src\share\vm\classfile\systemDictionary.cpp, line 210]
Event: 2.338 Thread 0x000000000261a000 Exception <a 'java/lang/ClassNotFoundException': io/restassured/filter/time/TimingFilterBeanInfo> (0x000000076f8de090) thrown at [C:\re\workspace\8-2-build-windows-amd64-cygwin\jdk8u202\12323\hotspot\src\share\vm\classfile\systemDictionary.cpp, line 210]
Event: 2.339 Thread 0x000000000261a000 Exception <a 'java/lang/ClassNotFoundException': io/restassured/filter/time/TimingFilterCustomizer> (0x000000076f9057f0) thrown at [C:\re\workspace\8-2-build-windows-amd64-cygwin\jdk8u202\12323\hotspot\src\share\vm\classfile\systemDictionary.cpp, line 210
Event: 2.340 Thread 0x000000000261a000 Exception <a 'java/lang/ClassNotFoundException': io/restassured/internal/filter/SendRequestFilterBeanInfo> (0x000000076f96b320) thrown at [C:\re\workspace\8-2-build-windows-amd64-cygwin\jdk8u202\12323\hotspot\src\share\vm\classfile\systemDictionary.cpp, l
Event: 2.340 Thread 0x000000000261a000 Exception <a 'java/lang/ClassNotFoundException': io/restassured/internal/filter/SendRequestFilterCustomizer> (0x000000076f996ff8) thrown at [C:\re\workspace\8-2-build-windows-amd64-cygwin\jdk8u202\12323\hotspot\src\share\vm\classfile\systemDictionary.cpp,

Events (10 events):
Event: 2.415 loading class org/codehaus/groovy/runtime/typehandling/NumberMathModificationInfo
Event: 2.415 loading class org/codehaus/groovy/runtime/typehandling/NumberMathModificationInfo done
Event: 2.415 loading class org/codehaus/groovy/runtime/typehandling/NumberMathModificationInfo
Event: 2.415 loading class org/codehaus/groovy/runtime/typehandling/NumberMathModificationInfo done
Event: 2.415 loading class org/codehaus/groovy/runtime/typehandling/NumberMathModificationInfo
Event: 2.415 loading class org/codehaus/groovy/runtime/typehandling/NumberMathModificationInfo done
Event: 2.416 loading class org/codehaus/groovy/runtime/typehandling/NumberMathModificationInfo
Event: 2.416 loading class org/codehaus/groovy/runtime/typehandling/NumberMathModificationInfo done
Event: 2.416 loading class org/codehaus/groovy/runtime/typehandling/NumberMathModificationInfo
Event: 2.416 loading class org/codehaus/groovy/runtime/typehandling/NumberMathModificationInfo done


Dynamic libraries:
0x00007ff67bb70000 - 0x00007ff67bba7000 	C:\Program Files\Java\jdk1.8.0_202\bin\javaw.exe
0x00007ffe9eb70000 - 0x00007ffe9ed68000 	C:\Windows\SYSTEM32\ntdll.dll
0x00007ffe9d5d0000 - 0x00007ffe9d68f000 	C:\Windows\System32\KERNEL32.DLL
0x00007ffe9c2d0000 - 0x00007ffe9c5a2000 	C:\Windows\System32\KERNELBASE.dll
0x00007ffe9d3f0000 - 0x00007ffe9d49e000 	C:\Windows\System32\ADVAPI32.dll
0x00007ffe9cbb0000 - 0x00007ffe9cc4e000 	C:\Windows\System32\msvcrt.dll
0x00007ffe9ccc0000 - 0x00007ffe9cd5c000 	C:\Windows\System32\sechost.dll
0x00007ffe9d4a0000 - 0x00007ffe9d5c5000 	C:\Windows\System32\RPCRT4.dll
0x00007ffe9e380000 - 0x00007ffe9e521000 	C:\Windows\System32\USER32.dll
0x00007ffe9c5e0000 - 0x00007ffe9c602000 	C:\Windows\System32\win32u.dll
0x00007ffe9e9a0000 - 0x00007ffe9e9cb000 	C:\Windows\System32\GDI32.dll
0x00007ffe9c610000 - 0x00007ffe9c71f000 	C:\Windows\System32\gdi32full.dll
0x00007ffe9cb10000 - 0x00007ffe9cbad000 	C:\Windows\System32\msvcp_win.dll
0x00007ffe9c720000 - 0x00007ffe9c820000 	C:\Windows\System32\ucrtbase.dll
0x00007ffe8cd90000 - 0x00007ffe8d02a000 	C:\Windows\WinSxS\amd64_microsoft.windows.common-controls_6595b64144ccf1df_6.0.19041.1110_none_60b5254171f9507e\COMCTL32.dll
0x00007ffe9d280000 - 0x00007ffe9d2b2000 	C:\Windows\System32\IMM32.DLL
0x0000000076e80000 - 0x0000000076f52000 	C:\Program Files\Java\jdk1.8.0_202\jre\bin\msvcr100.dll
0x00000000765d0000 - 0x0000000076e75000 	C:\Program Files\Java\jdk1.8.0_202\jre\bin\server\jvm.dll
0x00007ffe9def0000 - 0x00007ffe9def8000 	C:\Windows\System32\PSAPI.DLL
0x00007ffe76060000 - 0x00007ffe76087000 	C:\Windows\SYSTEM32\WINMM.dll
0x00007ffe7b8a0000 - 0x00007ffe7b8a9000 	C:\Windows\SYSTEM32\WSOCK32.dll
0x00007ffe93a00000 - 0x00007ffe93a0a000 	C:\Windows\SYSTEM32\VERSION.dll
0x00007ffe9eac0000 - 0x00007ffe9eb2b000 	C:\Windows\System32\WS2_32.dll
0x00007ffe74410000 - 0x00007ffe7441f000 	C:\Program Files\Java\jdk1.8.0_202\jre\bin\verify.dll
0x00007ffe73cb0000 - 0x00007ffe73cd9000 	C:\Program Files\Java\jdk1.8.0_202\jre\bin\java.dll
0x00007ffe73310000 - 0x00007ffe73326000 	C:\Program Files\Java\jdk1.8.0_202\jre\bin\zip.dll
0x00007ffe9d690000 - 0x00007ffe9ddd4000 	C:\Windows\System32\SHELL32.dll
0x00007ffe9a2c0000 - 0x00007ffe9aa52000 	C:\Windows\SYSTEM32\windows.storage.dll
0x00007ffe9df00000 - 0x00007ffe9e255000 	C:\Windows\System32\combase.dll
0x00007ffe9bb00000 - 0x00007ffe9bb30000 	C:\Windows\SYSTEM32\Wldp.dll
0x00007ffe9d340000 - 0x00007ffe9d3ed000 	C:\Windows\System32\SHCORE.dll
0x00007ffe9e9d0000 - 0x00007ffe9ea25000 	C:\Windows\System32\shlwapi.dll
0x00007ffe9c1a0000 - 0x00007ffe9c1bf000 	C:\Windows\SYSTEM32\profapi.dll
0x00007ffe6da10000 - 0x00007ffe6da2a000 	C:\Program Files\Java\jdk1.8.0_202\jre\bin\net.dll
0x00007ffe8e1d0000 - 0x00007ffe8e3bd000 	C:\Windows\SYSTEM32\urlmon.dll
0x00007ffe8fc10000 - 0x00007ffe8fec1000 	C:\Windows\SYSTEM32\iertutil.dll
0x00007ffe9b700000 - 0x00007ffe9b70c000 	C:\Windows\SYSTEM32\netutils.dll
0x00007ffe8fb90000 - 0x00007ffe8fbb8000 	C:\Windows\SYSTEM32\srvcli.dll
0x00007ffe9b8e0000 - 0x00007ffe9b94a000 	C:\Windows\system32\mswsock.dll
0x00007ffe9b630000 - 0x00007ffe9b6fa000 	C:\Windows\SYSTEM32\DNSAPI.dll
0x00007ffe9b5f0000 - 0x00007ffe9b62b000 	C:\Windows\SYSTEM32\IPHLPAPI.DLL
0x00007ffe9cc50000 - 0x00007ffe9cc58000 	C:\Windows\System32\NSI.dll
0x00007ffe937d0000 - 0x00007ffe937da000 	C:\Windows\System32\rasadhlp.dll
0x00007ffe92b20000 - 0x00007ffe92ba0000 	C:\Windows\System32\fwpuclnt.dll
0x00007ffe9c5b0000 - 0x00007ffe9c5d7000 	C:\Windows\System32\bcrypt.dll
0x00007ffe9bbb0000 - 0x00007ffe9bbc8000 	C:\Windows\SYSTEM32\CRYPTSP.dll
0x00007ffe9b220000 - 0x00007ffe9b254000 	C:\Windows\system32\rsaenh.dll
0x00007ffe9c120000 - 0x00007ffe9c14e000 	C:\Windows\SYSTEM32\USERENV.dll
0x00007ffe9ca30000 - 0x00007ffe9cab2000 	C:\Windows\System32\bcryptprimitives.dll
0x00007ffe9ba70000 - 0x00007ffe9ba7c000 	C:\Windows\SYSTEM32\CRYPTBASE.dll
0x00007ffe93840000 - 0x00007ffe93857000 	C:\Windows\SYSTEM32\dhcpcsvc6.DLL
0x00007ffe938f0000 - 0x00007ffe9390d000 	C:\Windows\SYSTEM32\dhcpcsvc.DLL
0x00007ffe70f20000 - 0x00007ffe70f32000 	C:\Program Files\Java\jdk1.8.0_202\jre\bin\nio.dll
0x00007ffe70f10000 - 0x00007ffe70f1d000 	C:\Program Files\Java\jdk1.8.0_202\jre\bin\management.dll
0x00007ffe72540000 - 0x00007ffe72557000 	C:\Windows\system32\napinsp.dll
0x00007ffe72520000 - 0x00007ffe7253b000 	C:\Windows\system32\pnrpnsp.dll
0x00007ffe96ae0000 - 0x00007ffe96af5000 	C:\Windows\system32\wshbth.dll
0x00007ffe97470000 - 0x00007ffe9748d000 	C:\Windows\system32\NLAapi.dll
0x00007ffe72500000 - 0x00007ffe72512000 	C:\Windows\System32\winrnr.dll

VM Arguments:
jvm_args: -ea -Dfile.encoding=UTF-8 
java_command: org.testng.remote.RemoteTestNG -serport 56684 -protocol json -d D:\RingPay\RingPay_APIAutomation\modified_updated\test-output D:\RingPay\RingPay_APIAutomation\modified_updated\RingPay.xml
java_class_path (initial): C:\Users\IGS0425\eclipse\java-2022-06\eclipse\configuration\org.eclipse.osgi\447\0\.cp\lib\testng-remote.jar;D:\RingPay\RingPay_APIAutomation\modified_updated\target\test-classes;D:\RingPay\RingPay_APIAutomation\modified_updated\target\classes;C:\Users\IGS0425\.m2\repository\io\appium\java-client\7.2.0\java-client-7.2.0.jar;C:\Users\IGS0425\.m2\repository\org\seleniumhq\selenium\selenium-support\3.141.59\selenium-support-3.141.59.jar;C:\Users\IGS0425\.m2\repository\org\seleniumhq\selenium\selenium-api\3.141.59\selenium-api-3.141.59.jar;C:\Users\IGS0425\.m2\repository\com\google\code\gson\gson\2.8.5\gson-2.8.5.jar;C:\Users\IGS0425\.m2\repository\org\apache\httpcomponents\httpclient\4.5.9\httpclient-4.5.9.jar;C:\Users\IGS0425\.m2\repository\cglib\cglib\3.2.12\cglib-3.2.12.jar;C:\Users\IGS0425\.m2\repository\org\ow2\asm\asm\7.1\asm-7.1.jar;C:\Users\IGS0425\.m2\repository\commons-io\commons-io\2.6\commons-io-2.6.jar;C:\Users\IGS0425\.m2\repository\org\springframework\spring-context\5.1.8.RELEASE\spring-context-5.1.8.RELEASE.jar;C:\Users\IGS0425\.m2\repository\org\springframework\spring-aop\5.1.8.RELEASE\spring-aop-5.1.8.RELEASE.jar;C:\Users\IGS0425\.m2\repository\org\springframework\spring-beans\5.1.8.RELEASE\spring-beans-5.1.8.RELEASE.jar;C:\Users\IGS0425\.m2\repository\org\springframework\spring-core\5.1.8.RELEASE\spring-core-5.1.8.RELEASE.jar;C:\Users\IGS0425\.m2\repository\org\springframework\spring-jcl\5.1.8.RELEASE\spring-jcl-5.1.8.RELEASE.jar;C:\Users\IGS0425\.m2\repository\org\springframework\spring-expression\5.1.8.RELEASE\spring-expression-5.1.8.RELEASE.jar;C:\Users\IGS0425\.m2\repository\org\aspectj\aspectjweaver\1.9.4\aspectjweaver-1.9.4.jar;C:\Users\IGS0425\.m2\repository\org\slf4j\slf4j-api\1.7.26\slf4j-api-1.7.26.jar;C:\Users\IGS0425\.m2\repository\org\seleniumhq\selenium\selenium-java\3.141.59\selenium-java-3.141.59.jar;C:\Users\IGS0425\.m2\repository\org\seleniumhq\selenium\selenium-chrome-driver\3.141.59\selenium-chrome-dri
Launcher Type: SUN_STANDARD

Environment Variables:
JAVA_HOME=C:\Program Files\Java\jdk1.8.0_202
PATH=C:/Users/IGS0425/.p2/pool/plugins/org.eclipse.justj.openjdk.hotspot.jre.full.win32.x86_64_17.0.3.v20220515-1416/jre/bin/server;C:/Users/IGS0425/.p2/pool/plugins/org.eclipse.justj.openjdk.hotspot.jre.full.win32.x86_64_17.0.3.v20220515-1416/jre/bin;C:\Program Files (x86)\Common Files\Oracle\Java\javapath;C:\Windows\system32;C:\Windows;C:\Windows\System32\Wbem;C:\Windows\System32\WindowsPowerShell\v1.0\;C:\Windows\System32\OpenSSH\;C:\Program Files\nodejs\;C:\Program Files\Git\cmd;C:\Program Files\apache-maven-3.8.6\bin;C:\Users\IGS0425\AppData\Local\Microsoft\WindowsApps;C:\Program Files\JetBrains\IntelliJ IDEA Community Edition 2022.1.3\bin;;C:\Users\IGS0425\AppData\Roaming\npm;C:\Program Files\Java\jdk1.8.0_202\bin;;C:\Windows\System32;
USERNAME=IGS0425
OS=Windows_NT
PROCESSOR_IDENTIFIER=Intel64 Family 6 Model 140 Stepping 1, GenuineIntel



---------------  S Y S T E M  ---------------

OS: Windows 10.0 , 64 bit Build 19041 (10.0.19041.2364)

CPU:total 8 (initial active 8) (4 cores per cpu, 2 threads per core) family 6 model 140 stepping 1, cmov, cx8, fxsr, mmx, sse, sse2, sse3, ssse3, sse4.1, sse4.2, popcnt, avx, avx2, aes, clmul, erms, 3dnowpref, lzcnt, ht, tsc, tscinvbit, bmi1, bmi2, adx

Memory: 4k page, physical 16428308k(1889284k free), swap 16428308k(5332k free)

vm_info: Java HotSpot(TM) 64-Bit Server VM (25.202-b08) for windows-amd64 JRE (1.8.0_202-b08), built on Dec 15 2018 19:54:30 by "java_re" with MS VC++ 10.0 (VS2010)

time: Mon Dec 26 13:30:07 2022
timezone: India Standard Time
elapsed time: 2 seconds (0d 0h 0m 2s)

