#
# There is insufficient memory for the Java Runtime Environment to continue.
# Native memory allocation (malloc) failed to allocate 1013776 bytes for Chunk::new
# Possible reasons:
#   The system is out of physical RAM or swap space
#   The process is running with CompressedOops enabled, and the Java Heap may be blocking the growth of the native heap
# Possible solutions:
#   Reduce memory load on the system
#   Increase physical memory or swap space
#   Check if swap backing store is full
#   Decrease Java heap size (-Xmx/-Xms)
#   Decrease number of Java threads
#   Decrease Java thread stack sizes (-Xss)
#   Set larger code cache with -XX:ReservedCodeCacheSize=
#   JVM is running with Zero Based Compressed Oops mode in which the Java heap is
#     placed in the first 32GB address space. The Java Heap base address is the
#     maximum limit for the native heap growth. Please use -XX:HeapBaseMinAddress
#     to set the Java Heap base and to place the Java Heap above 32GB virtual address.
# This output file may be truncated or incomplete.
#
#  Out of Memory Error (allocation.cpp:389), pid=18344, tid=0x00000000000027c0
#
# JRE version: Java(TM) SE Runtime Environment (8.0_202-b08) (build 1.8.0_202-b08)
# Java VM: Java HotSpot(TM) 64-Bit Server VM (25.202-b08 mixed mode windows-amd64 compressed oops)
# Failed to write core dump. Minidumps are not enabled by default on client versions of Windows
#

---------------  T H R E A D  ---------------

Current thread (0x000000001de15000):  JavaThread "C2 CompilerThread2" daemon [_thread_in_native, id=10176, stack(0x000000001e8d0000,0x000000001e9d0000)]

Stack: [0x000000001e8d0000,0x000000001e9d0000]
[error occurred during error reporting (printing stack bounds), id 0xc0000005]

Native frames: (J=compiled Java code, j=interpreted, Vv=VM code, C=native code)


Current CompileTask:
C2:   6458 5611       4       org.apache.xmlbeans.impl.store.Saver::processElement (389 bytes)


---------------  P R O C E S S  ---------------

Java Threads: ( => current thread )
  0x000000001f904800 JavaThread "ReaderThread" [_thread_in_native, id=11916, stack(0x00000000208e0000,0x00000000209e0000)]
  0x000000001de9f000 JavaThread "Service Thread" daemon [_thread_blocked, id=5476, stack(0x000000001ead0000,0x000000001ebd0000)]
  0x000000001de1b000 JavaThread "C1 CompilerThread3" daemon [_thread_in_vm, id=8124, stack(0x000000001e9d0000,0x000000001ead0000)]
=>0x000000001de15000 JavaThread "C2 CompilerThread2" daemon [_thread_in_native, id=10176, stack(0x000000001e8d0000,0x000000001e9d0000)]
  0x000000001de0f800 JavaThread "C2 CompilerThread1" daemon [_thread_in_native, id=4800, stack(0x000000001e7d0000,0x000000001e8d0000)]
  0x000000001de0c000 JavaThread "C2 CompilerThread0" daemon [_thread_in_native, id=1000, stack(0x000000001e6d0000,0x000000001e7d0000)]
  0x000000001de0b000 JavaThread "Attach Listener" daemon [_thread_blocked, id=18328, stack(0x000000001e5d0000,0x000000001e6d0000)]
  0x000000001de08000 JavaThread "Signal Dispatcher" daemon [_thread_blocked, id=10684, stack(0x000000001e4d0000,0x000000001e5d0000)]
  0x000000001ddf0800 JavaThread "Finalizer" daemon [_thread_blocked, id=11784, stack(0x000000001e2d0000,0x000000001e3d0000)]
  0x000000001c010000 JavaThread "Reference Handler" daemon [_thread_blocked, id=17544, stack(0x000000001e1d0000,0x000000001e2d0000)]
  0x000000000270a000 JavaThread "main" [_thread_in_native, id=8484, stack(0x0000000002600000,0x0000000002700000)]

Other Threads:
  0x000000001c006800 VMThread [stack: 0x000000001dcd0000,0x000000001ddd0000] [id=13732]
  0x000000001dedb000 WatcherThread [stack: 0x000000001ebd0000,0x000000001ecd0000] [id=17640]

VM state:not at safepoint (normal execution)

VM Mutex/Monitor currently owned by a thread: None

heap address: 0x00000006c5400000, size: 4012 MB, Compressed Oops mode: Zero based, Oop shift amount: 3
Narrow klass base: 0x0000000000000000, Narrow klass shift: 3
Compressed class space size: 1073741824 Address: 0x00000007c0000000

Heap:
 PSYoungGen      total 109568K, used 101204K [0x000000076c700000, 0x0000000774700000, 0x00000007c0000000)
  eden space 94720K, 91% used [0x000000076c700000,0x0000000771bce4a0,0x0000000772380000)
  from space 14848K, 96% used [0x0000000772380000,0x0000000773186d90,0x0000000773200000)
  to   space 12288K, 0% used [0x0000000773200000,0x0000000773200000,0x0000000773e00000)
 ParOldGen       total 103936K, used 17085K [0x00000006c5400000, 0x00000006cb980000, 0x000000076c700000)
  object space 103936K, 16% used [0x00000006c5400000,0x00000006c64af6a8,0x00000006cb980000)
 Metaspace       used 46486K, capacity 48558K, committed 48768K, reserved 1091584K
  class space    used 5815K, capacity 6430K, committed 6528K, reserved 1048576K

Card table byte_map: [0x0000000011bc0000,0x00000000123a0000] byte_map_base: 0x000000000e596000

Marking Bits: (ParMarkBitMap*) 0x00000000597e5ce0
 Begin Bits: [0x00000000130e0000, 0x0000000016f90000)
 End Bits:   [0x0000000016f90000, 0x000000001ae40000)

Polling page: 0x0000000000ba0000

CodeCache: size=245760Kb used=19327Kb max_used=19923Kb free=226432Kb
 bounds [0x0000000002800000, 0x0000000003ba0000, 0x0000000011800000]
 total_blobs=6106 nmethods=5316 adapters=701
 compilation: enabled

Compilation events (10 events):
Event: 6.452 Thread 0x000000001de1b000 5739       1       com.sun.org.apache.xalan.internal.xsltc.trax.DOM2TO::getXMLVersion (5 bytes)
Event: 6.452 Thread 0x000000001de1b000 nmethod 5739 0x00000000029dfcd0 code [0x00000000029dfe20, 0x00000000029dff30]
Event: 6.452 Thread 0x000000001de1b000 5740       1       com.sun.org.apache.xml.internal.serializer.SerializerBase::getOmitXMLDeclaration (5 bytes)
Event: 6.452 Thread 0x000000001de1b000 nmethod 5740 0x00000000029dfa10 code [0x00000000029dfb60, 0x00000000029dfc70]
Event: 6.452 Thread 0x000000001de1b000 5741       1       com.sun.org.apache.xml.internal.serializer.SerializerBase::getStandalone (5 bytes)
Event: 6.452 Thread 0x000000001de1b000 nmethod 5741 0x00000000029df710 code [0x00000000029df860, 0x00000000029df970]
Event: 6.453 Thread 0x000000001de1b000 5742       3       com.sun.org.apache.xalan.internal.xsltc.trax.TransformerImpl::validOutputProperty (115 bytes)
Event: 6.453 Thread 0x000000001de1b000 nmethod 5742 0x00000000029541d0 code [0x0000000002954420, 0x0000000002955218]
Event: 6.455 Thread 0x000000001de1b000 5743       3       java.net.URI::compare (25 bytes)
Event: 6.455 Thread 0x000000001de1b000 nmethod 5743 0x0000000002b81450 code [0x0000000002b815c0, 0x0000000002b81888]

GC Heap History (10 events):
Event: 2.999 GC heap before
{Heap before GC invocations=7 (full 1):
 PSYoungGen      total 75264K, used 65598K [0x000000076c700000, 0x0000000773e00000, 0x00000007c0000000)
  eden space 64512K, 85% used [0x000000076c700000,0x000000076fc91c88,0x0000000770600000)
  from space 10752K, 99% used [0x0000000770600000,0x000000077107de40,0x0000000771080000)
  to   space 12288K, 0% used [0x0000000773200000,0x0000000773200000,0x0000000773e00000)
 ParOldGen       total 103936K, used 8048K [0x00000006c5400000, 0x00000006cb980000, 0x000000076c700000)
  object space 103936K, 7% used [0x00000006c5400000,0x00000006c5bdc030,0x00000006cb980000)
 Metaspace       used 34607K, capacity 35362K, committed 35456K, reserved 1081344K
  class space    used 4145K, capacity 4403K, committed 4480K, reserved 1048576K
Event: 3.008 GC heap after
Heap after GC invocations=7 (full 1):
 PSYoungGen      total 107008K, used 12262K [0x000000076c700000, 0x0000000774700000, 0x00000007c0000000)
  eden space 94720K, 0% used [0x000000076c700000,0x000000076c700000,0x0000000772380000)
  from space 12288K, 99% used [0x0000000773200000,0x0000000773df9950,0x0000000773e00000)
  to   space 14848K, 0% used [0x0000000772380000,0x0000000772380000,0x0000000773200000)
 ParOldGen       total 103936K, used 9709K [0x00000006c5400000, 0x00000006cb980000, 0x000000076c700000)
  object space 103936K, 9% used [0x00000006c5400000,0x00000006c5d7b410,0x00000006cb980000)
 Metaspace       used 34607K, capacity 35362K, committed 35456K, reserved 1081344K
  class space    used 4145K, capacity 4403K, committed 4480K, reserved 1048576K
}
Event: 3.008 GC heap before
{Heap before GC invocations=8 (full 2):
 PSYoungGen      total 107008K, used 12262K [0x000000076c700000, 0x0000000774700000, 0x00000007c0000000)
  eden space 94720K, 0% used [0x000000076c700000,0x000000076c700000,0x0000000772380000)
  from space 12288K, 99% used [0x0000000773200000,0x0000000773df9950,0x0000000773e00000)
  to   space 14848K, 0% used [0x0000000772380000,0x0000000772380000,0x0000000773200000)
 ParOldGen       total 103936K, used 9709K [0x00000006c5400000, 0x00000006cb980000, 0x000000076c700000)
  object space 103936K, 9% used [0x00000006c5400000,0x00000006c5d7b410,0x00000006cb980000)
 Metaspace       used 34607K, capacity 35362K, committed 35456K, reserved 1081344K
  class space    used 4145K, capacity 4403K, committed 4480K, reserved 1048576K
Event: 3.062 GC heap after
Heap after GC invocations=8 (full 2):
 PSYoungGen      total 107008K, used 0K [0x000000076c700000, 0x0000000774700000, 0x00000007c0000000)
  eden space 94720K, 0% used [0x000000076c700000,0x000000076c700000,0x0000000772380000)
  from space 12288K, 0% used [0x0000000773200000,0x0000000773200000,0x0000000773e00000)
  to   space 14848K, 0% used [0x0000000772380000,0x0000000772380000,0x0000000773200000)
 ParOldGen       total 103936K, used 17061K [0x00000006c5400000, 0x00000006cb980000, 0x000000076c700000)
  object space 103936K, 16% used [0x00000006c5400000,0x00000006c64a96a8,0x00000006cb980000)
 Metaspace       used 34605K, capacity 35356K, committed 35456K, reserved 1081344K
  class space    used 4144K, capacity 4401K, committed 4480K, reserved 1048576K
}
Event: 3.678 GC heap before
{Heap before GC invocations=9 (full 2):
 PSYoungGen      total 107008K, used 94720K [0x000000076c700000, 0x0000000774700000, 0x00000007c0000000)
  eden space 94720K, 100% used [0x000000076c700000,0x0000000772380000,0x0000000772380000)
  from space 12288K, 0% used [0x0000000773200000,0x0000000773200000,0x0000000773e00000)
  to   space 14848K, 0% used [0x0000000772380000,0x0000000772380000,0x0000000773200000)
 ParOldGen       total 103936K, used 17061K [0x00000006c5400000, 0x00000006cb980000, 0x000000076c700000)
  object space 103936K, 16% used [0x00000006c5400000,0x00000006c64a96a8,0x00000006cb980000)
 Metaspace       used 37823K, capacity 39290K, committed 39424K, reserved 1083392K
  class space    used 4624K, capacity 5041K, committed 5120K, reserved 1048576K
Event: 3.683 GC heap after
Heap after GC invocations=9 (full 2):
 PSYoungGen      total 109568K, used 4983K [0x000000076c700000, 0x0000000774700000, 0x00000007c0000000)
  eden space 94720K, 0% used [0x000000076c700000,0x000000076c700000,0x0000000772380000)
  from space 14848K, 33% used [0x0000000772380000,0x000000077285ddc8,0x0000000773200000)
  to   space 12288K, 0% used [0x0000000773200000,0x0000000773200000,0x0000000773e00000)
 ParOldGen       total 103936K, used 17069K [0x00000006c5400000, 0x00000006cb980000, 0x000000076c700000)
  object space 103936K, 16% used [0x00000006c5400000,0x00000006c64ab6a8,0x00000006cb980000)
 Metaspace       used 37823K, capacity 39290K, committed 39424K, reserved 1083392K
  class space    used 4624K, capacity 5041K, committed 5120K, reserved 1048576K
}
Event: 5.116 GC heap before
{Heap before GC invocations=10 (full 2):
 PSYoungGen      total 109568K, used 99703K [0x000000076c700000, 0x0000000774700000, 0x00000007c0000000)
  eden space 94720K, 100% used [0x000000076c700000,0x0000000772380000,0x0000000772380000)
  from space 14848K, 33% used [0x0000000772380000,0x000000077285ddc8,0x0000000773200000)
  to   space 12288K, 0% used [0x0000000773200000,0x0000000773200000,0x0000000773e00000)
 ParOldGen       total 103936K, used 17069K [0x00000006c5400000, 0x00000006cb980000, 0x000000076c700000)
  object space 103936K, 16% used [0x00000006c5400000,0x00000006c64ab6a8,0x00000006cb980000)
 Metaspace       used 41968K, capacity 43872K, committed 44160K, reserved 1087488K
  class space    used 5312K, capacity 5903K, committed 6016K, reserved 1048576K
Event: 5.123 GC heap after
Heap after GC invocations=10 (full 2):
 PSYoungGen      total 107008K, used 11329K [0x000000076c700000, 0x0000000774700000, 0x00000007c0000000)
  eden space 94720K, 0% used [0x000000076c700000,0x000000076c700000,0x0000000772380000)
  from space 12288K, 92% used [0x0000000773200000,0x0000000773d107c0,0x0000000773e00000)
  to   space 14848K, 0% used [0x0000000772380000,0x0000000772380000,0x0000000773200000)
 ParOldGen       total 103936K, used 17077K [0x00000006c5400000, 0x00000006cb980000, 0x000000076c700000)
  object space 103936K, 16% used [0x00000006c5400000,0x00000006c64ad6a8,0x00000006cb980000)
 Metaspace       used 41968K, capacity 43872K, committed 44160K, reserved 1087488K
  class space    used 5312K, capacity 5903K, committed 6016K, reserved 1048576K
}
Event: 5.873 GC heap before
{Heap before GC invocations=11 (full 2):
 PSYoungGen      total 107008K, used 106049K [0x000000076c700000, 0x0000000774700000, 0x00000007c0000000)
  eden space 94720K, 100% used [0x000000076c700000,0x0000000772380000,0x0000000772380000)
  from space 12288K, 92% used [0x0000000773200000,0x0000000773d107c0,0x0000000773e00000)
  to   space 14848K, 0% used [0x0000000772380000,0x0000000772380000,0x0000000773200000)
 ParOldGen       total 103936K, used 17077K [0x00000006c5400000, 0x00000006cb980000, 0x000000076c700000)
  object space 103936K, 16% used [0x00000006c5400000,0x00000006c64ad6a8,0x00000006cb980000)
 Metaspace       used 46115K, capacity 48154K, committed 48256K, reserved 1091584K
  class space    used 5813K, capacity 6428K, committed 6528K, reserved 1048576K
Event: 5.881 GC heap after
Heap after GC invocations=11 (full 2):
 PSYoungGen      total 109568K, used 14363K [0x000000076c700000, 0x0000000774700000, 0x00000007c0000000)
  eden space 94720K, 0% used [0x000000076c700000,0x000000076c700000,0x0000000772380000)
  from space 14848K, 96% used [0x0000000772380000,0x0000000773186d90,0x0000000773200000)
  to   space 12288K, 0% used [0x0000000773200000,0x0000000773200000,0x0000000773e00000)
 ParOldGen       total 103936K, used 17085K [0x00000006c5400000, 0x00000006cb980000, 0x000000076c700000)
  object space 103936K, 16% used [0x00000006c5400000,0x00000006c64af6a8,0x00000006cb980000)
 Metaspace       used 46115K, capacity 48154K, committed 48256K, reserved 1091584K
  class space    used 5813K, capacity 6428K, committed 6528K, reserved 1048576K
}

Deoptimization events (10 events):
Event: 5.651 Thread 0x000000000270a000 Uncommon trap: reason=unstable_if action=reinterpret pc=0x00000000039130b8 method=org.apache.xmlbeans.impl.store.Cur$Locations.moveTo(ILorg/apache/xmlbeans/impl/store/Cur;)V @ 6
Event: 5.687 Thread 0x000000000270a000 Uncommon trap: reason=unstable_if action=reinterpret pc=0x0000000002f57cac method=java.util.Properties.getProperty(Ljava/lang/String;)Ljava/lang/String; @ 30
Event: 5.712 Thread 0x000000000270a000 Uncommon trap: reason=bimorphic action=maybe_recompile pc=0x0000000002ce4c10 method=java.util.regex.Pattern$CharProperty.match(Ljava/util/regex/Matcher;ILjava/lang/CharSequence;)Z @ 37
Event: 5.712 Thread 0x000000000270a000 Uncommon trap: reason=bimorphic action=maybe_recompile pc=0x0000000002ce4c10 method=java.util.regex.Pattern$CharProperty.match(Ljava/util/regex/Matcher;ILjava/lang/CharSequence;)Z @ 37
Event: 5.712 Thread 0x000000000270a000 Uncommon trap: reason=bimorphic action=maybe_recompile pc=0x0000000002ce4c10 method=java.util.regex.Pattern$CharProperty.match(Ljava/util/regex/Matcher;ILjava/lang/CharSequence;)Z @ 37
Event: 5.712 Thread 0x000000000270a000 Uncommon trap: reason=bimorphic action=maybe_recompile pc=0x0000000002ce4c10 method=java.util.regex.Pattern$CharProperty.match(Ljava/util/regex/Matcher;ILjava/lang/CharSequence;)Z @ 37
Event: 5.850 Thread 0x000000000270a000 Uncommon trap: reason=class_check action=maybe_recompile pc=0x00000000038baa38 method=org.apache.xmlbeans.impl.store.CharUtil.getChars([CILjava/lang/Object;II)V @ 84
Event: 6.110 Thread 0x000000000270a000 Uncommon trap: reason=null_check action=make_not_entrant pc=0x0000000003b74f94 method=org.apache.xmlbeans.impl.store.Saver.addNewFrameMapping(Ljava/lang/String;Ljava/lang/String;Z)V @ 68
Event: 6.255 Thread 0x000000000270a000 Uncommon trap: reason=null_check action=make_not_entrant pc=0x0000000003b898b4 method=org.apache.xmlbeans.impl.store.Saver.addNewFrameMapping(Ljava/lang/String;Ljava/lang/String;Z)V @ 68
Event: 6.421 Thread 0x000000000270a000 Uncommon trap: reason=class_check action=maybe_recompile pc=0x0000000003ac8158 method=org.apache.xmlbeans.impl.store.CharUtil.getChars([CILjava/lang/Object;II)V @ 84

Classes redefined (0 events):
No events

Internal exceptions (10 events):
Event: 5.472 Thread 0x000000000270a000 Exception <a 'java/lang/ClassNotFoundException': Script1BeanInfo> (0x000000076f0a3608) thrown at [C:\re\workspace\8-2-build-windows-amd64-cygwin\jdk8u202\12323\hotspot\src\share\vm\classfile\systemDictionary.cpp, line 210]
Event: 5.472 Thread 0x000000000270a000 Exception <a 'java/lang/ClassNotFoundException': Script1Customizer> (0x000000076f0c2720) thrown at [C:\re\workspace\8-2-build-windows-amd64-cygwin\jdk8u202\12323\hotspot\src\share\vm\classfile\systemDictionary.cpp, line 210]
Event: 5.483 Thread 0x000000000270a000 Exception <a 'java/lang/ClassNotFoundException': Script1BeanInfo> (0x000000076f2c9ff0) thrown at [C:\re\workspace\8-2-build-windows-amd64-cygwin\jdk8u202\12323\hotspot\src\share\vm\classfile\systemDictionary.cpp, line 210]
Event: 5.484 Thread 0x000000000270a000 Exception <a 'java/lang/ClassNotFoundException': Script1Customizer> (0x000000076f2e9108) thrown at [C:\re\workspace\8-2-build-windows-amd64-cygwin\jdk8u202\12323\hotspot\src\share\vm\classfile\systemDictionary.cpp, line 210]
Event: 5.498 Thread 0x000000000270a000 Exception <a 'java/lang/ClassNotFoundException': Script1BeanInfo> (0x000000076f4f18f8) thrown at [C:\re\workspace\8-2-build-windows-amd64-cygwin\jdk8u202\12323\hotspot\src\share\vm\classfile\systemDictionary.cpp, line 210]
Event: 5.498 Thread 0x000000000270a000 Exception <a 'java/lang/ClassNotFoundException': Script1Customizer> (0x000000076f510a38) thrown at [C:\re\workspace\8-2-build-windows-amd64-cygwin\jdk8u202\12323\hotspot\src\share\vm\classfile\systemDictionary.cpp, line 210]
Event: 5.508 Thread 0x000000000270a000 Exception <a 'java/lang/ClassNotFoundException': Script1BeanInfo> (0x000000076f718d08) thrown at [C:\re\workspace\8-2-build-windows-amd64-cygwin\jdk8u202\12323\hotspot\src\share\vm\classfile\systemDictionary.cpp, line 210]
Event: 5.509 Thread 0x000000000270a000 Exception <a 'java/lang/ClassNotFoundException': Script1Customizer> (0x000000076f737e20) thrown at [C:\re\workspace\8-2-build-windows-amd64-cygwin\jdk8u202\12323\hotspot\src\share\vm\classfile\systemDictionary.cpp, line 210]
Event: 6.110 Thread 0x000000000270a000 Implicit null exception at 0x0000000003b726f2 to 0x0000000003b74f71
Event: 6.255 Thread 0x000000000270a000 Implicit null exception at 0x0000000003b860ba to 0x0000000003b89891

Events (10 events):
Event: 6.405 loading class org/apache/xerces/util/SecurityManager done
Event: 6.407 loading class org/apache/xerces/util/SecurityManager
Event: 6.407 loading class org/apache/xerces/util/SecurityManager done
Event: 6.408 loading class org/apache/xerces/util/SecurityManager
Event: 6.408 loading class org/apache/xerces/util/SecurityManager done
Event: 6.421 Thread 0x000000000270a000 Uncommon trap: trap_request=0xffffffde fr.pc=0x0000000003ac8158
Event: 6.421 Thread 0x000000000270a000 DEOPT PACKING pc=0x0000000003ac8158 sp=0x00000000026fd390
Event: 6.421 Thread 0x000000000270a000 DEOPT UNPACKING pc=0x000000000284583b sp=0x00000000026fd258 mode 2
Event: 6.437 loading class org/apache/xerces/util/SecurityManager
Event: 6.437 loading class org/apache/xerces/util/SecurityManager done


Dynamic libraries:
0x00007ff650130000 - 0x00007ff650167000 	C:\Program Files\Java\jdk1.8.0_202\bin\javaw.exe
0x00007ffe633b0000 - 0x00007ffe635a8000 	C:\Windows\SYSTEM32\ntdll.dll
0x00007ffe61850000 - 0x00007ffe6190f000 	C:\Windows\System32\KERNEL32.DLL
0x00007ffe60aa0000 - 0x00007ffe60d72000 	C:\Windows\System32\KERNELBASE.dll
0x00007ffe617a0000 - 0x00007ffe6184e000 	C:\Windows\System32\ADVAPI32.dll
0x00007ffe61910000 - 0x00007ffe619ae000 	C:\Windows\System32\msvcrt.dll
0x00007ffe632d0000 - 0x00007ffe6336c000 	C:\Windows\System32\sechost.dll
0x00007ffe613f0000 - 0x00007ffe61515000 	C:\Windows\System32\RPCRT4.dll
0x00007ffe62500000 - 0x00007ffe626a1000 	C:\Windows\System32\USER32.dll
0x00007ffe61060000 - 0x00007ffe61082000 	C:\Windows\System32\win32u.dll
0x00007ffe62780000 - 0x00007ffe627ab000 	C:\Windows\System32\GDI32.dll
0x00007ffe61190000 - 0x00007ffe6129f000 	C:\Windows\System32\gdi32full.dll
0x00007ffe612a0000 - 0x00007ffe6133d000 	C:\Windows\System32\msvcp_win.dll
0x00007ffe60d80000 - 0x00007ffe60e80000 	C:\Windows\System32\ucrtbase.dll
0x00007ffe51e20000 - 0x00007ffe520ba000 	C:\Windows\WinSxS\amd64_microsoft.windows.common-controls_6595b64144ccf1df_6.0.19041.1110_none_60b5254171f9507e\COMCTL32.dll
0x00007ffe62740000 - 0x00007ffe62772000 	C:\Windows\System32\IMM32.DLL
0x0000000059870000 - 0x0000000059942000 	C:\Program Files\Java\jdk1.8.0_202\jre\bin\msvcr100.dll
0x0000000058fc0000 - 0x0000000059865000 	C:\Program Files\Java\jdk1.8.0_202\jre\bin\server\jvm.dll
0x00007ffe627b0000 - 0x00007ffe627b8000 	C:\Windows\System32\PSAPI.DLL
0x00007ffe599d0000 - 0x00007ffe599da000 	C:\Windows\SYSTEM32\VERSION.dll
0x00007ffe3a120000 - 0x00007ffe3a147000 	C:\Windows\SYSTEM32\WINMM.dll
0x00007ffe3fce0000 - 0x00007ffe3fce9000 	C:\Windows\SYSTEM32\WSOCK32.dll
0x00007ffe619b0000 - 0x00007ffe61a1b000 	C:\Windows\System32\WS2_32.dll
0x00007ffe38440000 - 0x00007ffe3844f000 	C:\Program Files\Java\jdk1.8.0_202\jre\bin\verify.dll
0x00007ffe38410000 - 0x00007ffe38439000 	C:\Program Files\Java\jdk1.8.0_202\jre\bin\java.dll
0x00007ffe37e80000 - 0x00007ffe37e96000 	C:\Program Files\Java\jdk1.8.0_202\jre\bin\zip.dll
0x00007ffe61be0000 - 0x00007ffe62324000 	C:\Windows\System32\SHELL32.dll
0x00007ffe5eb00000 - 0x00007ffe5f292000 	C:\Windows\SYSTEM32\windows.storage.dll
0x00007ffe62c30000 - 0x00007ffe62f85000 	C:\Windows\System32\combase.dll
0x00007ffe60340000 - 0x00007ffe60370000 	C:\Windows\SYSTEM32\Wldp.dll
0x00007ffe63010000 - 0x00007ffe630bd000 	C:\Windows\System32\SHCORE.dll
0x00007ffe62fb0000 - 0x00007ffe63005000 	C:\Windows\System32\shlwapi.dll
0x00007ffe609e0000 - 0x00007ffe609ff000 	C:\Windows\SYSTEM32\profapi.dll
0x00007ffe33d90000 - 0x00007ffe33daa000 	C:\Program Files\Java\jdk1.8.0_202\jre\bin\net.dll
0x00007ffe534f0000 - 0x00007ffe536dd000 	C:\Windows\SYSTEM32\urlmon.dll
0x00007ffe54f60000 - 0x00007ffe54f88000 	C:\Windows\SYSTEM32\srvcli.dll
0x00007ffe54f90000 - 0x00007ffe55241000 	C:\Windows\SYSTEM32\iertutil.dll
0x00007ffe5ff40000 - 0x00007ffe5ff4c000 	C:\Windows\SYSTEM32\netutils.dll
0x00007ffe60120000 - 0x00007ffe6018a000 	C:\Windows\system32\mswsock.dll
0x00007ffe5fe70000 - 0x00007ffe5ff3a000 	C:\Windows\SYSTEM32\DNSAPI.dll
0x00007ffe5fe30000 - 0x00007ffe5fe6b000 	C:\Windows\SYSTEM32\IPHLPAPI.DLL
0x00007ffe61520000 - 0x00007ffe61528000 	C:\Windows\System32\NSI.dll
0x00007ffe58e90000 - 0x00007ffe58e9a000 	C:\Windows\System32\rasadhlp.dll
0x00007ffe58920000 - 0x00007ffe589a0000 	C:\Windows\System32\fwpuclnt.dll
0x00007ffe60fe0000 - 0x00007ffe61007000 	C:\Windows\System32\bcrypt.dll
0x00007ffe603f0000 - 0x00007ffe60408000 	C:\Windows\SYSTEM32\CRYPTSP.dll
0x00007ffe5fa60000 - 0x00007ffe5fa94000 	C:\Windows\system32\rsaenh.dll
0x00007ffe609a0000 - 0x00007ffe609ce000 	C:\Windows\SYSTEM32\USERENV.dll
0x00007ffe61100000 - 0x00007ffe61182000 	C:\Windows\System32\bcryptprimitives.dll
0x00007ffe602b0000 - 0x00007ffe602bc000 	C:\Windows\SYSTEM32\CRYPTBASE.dll
0x00007ffe58df0000 - 0x00007ffe58e07000 	C:\Windows\SYSTEM32\dhcpcsvc6.DLL
0x00007ffe58fa0000 - 0x00007ffe58fbd000 	C:\Windows\SYSTEM32\dhcpcsvc.DLL
0x00007ffe33e00000 - 0x00007ffe33e12000 	C:\Program Files\Java\jdk1.8.0_202\jre\bin\nio.dll
0x00007ffe356f0000 - 0x00007ffe356fd000 	C:\Program Files\Java\jdk1.8.0_202\jre\bin\management.dll
0x00007ffe37cc0000 - 0x00007ffe37cd7000 	C:\Windows\system32\napinsp.dll
0x00007ffe37ca0000 - 0x00007ffe37cbb000 	C:\Windows\system32\pnrpnsp.dll
0x00007ffe37c80000 - 0x00007ffe37c95000 	C:\Windows\system32\wshbth.dll
0x00007ffe5be20000 - 0x00007ffe5be3d000 	C:\Windows\system32\NLAapi.dll
0x00007ffe37c60000 - 0x00007ffe37c72000 	C:\Windows\System32\winrnr.dll
0x00007ffe40870000 - 0x00007ffe40894000 	C:\Program Files\Java\jdk1.8.0_202\jre\bin\sunec.dll
0x00007ffe40860000 - 0x00007ffe4086b000 	C:\Program Files\Java\jdk1.8.0_202\jre\bin\sunmscapi.dll
0x00007ffe60e80000 - 0x00007ffe60fd6000 	C:\Windows\System32\CRYPT32.dll

VM Arguments:
jvm_args: -ea -Dfile.encoding=UTF-8 
java_command: org.testng.remote.RemoteTestNG -serport 51102 -protocol json -d D:\RingPay\RingPay_APIAutomation\modified_updated\test-output D:\RingPay\RingPay_APIAutomation\modified_updated\RingPay.xml
java_class_path (initial): C:\Users\IGS0425\eclipse\java-2022-06\eclipse\configuration\org.eclipse.osgi\447\0\.cp\lib\testng-remote.jar;D:\RingPay\RingPay_APIAutomation\modified_updated\target\test-classes;D:\RingPay\RingPay_APIAutomation\modified_updated\target\classes;C:\Users\IGS0425\.m2\repository\io\appium\java-client\7.2.0\java-client-7.2.0.jar;C:\Users\IGS0425\.m2\repository\org\seleniumhq\selenium\selenium-support\3.141.59\selenium-support-3.141.59.jar;C:\Users\IGS0425\.m2\repository\org\seleniumhq\selenium\selenium-api\3.141.59\selenium-api-3.141.59.jar;C:\Users\IGS0425\.m2\repository\com\google\code\gson\gson\2.8.5\gson-2.8.5.jar;C:\Users\IGS0425\.m2\repository\org\apache\httpcomponents\httpclient\4.5.9\httpclient-4.5.9.jar;C:\Users\IGS0425\.m2\repository\cglib\cglib\3.2.12\cglib-3.2.12.jar;C:\Users\IGS0425\.m2\repository\org\ow2\asm\asm\7.1\asm-7.1.jar;C:\Users\IGS0425\.m2\repository\commons-io\commons-io\2.6\commons-io-2.6.jar;C:\Users\IGS0425\.m2\repository\org\springframework\spring-context\5.1.8.RELEASE\spring-context-5.1.8.RELEASE.jar;C:\Users\IGS0425\.m2\repository\org\springframework\spring-aop\5.1.8.RELEASE\spring-aop-5.1.8.RELEASE.jar;C:\Users\IGS0425\.m2\repository\org\springframework\spring-beans\5.1.8.RELEASE\spring-beans-5.1.8.RELEASE.jar;C:\Users\IGS0425\.m2\repository\org\springframework\spring-core\5.1.8.RELEASE\spring-core-5.1.8.RELEASE.jar;C:\Users\IGS0425\.m2\repository\org\springframework\spring-jcl\5.1.8.RELEASE\spring-jcl-5.1.8.RELEASE.jar;C:\Users\IGS0425\.m2\repository\org\springframework\spring-expression\5.1.8.RELEASE\spring-expression-5.1.8.RELEASE.jar;C:\Users\IGS0425\.m2\repository\org\aspectj\aspectjweaver\1.9.4\aspectjweaver-1.9.4.jar;C:\Users\IGS0425\.m2\repository\org\slf4j\slf4j-api\1.7.26\slf4j-api-1.7.26.jar;C:\Users\IGS0425\.m2\repository\org\seleniumhq\selenium\selenium-java\3.141.59\selenium-java-3.141.59.jar;C:\Users\IGS0425\.m2\repository\org\seleniumhq\selenium\selenium-chrome-driver\3.141.59\selenium-chrome-dri
Launcher Type: SUN_STANDARD

Environment Variables:
JAVA_HOME=C:\Program Files\Java\jdk1.8.0_202
PATH=C:/Users/IGS0425/.p2/pool/plugins/org.eclipse.justj.openjdk.hotspot.jre.full.win32.x86_64_17.0.3.v20220515-1416/jre/bin/server;C:/Users/IGS0425/.p2/pool/plugins/org.eclipse.justj.openjdk.hotspot.jre.full.win32.x86_64_17.0.3.v20220515-1416/jre/bin;C:\Program Files (x86)\Common Files\Oracle\Java\javapath;C:\Windows\system32;C:\Windows;C:\Windows\System32\Wbem;C:\Windows\System32\WindowsPowerShell\v1.0\;C:\Windows\System32\OpenSSH\;C:\Program Files\nodejs\;C:\Program Files\Git\cmd;C:\Program Files\apache-maven-3.8.6\bin;C:\Users\IGS0425\AppData\Local\Microsoft\WindowsApps;C:\Program Files\JetBrains\IntelliJ IDEA Community Edition 2022.1.3\bin;;C:\Users\IGS0425\AppData\Roaming\npm;C:\Program Files\Java\jdk1.8.0_202\bin;;C:\Windows\system32;
USERNAME=IGS0425
OS=Windows_NT
PROCESSOR_IDENTIFIER=Intel64 Family 6 Model 140 Stepping 1, GenuineIntel



---------------  S Y S T E M  ---------------

OS: Windows 10.0 , 64 bit Build 19041 (10.0.19041.2364)

CPU:total 8 (initial active 8) (4 cores per cpu, 2 threads per core) family 6 model 140 stepping 1, cmov, cx8, fxsr, mmx, sse, sse2, sse3, ssse3, sse4.1, sse4.2, popcnt, avx, avx2, aes, clmul, erms, 3dnowpref, lzcnt, ht, tsc, tscinvbit, bmi1, bmi2, adx

Memory: 4k page, physical 16428308k(1985152k free), swap 16428308k(6028k free)

vm_info: Java HotSpot(TM) 64-Bit Server VM (25.202-b08) for windows-amd64 JRE (1.8.0_202-b08), built on Dec 15 2018 19:54:30 by "java_re" with MS VC++ 10.0 (VS2010)

time: Thu Jan 12 18:11:47 2023
timezone: India Standard Time
elapsed time: 6 seconds (0d 0h 0m 6s)

