#
# There is insufficient memory for the Java Runtime Environment to continue.
# Native memory allocation (malloc) failed to allocate 987616 bytes for Chunk::new
# Possible reasons:
#   The system is out of physical RAM or swap space
#   The process is running with CompressedOops enabled, and the Java Heap may be blocking the growth of the native heap
# Possible solutions:
#   Reduce memory load on the system
#   Increase physical memory or swap space
#   Check if swap backing store is full
#   Decrease Java heap size (-Xmx/-Xms)
#   Decrease number of Java threads
#   Decrease Java thread stack sizes (-Xss)
#   Set larger code cache with -XX:ReservedCodeCacheSize=
#   JVM is running with Zero Based Compressed Oops mode in which the Java heap is
#     placed in the first 32GB address space. The Java Heap base address is the
#     maximum limit for the native heap growth. Please use -XX:HeapBaseMinAddress
#     to set the Java Heap base and to place the Java Heap above 32GB virtual address.
# This output file may be truncated or incomplete.
#
#  Out of Memory Error (allocation.cpp:389), pid=20288, tid=0x0000000000004ac4
#
# JRE version: Java(TM) SE Runtime Environment (8.0_202-b08) (build 1.8.0_202-b08)
# Java VM: Java HotSpot(TM) 64-Bit Server VM (25.202-b08 mixed mode windows-amd64 compressed oops)
# Failed to write core dump. Minidumps are not enabled by default on client versions of Windows
#

---------------  T H R E A D  ---------------

Current thread (0x000000001dc0a000):  JavaThread "C2 CompilerThread0" daemon [_thread_in_native, id=19140, stack(0x000000001e4d0000,0x000000001e5d0000)]

Stack: [0x000000001e4d0000,0x000000001e5d0000]
[error occurred during error reporting (printing stack bounds), id 0xc0000005]

Native frames: (J=compiled Java code, j=interpreted, Vv=VM code, C=native code)


Current CompileTask:
C2:   4820 3520       4       com.sun.beans.TypeResolver::resolve (37 bytes)


---------------  P R O C E S S  ---------------

Java Threads: ( => current thread )
  0x000000001ffe1800 JavaThread "ReaderThread" [_thread_in_native, id=19276, stack(0x00000000207f0000,0x00000000208f0000)]
  0x000000001dcb6800 JavaThread "Service Thread" daemon [_thread_blocked, id=1576, stack(0x000000001e8d0000,0x000000001e9d0000)]
  0x000000001dc19000 JavaThread "C1 CompilerThread3" daemon [_thread_blocked, id=18104, stack(0x000000001e7d0000,0x000000001e8d0000)]
  0x000000001dc1a800 JavaThread "C2 CompilerThread2" daemon [_thread_blocked, id=18796, stack(0x000000001e6d0000,0x000000001e7d0000)]
  0x000000001dc0e800 JavaThread "C2 CompilerThread1" daemon [_thread_in_native, id=19512, stack(0x000000001e5d0000,0x000000001e6d0000)]
=>0x000000001dc0a000 JavaThread "C2 CompilerThread0" daemon [_thread_in_native, id=19140, stack(0x000000001e4d0000,0x000000001e5d0000)]
  0x000000001dc09000 JavaThread "Attach Listener" daemon [_thread_blocked, id=19028, stack(0x000000001e3d0000,0x000000001e4d0000)]
  0x000000001dc08800 JavaThread "Signal Dispatcher" daemon [_thread_blocked, id=18804, stack(0x000000001e2d0000,0x000000001e3d0000)]
  0x000000001dbf1000 JavaThread "Finalizer" daemon [_thread_blocked, id=21276, stack(0x000000001e0d0000,0x000000001e1d0000)]
  0x000000001dbf0800 JavaThread "Reference Handler" daemon [_thread_blocked, id=9456, stack(0x000000001dfd0000,0x000000001e0d0000)]
  0x00000000024da000 JavaThread "main" [_thread_in_native, id=13608, stack(0x00000000023d0000,0x00000000024d0000)]

Other Threads:
  0x000000001bdd7800 VMThread [stack: 0x000000001dad0000,0x000000001dbd0000] [id=19412]
  0x000000001dcf3800 WatcherThread [stack: 0x000000001e9d0000,0x000000001ead0000] [id=16564]

VM state:not at safepoint (normal execution)

VM Mutex/Monitor currently owned by a thread: None

heap address: 0x00000006c5400000, size: 4012 MB, Compressed Oops mode: Zero based, Oop shift amount: 3
Narrow klass base: 0x0000000000000000, Narrow klass shift: 3
Compressed class space size: 1073741824 Address: 0x00000007c0000000

Heap:
 PSYoungGen      total 162816K, used 115051K [0x000000076c700000, 0x000000077b980000, 0x00000007c0000000)
  eden space 148992K, 77% used [0x000000076c700000,0x000000077375af88,0x0000000775880000)
  from space 13824K, 0% used [0x0000000776680000,0x0000000776680000,0x0000000777400000)
  to   space 14336K, 0% used [0x0000000775880000,0x0000000775880000,0x0000000776680000)
 ParOldGen       total 151552K, used 15188K [0x00000006c5400000, 0x00000006ce800000, 0x000000076c700000)
  object space 151552K, 10% used [0x00000006c5400000,0x00000006c62d5190,0x00000006ce800000)
 Metaspace       used 38398K, capacity 39850K, committed 40064K, reserved 1083392K
  class space    used 4757K, capacity 5212K, committed 5248K, reserved 1048576K

Card table byte_map: [0x0000000011990000,0x0000000012170000] byte_map_base: 0x000000000e366000

Marking Bits: (ParMarkBitMap*) 0x0000000059ee5ce0
 Begin Bits: [0x0000000012eb0000, 0x0000000016d60000)
 End Bits:   [0x0000000016d60000, 0x000000001ac10000)

Polling page: 0x0000000000570000

CodeCache: size=245760Kb used=13622Kb max_used=13646Kb free=232137Kb
 bounds [0x00000000025d0000, 0x0000000003330000, 0x00000000115d0000]
 total_blobs=4270 nmethods=3527 adapters=655
 compilation: enabled

Compilation events (10 events):
Event: 4.576 Thread 0x000000001dc19000 nmethod 3525 0x0000000003317590 code [0x0000000003317a40, 0x000000000331a9b8]
Event: 4.578 Thread 0x000000001dc19000 3526       3       groovy.lang.MetaClassImpl::getMethodWithCachingInternal (125 bytes)
Event: 4.580 Thread 0x000000001dc19000 nmethod 3526 0x000000000331c350 code [0x000000000331c600, 0x000000000331dea8]
Event: 4.580 Thread 0x000000001dc19000 3527       3       org.codehaus.groovy.runtime.callsite.PlainObjectMetaMethodSite::<init> (10 bytes)
Event: 4.580 Thread 0x000000001dc19000 nmethod 3527 0x0000000003311690 code [0x0000000003311800, 0x0000000003311ac8]
Event: 4.617 Thread 0x000000001dc19000 3529       3       java.util.concurrent.ConcurrentHashMap::put (8 bytes)
Event: 4.617 Thread 0x000000001dc19000 nmethod 3529 0x0000000003311290 code [0x0000000003311400, 0x0000000003311608]
Event: 4.757 Thread 0x000000001dc1a800 nmethod 3524 0x0000000003324210 code [0x0000000003324600, 0x00000000033286c8]
Event: 4.757 Thread 0x000000001dc1a800 3528       4       sun.net.www.protocol.file.Handler::parseURL (18 bytes)
Event: 4.766 Thread 0x000000001dc1a800 nmethod 3528 0x0000000003316c50 code [0x0000000003316dc0, 0x00000000033172c8]

GC Heap History (10 events):
Event: 2.074 GC heap before
{Heap before GC invocations=4 (full 1):
 PSYoungGen      total 75264K, used 7303K [0x000000076c700000, 0x0000000775a00000, 0x00000007c0000000)
  eden space 64512K, 0% used [0x000000076c700000,0x000000076c700000,0x0000000770600000)
  from space 10752K, 67% used [0x0000000770600000,0x0000000770d21dc0,0x0000000771080000)
  to   space 10752K, 0% used [0x0000000774f80000,0x0000000774f80000,0x0000000775a00000)
 ParOldGen       total 172032K, used 104K [0x00000006c5400000, 0x00000006cfc00000, 0x000000076c700000)
  object space 172032K, 0% used [0x00000006c5400000,0x00000006c541a010,0x00000006cfc00000)
 Metaspace       used 20745K, capacity 21112K, committed 21296K, reserved 1069056K
  class space    used 2506K, capacity 2623K, committed 2688K, reserved 1048576K
Event: 2.097 GC heap after
Heap after GC invocations=4 (full 1):
 PSYoungGen      total 75264K, used 0K [0x000000076c700000, 0x0000000775a00000, 0x00000007c0000000)
  eden space 64512K, 0% used [0x000000076c700000,0x000000076c700000,0x0000000770600000)
  from space 10752K, 0% used [0x0000000770600000,0x0000000770600000,0x0000000771080000)
  to   space 10752K, 0% used [0x0000000774f80000,0x0000000774f80000,0x0000000775a00000)
 ParOldGen       total 102912K, used 7086K [0x00000006c5400000, 0x00000006cb880000, 0x000000076c700000)
  object space 102912K, 6% used [0x00000006c5400000,0x00000006c5aeb9b0,0x00000006cb880000)
 Metaspace       used 20745K, capacity 21112K, committed 21296K, reserved 1069056K
  class space    used 2506K, capacity 2623K, committed 2688K, reserved 1048576K
}
Event: 2.709 GC heap before
{Heap before GC invocations=5 (full 1):
 PSYoungGen      total 75264K, used 64512K [0x000000076c700000, 0x0000000775a00000, 0x00000007c0000000)
  eden space 64512K, 100% used [0x000000076c700000,0x0000000770600000,0x0000000770600000)
  from space 10752K, 0% used [0x0000000770600000,0x0000000770600000,0x0000000771080000)
  to   space 10752K, 0% used [0x0000000774f80000,0x0000000774f80000,0x0000000775a00000)
 ParOldGen       total 102912K, used 7086K [0x00000006c5400000, 0x00000006cb880000, 0x000000076c700000)
  object space 102912K, 6% used [0x00000006c5400000,0x00000006c5aeb9b0,0x00000006cb880000)
 Metaspace       used 27630K, capacity 28196K, committed 28416K, reserved 1075200K
  class space    used 3393K, capacity 3569K, committed 3584K, reserved 1048576K
Event: 2.715 GC heap after
Heap after GC invocations=5 (full 1):
 PSYoungGen      total 106496K, used 8446K [0x000000076c700000, 0x0000000775800000, 0x00000007c0000000)
  eden space 97792K, 0% used [0x000000076c700000,0x000000076c700000,0x0000000772680000)
  from space 8704K, 97% used [0x0000000774f80000,0x00000007757bf8b0,0x0000000775800000)
  to   space 10752K, 0% used [0x0000000774300000,0x0000000774300000,0x0000000774d80000)
 ParOldGen       total 102912K, used 7094K [0x00000006c5400000, 0x00000006cb880000, 0x000000076c700000)
  object space 102912K, 6% used [0x00000006c5400000,0x00000006c5aed9b0,0x00000006cb880000)
 Metaspace       used 27630K, capacity 28196K, committed 28416K, reserved 1075200K
  class space    used 3393K, capacity 3569K, committed 3584K, reserved 1048576K
}
Event: 3.449 GC heap before
{Heap before GC invocations=6 (full 1):
 PSYoungGen      total 106496K, used 106238K [0x000000076c700000, 0x0000000775800000, 0x00000007c0000000)
  eden space 97792K, 100% used [0x000000076c700000,0x0000000772680000,0x0000000772680000)
  from space 8704K, 97% used [0x0000000774f80000,0x00000007757bf8b0,0x0000000775800000)
  to   space 10752K, 0% used [0x0000000774300000,0x0000000774300000,0x0000000774d80000)
 ParOldGen       total 102912K, used 7094K [0x00000006c5400000, 0x00000006cb880000, 0x000000076c700000)
  object space 102912K, 6% used [0x00000006c5400000,0x00000006c5aed9b0,0x00000006cb880000)
 Metaspace       used 33791K, capacity 34474K, committed 34688K, reserved 1079296K
  class space    used 4037K, capacity 4209K, committed 4224K, reserved 1048576K
Event: 3.461 GC heap after
Heap after GC invocations=6 (full 1):
 PSYoungGen      total 137728K, used 10748K [0x000000076c700000, 0x0000000777400000, 0x00000007c0000000)
  eden space 126976K, 0% used [0x000000076c700000,0x000000076c700000,0x0000000774300000)
  from space 10752K, 99% used [0x0000000774300000,0x0000000774d7f340,0x0000000774d80000)
  to   space 13824K, 0% used [0x0000000776680000,0x0000000776680000,0x0000000777400000)
 ParOldGen       total 102912K, used 10829K [0x00000006c5400000, 0x00000006cb880000, 0x000000076c700000)
  object space 102912K, 10% used [0x00000006c5400000,0x00000006c5e934b0,0x00000006cb880000)
 Metaspace       used 33791K, capacity 34474K, committed 34688K, reserved 1079296K
  class space    used 4037K, capacity 4209K, committed 4224K, reserved 1048576K
}
Event: 3.548 GC heap before
{Heap before GC invocations=7 (full 1):
 PSYoungGen      total 137728K, used 31139K [0x000000076c700000, 0x0000000777400000, 0x00000007c0000000)
  eden space 126976K, 16% used [0x000000076c700000,0x000000076dae9a40,0x0000000774300000)
  from space 10752K, 99% used [0x0000000774300000,0x0000000774d7f340,0x0000000774d80000)
  to   space 13824K, 0% used [0x0000000776680000,0x0000000776680000,0x0000000777400000)
 ParOldGen       total 102912K, used 10829K [0x00000006c5400000, 0x00000006cb880000, 0x000000076c700000)
  object space 102912K, 10% used [0x00000006c5400000,0x00000006c5e934b0,0x00000006cb880000)
 Metaspace       used 34547K, capacity 35442K, committed 35496K, reserved 1081344K
  class space    used 4156K, capacity 4427K, committed 4480K, reserved 1048576K
Event: 3.557 GC heap after
Heap after GC invocations=7 (full 1):
 PSYoungGen      total 162816K, used 11138K [0x000000076c700000, 0x000000077b980000, 0x00000007c0000000)
  eden space 148992K, 0% used [0x000000076c700000,0x000000076c700000,0x0000000775880000)
  from space 13824K, 80% used [0x0000000776680000,0x0000000777160a70,0x0000000777400000)
  to   space 14336K, 0% used [0x0000000775880000,0x0000000775880000,0x0000000776680000)
 ParOldGen       total 102912K, used 10837K [0x00000006c5400000, 0x00000006cb880000, 0x000000076c700000)
  object space 102912K, 10% used [0x00000006c5400000,0x00000006c5e954b0,0x00000006cb880000)
 Metaspace       used 34547K, capacity 35442K, committed 35496K, reserved 1081344K
  class space    used 4156K, capacity 4427K, committed 4480K, reserved 1048576K
}
Event: 3.557 GC heap before
{Heap before GC invocations=8 (full 2):
 PSYoungGen      total 162816K, used 11138K [0x000000076c700000, 0x000000077b980000, 0x00000007c0000000)
  eden space 148992K, 0% used [0x000000076c700000,0x000000076c700000,0x0000000775880000)
  from space 13824K, 80% used [0x0000000776680000,0x0000000777160a70,0x0000000777400000)
  to   space 14336K, 0% used [0x0000000775880000,0x0000000775880000,0x0000000776680000)
 ParOldGen       total 102912K, used 10837K [0x00000006c5400000, 0x00000006cb880000, 0x000000076c700000)
  object space 102912K, 10% used [0x00000006c5400000,0x00000006c5e954b0,0x00000006cb880000)
 Metaspace       used 34547K, capacity 35442K, committed 35496K, reserved 1081344K
  class space    used 4156K, capacity 4427K, committed 4480K, reserved 1048576K
Event: 3.600 GC heap after
Heap after GC invocations=8 (full 2):
 PSYoungGen      total 162816K, used 0K [0x000000076c700000, 0x000000077b980000, 0x00000007c0000000)
  eden space 148992K, 0% used [0x000000076c700000,0x000000076c700000,0x0000000775880000)
  from space 13824K, 0% used [0x0000000776680000,0x0000000776680000,0x0000000777400000)
  to   space 14336K, 0% used [0x0000000775880000,0x0000000775880000,0x0000000776680000)
 ParOldGen       total 151552K, used 15188K [0x00000006c5400000, 0x00000006ce800000, 0x000000076c700000)
  object space 151552K, 10% used [0x00000006c5400000,0x00000006c62d5190,0x00000006ce800000)
 Metaspace       used 34545K, capacity 35436K, committed 35496K, reserved 1081344K
  class space    used 4156K, capacity 4425K, committed 4480K, reserved 1048576K
}

Deoptimization events (10 events):
Event: 3.930 Thread 0x00000000024da000 Uncommon trap: reason=unstable_if action=reinterpret pc=0x0000000003172f2c method=java.security.CodeSource.getCertificates()[Ljava/security/cert/Certificate; @ 22
Event: 3.952 Thread 0x00000000024da000 Uncommon trap: reason=unstable_if action=reinterpret pc=0x0000000002b9c22c method=java.util.jar.JarFile.maybeInstantiateVerifier()V @ 75
Event: 3.953 Thread 0x00000000024da000 Uncommon trap: reason=unstable_if action=reinterpret pc=0x0000000002a3f048 method=java.util.LinkedHashMap.get(Ljava/lang/Object;)Ljava/lang/Object; @ 20
Event: 4.256 Thread 0x00000000024da000 Uncommon trap: reason=unstable_if action=reinterpret pc=0x0000000002dd96e4 method=java.util.zip.ZipFile$ZipEntryIterator.hasNext()Z @ 25
Event: 4.259 Thread 0x00000000024da000 Uncommon trap: reason=unstable_if action=reinterpret pc=0x0000000002dd896c method=java.util.zip.ZipFile$ZipEntryIterator.hasNext()Z @ 25
Event: 4.267 Thread 0x00000000024da000 Uncommon trap: reason=unstable_if action=reinterpret pc=0x0000000002dd9eac method=java.util.zip.ZipFile$ZipEntryIterator.hasNext()Z @ 25
Event: 4.392 Thread 0x00000000024da000 Uncommon trap: reason=unstable_if action=reinterpret pc=0x00000000031b9c08 method=groovyjarjarasm.asm.Frame.execute(IILgroovyjarjarasm/asm/Symbol;Lgroovyjarjarasm/asm/SymbolTable;)V @ 2260
Event: 4.463 Thread 0x00000000024da000 Uncommon trap: reason=unstable_if action=reinterpret pc=0x00000000032bab9c method=groovy.lang.MetaClassImpl$1MOPIter.methodNameAction(Ljava/lang/Class;Lorg/codehaus/groovy/runtime/metaclass/MetaMethodIndex$Entry;)V @ 277
Event: 4.526 Thread 0x00000000024da000 Uncommon trap: reason=bimorphic action=maybe_recompile pc=0x0000000002b9852c method=java.util.HashMap.putVal(ILjava/lang/Object;Ljava/lang/Object;ZZ)Ljava/lang/Object; @ 253
Event: 4.538 Thread 0x00000000024da000 Uncommon trap: reason=bimorphic action=maybe_recompile pc=0x0000000002b9852c method=java.util.HashMap.putVal(ILjava/lang/Object;Ljava/lang/Object;ZZ)Ljava/lang/Object; @ 253

Classes redefined (0 events):
No events

Internal exceptions (10 events):
Event: 4.562 Thread 0x00000000024da000 Exception <a 'java/lang/ClassNotFoundException': groovy/lang/MetaPropertyCustomizer> (0x0000000772f25498) thrown at [C:\re\workspace\8-2-build-windows-amd64-cygwin\jdk8u202\12323\hotspot\src\share\vm\classfile\systemDictionary.cpp, line 210]
Event: 4.563 Thread 0x00000000024da000 Exception <a 'java/lang/ClassNotFoundException': groovy/lang/MetaBeanPropertyCustomizer> (0x0000000772f65d38) thrown at [C:\re\workspace\8-2-build-windows-amd64-cygwin\jdk8u202\12323\hotspot\src\share\vm\classfile\systemDictionary.cpp, line 210]
Event: 4.565 Thread 0x00000000024da000 Exception <a 'java/lang/ClassNotFoundException': org/apache/http/entity/StringEntityBeanInfo> (0x0000000772fbcaf0) thrown at [C:\re\workspace\8-2-build-windows-amd64-cygwin\jdk8u202\12323\hotspot\src\share\vm\classfile\systemDictionary.cpp, line 210]
Event: 4.566 Thread 0x00000000024da000 Exception <a 'java/lang/ClassNotFoundException': org/apache/http/entity/AbstractHttpEntityBeanInfo> (0x0000000772fe4e48) thrown at [C:\re\workspace\8-2-build-windows-amd64-cygwin\jdk8u202\12323\hotspot\src\share\vm\classfile\systemDictionary.cpp, line 210
Event: 4.567 Thread 0x00000000024da000 Exception <a 'java/lang/ClassNotFoundException': org/apache/http/entity/AbstractHttpEntityCustomizer> (0x000000077300f090) thrown at [C:\re\workspace\8-2-build-windows-amd64-cygwin\jdk8u202\12323\hotspot\src\share\vm\classfile\systemDictionary.cpp, line 2
Event: 4.570 Thread 0x00000000024da000 Exception <a 'java/lang/ClassNotFoundException': org/apache/http/entity/StringEntityCustomizer> (0x0000000773040a18) thrown at [C:\re\workspace\8-2-build-windows-amd64-cygwin\jdk8u202\12323\hotspot\src\share\vm\classfile\systemDictionary.cpp, line 210]
Event: 4.574 Thread 0x00000000024da000 Exception <a 'java/lang/ClassNotFoundException': java/util/HashMap$KeySetBeanInfo> (0x00000007730e9118) thrown at [C:\re\workspace\8-2-build-windows-amd64-cygwin\jdk8u202\12323\hotspot\src\share\vm\classfile\systemDictionary.cpp, line 210]
Event: 4.575 Thread 0x00000000024da000 Exception <a 'java/lang/ClassNotFoundException': java/util/HashMap$KeySetCustomizer> (0x00000007730f9208) thrown at [C:\re\workspace\8-2-build-windows-amd64-cygwin\jdk8u202\12323\hotspot\src\share\vm\classfile\systemDictionary.cpp, line 210]
Event: 4.707 Thread 0x00000000024da000 Exception <a 'java/lang/ClassNotFoundException': sun/net/spi/DefaultProxySelectorBeanInfo> (0x00000007733d94a8) thrown at [C:\re\workspace\8-2-build-windows-amd64-cygwin\jdk8u202\12323\hotspot\src\share\vm\classfile\systemDictionary.cpp, line 210]
Event: 4.707 Thread 0x00000000024da000 Exception <a 'java/lang/ClassNotFoundException': sun/net/spi/DefaultProxySelectorCustomizer> (0x00000007733eb9f8) thrown at [C:\re\workspace\8-2-build-windows-amd64-cygwin\jdk8u202\12323\hotspot\src\share\vm\classfile\systemDictionary.cpp, line 210]

Events (10 events):
Event: 4.746 loading class org/apache/http/impl/io/IdentityInputStream
Event: 4.746 loading class org/apache/http/impl/io/IdentityInputStream done
Event: 4.747 loading class org/apache/http/impl/io/ContentLengthInputStream
Event: 4.747 loading class org/apache/http/impl/io/ContentLengthInputStream done
Event: 4.754 loading class org/apache/http/impl/entity/LaxContentLengthStrategy
Event: 4.754 loading class org/apache/http/impl/entity/LaxContentLengthStrategy done
Event: 4.758 loading class org/apache/http/conn/routing/RouteTracker
Event: 4.758 loading class org/apache/http/conn/routing/RouteTracker done
Event: 4.761 loading class org/apache/http/client/methods/AbstractExecutionAwareRequest$2
Event: 4.761 loading class org/apache/http/client/methods/AbstractExecutionAwareRequest$2 done


Dynamic libraries:
0x00007ff65d380000 - 0x00007ff65d3b7000 	C:\Program Files\Java\jdk1.8.0_202\bin\javaw.exe
0x00007ffb91e90000 - 0x00007ffb92088000 	C:\Windows\SYSTEM32\ntdll.dll
0x00007ffb91d90000 - 0x00007ffb91e4f000 	C:\Windows\System32\KERNEL32.DLL
0x00007ffb8f8a0000 - 0x00007ffb8fb72000 	C:\Windows\System32\KERNELBASE.dll
0x00007ffb91820000 - 0x00007ffb918ce000 	C:\Windows\System32\ADVAPI32.dll
0x00007ffb91b70000 - 0x00007ffb91c0e000 	C:\Windows\System32\msvcrt.dll
0x00007ffb90cc0000 - 0x00007ffb90d5c000 	C:\Windows\System32\sechost.dll
0x00007ffb90920000 - 0x00007ffb90a45000 	C:\Windows\System32\RPCRT4.dll
0x00007ffb8ffd0000 - 0x00007ffb90171000 	C:\Windows\System32\USER32.dll
0x00007ffb8f690000 - 0x00007ffb8f6b2000 	C:\Windows\System32\win32u.dll
0x00007ffb90190000 - 0x00007ffb901bb000 	C:\Windows\System32\GDI32.dll
0x00007ffb8f580000 - 0x00007ffb8f68f000 	C:\Windows\System32\gdi32full.dll
0x00007ffb8fd80000 - 0x00007ffb8fe1d000 	C:\Windows\System32\msvcp_win.dll
0x00007ffb8fc10000 - 0x00007ffb8fd10000 	C:\Windows\System32\ucrtbase.dll
0x00007ffb7ded0000 - 0x00007ffb7e16a000 	C:\Windows\WinSxS\amd64_microsoft.windows.common-controls_6595b64144ccf1df_6.0.19041.1110_none_60b5254171f9507e\COMCTL32.dll
0x00007ffb91930000 - 0x00007ffb91962000 	C:\Windows\System32\IMM32.DLL
0x0000000059f70000 - 0x000000005a042000 	C:\Program Files\Java\jdk1.8.0_202\jre\bin\msvcr100.dll
0x00000000596c0000 - 0x0000000059f65000 	C:\Program Files\Java\jdk1.8.0_202\jre\bin\server\jvm.dll
0x00007ffb90a50000 - 0x00007ffb90a58000 	C:\Windows\System32\PSAPI.DLL
0x00007ffb87fe0000 - 0x00007ffb87fea000 	C:\Windows\SYSTEM32\VERSION.dll
0x00007ffb68740000 - 0x00007ffb68767000 	C:\Windows\SYSTEM32\WINMM.dll
0x00007ffb6e000000 - 0x00007ffb6e009000 	C:\Windows\SYSTEM32\WSOCK32.dll
0x00007ffb91b00000 - 0x00007ffb91b6b000 	C:\Windows\System32\WS2_32.dll
0x00007ffb69f40000 - 0x00007ffb69f4f000 	C:\Program Files\Java\jdk1.8.0_202\jre\bin\verify.dll
0x00007ffb69f10000 - 0x00007ffb69f39000 	C:\Program Files\Java\jdk1.8.0_202\jre\bin\java.dll
0x00007ffb69e70000 - 0x00007ffb69e86000 	C:\Program Files\Java\jdk1.8.0_202\jre\bin\zip.dll
0x00007ffb901d0000 - 0x00007ffb90914000 	C:\Windows\System32\SHELL32.dll
0x00007ffb8d320000 - 0x00007ffb8dab2000 	C:\Windows\SYSTEM32\windows.storage.dll
0x00007ffb91380000 - 0x00007ffb916d5000 	C:\Windows\System32\combase.dll
0x00007ffb8ee20000 - 0x00007ffb8ee50000 	C:\Windows\SYSTEM32\Wldp.dll
0x00007ffb91770000 - 0x00007ffb9181d000 	C:\Windows\System32\SHCORE.dll
0x00007ffb91d30000 - 0x00007ffb91d85000 	C:\Windows\System32\shlwapi.dll
0x00007ffb8f4c0000 - 0x00007ffb8f4df000 	C:\Windows\SYSTEM32\profapi.dll
0x00007ffb61200000 - 0x00007ffb6121a000 	C:\Program Files\Java\jdk1.8.0_202\jre\bin\net.dll
0x00007ffb7f190000 - 0x00007ffb7f37d000 	C:\Windows\SYSTEM32\urlmon.dll
0x00007ffb7f4e0000 - 0x00007ffb7f791000 	C:\Windows\SYSTEM32\iertutil.dll
0x00007ffb7f160000 - 0x00007ffb7f188000 	C:\Windows\SYSTEM32\srvcli.dll
0x00007ffb8ea20000 - 0x00007ffb8ea2c000 	C:\Windows\SYSTEM32\netutils.dll
0x00007ffb8ec00000 - 0x00007ffb8ec6a000 	C:\Windows\system32\mswsock.dll
0x00007ffb8e950000 - 0x00007ffb8ea1a000 	C:\Windows\SYSTEM32\DNSAPI.dll
0x00007ffb8e910000 - 0x00007ffb8e94b000 	C:\Windows\SYSTEM32\IPHLPAPI.DLL
0x00007ffb90180000 - 0x00007ffb90188000 	C:\Windows\System32\NSI.dll
0x00007ffb86b00000 - 0x00007ffb86b0a000 	C:\Windows\System32\rasadhlp.dll
0x00007ffb85620000 - 0x00007ffb856a0000 	C:\Windows\System32\fwpuclnt.dll
0x00007ffb8f870000 - 0x00007ffb8f897000 	C:\Windows\System32\bcrypt.dll
0x00007ffb8ee60000 - 0x00007ffb8ee78000 	C:\Windows\SYSTEM32\CRYPTSP.dll
0x00007ffb8e540000 - 0x00007ffb8e574000 	C:\Windows\system32\rsaenh.dll
0x00007ffb8f480000 - 0x00007ffb8f4ae000 	C:\Windows\SYSTEM32\USERENV.dll
0x00007ffb8fb80000 - 0x00007ffb8fc02000 	C:\Windows\System32\bcryptprimitives.dll
0x00007ffb8ed90000 - 0x00007ffb8ed9c000 	C:\Windows\SYSTEM32\CRYPTBASE.dll
0x00007ffb86a60000 - 0x00007ffb86a77000 	C:\Windows\SYSTEM32\dhcpcsvc6.DLL
0x00007ffb86890000 - 0x00007ffb868ad000 	C:\Windows\SYSTEM32\dhcpcsvc.DLL
0x00007ffb7e330000 - 0x00007ffb7e342000 	C:\Program Files\Java\jdk1.8.0_202\jre\bin\nio.dll
0x00007ffb7cf70000 - 0x00007ffb7cf7d000 	C:\Program Files\Java\jdk1.8.0_202\jre\bin\management.dll
0x00007ffb65cc0000 - 0x00007ffb65cd7000 	C:\Windows\system32\napinsp.dll
0x00007ffb65c80000 - 0x00007ffb65c9b000 	C:\Windows\system32\pnrpnsp.dll
0x00007ffb89f00000 - 0x00007ffb89f15000 	C:\Windows\system32\wshbth.dll
0x00007ffb8a900000 - 0x00007ffb8a91d000 	C:\Windows\system32\NLAapi.dll
0x00007ffb65220000 - 0x00007ffb65232000 	C:\Windows\System32\winrnr.dll
0x00007ffb7ceb0000 - 0x00007ffb7ced4000 	C:\Program Files\Java\jdk1.8.0_202\jre\bin\sunec.dll

VM Arguments:
jvm_args: -ea -Dfile.encoding=UTF-8 
java_command: org.testng.remote.RemoteTestNG -serport 60915 -protocol json -d D:\RingPay\RingPay_APIAutomation\modified_updated\test-output D:\RingPay\RingPay_APIAutomation\modified_updated\RingPay.xml
java_class_path (initial): C:\Users\IGS0425\eclipse\java-2022-06\eclipse\configuration\org.eclipse.osgi\447\0\.cp\lib\testng-remote.jar;D:\RingPay\RingPay_APIAutomation\modified_updated\target\test-classes;D:\RingPay\RingPay_APIAutomation\modified_updated\target\classes;C:\Users\IGS0425\.m2\repository\io\appium\java-client\7.2.0\java-client-7.2.0.jar;C:\Users\IGS0425\.m2\repository\org\seleniumhq\selenium\selenium-support\3.141.59\selenium-support-3.141.59.jar;C:\Users\IGS0425\.m2\repository\org\seleniumhq\selenium\selenium-api\3.141.59\selenium-api-3.141.59.jar;C:\Users\IGS0425\.m2\repository\com\google\code\gson\gson\2.8.5\gson-2.8.5.jar;C:\Users\IGS0425\.m2\repository\org\apache\httpcomponents\httpclient\4.5.9\httpclient-4.5.9.jar;C:\Users\IGS0425\.m2\repository\cglib\cglib\3.2.12\cglib-3.2.12.jar;C:\Users\IGS0425\.m2\repository\org\ow2\asm\asm\7.1\asm-7.1.jar;C:\Users\IGS0425\.m2\repository\commons-io\commons-io\2.6\commons-io-2.6.jar;C:\Users\IGS0425\.m2\repository\org\springframework\spring-context\5.1.8.RELEASE\spring-context-5.1.8.RELEASE.jar;C:\Users\IGS0425\.m2\repository\org\springframework\spring-aop\5.1.8.RELEASE\spring-aop-5.1.8.RELEASE.jar;C:\Users\IGS0425\.m2\repository\org\springframework\spring-beans\5.1.8.RELEASE\spring-beans-5.1.8.RELEASE.jar;C:\Users\IGS0425\.m2\repository\org\springframework\spring-core\5.1.8.RELEASE\spring-core-5.1.8.RELEASE.jar;C:\Users\IGS0425\.m2\repository\org\springframework\spring-jcl\5.1.8.RELEASE\spring-jcl-5.1.8.RELEASE.jar;C:\Users\IGS0425\.m2\repository\org\springframework\spring-expression\5.1.8.RELEASE\spring-expression-5.1.8.RELEASE.jar;C:\Users\IGS0425\.m2\repository\org\aspectj\aspectjweaver\1.9.4\aspectjweaver-1.9.4.jar;C:\Users\IGS0425\.m2\repository\org\slf4j\slf4j-api\1.7.26\slf4j-api-1.7.26.jar;C:\Users\IGS0425\.m2\repository\org\seleniumhq\selenium\selenium-java\3.141.59\selenium-java-3.141.59.jar;C:\Users\IGS0425\.m2\repository\org\seleniumhq\selenium\selenium-chrome-driver\3.141.59\selenium-chrome-dri
Launcher Type: SUN_STANDARD

Environment Variables:
JAVA_HOME=C:\Program Files\Java\jdk1.8.0_202
PATH=C:/Users/IGS0425/.p2/pool/plugins/org.eclipse.justj.openjdk.hotspot.jre.full.win32.x86_64_17.0.3.v20220515-1416/jre/bin/server;C:/Users/IGS0425/.p2/pool/plugins/org.eclipse.justj.openjdk.hotspot.jre.full.win32.x86_64_17.0.3.v20220515-1416/jre/bin;C:\Program Files (x86)\Common Files\Oracle\Java\javapath;C:\Windows\system32;C:\Windows;C:\Windows\System32\Wbem;C:\Windows\System32\WindowsPowerShell\v1.0\;C:\Windows\System32\OpenSSH\;C:\Program Files\nodejs\;C:\Program Files\Git\cmd;C:\Program Files\apache-maven-3.8.6\bin;C:\Users\IGS0425\AppData\Local\Microsoft\WindowsApps;C:\Program Files\JetBrains\IntelliJ IDEA Community Edition 2022.1.3\bin;;C:\Users\IGS0425\AppData\Roaming\npm;C:\Program Files\Java\jdk1.8.0_202\bin;;C:\Windows\System32;
USERNAME=IGS0425
OS=Windows_NT
PROCESSOR_IDENTIFIER=Intel64 Family 6 Model 140 Stepping 1, GenuineIntel



---------------  S Y S T E M  ---------------

OS: Windows 10.0 , 64 bit Build 19041 (10.0.19041.2364)

CPU:total 8 (initial active 8) (4 cores per cpu, 2 threads per core) family 6 model 140 stepping 1, cmov, cx8, fxsr, mmx, sse, sse2, sse3, ssse3, sse4.1, sse4.2, popcnt, avx, avx2, aes, clmul, erms, 3dnowpref, lzcnt, ht, tsc, tscinvbit, bmi1, bmi2, adx

Memory: 4k page, physical 16428308k(1651824k free), swap 16428308k(5764k free)

vm_info: Java HotSpot(TM) 64-Bit Server VM (25.202-b08) for windows-amd64 JRE (1.8.0_202-b08), built on Dec 15 2018 19:54:30 by "java_re" with MS VC++ 10.0 (VS2010)

time: Thu Dec 22 15:08:17 2022
timezone: India Standard Time
elapsed time: 4 seconds (0d 0h 0m 4s)

