#
# There is insufficient memory for the Java Runtime Environment to continue.
# Native memory allocation (malloc) failed to allocate 724896 bytes for Chunk::new
# Possible reasons:
#   The system is out of physical RAM or swap space
#   The process is running with CompressedOops enabled, and the Java Heap may be blocking the growth of the native heap
# Possible solutions:
#   Reduce memory load on the system
#   Increase physical memory or swap space
#   Check if swap backing store is full
#   Decrease Java heap size (-Xmx/-Xms)
#   Decrease number of Java threads
#   Decrease Java thread stack sizes (-Xss)
#   Set larger code cache with -XX:ReservedCodeCacheSize=
#   JVM is running with Zero Based Compressed Oops mode in which the Java heap is
#     placed in the first 32GB address space. The Java Heap base address is the
#     maximum limit for the native heap growth. Please use -XX:HeapBaseMinAddress
#     to set the Java Heap base and to place the Java Heap above 32GB virtual address.
# This output file may be truncated or incomplete.
#
#  Out of Memory Error (allocation.cpp:389), pid=2364, tid=0x0000000000001168
#
# JRE version: Java(TM) SE Runtime Environment (8.0_202-b08) (build 1.8.0_202-b08)
# Java VM: Java HotSpot(TM) 64-Bit Server VM (25.202-b08 mixed mode windows-amd64 compressed oops)
# Failed to write core dump. Minidumps are not enabled by default on client versions of Windows
#

---------------  T H R E A D  ---------------

Current thread (0x000000001e03d800):  JavaThread "C2 CompilerThread2" daemon [_thread_in_native, id=4456, stack(0x000000001eaf0000,0x000000001ebf0000)]

Stack: [0x000000001eaf0000,0x000000001ebf0000]
[error occurred during error reporting (printing stack bounds), id 0xc0000005]

Native frames: (J=compiled Java code, j=interpreted, Vv=VM code, C=native code)


Current CompileTask:
C2:  44550 8532       4       groovyjarjarasm.asm.Frame::execute (2318 bytes)


---------------  P R O C E S S  ---------------

Java Threads: ( => current thread )
  0x0000000024b4a000 JavaThread "OkHttp ConnectionPool" daemon [_thread_blocked, id=1452, stack(0x0000000028680000,0x0000000028780000)]
  0x0000000024b4d000 JavaThread "OkHttp ConnectionPool" daemon [_thread_blocked, id=15752, stack(0x0000000028380000,0x0000000028480000)]
  0x0000000024b49000 JavaThread "OkHttp ConnectionPool" daemon [_thread_blocked, id=11580, stack(0x0000000028280000,0x0000000028380000)]
  0x0000000024b4e800 JavaThread "OkHttp ConnectionPool" daemon [_thread_blocked, id=3776, stack(0x0000000027f80000,0x0000000028080000)]
  0x0000000024b4d800 JavaThread "OkHttp ConnectionPool" daemon [_thread_blocked, id=10800, stack(0x0000000027e80000,0x0000000027f80000)]
  0x0000000024b4c000 JavaThread "OkHttp ConnectionPool" daemon [_thread_blocked, id=15152, stack(0x0000000027d80000,0x0000000027e80000)]
  0x0000000024b48800 JavaThread "Okio Watchdog" daemon [_thread_blocked, id=12544, stack(0x0000000027c80000,0x0000000027d80000)]
  0x0000000024b4a800 JavaThread "OkHttp ConnectionPool" daemon [_thread_blocked, id=16088, stack(0x0000000027b80000,0x0000000027c80000)]
  0x0000000024f82000 JavaThread "pool-2-thread-6" daemon [_thread_blocked, id=4900, stack(0x0000000027580000,0x0000000027680000)]
  0x00000000235b7000 JavaThread "pool-2-thread-5" daemon [_thread_blocked, id=12068, stack(0x0000000027480000,0x0000000027580000)]
  0x00000000205fc800 JavaThread "pool-2-thread-4" daemon [_thread_blocked, id=8256, stack(0x0000000027380000,0x0000000027480000)]
  0x0000000020fa1000 JavaThread "pool-2-thread-3" daemon [_thread_blocked, id=10632, stack(0x0000000026a30000,0x0000000026b30000)]
  0x0000000021a0f800 JavaThread "pool-2-thread-2" daemon [_thread_blocked, id=15300, stack(0x00000000252b0000,0x00000000253b0000)]
  0x0000000021a0e800 JavaThread "pool-2-thread-1" daemon [_thread_blocked, id=15736, stack(0x00000000225d0000,0x00000000226d0000)]
  0x00000000203d5800 JavaThread "ReaderThread" [_thread_in_native, id=13452, stack(0x0000000020b00000,0x0000000020c00000)]
  0x000000001e0c5800 JavaThread "Service Thread" daemon [_thread_blocked, id=13344, stack(0x000000001ecf0000,0x000000001edf0000)]
  0x000000001e043000 JavaThread "C1 CompilerThread3" daemon [_thread_blocked, id=16328, stack(0x000000001ebf0000,0x000000001ecf0000)]
=>0x000000001e03d800 JavaThread "C2 CompilerThread2" daemon [_thread_in_native, id=4456, stack(0x000000001eaf0000,0x000000001ebf0000)]
  0x000000001e031000 JavaThread "C2 CompilerThread1" daemon [_thread_in_native, id=14380, stack(0x000000001e9f0000,0x000000001eaf0000)]
  0x000000001e02c000 JavaThread "C2 CompilerThread0" daemon [_thread_in_native, id=3720, stack(0x000000001e8f0000,0x000000001e9f0000)]
  0x000000001e02b000 JavaThread "Attach Listener" daemon [_thread_blocked, id=17116, stack(0x000000001e7f0000,0x000000001e8f0000)]
  0x000000001e02a800 JavaThread "Signal Dispatcher" daemon [_thread_blocked, id=5644, stack(0x000000001e6f0000,0x000000001e7f0000)]
  0x000000001c228800 JavaThread "Finalizer" daemon [_thread_blocked, id=4612, stack(0x000000001e4f0000,0x000000001e5f0000)]
  0x000000001e010800 JavaThread "Reference Handler" daemon [_thread_blocked, id=13572, stack(0x000000001e3f0000,0x000000001e4f0000)]
  0x000000000291a000 JavaThread "main" [_thread_in_Java, id=15016, stack(0x0000000002810000,0x0000000002910000)]

Other Threads:
  0x000000001c217800 VMThread [stack: 0x000000001def0000,0x000000001dff0000] [id=2596]
  0x000000001e0e8800 WatcherThread [stack: 0x000000001edf0000,0x000000001eef0000] [id=9204]

VM state:not at safepoint (normal execution)

VM Mutex/Monitor currently owned by a thread: None

heap address: 0x00000006c5400000, size: 4012 MB, Compressed Oops mode: Zero based, Oop shift amount: 3
Narrow klass base: 0x0000000000000000, Narrow klass shift: 3
Compressed class space size: 1073741824 Address: 0x00000007c0000000

Heap:
 PSYoungGen      total 271872K, used 53359K [0x000000076c700000, 0x0000000780680000, 0x00000007c0000000)
  eden space 253952K, 15% used [0x000000076c700000,0x000000076ec8d260,0x000000077bf00000)
  from space 17920K, 83% used [0x000000077bf00000,0x000000077cd8ebc8,0x000000077d080000)
  to   space 18944K, 0% used [0x000000077f400000,0x000000077f400000,0x0000000780680000)
 ParOldGen       total 165376K, used 18436K [0x00000006c5400000, 0x00000006cf580000, 0x000000076c700000)
  object space 165376K, 11% used [0x00000006c5400000,0x00000006c66012d8,0x00000006cf580000)
 Metaspace       used 54779K, capacity 57684K, committed 57728K, reserved 1099776K
  class space    used 6722K, capacity 7538K, committed 7552K, reserved 1048576K

Card table byte_map: [0x0000000011dd0000,0x00000000125b0000] byte_map_base: 0x000000000e7a6000

Marking Bits: (ParMarkBitMap*) 0x00000000707d5ce0
 Begin Bits: [0x00000000132f0000, 0x00000000171a0000)
 End Bits:   [0x00000000171a0000, 0x000000001b050000)

Polling page: 0x0000000000930000

CodeCache: size=245760Kb used=25022Kb max_used=25132Kb free=220737Kb
 bounds [0x0000000002a10000, 0x00000000042d0000, 0x0000000011a10000]
 total_blobs=8027 nmethods=7199 adapters=739
 compilation: enabled

Compilation events (10 events):
Event: 44.510 Thread 0x000000001e043000 8590       1       java.nio.HeapByteBuffer::ix (7 bytes)
Event: 44.510 Thread 0x000000001e043000 nmethod 8590 0x0000000002ede950 code [0x0000000002edeaa0, 0x0000000002edebb0]
Event: 44.510 Thread 0x000000001e043000 8592   !   3       java.nio.HeapCharBuffer::toString (30 bytes)
Event: 44.511 Thread 0x000000001e043000 nmethod 8592 0x0000000002ede390 code [0x0000000002ede500, 0x0000000002ede7d8]
Event: 44.511 Thread 0x000000001e043000 8591       3       java.nio.charset.CharsetDecoder::flush (49 bytes)
Event: 44.511 Thread 0x000000001e043000 nmethod 8591 0x0000000002eddc90 code [0x0000000002edde20, 0x0000000002ede248]
Event: 44.511 Thread 0x000000001e043000 8589       3       org.testng.shaded.com.google.gson.stream.JsonWriter::replaceTop (13 bytes)
Event: 44.512 Thread 0x000000001e043000 nmethod 8589 0x0000000002edd8d0 code [0x0000000002edda20, 0x0000000002eddbb0]
Event: 44.519 Thread 0x000000001e043000 8594       3       java.net.URI$Parser::scanIPv4Address (233 bytes)
Event: 44.520 Thread 0x000000001e043000 nmethod 8594 0x0000000002edc110 code [0x0000000002edc380, 0x0000000002edd2a8]

GC Heap History (10 events):
Event: 10.035 GC heap before
{Heap before GC invocations=9 (full 2):
 PSYoungGen      total 171520K, used 158208K [0x000000076c700000, 0x000000077b300000, 0x00000007c0000000)
  eden space 158208K, 100% used [0x000000076c700000,0x0000000776180000,0x0000000776180000)
  from space 13312K, 0% used [0x0000000776f00000,0x0000000776f00000,0x0000000777c00000)
  to   space 13824K, 0% used [0x0000000776180000,0x0000000776180000,0x0000000776f00000)
 ParOldGen       total 165376K, used 15272K [0x00000006c5400000, 0x00000006cf580000, 0x000000076c700000)
  object space 165376K, 9% used [0x00000006c5400000,0x00000006c62ea1b0,0x00000006cf580000)
 Metaspace       used 40264K, capacity 41992K, committed 42240K, reserved 1085440K
  class space    used 5015K, capacity 5556K, committed 5632K, reserved 1048576K
Event: 10.052 GC heap after
Heap after GC invocations=9 (full 2):
 PSYoungGen      total 172032K, used 10363K [0x000000076c700000, 0x000000077ba00000, 0x00000007c0000000)
  eden space 158208K, 0% used [0x000000076c700000,0x000000076c700000,0x0000000776180000)
  from space 13824K, 74% used [0x0000000776180000,0x0000000776b9ed28,0x0000000776f00000)
  to   space 13824K, 0% used [0x000000077ac80000,0x000000077ac80000,0x000000077ba00000)
 ParOldGen       total 165376K, used 15280K [0x00000006c5400000, 0x00000006cf580000, 0x000000076c700000)
  object space 165376K, 9% used [0x00000006c5400000,0x00000006c62ec1b0,0x00000006cf580000)
 Metaspace       used 40264K, capacity 41992K, committed 42240K, reserved 1085440K
  class space    used 5015K, capacity 5556K, committed 5632K, reserved 1048576K
}
Event: 12.570 GC heap before
{Heap before GC invocations=10 (full 2):
 PSYoungGen      total 172032K, used 168571K [0x000000076c700000, 0x000000077ba00000, 0x00000007c0000000)
  eden space 158208K, 100% used [0x000000076c700000,0x0000000776180000,0x0000000776180000)
  from space 13824K, 74% used [0x0000000776180000,0x0000000776b9ed28,0x0000000776f00000)
  to   space 13824K, 0% used [0x000000077ac80000,0x000000077ac80000,0x000000077ba00000)
 ParOldGen       total 165376K, used 15280K [0x00000006c5400000, 0x00000006cf580000, 0x000000076c700000)
  object space 165376K, 9% used [0x00000006c5400000,0x00000006c62ec1b0,0x00000006cf580000)
 Metaspace       used 46159K, capacity 48200K, committed 48512K, reserved 1091584K
  class space    used 5813K, capacity 6427K, committed 6528K, reserved 1048576K
Event: 12.590 GC heap after
Heap after GC invocations=10 (full 2):
 PSYoungGen      total 228352K, used 13800K [0x000000076c700000, 0x000000077ba00000, 0x00000007c0000000)
  eden space 214528K, 0% used [0x000000076c700000,0x000000076c700000,0x0000000779880000)
  from space 13824K, 99% used [0x000000077ac80000,0x000000077b9fa0d8,0x000000077ba00000)
  to   space 15872K, 0% used [0x0000000779b00000,0x0000000779b00000,0x000000077aa80000)
 ParOldGen       total 165376K, used 16517K [0x00000006c5400000, 0x00000006cf580000, 0x000000076c700000)
  object space 165376K, 9% used [0x00000006c5400000,0x00000006c64215c0,0x00000006cf580000)
 Metaspace       used 46159K, capacity 48200K, committed 48512K, reserved 1091584K
  class space    used 5813K, capacity 6427K, committed 6528K, reserved 1048576K
}
Event: 14.170 GC heap before
{Heap before GC invocations=11 (full 2):
 PSYoungGen      total 228352K, used 228328K [0x000000076c700000, 0x000000077ba00000, 0x00000007c0000000)
  eden space 214528K, 100% used [0x000000076c700000,0x0000000779880000,0x0000000779880000)
  from space 13824K, 99% used [0x000000077ac80000,0x000000077b9fa0d8,0x000000077ba00000)
  to   space 15872K, 0% used [0x0000000779b00000,0x0000000779b00000,0x000000077aa80000)
 ParOldGen       total 165376K, used 16517K [0x00000006c5400000, 0x00000006cf580000, 0x000000076c700000)
  object space 165376K, 9% used [0x00000006c5400000,0x00000006c64215c0,0x00000006cf580000)
 Metaspace       used 46786K, capacity 48866K, committed 49024K, reserved 1091584K
  class space    used 5827K, capacity 6452K, committed 6528K, reserved 1048576K
Event: 14.184 GC heap after
Heap after GC invocations=11 (full 2):
 PSYoungGen      total 232960K, used 10959K [0x000000076c700000, 0x000000077e080000, 0x00000007c0000000)
  eden space 217088K, 0% used [0x000000076c700000,0x000000076c700000,0x0000000779b00000)
  from space 15872K, 69% used [0x0000000779b00000,0x000000077a5b3d28,0x000000077aa80000)
  to   space 15872K, 0% used [0x000000077d100000,0x000000077d100000,0x000000077e080000)
 ParOldGen       total 165376K, used 16525K [0x00000006c5400000, 0x00000006cf580000, 0x000000076c700000)
  object space 165376K, 9% used [0x00000006c5400000,0x00000006c64235c0,0x00000006cf580000)
 Metaspace       used 46786K, capacity 48866K, committed 49024K, reserved 1091584K
  class space    used 5827K, capacity 6452K, committed 6528K, reserved 1048576K
}
Event: 19.283 GC heap before
{Heap before GC invocations=12 (full 2):
 PSYoungGen      total 232960K, used 228047K [0x000000076c700000, 0x000000077e080000, 0x00000007c0000000)
  eden space 217088K, 100% used [0x000000076c700000,0x0000000779b00000,0x0000000779b00000)
  from space 15872K, 69% used [0x0000000779b00000,0x000000077a5b3d28,0x000000077aa80000)
  to   space 15872K, 0% used [0x000000077d100000,0x000000077d100000,0x000000077e080000)
 ParOldGen       total 165376K, used 16525K [0x00000006c5400000, 0x00000006cf580000, 0x000000076c700000)
  object space 165376K, 9% used [0x00000006c5400000,0x00000006c64235c0,0x00000006cf580000)
 Metaspace       used 53582K, capacity 55986K, committed 56320K, reserved 1097728K
  class space    used 6616K, capacity 7335K, committed 7424K, reserved 1048576K
Event: 19.311 GC heap after
Heap after GC invocations=12 (full 2):
 PSYoungGen      total 269824K, used 15867K [0x000000076c700000, 0x000000077e200000, 0x00000007c0000000)
  eden space 253952K, 0% used [0x000000076c700000,0x000000076c700000,0x000000077bf00000)
  from space 15872K, 99% used [0x000000077d100000,0x000000077e07eea0,0x000000077e080000)
  to   space 17920K, 0% used [0x000000077bf00000,0x000000077bf00000,0x000000077d080000)
 ParOldGen       total 165376K, used 18428K [0x00000006c5400000, 0x00000006cf580000, 0x000000076c700000)
  object space 165376K, 11% used [0x00000006c5400000,0x00000006c65ff2d8,0x00000006cf580000)
 Metaspace       used 53582K, capacity 55986K, committed 56320K, reserved 1097728K
  class space    used 6616K, capacity 7335K, committed 7424K, reserved 1048576K
}
Event: 40.750 GC heap before
{Heap before GC invocations=13 (full 2):
 PSYoungGen      total 269824K, used 269819K [0x000000076c700000, 0x000000077e200000, 0x00000007c0000000)
  eden space 253952K, 100% used [0x000000076c700000,0x000000077bf00000,0x000000077bf00000)
  from space 15872K, 99% used [0x000000077d100000,0x000000077e07eea0,0x000000077e080000)
  to   space 17920K, 0% used [0x000000077bf00000,0x000000077bf00000,0x000000077d080000)
 ParOldGen       total 165376K, used 18428K [0x00000006c5400000, 0x00000006cf580000, 0x000000076c700000)
  object space 165376K, 11% used [0x00000006c5400000,0x00000006c65ff2d8,0x00000006cf580000)
 Metaspace       used 54665K, capacity 57572K, committed 57728K, reserved 1099776K
  class space    used 6716K, capacity 7525K, committed 7552K, reserved 1048576K
Event: 40.768 GC heap after
Heap after GC invocations=13 (full 2):
 PSYoungGen      total 271872K, used 14906K [0x000000076c700000, 0x0000000780680000, 0x00000007c0000000)
  eden space 253952K, 0% used [0x000000076c700000,0x000000076c700000,0x000000077bf00000)
  from space 17920K, 83% used [0x000000077bf00000,0x000000077cd8ebc8,0x000000077d080000)
  to   space 18944K, 0% used [0x000000077f400000,0x000000077f400000,0x0000000780680000)
 ParOldGen       total 165376K, used 18436K [0x00000006c5400000, 0x00000006cf580000, 0x000000076c700000)
  object space 165376K, 11% used [0x00000006c5400000,0x00000006c66012d8,0x00000006cf580000)
 Metaspace       used 54665K, capacity 57572K, committed 57728K, reserved 1099776K
  class space    used 6716K, capacity 7525K, committed 7552K, reserved 1048576K
}

Deoptimization events (10 events):
Event: 16.869 Thread 0x000000000291a000 Uncommon trap: reason=class_check action=maybe_recompile pc=0x00000000030e6ec8 method=java.util.HashSet.contains(Ljava/lang/Object;)Z @ 5
Event: 17.035 Thread 0x000000000291a000 Uncommon trap: reason=unstable_if action=reinterpret pc=0x0000000002ecbdc4 method=java.net.URLStreamHandler.parseURL(Ljava/net/URL;Ljava/lang/String;II)V @ 84
Event: 17.036 Thread 0x000000000291a000 Uncommon trap: reason=unstable_if action=reinterpret pc=0x0000000002e7bfc4 method=java.net.URL.set(Ljava/lang/String;Ljava/lang/String;ILjava/lang/String;Ljava/lang/String;Ljava/lang/String;Ljava/lang/String;Ljava/lang/String;)V @ 23
Event: 17.222 Thread 0x000000000291a000 Uncommon trap: reason=bimorphic action=maybe_recompile pc=0x0000000003d28370 method=java.nio.charset.CharsetEncoder.replaceWith([B)Ljava/nio/charset/CharsetEncoder; @ 53
Event: 17.878 Thread 0x000000000291a000 Uncommon trap: reason=unstable_if action=reinterpret pc=0x000000000367bfd4 method=java.util.regex.Pattern$Curly.match0(Ljava/util/regex/Matcher;IILjava/lang/CharSequence;)Z @ 5
Event: 17.987 Thread 0x000000000291a000 Uncommon trap: reason=unstable_if action=reinterpret pc=0x0000000002c4a9f8 method=org.apache.xmlbeans.impl.store.Xobj.getFirstChars()Ljava/lang/Object; @ 8
Event: 18.037 Thread 0x000000000291a000 Uncommon trap: reason=unstable_if action=reinterpret pc=0x00000000030e9e0c method=java.util.regex.Pattern$Curly.match0(Ljava/util/regex/Matcher;IILjava/lang/CharSequence;)Z @ 5
Event: 18.288 Thread 0x000000000291a000 Uncommon trap: reason=unstable_if action=reinterpret pc=0x000000000346bfe0 method=java.lang.ClassValue.match(Ljava/lang/ClassValue$Entry;)Z @ 12
Event: 18.289 Thread 0x000000000291a000 Uncommon trap: reason=unstable_if action=reinterpret pc=0x0000000003592780 method=java.lang.ClassValue.match(Ljava/lang/ClassValue$Entry;)Z @ 12
Event: 19.200 Thread 0x000000000291a000 Uncommon trap: reason=range_check action=make_not_entrant pc=0x0000000004040c28 method=java.lang.String.charAt(I)C @ 27

Classes redefined (0 events):
No events

Internal exceptions (10 events):
Event: 44.391 Thread 0x000000000291a000 Exception <a 'java/lang/ClassNotFoundException': Script1BeanInfo> (0x000000076d809488) thrown at [C:\re\workspace\8-2-build-windows-amd64-cygwin\jdk8u202\12323\hotspot\src\share\vm\classfile\systemDictionary.cpp, line 210]
Event: 44.392 Thread 0x000000000291a000 Exception <a 'java/lang/ClassNotFoundException': Script1Customizer> (0x000000076d8286c0) thrown at [C:\re\workspace\8-2-build-windows-amd64-cygwin\jdk8u202\12323\hotspot\src\share\vm\classfile\systemDictionary.cpp, line 210]
Event: 44.410 Thread 0x000000000291a000 Exception <a 'java/lang/ClassNotFoundException': Script1BeanInfo> (0x000000076d9ba330) thrown at [C:\re\workspace\8-2-build-windows-amd64-cygwin\jdk8u202\12323\hotspot\src\share\vm\classfile\systemDictionary.cpp, line 210]
Event: 44.411 Thread 0x000000000291a000 Exception <a 'java/lang/ClassNotFoundException': Script1Customizer> (0x000000076d9d9568) thrown at [C:\re\workspace\8-2-build-windows-amd64-cygwin\jdk8u202\12323\hotspot\src\share\vm\classfile\systemDictionary.cpp, line 210]
Event: 44.430 Thread 0x000000000291a000 Exception <a 'java/lang/ClassNotFoundException': Script1BeanInfo> (0x000000076db6b118) thrown at [C:\re\workspace\8-2-build-windows-amd64-cygwin\jdk8u202\12323\hotspot\src\share\vm\classfile\systemDictionary.cpp, line 210]
Event: 44.432 Thread 0x000000000291a000 Exception <a 'java/lang/ClassNotFoundException': Script1Customizer> (0x000000076db8a350) thrown at [C:\re\workspace\8-2-build-windows-amd64-cygwin\jdk8u202\12323\hotspot\src\share\vm\classfile\systemDictionary.cpp, line 210]
Event: 44.452 Thread 0x000000000291a000 Exception <a 'java/lang/ClassNotFoundException': Script1BeanInfo> (0x000000076dd1de70) thrown at [C:\re\workspace\8-2-build-windows-amd64-cygwin\jdk8u202\12323\hotspot\src\share\vm\classfile\systemDictionary.cpp, line 210]
Event: 44.453 Thread 0x000000000291a000 Exception <a 'java/lang/ClassNotFoundException': Script1Customizer> (0x000000076dd3d0e0) thrown at [C:\re\workspace\8-2-build-windows-amd64-cygwin\jdk8u202\12323\hotspot\src\share\vm\classfile\systemDictionary.cpp, line 210]
Event: 44.471 Thread 0x000000000291a000 Exception <a 'java/lang/ClassNotFoundException': Script1BeanInfo> (0x000000076ded10a0) thrown at [C:\re\workspace\8-2-build-windows-amd64-cygwin\jdk8u202\12323\hotspot\src\share\vm\classfile\systemDictionary.cpp, line 210]
Event: 44.472 Thread 0x000000000291a000 Exception <a 'java/lang/ClassNotFoundException': Script1Customizer> (0x000000076def02d8) thrown at [C:\re\workspace\8-2-build-windows-amd64-cygwin\jdk8u202\12323\hotspot\src\share\vm\classfile\systemDictionary.cpp, line 210]

Events (10 events):
Event: 44.530 loading class org/apache/xerces/util/SecurityManager
Event: 44.530 loading class org/apache/xerces/util/SecurityManager done
Event: 44.540 loading class org/apache/xerces/util/SecurityManager
Event: 44.540 loading class org/apache/xerces/util/SecurityManager done
Event: 44.542 loading class org/apache/xerces/util/SecurityManager
Event: 44.542 loading class org/apache/xerces/util/SecurityManager done
Event: 44.543 loading class org/apache/xerces/util/SecurityManager
Event: 44.543 loading class org/apache/xerces/util/SecurityManager done
Event: 44.544 loading class org/apache/xerces/util/SecurityManager
Event: 44.544 loading class org/apache/xerces/util/SecurityManager done


Dynamic libraries:
0x00007ff7296b0000 - 0x00007ff7296e7000 	C:\Program Files\Java\jdk1.8.0_202\bin\javaw.exe
0x00007ffc0b610000 - 0x00007ffc0b808000 	C:\Windows\SYSTEM32\ntdll.dll
0x00007ffc096a0000 - 0x00007ffc0975f000 	C:\Windows\System32\KERNEL32.DLL
0x00007ffc09000000 - 0x00007ffc092d2000 	C:\Windows\System32\KERNELBASE.dll
0x00007ffc0b040000 - 0x00007ffc0b0ee000 	C:\Windows\System32\ADVAPI32.dll
0x00007ffc09870000 - 0x00007ffc0990e000 	C:\Windows\System32\msvcrt.dll
0x00007ffc097d0000 - 0x00007ffc0986c000 	C:\Windows\System32\sechost.dll
0x00007ffc0b440000 - 0x00007ffc0b565000 	C:\Windows\System32\RPCRT4.dll
0x00007ffc0b240000 - 0x00007ffc0b3dd000 	C:\Windows\System32\USER32.dll
0x00007ffc08ec0000 - 0x00007ffc08ee2000 	C:\Windows\System32\win32u.dll
0x00007ffc0ae40000 - 0x00007ffc0ae6b000 	C:\Windows\System32\GDI32.dll
0x00007ffc08d10000 - 0x00007ffc08e1f000 	C:\Windows\System32\gdi32full.dll
0x00007ffc08e20000 - 0x00007ffc08ebd000 	C:\Windows\System32\msvcp_win.dll
0x00007ffc092e0000 - 0x00007ffc093e0000 	C:\Windows\System32\ucrtbase.dll
0x00007ffbe96a0000 - 0x00007ffbe993a000 	C:\Windows\WinSxS\amd64_microsoft.windows.common-controls_6595b64144ccf1df_6.0.19041.1110_none_60b5254171f9507e\COMCTL32.dll
0x00007ffc09660000 - 0x00007ffc09692000 	C:\Windows\System32\IMM32.DLL
0x0000000070860000 - 0x0000000070932000 	C:\Program Files\Java\jdk1.8.0_202\jre\bin\msvcr100.dll
0x000000006ffb0000 - 0x0000000070855000 	C:\Program Files\Java\jdk1.8.0_202\jre\bin\server\jvm.dll
0x00007ffc09760000 - 0x00007ffc09768000 	C:\Windows\System32\PSAPI.DLL
0x00007ffc024b0000 - 0x00007ffc024ba000 	C:\Windows\SYSTEM32\VERSION.dll
0x00007ffbe86c0000 - 0x00007ffbe86e7000 	C:\Windows\SYSTEM32\WINMM.dll
0x00007ffbeb490000 - 0x00007ffbeb499000 	C:\Windows\SYSTEM32\WSOCK32.dll
0x00007ffc0b0f0000 - 0x00007ffc0b15b000 	C:\Windows\System32\WS2_32.dll
0x00007ffbe40a0000 - 0x00007ffbe40af000 	C:\Program Files\Java\jdk1.8.0_202\jre\bin\verify.dll
0x00007ffbe35d0000 - 0x00007ffbe35f9000 	C:\Program Files\Java\jdk1.8.0_202\jre\bin\java.dll
0x00007ffbe23a0000 - 0x00007ffbe23b6000 	C:\Program Files\Java\jdk1.8.0_202\jre\bin\zip.dll
0x00007ffc0a6f0000 - 0x00007ffc0ae33000 	C:\Windows\System32\SHELL32.dll
0x00007ffc06ab0000 - 0x00007ffc07242000 	C:\Windows\SYSTEM32\windows.storage.dll
0x00007ffc099c0000 - 0x00007ffc09d14000 	C:\Windows\System32\combase.dll
0x00007ffc08620000 - 0x00007ffc08650000 	C:\Windows\SYSTEM32\Wldp.dll
0x00007ffc09910000 - 0x00007ffc099bd000 	C:\Windows\System32\SHCORE.dll
0x00007ffc0b3e0000 - 0x00007ffc0b435000 	C:\Windows\System32\shlwapi.dll
0x00007ffc08c50000 - 0x00007ffc08c6f000 	C:\Windows\SYSTEM32\profapi.dll
0x00007ffbdf610000 - 0x00007ffbdf62a000 	C:\Program Files\Java\jdk1.8.0_202\jre\bin\net.dll
0x00007ffbf4400000 - 0x00007ffbf45ed000 	C:\Windows\SYSTEM32\urlmon.dll
0x00007ffbf3f80000 - 0x00007ffbf4231000 	C:\Windows\SYSTEM32\iertutil.dll
0x00007ffbf4240000 - 0x00007ffbf4268000 	C:\Windows\SYSTEM32\srvcli.dll
0x00007ffc081b0000 - 0x00007ffc081bc000 	C:\Windows\SYSTEM32\netutils.dll
0x00007ffc08390000 - 0x00007ffc083fa000 	C:\Windows\system32\mswsock.dll
0x00007ffc080e0000 - 0x00007ffc081aa000 	C:\Windows\SYSTEM32\DNSAPI.dll
0x00007ffc080a0000 - 0x00007ffc080db000 	C:\Windows\SYSTEM32\IPHLPAPI.DLL
0x00007ffc0b030000 - 0x00007ffc0b038000 	C:\Windows\System32\NSI.dll
0x00007ffc00af0000 - 0x00007ffc00afa000 	C:\Windows\System32\rasadhlp.dll
0x00007ffc00000000 - 0x00007ffc00080000 	C:\Windows\System32\fwpuclnt.dll
0x00007ffc08ef0000 - 0x00007ffc08f17000 	C:\Windows\System32\bcrypt.dll
0x00007ffc08680000 - 0x00007ffc08698000 	C:\Windows\SYSTEM32\CRYPTSP.dll
0x00007ffc07cd0000 - 0x00007ffc07d04000 	C:\Windows\system32\rsaenh.dll
0x00007ffc08c10000 - 0x00007ffc08c3e000 	C:\Windows\SYSTEM32\USERENV.dll
0x00007ffc08f20000 - 0x00007ffc08fa2000 	C:\Windows\System32\bcryptprimitives.dll
0x00007ffc08520000 - 0x00007ffc0852c000 	C:\Windows\SYSTEM32\CRYPTBASE.dll
0x00007ffc00b90000 - 0x00007ffc00ba7000 	C:\Windows\SYSTEM32\dhcpcsvc6.DLL
0x00007ffc00b70000 - 0x00007ffc00b8d000 	C:\Windows\SYSTEM32\dhcpcsvc.DLL
0x00007ffbdf3e0000 - 0x00007ffbdf3f2000 	C:\Program Files\Java\jdk1.8.0_202\jre\bin\nio.dll
0x00007ffbf5430000 - 0x00007ffbf543d000 	C:\Program Files\Java\jdk1.8.0_202\jre\bin\management.dll
0x00007ffbe4160000 - 0x00007ffbe4177000 	C:\Windows\system32\napinsp.dll
0x00007ffbe4140000 - 0x00007ffbe415b000 	C:\Windows\system32\pnrpnsp.dll
0x00007ffc037e0000 - 0x00007ffc037f5000 	C:\Windows\system32\wshbth.dll
0x00007ffc034d0000 - 0x00007ffc034ed000 	C:\Windows\system32\NLAapi.dll
0x00007ffbe36a0000 - 0x00007ffbe36b2000 	C:\Windows\System32\winrnr.dll
0x00007ffbdcaa0000 - 0x00007ffbdcac4000 	C:\Program Files\Java\jdk1.8.0_202\jre\bin\sunec.dll
0x00007ffbdf1e0000 - 0x00007ffbdf1eb000 	C:\Program Files\Java\jdk1.8.0_202\jre\bin\sunmscapi.dll
0x00007ffc09490000 - 0x00007ffc095e6000 	C:\Windows\System32\CRYPT32.dll

VM Arguments:
jvm_args: -ea -Dfile.encoding=UTF-8 
java_command: org.testng.remote.RemoteTestNG -serport 62940 -protocol json -d D:\RingPay\RingPay_APIAutomation\modified_updated\test-output D:\RingPay\RingPay_APIAutomation\modified_updated\RingPay.xml
java_class_path (initial): C:\Users\IGS0425\eclipse\java-2022-06\eclipse\configuration\org.eclipse.osgi\447\0\.cp\lib\testng-remote.jar;D:\RingPay\RingPay_APIAutomation\modified_updated\target\test-classes;D:\RingPay\RingPay_APIAutomation\modified_updated\target\classes;C:\Users\IGS0425\.m2\repository\io\appium\java-client\7.2.0\java-client-7.2.0.jar;C:\Users\IGS0425\.m2\repository\org\seleniumhq\selenium\selenium-support\3.141.59\selenium-support-3.141.59.jar;C:\Users\IGS0425\.m2\repository\org\seleniumhq\selenium\selenium-api\3.141.59\selenium-api-3.141.59.jar;C:\Users\IGS0425\.m2\repository\com\google\code\gson\gson\2.8.5\gson-2.8.5.jar;C:\Users\IGS0425\.m2\repository\org\apache\httpcomponents\httpclient\4.5.9\httpclient-4.5.9.jar;C:\Users\IGS0425\.m2\repository\cglib\cglib\3.2.12\cglib-3.2.12.jar;C:\Users\IGS0425\.m2\repository\org\ow2\asm\asm\7.1\asm-7.1.jar;C:\Users\IGS0425\.m2\repository\commons-io\commons-io\2.6\commons-io-2.6.jar;C:\Users\IGS0425\.m2\repository\org\springframework\spring-context\5.1.8.RELEASE\spring-context-5.1.8.RELEASE.jar;C:\Users\IGS0425\.m2\repository\org\springframework\spring-aop\5.1.8.RELEASE\spring-aop-5.1.8.RELEASE.jar;C:\Users\IGS0425\.m2\repository\org\springframework\spring-beans\5.1.8.RELEASE\spring-beans-5.1.8.RELEASE.jar;C:\Users\IGS0425\.m2\repository\org\springframework\spring-core\5.1.8.RELEASE\spring-core-5.1.8.RELEASE.jar;C:\Users\IGS0425\.m2\repository\org\springframework\spring-jcl\5.1.8.RELEASE\spring-jcl-5.1.8.RELEASE.jar;C:\Users\IGS0425\.m2\repository\org\springframework\spring-expression\5.1.8.RELEASE\spring-expression-5.1.8.RELEASE.jar;C:\Users\IGS0425\.m2\repository\org\aspectj\aspectjweaver\1.9.4\aspectjweaver-1.9.4.jar;C:\Users\IGS0425\.m2\repository\org\slf4j\slf4j-api\1.7.26\slf4j-api-1.7.26.jar;C:\Users\IGS0425\.m2\repository\org\seleniumhq\selenium\selenium-java\3.141.59\selenium-java-3.141.59.jar;C:\Users\IGS0425\.m2\repository\org\seleniumhq\selenium\selenium-chrome-driver\3.141.59\selenium-chrome-dri
Launcher Type: SUN_STANDARD

Environment Variables:
JAVA_HOME=C:\Program Files\Java\jdk1.8.0_202
PATH=C:/Users/IGS0425/.p2/pool/plugins/org.eclipse.justj.openjdk.hotspot.jre.full.win32.x86_64_17.0.3.v20220515-1416/jre/bin/server;C:/Users/IGS0425/.p2/pool/plugins/org.eclipse.justj.openjdk.hotspot.jre.full.win32.x86_64_17.0.3.v20220515-1416/jre/bin;C:\Program Files (x86)\Common Files\Oracle\Java\javapath;C:\Windows\system32;C:\Windows;C:\Windows\System32\Wbem;C:\Windows\System32\WindowsPowerShell\v1.0\;C:\Windows\System32\OpenSSH\;C:\Program Files\nodejs\;C:\Program Files\Git\cmd;C:\Program Files\apache-maven-3.8.6\bin;C:\Users\IGS0425\AppData\Local\Microsoft\WindowsApps;C:\Program Files\JetBrains\IntelliJ IDEA Community Edition 2022.1.3\bin;;C:\Users\IGS0425\AppData\Roaming\npm;C:\Program Files\Java\jdk1.8.0_202\bin;;C:\Windows\system32;
USERNAME=IGS0425
OS=Windows_NT
PROCESSOR_IDENTIFIER=Intel64 Family 6 Model 140 Stepping 1, GenuineIntel



---------------  S Y S T E M  ---------------

OS: Windows 10.0 , 64 bit Build 19041 (10.0.19041.2251)

CPU:total 8 (initial active 8) (4 cores per cpu, 2 threads per core) family 6 model 140 stepping 1, cmov, cx8, fxsr, mmx, sse, sse2, sse3, ssse3, sse4.1, sse4.2, popcnt, avx, avx2, aes, clmul, erms, 3dnowpref, lzcnt, ht, tsc, tscinvbit, bmi1, bmi2, adx

Memory: 4k page, physical 16428308k(1235560k free), swap 16428308k(5452k free)

vm_info: Java HotSpot(TM) 64-Bit Server VM (25.202-b08) for windows-amd64 JRE (1.8.0_202-b08), built on Dec 15 2018 19:54:30 by "java_re" with MS VC++ 10.0 (VS2010)

time: Fri Dec 16 15:34:35 2022
timezone: India Standard Time
elapsed time: 44 seconds (0d 0h 0m 44s)

