#
# There is insufficient memory for the Java Runtime Environment to continue.
# Native memory allocation (malloc) failed to allocate 1401296 bytes for Chunk::new
# Possible reasons:
#   The system is out of physical RAM or swap space
#   The process is running with CompressedOops enabled, and the Java Heap may be blocking the growth of the native heap
# Possible solutions:
#   Reduce memory load on the system
#   Increase physical memory or swap space
#   Check if swap backing store is full
#   Decrease Java heap size (-Xmx/-Xms)
#   Decrease number of Java threads
#   Decrease Java thread stack sizes (-Xss)
#   Set larger code cache with -XX:ReservedCodeCacheSize=
#   JVM is running with Zero Based Compressed Oops mode in which the Java heap is
#     placed in the first 32GB address space. The Java Heap base address is the
#     maximum limit for the native heap growth. Please use -XX:HeapBaseMinAddress
#     to set the Java Heap base and to place the Java Heap above 32GB virtual address.
# This output file may be truncated or incomplete.
#
#  Out of Memory Error (allocation.cpp:389), pid=2228, tid=0x00000000000018a0
#
# JRE version: Java(TM) SE Runtime Environment (8.0_202-b08) (build 1.8.0_202-b08)
# Java VM: Java HotSpot(TM) 64-Bit Server VM (25.202-b08 mixed mode windows-amd64 compressed oops)
# Failed to write core dump. Minidumps are not enabled by default on client versions of Windows
#

---------------  T H R E A D  ---------------

Current thread (0x000000001e3dc000):  JavaThread "C2 CompilerThread0" daemon [_thread_in_native, id=6304, stack(0x000000001eca0000,0x000000001eda0000)]

Stack: [0x000000001eca0000,0x000000001eda0000]
[error occurred during error reporting (printing stack bounds), id 0xc0000005]

Native frames: (J=compiled Java code, j=interpreted, Vv=VM code, C=native code)


Current CompileTask:
C2:   5965 4222       4       groovyjarjarantlr4.v4.runtime.atn.PredictionContext::join (569 bytes)


---------------  P R O C E S S  ---------------

Java Threads: ( => current thread )
  0x0000000020a4f000 JavaThread "ReaderThread" [_thread_in_native, id=7812, stack(0x0000000020fc0000,0x00000000210c0000)]
  0x000000001e475800 JavaThread "Service Thread" daemon [_thread_blocked, id=8300, stack(0x000000001f0a0000,0x000000001f1a0000)]
  0x000000001e3f1000 JavaThread "C1 CompilerThread3" daemon [_thread_blocked, id=17612, stack(0x000000001efa0000,0x000000001f0a0000)]
  0x000000001e3ed800 JavaThread "C2 CompilerThread2" daemon [_thread_blocked, id=10268, stack(0x000000001eea0000,0x000000001efa0000)]
  0x000000001e3df800 JavaThread "C2 CompilerThread1" daemon [_thread_blocked, id=13056, stack(0x000000001eda0000,0x000000001eea0000)]
=>0x000000001e3dc000 JavaThread "C2 CompilerThread0" daemon [_thread_in_native, id=6304, stack(0x000000001eca0000,0x000000001eda0000)]
  0x000000001e3db000 JavaThread "Attach Listener" daemon [_thread_blocked, id=12216, stack(0x000000001eba0000,0x000000001eca0000)]
  0x000000001e3d8000 JavaThread "Signal Dispatcher" daemon [_thread_blocked, id=15196, stack(0x000000001eaa0000,0x000000001eba0000)]
  0x000000001e3c0800 JavaThread "Finalizer" daemon [_thread_blocked, id=10528, stack(0x000000001e8a0000,0x000000001e9a0000)]
  0x000000001c5e0000 JavaThread "Reference Handler" daemon [_thread_blocked, id=8944, stack(0x000000001e7a0000,0x000000001e8a0000)]
  0x0000000002c8a000 JavaThread "main" [_thread_in_native, id=15772, stack(0x0000000002b80000,0x0000000002c80000)]

Other Threads:
  0x000000001c5d6800 VMThread [stack: 0x000000001e2a0000,0x000000001e3a0000] [id=14224]
  0x000000001e4b1000 WatcherThread [stack: 0x000000001f1a0000,0x000000001f2a0000] [id=16164]

VM state:not at safepoint (normal execution)

VM Mutex/Monitor currently owned by a thread: None

heap address: 0x00000006c5400000, size: 4012 MB, Compressed Oops mode: Zero based, Oop shift amount: 3
Narrow klass base: 0x0000000000000000, Narrow klass shift: 3
Compressed class space size: 1073741824 Address: 0x00000007c0000000

Heap:
 PSYoungGen      total 136704K, used 101102K [0x000000076c700000, 0x0000000779400000, 0x00000007c0000000)
  eden space 125952K, 73% used [0x000000076c700000,0x0000000772127060,0x0000000774200000)
  from space 10752K, 81% used [0x0000000774200000,0x0000000774a94ae0,0x0000000774c80000)
  to   space 13824K, 0% used [0x0000000778680000,0x0000000778680000,0x0000000779400000)
 ParOldGen       total 107520K, used 16154K [0x00000006c5400000, 0x00000006cbd00000, 0x000000076c700000)
  object space 107520K, 15% used [0x00000006c5400000,0x00000006c63c6828,0x00000006cbd00000)
 Metaspace       used 44324K, capacity 46332K, committed 46464K, reserved 1089536K
  class space    used 5647K, capacity 6261K, committed 6272K, reserved 1048576K

Card table byte_map: [0x0000000012140000,0x0000000012920000] byte_map_base: 0x000000000eb16000

Marking Bits: (ParMarkBitMap*) 0x0000000077005ce0
 Begin Bits: [0x0000000013660000, 0x0000000017510000)
 End Bits:   [0x0000000017510000, 0x000000001b3c0000)

Polling page: 0x0000000002880000

CodeCache: size=245760Kb used=16743Kb max_used=16743Kb free=229016Kb
 bounds [0x0000000002d80000, 0x0000000003df0000, 0x0000000011d80000]
 total_blobs=5099 nmethods=4312 adapters=698
 compilation: enabled

Compilation events (10 events):
Event: 5.963 Thread 0x000000001e3f1000 nmethod 4318 0x0000000003dd2110 code [0x0000000003dd2260, 0x0000000003dd23b0]
Event: 5.963 Thread 0x000000001e3f1000 4319       3       java.util.stream.MatchOps$MatchOp::evaluateSequential (7 bytes)
Event: 5.963 Thread 0x000000001e3f1000 nmethod 4319 0x0000000003dd1610 code [0x0000000003dd17c0, 0x0000000003dd1ed8]
Event: 5.963 Thread 0x000000001e3f1000 4320       1       org.codehaus.groovy.util.ManagedConcurrentMap$EntryWithValue::getValue (5 bytes)
Event: 5.963 Thread 0x000000001e3f1000 nmethod 4320 0x0000000003dd1350 code [0x0000000003dd14a0, 0x0000000003dd15b0]
Event: 5.963 Thread 0x000000001e3f1000 4321       1       sun.reflect.generics.reflectiveObjects.GenericArrayTypeImpl::getGenericComponentType (5 bytes)
Event: 5.963 Thread 0x000000001e3f1000 nmethod 4321 0x0000000003dd1090 code [0x0000000003dd11e0, 0x0000000003dd12f0]
Event: 5.963 Thread 0x000000001e3f1000 4322       3       org.codehaus.groovy.ast.ClassHelper::makeCached (62 bytes)
Event: 5.964 Thread 0x000000001e3f1000 nmethod 4322 0x0000000003dcead0 code [0x0000000003dceda0, 0x0000000003dd04e8]
Event: 5.964 Thread 0x000000001e3f1000 4323       3       org.codehaus.groovy.ast.ClassNode::setRedirect (82 bytes)

GC Heap History (10 events):
Event: 2.822 GC heap before
{Heap before GC invocations=5 (full 1):
 PSYoungGen      total 75264K, used 64512K [0x000000076c700000, 0x0000000775a00000, 0x00000007c0000000)
  eden space 64512K, 100% used [0x000000076c700000,0x0000000770600000,0x0000000770600000)
  from space 10752K, 0% used [0x0000000770600000,0x0000000770600000,0x0000000771080000)
  to   space 10752K, 0% used [0x0000000774f80000,0x0000000774f80000,0x0000000775a00000)
 ParOldGen       total 107520K, used 7179K [0x00000006c5400000, 0x00000006cbd00000, 0x000000076c700000)
  object space 107520K, 6% used [0x00000006c5400000,0x00000006c5b02f48,0x00000006cbd00000)
 Metaspace       used 25730K, capacity 26232K, committed 26368K, reserved 1073152K
  class space    used 3121K, capacity 3267K, committed 3328K, reserved 1048576K
Event: 2.831 GC heap after
Heap after GC invocations=5 (full 1):
 PSYoungGen      total 101376K, used 7286K [0x000000076c700000, 0x0000000775700000, 0x00000007c0000000)
  eden space 93696K, 0% used [0x000000076c700000,0x000000076c700000,0x0000000772280000)
  from space 7680K, 94% used [0x0000000774f80000,0x000000077569d830,0x0000000775700000)
  to   space 10752K, 0% used [0x0000000774200000,0x0000000774200000,0x0000000774c80000)
 ParOldGen       total 107520K, used 7187K [0x00000006c5400000, 0x00000006cbd00000, 0x000000076c700000)
  object space 107520K, 6% used [0x00000006c5400000,0x00000006c5b04f48,0x00000006cbd00000)
 Metaspace       used 25730K, capacity 26232K, committed 26368K, reserved 1073152K
  class space    used 3121K, capacity 3267K, committed 3328K, reserved 1048576K
}
Event: 3.441 GC heap before
{Heap before GC invocations=6 (full 1):
 PSYoungGen      total 101376K, used 100982K [0x000000076c700000, 0x0000000775700000, 0x00000007c0000000)
  eden space 93696K, 100% used [0x000000076c700000,0x0000000772280000,0x0000000772280000)
  from space 7680K, 94% used [0x0000000774f80000,0x000000077569d830,0x0000000775700000)
  to   space 10752K, 0% used [0x0000000774200000,0x0000000774200000,0x0000000774c80000)
 ParOldGen       total 107520K, used 7187K [0x00000006c5400000, 0x00000006cbd00000, 0x000000076c700000)
  object space 107520K, 6% used [0x00000006c5400000,0x00000006c5b04f48,0x00000006cbd00000)
 Metaspace       used 33212K, capacity 33936K, committed 34176K, reserved 1079296K
  class space    used 3941K, capacity 4116K, committed 4224K, reserved 1048576K
Event: 3.455 GC heap after
Heap after GC invocations=6 (full 1):
 PSYoungGen      total 136704K, used 10733K [0x000000076c700000, 0x0000000776980000, 0x00000007c0000000)
  eden space 125952K, 0% used [0x000000076c700000,0x000000076c700000,0x0000000774200000)
  from space 10752K, 99% used [0x0000000774200000,0x0000000774c7b680,0x0000000774c80000)
  to   space 12800K, 0% used [0x0000000775d00000,0x0000000775d00000,0x0000000776980000)
 ParOldGen       total 107520K, used 10340K [0x00000006c5400000, 0x00000006cbd00000, 0x000000076c700000)
  object space 107520K, 9% used [0x00000006c5400000,0x00000006c5e19148,0x00000006cbd00000)
 Metaspace       used 33212K, capacity 33936K, committed 34176K, reserved 1079296K
  class space    used 3941K, capacity 4116K, committed 4224K, reserved 1048576K
}
Event: 3.660 GC heap before
{Heap before GC invocations=7 (full 1):
 PSYoungGen      total 136704K, used 45758K [0x000000076c700000, 0x0000000776980000, 0x00000007c0000000)
  eden space 125952K, 27% used [0x000000076c700000,0x000000076e9343d8,0x0000000774200000)
  from space 10752K, 99% used [0x0000000774200000,0x0000000774c7b680,0x0000000774c80000)
  to   space 12800K, 0% used [0x0000000775d00000,0x0000000775d00000,0x0000000776980000)
 ParOldGen       total 107520K, used 10340K [0x00000006c5400000, 0x00000006cbd00000, 0x000000076c700000)
  object space 107520K, 9% used [0x00000006c5400000,0x00000006c5e19148,0x00000006cbd00000)
 Metaspace       used 34554K, capacity 35302K, committed 35456K, reserved 1081344K
  class space    used 4147K, capacity 4405K, committed 4480K, reserved 1048576K
Event: 3.670 GC heap after
Heap after GC invocations=7 (full 1):
 PSYoungGen      total 138752K, used 12319K [0x000000076c700000, 0x0000000776980000, 0x00000007c0000000)
  eden space 125952K, 0% used [0x000000076c700000,0x000000076c700000,0x0000000774200000)
  from space 12800K, 96% used [0x0000000775d00000,0x0000000776907da8,0x0000000776980000)
  to   space 10752K, 0% used [0x0000000774200000,0x0000000774200000,0x0000000774c80000)
 ParOldGen       total 107520K, used 10348K [0x00000006c5400000, 0x00000006cbd00000, 0x000000076c700000)
  object space 107520K, 9% used [0x00000006c5400000,0x00000006c5e1b148,0x00000006cbd00000)
 Metaspace       used 34554K, capacity 35302K, committed 35456K, reserved 1081344K
  class space    used 4147K, capacity 4405K, committed 4480K, reserved 1048576K
}
Event: 3.670 GC heap before
{Heap before GC invocations=8 (full 2):
 PSYoungGen      total 138752K, used 12319K [0x000000076c700000, 0x0000000776980000, 0x00000007c0000000)
  eden space 125952K, 0% used [0x000000076c700000,0x000000076c700000,0x0000000774200000)
  from space 12800K, 96% used [0x0000000775d00000,0x0000000776907da8,0x0000000776980000)
  to   space 10752K, 0% used [0x0000000774200000,0x0000000774200000,0x0000000774c80000)
 ParOldGen       total 107520K, used 10348K [0x00000006c5400000, 0x00000006cbd00000, 0x000000076c700000)
  object space 107520K, 9% used [0x00000006c5400000,0x00000006c5e1b148,0x00000006cbd00000)
 Metaspace       used 34554K, capacity 35302K, committed 35456K, reserved 1081344K
  class space    used 4147K, capacity 4405K, committed 4480K, reserved 1048576K
Event: 3.718 GC heap after
Heap after GC invocations=8 (full 2):
 PSYoungGen      total 138752K, used 0K [0x000000076c700000, 0x0000000776980000, 0x00000007c0000000)
  eden space 125952K, 0% used [0x000000076c700000,0x000000076c700000,0x0000000774200000)
  from space 12800K, 0% used [0x0000000775d00000,0x0000000775d00000,0x0000000776980000)
  to   space 10752K, 0% used [0x0000000774200000,0x0000000774200000,0x0000000774c80000)
 ParOldGen       total 107520K, used 16146K [0x00000006c5400000, 0x00000006cbd00000, 0x000000076c700000)
  object space 107520K, 15% used [0x00000006c5400000,0x00000006c63c4828,0x00000006cbd00000)
 Metaspace       used 34552K, capacity 35296K, committed 35456K, reserved 1081344K
  class space    used 4146K, capacity 4403K, committed 4480K, reserved 1048576K
}
Event: 5.491 GC heap before
{Heap before GC invocations=9 (full 2):
 PSYoungGen      total 138752K, used 125952K [0x000000076c700000, 0x0000000776980000, 0x00000007c0000000)
  eden space 125952K, 100% used [0x000000076c700000,0x0000000774200000,0x0000000774200000)
  from space 12800K, 0% used [0x0000000775d00000,0x0000000775d00000,0x0000000776980000)
  to   space 10752K, 0% used [0x0000000774200000,0x0000000774200000,0x0000000774c80000)
 ParOldGen       total 107520K, used 16146K [0x00000006c5400000, 0x00000006cbd00000, 0x000000076c700000)
  object space 107520K, 15% used [0x00000006c5400000,0x00000006c63c4828,0x00000006cbd00000)
 Metaspace       used 40015K, capacity 41552K, committed 41728K, reserved 1085440K
  class space    used 4916K, capacity 5352K, committed 5376K, reserved 1048576K
Event: 5.497 GC heap after
Heap after GC invocations=9 (full 2):
 PSYoungGen      total 136704K, used 8786K [0x000000076c700000, 0x0000000779400000, 0x00000007c0000000)
  eden space 125952K, 0% used [0x000000076c700000,0x000000076c700000,0x0000000774200000)
  from space 10752K, 81% used [0x0000000774200000,0x0000000774a94ae0,0x0000000774c80000)
  to   space 13824K, 0% used [0x0000000778680000,0x0000000778680000,0x0000000779400000)
 ParOldGen       total 107520K, used 16154K [0x00000006c5400000, 0x00000006cbd00000, 0x000000076c700000)
  object space 107520K, 15% used [0x00000006c5400000,0x00000006c63c6828,0x00000006cbd00000)
 Metaspace       used 40015K, capacity 41552K, committed 41728K, reserved 1085440K
  class space    used 4916K, capacity 5352K, committed 5376K, reserved 1048576K
}

Deoptimization events (10 events):
Event: 5.644 Thread 0x0000000002c8a000 Uncommon trap: reason=unstable_if action=reinterpret pc=0x0000000003ce5a84 method=org.codehaus.groovy.runtime.metaclass.MetaMethodIndex.addMethodToList(Ljava/lang/Object;Lgroovy/lang/MetaMethod;)Ljava/lang/Object; @ 256
Event: 5.782 Thread 0x0000000002c8a000 Uncommon trap: reason=unstable_if action=reinterpret pc=0x0000000003a8d7e4 method=java.lang.Integer.parseInt(Ljava/lang/String;I)I @ 1
Event: 5.861 Thread 0x0000000002c8a000 Uncommon trap: reason=unstable_if action=reinterpret pc=0x000000000330bc4c method=java.util.HashMap.putVal(ILjava/lang/Object;Ljava/lang/Object;ZZ)Ljava/lang/Object; @ 162
Event: 5.861 Thread 0x0000000002c8a000 Uncommon trap: reason=unstable_if action=reinterpret pc=0x0000000003ba96ac method=java.util.HashMap.putVal(ILjava/lang/Object;Ljava/lang/Object;ZZ)Ljava/lang/Object; @ 162
Event: 5.866 Thread 0x0000000002c8a000 Uncommon trap: reason=unstable_if action=reinterpret pc=0x0000000003056b20 method=java.util.HashMap.getNode(ILjava/lang/Object;)Ljava/util/HashMap$Node; @ 84
Event: 5.867 Thread 0x0000000002c8a000 Uncommon trap: reason=unstable_if action=reinterpret pc=0x0000000002f3d36c method=java.util.HashMap.getNode(ILjava/lang/Object;)Ljava/util/HashMap$Node; @ 84
Event: 5.868 Thread 0x0000000002c8a000 Uncommon trap: reason=unstable_if action=reinterpret pc=0x000000000318f554 method=java.util.HashMap.resize()[Ljava/util/HashMap$Node; @ 206
Event: 5.873 Thread 0x0000000002c8a000 Uncommon trap: reason=unstable_if action=reinterpret pc=0x0000000003d8ca2c method=groovyjarjarantlr4.v4.runtime.atn.ATNConfigSet.canMerge(Lgroovyjarjarantlr4/v4/runtime/atn/ATNConfig;JLgroovyjarjarantlr4/v4/runtime/atn/ATNConfig;)Z @ 28
Event: 5.878 Thread 0x0000000002c8a000 Uncommon trap: reason=predicate action=maybe_recompile pc=0x0000000003daef00 method=groovyjarjarantlr4.v4.runtime.atn.ParserATNSimulator.closure(Lgroovyjarjarantlr4/v4/runtime/atn/ATNConfig;Lgroovyjarjarantlr4/v4/runtime/atn/ATNConfigSet;Lgroovyjarjarantl
Event: 5.905 Thread 0x0000000002c8a000 Uncommon trap: reason=unstable_if action=reinterpret pc=0x0000000003bc47e0 method=sun.misc.Launcher$AppClassLoader.loadClass(Ljava/lang/String;Z)Ljava/lang/Class; @ 9

Classes redefined (0 events):
No events

Internal exceptions (10 events):
Event: 5.645 Thread 0x0000000002c8a000 Exception <a 'java/lang/ClassNotFoundException': java/lang/CharacterCustomizer> (0x000000076f4a1be8) thrown at [C:\re\workspace\8-2-build-windows-amd64-cygwin\jdk8u202\12323\hotspot\src\share\vm\classfile\systemDictionary.cpp, line 210]
Event: 5.649 Thread 0x0000000002c8a000 Exception <a 'java/lang/ClassNotFoundException': org/apache/commons/lang3/math/NumberUtilsBeanInfo> (0x000000076f53d860) thrown at [C:\re\workspace\8-2-build-windows-amd64-cygwin\jdk8u202\12323\hotspot\src\share\vm\classfile\systemDictionary.cpp, line 210
Event: 5.649 Thread 0x0000000002c8a000 Exception <a 'java/lang/ClassNotFoundException': org/apache/commons/lang3/math/NumberUtilsCustomizer> (0x000000076f566828) thrown at [C:\re\workspace\8-2-build-windows-amd64-cygwin\jdk8u202\12323\hotspot\src\share\vm\classfile\systemDictionary.cpp, line 2
Event: 5.655 Thread 0x0000000002c8a000 Exception <a 'java/lang/ClassNotFoundException': groovy/lang/BindingBeanInfo> (0x000000076f63e4e0) thrown at [C:\re\workspace\8-2-build-windows-amd64-cygwin\jdk8u202\12323\hotspot\src\share\vm\classfile\systemDictionary.cpp, line 210]
Event: 5.656 Thread 0x0000000002c8a000 Exception <a 'java/lang/ClassNotFoundException': groovy/lang/BindingCustomizer> (0x000000076f674138) thrown at [C:\re\workspace\8-2-build-windows-amd64-cygwin\jdk8u202\12323\hotspot\src\share\vm\classfile\systemDictionary.cpp, line 210]
Event: 5.658 Thread 0x0000000002c8a000 Exception <a 'java/lang/ClassNotFoundException': groovy/lang/GroovyShellBeanInfo> (0x000000076f6f42f0) thrown at [C:\re\workspace\8-2-build-windows-amd64-cygwin\jdk8u202\12323\hotspot\src\share\vm\classfile\systemDictionary.cpp, line 210]
Event: 5.659 Thread 0x0000000002c8a000 Exception <a 'java/lang/ClassNotFoundException': groovy/lang/GroovyShellCustomizer> (0x000000076f72b6e0) thrown at [C:\re\workspace\8-2-build-windows-amd64-cygwin\jdk8u202\12323\hotspot\src\share\vm\classfile\systemDictionary.cpp, line 210]
Event: 5.782 Thread 0x0000000002c8a000 Implicit null exception at 0x0000000003a8d2af to 0x0000000003a8d7d1
Event: 5.882 Thread 0x0000000002c8a000 Exception <a 'java/lang/NoSuchMethodError': java.lang.Object.lambda$chars$0()Ljava/util/Spliterator$OfInt;> (0x0000000771869ae8) thrown at [C:\re\workspace\8-2-build-windows-amd64-cygwin\jdk8u202\12323\hotspot\src\share\vm\interpreter\linkResolver.cpp, li
Event: 5.896 Thread 0x0000000002c8a000 Exception <a 'java/lang/NoSuchMethodError': java.lang.Object.lambda$visitListOfExpressions$0(Lorg/codehaus/groovy/ast/expr/Expression;)V> (0x00000007718fbe20) thrown at [C:\re\workspace\8-2-build-windows-amd64-cygwin\jdk8u202\12323\hotspot\src\share\vm\in

Events (10 events):
Event: 5.956 loading class org/codehaus/groovy/classgen/asm/BinaryExpressionMultiTypeDispatcher
Event: 5.956 loading class org/codehaus/groovy/classgen/asm/BinaryExpressionMultiTypeDispatcher done
Event: 5.957 loading class org/codehaus/groovy/classgen/asm/StatementWriter
Event: 5.957 loading class org/codehaus/groovy/classgen/asm/StatementWriter done
Event: 5.958 loading class org/codehaus/groovy/classgen/asm/OptimizingStatementWriter
Event: 5.958 loading class org/codehaus/groovy/classgen/asm/OptimizingStatementWriter done
Event: 5.958 loading class org/codehaus/groovy/classgen/asm/TypeChooser
Event: 5.958 loading class org/codehaus/groovy/classgen/asm/TypeChooser done
Event: 5.959 loading class org/codehaus/groovy/classgen/asm/util/LoggableClassVisitor
Event: 5.959 loading class org/codehaus/groovy/classgen/asm/util/LoggableClassVisitor done


Dynamic libraries:
0x00007ff658ea0000 - 0x00007ff658ed7000 	C:\Program Files\Java\jdk1.8.0_202\bin\javaw.exe
0x00007fffd6870000 - 0x00007fffd6a68000 	C:\Windows\SYSTEM32\ntdll.dll
0x00007fffd5b00000 - 0x00007fffd5bbf000 	C:\Windows\System32\KERNEL32.DLL
0x00007fffd4300000 - 0x00007fffd45d2000 	C:\Windows\System32\KERNELBASE.dll
0x00007fffd4aa0000 - 0x00007fffd4b4e000 	C:\Windows\System32\ADVAPI32.dll
0x00007fffd49a0000 - 0x00007fffd4a3e000 	C:\Windows\System32\msvcrt.dll
0x00007fffd5180000 - 0x00007fffd521c000 	C:\Windows\System32\sechost.dll
0x00007fffd4fa0000 - 0x00007fffd50c5000 	C:\Windows\System32\RPCRT4.dll
0x00007fffd5390000 - 0x00007fffd552d000 	C:\Windows\System32\USER32.dll
0x00007fffd4630000 - 0x00007fffd4652000 	C:\Windows\System32\win32u.dll
0x00007fffd5220000 - 0x00007fffd524b000 	C:\Windows\System32\GDI32.dll
0x00007fffd41f0000 - 0x00007fffd42ff000 	C:\Windows\System32\gdi32full.dll
0x00007fffd4660000 - 0x00007fffd46fd000 	C:\Windows\System32\msvcp_win.dll
0x00007fffd4730000 - 0x00007fffd4830000 	C:\Windows\System32\ucrtbase.dll
0x00007fffbd2d0000 - 0x00007fffbd56a000 	C:\Windows\WinSxS\amd64_microsoft.windows.common-controls_6595b64144ccf1df_6.0.19041.1110_none_60b5254171f9507e\COMCTL32.dll
0x00007fffd4f60000 - 0x00007fffd4f92000 	C:\Windows\System32\IMM32.DLL
0x0000000077090000 - 0x0000000077162000 	C:\Program Files\Java\jdk1.8.0_202\jre\bin\msvcr100.dll
0x00000000767e0000 - 0x0000000077085000 	C:\Program Files\Java\jdk1.8.0_202\jre\bin\server\jvm.dll
0x00007fffd5550000 - 0x00007fffd5558000 	C:\Windows\System32\PSAPI.DLL
0x00007fffb4a70000 - 0x00007fffb4a79000 	C:\Windows\SYSTEM32\WSOCK32.dll
0x00007fffd5320000 - 0x00007fffd538b000 	C:\Windows\System32\WS2_32.dll
0x00007fffad660000 - 0x00007fffad687000 	C:\Windows\SYSTEM32\WINMM.dll
0x00007fffcc180000 - 0x00007fffcc18a000 	C:\Windows\SYSTEM32\VERSION.dll
0x00007fffabcd0000 - 0x00007fffabcdf000 	C:\Program Files\Java\jdk1.8.0_202\jre\bin\verify.dll
0x00007fffabca0000 - 0x00007fffabcc9000 	C:\Program Files\Java\jdk1.8.0_202\jre\bin\java.dll
0x00007fffabbc0000 - 0x00007fffabbd6000 	C:\Program Files\Java\jdk1.8.0_202\jre\bin\zip.dll
0x00007fffd5bc0000 - 0x00007fffd6303000 	C:\Windows\System32\SHELL32.dll
0x00007fffd1fd0000 - 0x00007fffd2762000 	C:\Windows\SYSTEM32\windows.storage.dll
0x00007fffd6420000 - 0x00007fffd6774000 	C:\Windows\System32\combase.dll
0x00007fffd3810000 - 0x00007fffd3840000 	C:\Windows\SYSTEM32\Wldp.dll
0x00007fffd6780000 - 0x00007fffd682d000 	C:\Windows\System32\SHCORE.dll
0x00007fffd4a40000 - 0x00007fffd4a95000 	C:\Windows\System32\shlwapi.dll
0x00007fffd3eb0000 - 0x00007fffd3ecf000 	C:\Windows\SYSTEM32\profapi.dll
0x00007fffbc600000 - 0x00007fffbc61a000 	C:\Program Files\Java\jdk1.8.0_202\jre\bin\net.dll
0x00007fffbe6d0000 - 0x00007fffbe8bd000 	C:\Windows\SYSTEM32\urlmon.dll
0x00007fffbea50000 - 0x00007fffbed01000 	C:\Windows\SYSTEM32\iertutil.dll
0x00007fffbe6a0000 - 0x00007fffbe6c8000 	C:\Windows\SYSTEM32\srvcli.dll
0x00007fffd3410000 - 0x00007fffd341c000 	C:\Windows\SYSTEM32\netutils.dll
0x00007fffd35f0000 - 0x00007fffd365a000 	C:\Windows\system32\mswsock.dll
0x00007fffd3340000 - 0x00007fffd340a000 	C:\Windows\SYSTEM32\DNSAPI.dll
0x00007fffd3300000 - 0x00007fffd333b000 	C:\Windows\SYSTEM32\IPHLPAPI.DLL
0x00007fffd6370000 - 0x00007fffd6378000 	C:\Windows\System32\NSI.dll
0x00007fffcc170000 - 0x00007fffcc17a000 	C:\Windows\System32\rasadhlp.dll
0x00007fffcb2e0000 - 0x00007fffcb360000 	C:\Windows\System32\fwpuclnt.dll
0x00007fffd4700000 - 0x00007fffd4727000 	C:\Windows\System32\bcrypt.dll
0x00007fffd38c0000 - 0x00007fffd38d8000 	C:\Windows\SYSTEM32\CRYPTSP.dll
0x00007fffd2f30000 - 0x00007fffd2f64000 	C:\Windows\system32\rsaenh.dll
0x00007fffd3e30000 - 0x00007fffd3e5e000 	C:\Windows\SYSTEM32\USERENV.dll
0x00007fffd4830000 - 0x00007fffd48b2000 	C:\Windows\System32\bcryptprimitives.dll
0x00007fffd3780000 - 0x00007fffd378c000 	C:\Windows\SYSTEM32\CRYPTBASE.dll
0x00007fffcc190000 - 0x00007fffcc1a7000 	C:\Windows\SYSTEM32\dhcpcsvc6.DLL
0x00007fffcc1b0000 - 0x00007fffcc1cd000 	C:\Windows\SYSTEM32\dhcpcsvc.DLL
0x00007fffa7c10000 - 0x00007fffa7c22000 	C:\Program Files\Java\jdk1.8.0_202\jre\bin\nio.dll
0x00007fff9a230000 - 0x00007fff9a23d000 	C:\Program Files\Java\jdk1.8.0_202\jre\bin\management.dll
0x00007fffabe20000 - 0x00007fffabe37000 	C:\Windows\system32\napinsp.dll
0x00007fffabe00000 - 0x00007fffabe1b000 	C:\Windows\system32\pnrpnsp.dll
0x00007fffce6c0000 - 0x00007fffce6d5000 	C:\Windows\system32\wshbth.dll
0x00007fffcf2f0000 - 0x00007fffcf30d000 	C:\Windows\system32\NLAapi.dll
0x00007fffabce0000 - 0x00007fffabcf2000 	C:\Windows\System32\winrnr.dll
0x00007fffbb100000 - 0x00007fffbb124000 	C:\Program Files\Java\jdk1.8.0_202\jre\bin\sunec.dll
0x00007fffbb0f0000 - 0x00007fffbb0fb000 	C:\Program Files\Java\jdk1.8.0_202\jre\bin\sunmscapi.dll
0x00007fffd3fe0000 - 0x00007fffd4136000 	C:\Windows\System32\CRYPT32.dll

VM Arguments:
jvm_args: -ea -Dfile.encoding=UTF-8 
java_command: org.testng.remote.RemoteTestNG -serport 62383 -protocol json -d D:\RingPay\RingPay_APIAutomation\modified_updated\test-output D:\RingPay\RingPay_APIAutomation\modified_updated\RingPay.xml
java_class_path (initial): C:\Users\IGS0425\eclipse\java-2022-06\eclipse\configuration\org.eclipse.osgi\447\0\.cp\lib\testng-remote.jar;D:\RingPay\RingPay_APIAutomation\modified_updated\target\test-classes;D:\RingPay\RingPay_APIAutomation\modified_updated\target\classes;C:\Users\IGS0425\.m2\repository\io\appium\java-client\7.2.0\java-client-7.2.0.jar;C:\Users\IGS0425\.m2\repository\org\seleniumhq\selenium\selenium-support\3.141.59\selenium-support-3.141.59.jar;C:\Users\IGS0425\.m2\repository\org\seleniumhq\selenium\selenium-api\3.141.59\selenium-api-3.141.59.jar;C:\Users\IGS0425\.m2\repository\com\google\code\gson\gson\2.8.5\gson-2.8.5.jar;C:\Users\IGS0425\.m2\repository\org\apache\httpcomponents\httpclient\4.5.9\httpclient-4.5.9.jar;C:\Users\IGS0425\.m2\repository\cglib\cglib\3.2.12\cglib-3.2.12.jar;C:\Users\IGS0425\.m2\repository\org\ow2\asm\asm\7.1\asm-7.1.jar;C:\Users\IGS0425\.m2\repository\commons-io\commons-io\2.6\commons-io-2.6.jar;C:\Users\IGS0425\.m2\repository\org\springframework\spring-context\5.1.8.RELEASE\spring-context-5.1.8.RELEASE.jar;C:\Users\IGS0425\.m2\repository\org\springframework\spring-aop\5.1.8.RELEASE\spring-aop-5.1.8.RELEASE.jar;C:\Users\IGS0425\.m2\repository\org\springframework\spring-beans\5.1.8.RELEASE\spring-beans-5.1.8.RELEASE.jar;C:\Users\IGS0425\.m2\repository\org\springframework\spring-core\5.1.8.RELEASE\spring-core-5.1.8.RELEASE.jar;C:\Users\IGS0425\.m2\repository\org\springframework\spring-jcl\5.1.8.RELEASE\spring-jcl-5.1.8.RELEASE.jar;C:\Users\IGS0425\.m2\repository\org\springframework\spring-expression\5.1.8.RELEASE\spring-expression-5.1.8.RELEASE.jar;C:\Users\IGS0425\.m2\repository\org\aspectj\aspectjweaver\1.9.4\aspectjweaver-1.9.4.jar;C:\Users\IGS0425\.m2\repository\org\slf4j\slf4j-api\1.7.26\slf4j-api-1.7.26.jar;C:\Users\IGS0425\.m2\repository\org\seleniumhq\selenium\selenium-java\3.141.59\selenium-java-3.141.59.jar;C:\Users\IGS0425\.m2\repository\org\seleniumhq\selenium\selenium-chrome-driver\3.141.59\selenium-chrome-dri
Launcher Type: SUN_STANDARD

Environment Variables:
JAVA_HOME=C:\Program Files\Java\jdk1.8.0_202
PATH=C:/Users/IGS0425/.p2/pool/plugins/org.eclipse.justj.openjdk.hotspot.jre.full.win32.x86_64_17.0.3.v20220515-1416/jre/bin/server;C:/Users/IGS0425/.p2/pool/plugins/org.eclipse.justj.openjdk.hotspot.jre.full.win32.x86_64_17.0.3.v20220515-1416/jre/bin;C:\Program Files (x86)\Common Files\Oracle\Java\javapath;C:\Windows\system32;C:\Windows;C:\Windows\System32\Wbem;C:\Windows\System32\WindowsPowerShell\v1.0\;C:\Windows\System32\OpenSSH\;C:\Program Files\nodejs\;C:\Program Files\Git\cmd;C:\Program Files\apache-maven-3.8.6\bin;C:\Users\IGS0425\AppData\Local\Microsoft\WindowsApps;C:\Program Files\JetBrains\IntelliJ IDEA Community Edition 2022.1.3\bin;;C:\Users\IGS0425\AppData\Roaming\npm;C:\Program Files\Java\jdk1.8.0_202\bin;;C:\Windows\System32;
USERNAME=IGS0425
OS=Windows_NT
PROCESSOR_IDENTIFIER=Intel64 Family 6 Model 140 Stepping 1, GenuineIntel



---------------  S Y S T E M  ---------------

OS: Windows 10.0 , 64 bit Build 19041 (10.0.19041.2251)

CPU:total 8 (initial active 8) (4 cores per cpu, 2 threads per core) family 6 model 140 stepping 1, cmov, cx8, fxsr, mmx, sse, sse2, sse3, ssse3, sse4.1, sse4.2, popcnt, avx, avx2, aes, clmul, erms, 3dnowpref, lzcnt, ht, tsc, tscinvbit, bmi1, bmi2, adx

Memory: 4k page, physical 16428308k(2075928k free), swap 16428308k(6404k free)

vm_info: Java HotSpot(TM) 64-Bit Server VM (25.202-b08) for windows-amd64 JRE (1.8.0_202-b08), built on Dec 15 2018 19:54:30 by "java_re" with MS VC++ 10.0 (VS2010)

time: Wed Dec 14 11:41:20 2022
timezone: India Standard Time
elapsed time: 5 seconds (0d 0h 0m 5s)

