#
# There is insufficient memory for the Java Runtime Environment to continue.
# Native memory allocation (malloc) failed to allocate 1530944 bytes for Chunk::new
# Possible reasons:
#   The system is out of physical RAM or swap space
#   The process is running with CompressedOops enabled, and the Java Heap may be blocking the growth of the native heap
# Possible solutions:
#   Reduce memory load on the system
#   Increase physical memory or swap space
#   Check if swap backing store is full
#   Decrease Java heap size (-Xmx/-Xms)
#   Decrease number of Java threads
#   Decrease Java thread stack sizes (-Xss)
#   Set larger code cache with -XX:ReservedCodeCacheSize=
#   JVM is running with Zero Based Compressed Oops mode in which the Java heap is
#     placed in the first 32GB address space. The Java Heap base address is the
#     maximum limit for the native heap growth. Please use -XX:HeapBaseMinAddress
#     to set the Java Heap base and to place the Java Heap above 32GB virtual address.
# This output file may be truncated or incomplete.
#
#  Out of Memory Error (allocation.cpp:389), pid=16792, tid=0x0000000000003158
#
# JRE version: Java(TM) SE Runtime Environment (8.0_202-b08) (build 1.8.0_202-b08)
# Java VM: Java HotSpot(TM) 64-Bit Server VM (25.202-b08 mixed mode windows-amd64 compressed oops)
# Failed to write core dump. Minidumps are not enabled by default on client versions of Windows
#

---------------  T H R E A D  ---------------

Current thread (0x000000001e4fc800):  JavaThread "C2 CompilerThread0" daemon [_thread_in_native, id=12632, stack(0x000000001edc0000,0x000000001eec0000)]

Stack: [0x000000001edc0000,0x000000001eec0000]
[error occurred during error reporting (printing stack bounds), id 0xc0000005]

Native frames: (J=compiled Java code, j=interpreted, Vv=VM code, C=native code)


Current CompileTask:
C2:   4141 3468       4       com.sun.beans.TypeResolver::resolve (37 bytes)


---------------  P R O C E S S  ---------------

Java Threads: ( => current thread )
  0x00000000204a4000 JavaThread "ReaderThread" [_thread_in_native, id=16560, stack(0x0000000020fd0000,0x00000000210d0000)]
  0x000000001e5a1800 JavaThread "Service Thread" daemon [_thread_blocked, id=10052, stack(0x000000001f1c0000,0x000000001f2c0000)]
  0x000000001e50d000 JavaThread "C1 CompilerThread3" daemon [_thread_blocked, id=3284, stack(0x000000001f0c0000,0x000000001f1c0000)]
  0x000000001e507000 JavaThread "C2 CompilerThread2" daemon [_thread_in_native, id=10536, stack(0x000000001efc0000,0x000000001f0c0000)]
  0x000000001e502000 JavaThread "C2 CompilerThread1" daemon [_thread_blocked, id=3704, stack(0x000000001eec0000,0x000000001efc0000)]
=>0x000000001e4fc800 JavaThread "C2 CompilerThread0" daemon [_thread_in_native, id=12632, stack(0x000000001edc0000,0x000000001eec0000)]
  0x000000001e4fb000 JavaThread "Attach Listener" daemon [_thread_blocked, id=3048, stack(0x000000001ecc0000,0x000000001edc0000)]
  0x000000001e4fa000 JavaThread "Signal Dispatcher" daemon [_thread_blocked, id=7908, stack(0x000000001ebc0000,0x000000001ecc0000)]
  0x000000001c6e7000 JavaThread "Finalizer" daemon [_thread_blocked, id=15284, stack(0x000000001e9c0000,0x000000001eac0000)]
  0x000000001e4e0800 JavaThread "Reference Handler" daemon [_thread_blocked, id=6096, stack(0x000000001e8c0000,0x000000001e9c0000)]
  0x0000000002dda000 JavaThread "main" [_thread_in_native, id=5424, stack(0x0000000002cd0000,0x0000000002dd0000)]

Other Threads:
  0x000000001c6d6800 VMThread [stack: 0x000000001e3c0000,0x000000001e4c0000] [id=12720]
  0x000000001e5e4800 WatcherThread [stack: 0x000000001f2c0000,0x000000001f3c0000] [id=11624]

VM state:not at safepoint (normal execution)

VM Mutex/Monitor currently owned by a thread: None

heap address: 0x00000006c5400000, size: 4012 MB, Compressed Oops mode: Zero based, Oop shift amount: 3
Narrow klass base: 0x0000000000000000, Narrow klass shift: 3
Compressed class space size: 1073741824 Address: 0x00000007c0000000

Heap:
 PSYoungGen      total 140800K, used 121146K [0x000000076c700000, 0x0000000777700000, 0x00000007c0000000)
  eden space 126976K, 95% used [0x000000076c700000,0x0000000773d4e9d8,0x0000000774300000)
  from space 13824K, 0% used [0x0000000776980000,0x0000000776980000,0x0000000777700000)
  to   space 10752K, 0% used [0x0000000774300000,0x0000000774300000,0x0000000774d80000)
 ParOldGen       total 102400K, used 15095K [0x00000006c5400000, 0x00000006cb800000, 0x000000076c700000)
  object space 102400K, 14% used [0x00000006c5400000,0x00000006c62bdd08,0x00000006cb800000)
 Metaspace       used 38985K, capacity 40448K, committed 40576K, reserved 1085440K
  class space    used 4811K, capacity 5243K, committed 5248K, reserved 1048576K

Card table byte_map: [0x0000000012290000,0x0000000012a70000] byte_map_base: 0x000000000ec66000

Marking Bits: (ParMarkBitMap*) 0x000000006ae75ce0
 Begin Bits: [0x00000000137b0000, 0x0000000017660000)
 End Bits:   [0x0000000017660000, 0x000000001b510000)

Polling page: 0x0000000000ee0000

CodeCache: size=245760Kb used=13904Kb max_used=13917Kb free=231855Kb
 bounds [0x0000000002ed0000, 0x0000000003c70000, 0x0000000011ed0000]
 total_blobs=4331 nmethods=3574 adapters=668
 compilation: enabled

Compilation events (10 events):
Event: 4.060 Thread 0x000000001e50d000 nmethod 3573 0x0000000003c634d0 code [0x0000000003c63cc0, 0x0000000003c6a548]
Event: 4.060 Thread 0x000000001e50d000 3576       3       java.util.ArrayList$SubList$1::<init> (47 bytes)
Event: 4.060 Thread 0x000000001e50d000 nmethod 3576 0x0000000003c62b10 code [0x0000000003c62c80, 0x0000000003c62e70]
Event: 4.060 Thread 0x000000001e50d000 3575       3       sun.security.ssl.SSLAlgorithmDecomposer::decompose (74 bytes)
Event: 4.060 Thread 0x000000001e50d000 nmethod 3575 0x0000000003c61c50 code [0x0000000003c61e40, 0x0000000003c626f8]
Event: 4.060 Thread 0x000000001e50d000 3571       3       java.util.RegularEnumSet::add (9 bytes)
Event: 4.060 Thread 0x000000001e50d000 nmethod 3571 0x0000000003c61790 code [0x0000000003c61900, 0x0000000003c61b88]
Event: 4.060 Thread 0x000000001e50d000 3572       3       java.util.RegularEnumSet::add (40 bytes)
Event: 4.060 Thread 0x000000001e50d000 nmethod 3572 0x0000000003c61210 code [0x0000000003c61380, 0x0000000003c616a8]
Event: 4.062 Thread 0x000000001e502000 nmethod 3574 0x0000000003c60150 code [0x0000000003c602e0, 0x0000000003c60988]

GC Heap History (10 events):
Event: 1.744 GC heap before
{Heap before GC invocations=4 (full 1):
 PSYoungGen      total 75264K, used 7010K [0x000000076c700000, 0x0000000775a00000, 0x00000007c0000000)
  eden space 64512K, 0% used [0x000000076c700000,0x000000076c700000,0x0000000770600000)
  from space 10752K, 65% used [0x0000000770600000,0x0000000770cd8af0,0x0000000771080000)
  to   space 10752K, 0% used [0x0000000774f80000,0x0000000774f80000,0x0000000775a00000)
 ParOldGen       total 172032K, used 96K [0x00000006c5400000, 0x00000006cfc00000, 0x000000076c700000)
  object space 172032K, 0% used [0x00000006c5400000,0x00000006c5418010,0x00000006cfc00000)
 Metaspace       used 20731K, capacity 21096K, committed 21296K, reserved 1069056K
  class space    used 2507K, capacity 2621K, committed 2688K, reserved 1048576K
Event: 1.763 GC heap after
Heap after GC invocations=4 (full 1):
 PSYoungGen      total 75264K, used 0K [0x000000076c700000, 0x0000000775a00000, 0x00000007c0000000)
  eden space 64512K, 0% used [0x000000076c700000,0x000000076c700000,0x0000000770600000)
  from space 10752K, 0% used [0x0000000770600000,0x0000000770600000,0x0000000771080000)
  to   space 10752K, 0% used [0x0000000774f80000,0x0000000774f80000,0x0000000775a00000)
 ParOldGen       total 102400K, used 6831K [0x00000006c5400000, 0x00000006cb800000, 0x000000076c700000)
  object space 102400K, 6% used [0x00000006c5400000,0x00000006c5aabf68,0x00000006cb800000)
 Metaspace       used 20731K, capacity 21096K, committed 21296K, reserved 1069056K
  class space    used 2507K, capacity 2621K, committed 2688K, reserved 1048576K
}
Event: 2.262 GC heap before
{Heap before GC invocations=5 (full 1):
 PSYoungGen      total 75264K, used 64512K [0x000000076c700000, 0x0000000775a00000, 0x00000007c0000000)
  eden space 64512K, 100% used [0x000000076c700000,0x0000000770600000,0x0000000770600000)
  from space 10752K, 0% used [0x0000000770600000,0x0000000770600000,0x0000000771080000)
  to   space 10752K, 0% used [0x0000000774f80000,0x0000000774f80000,0x0000000775a00000)
 ParOldGen       total 102400K, used 6831K [0x00000006c5400000, 0x00000006cb800000, 0x000000076c700000)
  object space 102400K, 6% used [0x00000006c5400000,0x00000006c5aabf68,0x00000006cb800000)
 Metaspace       used 27590K, capacity 28176K, committed 28416K, reserved 1075200K
  class space    used 3390K, capacity 3567K, committed 3584K, reserved 1048576K
Event: 2.268 GC heap after
Heap after GC invocations=5 (full 1):
 PSYoungGen      total 107520K, used 8334K [0x000000076c700000, 0x0000000775800000, 0x00000007c0000000)
  eden space 98816K, 0% used [0x000000076c700000,0x000000076c700000,0x0000000772780000)
  from space 8704K, 95% used [0x0000000774f80000,0x00000007757a3b78,0x0000000775800000)
  to   space 10752K, 0% used [0x0000000774300000,0x0000000774300000,0x0000000774d80000)
 ParOldGen       total 102400K, used 6839K [0x00000006c5400000, 0x00000006cb800000, 0x000000076c700000)
  object space 102400K, 6% used [0x00000006c5400000,0x00000006c5aadf68,0x00000006cb800000)
 Metaspace       used 27590K, capacity 28176K, committed 28416K, reserved 1075200K
  class space    used 3390K, capacity 3567K, committed 3584K, reserved 1048576K
}
Event: 3.028 GC heap before
{Heap before GC invocations=6 (full 1):
 PSYoungGen      total 107520K, used 107150K [0x000000076c700000, 0x0000000775800000, 0x00000007c0000000)
  eden space 98816K, 100% used [0x000000076c700000,0x0000000772780000,0x0000000772780000)
  from space 8704K, 95% used [0x0000000774f80000,0x00000007757a3b78,0x0000000775800000)
  to   space 10752K, 0% used [0x0000000774300000,0x0000000774300000,0x0000000774d80000)
 ParOldGen       total 102400K, used 6839K [0x00000006c5400000, 0x00000006cb800000, 0x000000076c700000)
  object space 102400K, 6% used [0x00000006c5400000,0x00000006c5aadf68,0x00000006cb800000)
 Metaspace       used 33774K, capacity 34458K, committed 34688K, reserved 1079296K
  class space    used 4040K, capacity 4207K, committed 4224K, reserved 1048576K
Event: 3.040 GC heap after
Heap after GC invocations=6 (full 1):
 PSYoungGen      total 137728K, used 10720K [0x000000076c700000, 0x0000000777700000, 0x00000007c0000000)
  eden space 126976K, 0% used [0x000000076c700000,0x000000076c700000,0x0000000774300000)
  from space 10752K, 99% used [0x0000000774300000,0x0000000774d78310,0x0000000774d80000)
  to   space 13824K, 0% used [0x0000000776980000,0x0000000776980000,0x0000000777700000)
 ParOldGen       total 102400K, used 10535K [0x00000006c5400000, 0x00000006cb800000, 0x000000076c700000)
  object space 102400K, 10% used [0x00000006c5400000,0x00000006c5e49c80,0x00000006cb800000)
 Metaspace       used 33774K, capacity 34458K, committed 34688K, reserved 1079296K
  class space    used 4040K, capacity 4207K, committed 4224K, reserved 1048576K
}
Event: 3.150 GC heap before
{Heap before GC invocations=7 (full 1):
 PSYoungGen      total 137728K, used 31209K [0x000000076c700000, 0x0000000777700000, 0x00000007c0000000)
  eden space 126976K, 16% used [0x000000076c700000,0x000000076db021e8,0x0000000774300000)
  from space 10752K, 99% used [0x0000000774300000,0x0000000774d78310,0x0000000774d80000)
  to   space 13824K, 0% used [0x0000000776980000,0x0000000776980000,0x0000000777700000)
 ParOldGen       total 102400K, used 10535K [0x00000006c5400000, 0x00000006cb800000, 0x000000076c700000)
  object space 102400K, 10% used [0x00000006c5400000,0x00000006c5e49c80,0x00000006cb800000)
 Metaspace       used 34560K, capacity 35412K, committed 35496K, reserved 1081344K
  class space    used 4157K, capacity 4422K, committed 4480K, reserved 1048576K
Event: 3.159 GC heap after
Heap after GC invocations=7 (full 1):
 PSYoungGen      total 140800K, used 11138K [0x000000076c700000, 0x0000000777700000, 0x00000007c0000000)
  eden space 126976K, 0% used [0x000000076c700000,0x000000076c700000,0x0000000774300000)
  from space 13824K, 80% used [0x0000000776980000,0x0000000777460a70,0x0000000777700000)
  to   space 10752K, 0% used [0x0000000774300000,0x0000000774300000,0x0000000774d80000)
 ParOldGen       total 102400K, used 10543K [0x00000006c5400000, 0x00000006cb800000, 0x000000076c700000)
  object space 102400K, 10% used [0x00000006c5400000,0x00000006c5e4bc80,0x00000006cb800000)
 Metaspace       used 34560K, capacity 35412K, committed 35496K, reserved 1081344K
  class space    used 4157K, capacity 4422K, committed 4480K, reserved 1048576K
}
Event: 3.159 GC heap before
{Heap before GC invocations=8 (full 2):
 PSYoungGen      total 140800K, used 11138K [0x000000076c700000, 0x0000000777700000, 0x00000007c0000000)
  eden space 126976K, 0% used [0x000000076c700000,0x000000076c700000,0x0000000774300000)
  from space 13824K, 80% used [0x0000000776980000,0x0000000777460a70,0x0000000777700000)
  to   space 10752K, 0% used [0x0000000774300000,0x0000000774300000,0x0000000774d80000)
 ParOldGen       total 102400K, used 10543K [0x00000006c5400000, 0x00000006cb800000, 0x000000076c700000)
  object space 102400K, 10% used [0x00000006c5400000,0x00000006c5e4bc80,0x00000006cb800000)
 Metaspace       used 34560K, capacity 35412K, committed 35496K, reserved 1081344K
  class space    used 4157K, capacity 4422K, committed 4480K, reserved 1048576K
Event: 3.202 GC heap after
Heap after GC invocations=8 (full 2):
 PSYoungGen      total 140800K, used 0K [0x000000076c700000, 0x0000000777700000, 0x00000007c0000000)
  eden space 126976K, 0% used [0x000000076c700000,0x000000076c700000,0x0000000774300000)
  from space 13824K, 0% used [0x0000000776980000,0x0000000776980000,0x0000000777700000)
  to   space 10752K, 0% used [0x0000000774300000,0x0000000774300000,0x0000000774d80000)
 ParOldGen       total 102400K, used 15095K [0x00000006c5400000, 0x00000006cb800000, 0x000000076c700000)
  object space 102400K, 14% used [0x00000006c5400000,0x00000006c62bdd08,0x00000006cb800000)
 Metaspace       used 34558K, capacity 35406K, committed 35496K, reserved 1081344K
  class space    used 4156K, capacity 4420K, committed 4480K, reserved 1048576K
}

Deoptimization events (10 events):
Event: 3.779 Thread 0x0000000002dda000 Uncommon trap: reason=class_check action=maybe_recompile pc=0x000000000337b7a0 method=java.util.jar.JarFile.getJarEntry(Ljava/lang/String;)Ljava/util/jar/JarEntry; @ 2
Event: 3.779 Thread 0x0000000002dda000 Uncommon trap: reason=class_check action=maybe_recompile pc=0x000000000337b7a0 method=java.util.jar.JarFile.getJarEntry(Ljava/lang/String;)Ljava/util/jar/JarEntry; @ 2
Event: 3.779 Thread 0x0000000002dda000 Uncommon trap: reason=class_check action=maybe_recompile pc=0x000000000337b7a0 method=java.util.jar.JarFile.getJarEntry(Ljava/lang/String;)Ljava/util/jar/JarEntry; @ 2
Event: 3.880 Thread 0x0000000002dda000 Uncommon trap: reason=unstable_if action=reinterpret pc=0x0000000003b3e994 method=groovy.lang.MetaClassImpl$1MOPIter.methodNameAction(Ljava/lang/Class;Lorg/codehaus/groovy/runtime/metaclass/MetaMethodIndex$Entry;)V @ 277
Event: 3.909 Thread 0x0000000002dda000 Uncommon trap: reason=bimorphic action=maybe_recompile pc=0x000000000344e6e0 method=java.util.HashMap.putVal(ILjava/lang/Object;Ljava/lang/Object;ZZ)Ljava/lang/Object; @ 253
Event: 3.913 Thread 0x0000000002dda000 Uncommon trap: reason=bimorphic action=maybe_recompile pc=0x000000000344e6e0 method=java.util.HashMap.putVal(ILjava/lang/Object;Ljava/lang/Object;ZZ)Ljava/lang/Object; @ 253
Event: 4.008 Thread 0x0000000002dda000 Uncommon trap: reason=class_check action=maybe_recompile pc=0x0000000003440390 method=java.io.FilterInputStream.read([BII)I @ 7
Event: 4.008 Thread 0x0000000002dda000 Uncommon trap: reason=class_check action=maybe_recompile pc=0x0000000003440390 method=java.io.FilterInputStream.read([BII)I @ 7
Event: 4.008 Thread 0x0000000002dda000 Uncommon trap: reason=class_check action=maybe_recompile pc=0x0000000003440390 method=java.io.FilterInputStream.read([BII)I @ 7
Event: 4.017 Thread 0x0000000002dda000 Uncommon trap: reason=unstable_if action=reinterpret pc=0x0000000003ae56bc method=java.util.jar.JarFile.maybeInstantiateVerifier()V @ 75

Classes redefined (0 events):
No events

Internal exceptions (10 events):
Event: 3.925 Thread 0x0000000002dda000 Exception <a 'java/lang/ClassNotFoundException': groovy/lang/MetaPropertyCustomizer> (0x0000000772f21458) thrown at [C:\re\workspace\8-2-build-windows-amd64-cygwin\jdk8u202\12323\hotspot\src\share\vm\classfile\systemDictionary.cpp, line 210]
Event: 3.926 Thread 0x0000000002dda000 Exception <a 'java/lang/ClassNotFoundException': groovy/lang/MetaBeanPropertyCustomizer> (0x0000000772f61cf8) thrown at [C:\re\workspace\8-2-build-windows-amd64-cygwin\jdk8u202\12323\hotspot\src\share\vm\classfile\systemDictionary.cpp, line 210]
Event: 3.927 Thread 0x0000000002dda000 Exception <a 'java/lang/ClassNotFoundException': org/apache/http/entity/StringEntityBeanInfo> (0x0000000772fb8be8) thrown at [C:\re\workspace\8-2-build-windows-amd64-cygwin\jdk8u202\12323\hotspot\src\share\vm\classfile\systemDictionary.cpp, line 210]
Event: 3.928 Thread 0x0000000002dda000 Exception <a 'java/lang/ClassNotFoundException': org/apache/http/entity/AbstractHttpEntityBeanInfo> (0x0000000772fe0f40) thrown at [C:\re\workspace\8-2-build-windows-amd64-cygwin\jdk8u202\12323\hotspot\src\share\vm\classfile\systemDictionary.cpp, line 210
Event: 3.928 Thread 0x0000000002dda000 Exception <a 'java/lang/ClassNotFoundException': org/apache/http/entity/AbstractHttpEntityCustomizer> (0x000000077300b188) thrown at [C:\re\workspace\8-2-build-windows-amd64-cygwin\jdk8u202\12323\hotspot\src\share\vm\classfile\systemDictionary.cpp, line 2
Event: 3.929 Thread 0x0000000002dda000 Exception <a 'java/lang/ClassNotFoundException': org/apache/http/entity/StringEntityCustomizer> (0x000000077303cb10) thrown at [C:\re\workspace\8-2-build-windows-amd64-cygwin\jdk8u202\12323\hotspot\src\share\vm\classfile\systemDictionary.cpp, line 210]
Event: 3.931 Thread 0x0000000002dda000 Exception <a 'java/lang/ClassNotFoundException': java/util/HashMap$KeySetBeanInfo> (0x00000007730e51c0) thrown at [C:\re\workspace\8-2-build-windows-amd64-cygwin\jdk8u202\12323\hotspot\src\share\vm\classfile\systemDictionary.cpp, line 210]
Event: 3.931 Thread 0x0000000002dda000 Exception <a 'java/lang/ClassNotFoundException': java/util/HashMap$KeySetCustomizer> (0x00000007730f52b0) thrown at [C:\re\workspace\8-2-build-windows-amd64-cygwin\jdk8u202\12323\hotspot\src\share\vm\classfile\systemDictionary.cpp, line 210]
Event: 3.960 Thread 0x0000000002dda000 Exception <a 'java/lang/ClassNotFoundException': sun/net/spi/DefaultProxySelectorBeanInfo> (0x00000007733d5c08) thrown at [C:\re\workspace\8-2-build-windows-amd64-cygwin\jdk8u202\12323\hotspot\src\share\vm\classfile\systemDictionary.cpp, line 210]
Event: 3.960 Thread 0x0000000002dda000 Exception <a 'java/lang/ClassNotFoundException': sun/net/spi/DefaultProxySelectorCustomizer> (0x00000007733e8158) thrown at [C:\re\workspace\8-2-build-windows-amd64-cygwin\jdk8u202\12323\hotspot\src\share\vm\classfile\systemDictionary.cpp, line 210]

Events (10 events):
Event: 4.058 loading class sun/security/ssl/SignatureAlgorithmsExtension
Event: 4.059 loading class sun/security/ssl/SignatureAlgorithmsExtension done
Event: 4.059 loading class sun/security/ssl/ExtendedMasterSecretExtension
Event: 4.059 loading class sun/security/ssl/ExtendedMasterSecretExtension done
Event: 4.059 loading class sun/security/ssl/ServerNameExtension
Event: 4.059 loading class sun/security/ssl/ServerNameExtension done
Event: 4.059 loading class sun/security/ssl/RenegotiationInfoExtension
Event: 4.059 loading class sun/security/ssl/RenegotiationInfoExtension done
Event: 4.059 loading class sun/security/ssl/HandshakeStateManager$HandshakeState
Event: 4.059 loading class sun/security/ssl/HandshakeStateManager$HandshakeState done


Dynamic libraries:
0x00007ff605a80000 - 0x00007ff605ab7000 	C:\Program Files\Java\jdk1.8.0_202\bin\javaw.exe
0x00007ffe571f0000 - 0x00007ffe573e8000 	C:\Windows\SYSTEM32\ntdll.dll
0x00007ffe56c80000 - 0x00007ffe56d3f000 	C:\Windows\System32\KERNEL32.DLL
0x00007ffe54c60000 - 0x00007ffe54f32000 	C:\Windows\System32\KERNELBASE.dll
0x00007ffe570c0000 - 0x00007ffe5716e000 	C:\Windows\System32\ADVAPI32.dll
0x00007ffe56bd0000 - 0x00007ffe56c6e000 	C:\Windows\System32\msvcrt.dll
0x00007ffe567d0000 - 0x00007ffe5686c000 	C:\Windows\System32\sechost.dll
0x00007ffe56f90000 - 0x00007ffe570b5000 	C:\Windows\System32\RPCRT4.dll
0x00007ffe56a20000 - 0x00007ffe56bc1000 	C:\Windows\System32\USER32.dll
0x00007ffe55200000 - 0x00007ffe55222000 	C:\Windows\System32\win32u.dll
0x00007ffe57170000 - 0x00007ffe5719b000 	C:\Windows\System32\GDI32.dll
0x00007ffe550f0000 - 0x00007ffe551ff000 	C:\Windows\System32\gdi32full.dll
0x00007ffe54b30000 - 0x00007ffe54bcd000 	C:\Windows\System32\msvcp_win.dll
0x00007ffe54f40000 - 0x00007ffe55040000 	C:\Windows\System32\ucrtbase.dll
0x00007ffe3db30000 - 0x00007ffe3ddca000 	C:\Windows\WinSxS\amd64_microsoft.windows.common-controls_6595b64144ccf1df_6.0.19041.1110_none_60b5254171f9507e\COMCTL32.dll
0x00007ffe56dc0000 - 0x00007ffe56df2000 	C:\Windows\System32\IMM32.DLL
0x000000006af00000 - 0x000000006afd2000 	C:\Program Files\Java\jdk1.8.0_202\jre\bin\msvcr100.dll
0x000000006a650000 - 0x000000006aef5000 	C:\Program Files\Java\jdk1.8.0_202\jre\bin\server\jvm.dll
0x00007ffe56c70000 - 0x00007ffe56c78000 	C:\Windows\System32\PSAPI.DLL
0x00007ffe3af50000 - 0x00007ffe3af59000 	C:\Windows\SYSTEM32\WSOCK32.dll
0x00007ffe2e570000 - 0x00007ffe2e597000 	C:\Windows\SYSTEM32\WINMM.dll
0x00007ffe56760000 - 0x00007ffe567cb000 	C:\Windows\System32\WS2_32.dll
0x00007ffe4d110000 - 0x00007ffe4d11a000 	C:\Windows\SYSTEM32\VERSION.dll
0x00007ffe2c020000 - 0x00007ffe2c02f000 	C:\Program Files\Java\jdk1.8.0_202\jre\bin\verify.dll
0x00007ffe2bff0000 - 0x00007ffe2c019000 	C:\Program Files\Java\jdk1.8.0_202\jre\bin\java.dll
0x00007ffe2b920000 - 0x00007ffe2b936000 	C:\Program Files\Java\jdk1.8.0_202\jre\bin\zip.dll
0x00007ffe55630000 - 0x00007ffe55d74000 	C:\Windows\System32\SHELL32.dll
0x00007ffe52940000 - 0x00007ffe530d2000 	C:\Windows\SYSTEM32\windows.storage.dll
0x00007ffe55f00000 - 0x00007ffe56255000 	C:\Windows\System32\combase.dll
0x00007ffe54180000 - 0x00007ffe541b0000 	C:\Windows\SYSTEM32\Wldp.dll
0x00007ffe55df0000 - 0x00007ffe55e9d000 	C:\Windows\System32\SHCORE.dll
0x00007ffe55ea0000 - 0x00007ffe55ef5000 	C:\Windows\System32\shlwapi.dll
0x00007ffe54820000 - 0x00007ffe5483f000 	C:\Windows\SYSTEM32\profapi.dll
0x00007ffe27b50000 - 0x00007ffe27b6a000 	C:\Program Files\Java\jdk1.8.0_202\jre\bin\net.dll
0x00007ffe3f030000 - 0x00007ffe3f21d000 	C:\Windows\SYSTEM32\urlmon.dll
0x00007ffe3f380000 - 0x00007ffe3f631000 	C:\Windows\SYSTEM32\iertutil.dll
0x00007ffe3f000000 - 0x00007ffe3f028000 	C:\Windows\SYSTEM32\srvcli.dll
0x00007ffe53d80000 - 0x00007ffe53d8c000 	C:\Windows\SYSTEM32\netutils.dll
0x00007ffe53f60000 - 0x00007ffe53fca000 	C:\Windows\system32\mswsock.dll
0x00007ffe53cb0000 - 0x00007ffe53d7a000 	C:\Windows\SYSTEM32\DNSAPI.dll
0x00007ffe53c70000 - 0x00007ffe53cab000 	C:\Windows\SYSTEM32\IPHLPAPI.DLL
0x00007ffe571a0000 - 0x00007ffe571a8000 	C:\Windows\System32\NSI.dll
0x00007ffe4be10000 - 0x00007ffe4be1a000 	C:\Windows\System32\rasadhlp.dll
0x00007ffe4a330000 - 0x00007ffe4a3b0000 	C:\Windows\System32\fwpuclnt.dll
0x00007ffe549a0000 - 0x00007ffe549c7000 	C:\Windows\System32\bcrypt.dll
0x00007ffe541c0000 - 0x00007ffe541d8000 	C:\Windows\SYSTEM32\CRYPTSP.dll
0x00007ffe538a0000 - 0x00007ffe538d4000 	C:\Windows\system32\rsaenh.dll
0x00007ffe547e0000 - 0x00007ffe5480e000 	C:\Windows\SYSTEM32\USERENV.dll
0x00007ffe54bd0000 - 0x00007ffe54c52000 	C:\Windows\System32\bcryptprimitives.dll
0x00007ffe540f0000 - 0x00007ffe540fc000 	C:\Windows\SYSTEM32\CRYPTBASE.dll
0x00007ffe4be80000 - 0x00007ffe4be97000 	C:\Windows\SYSTEM32\dhcpcsvc6.DLL
0x00007ffe4c8c0000 - 0x00007ffe4c8dd000 	C:\Windows\SYSTEM32\dhcpcsvc.DLL
0x00007ffe25820000 - 0x00007ffe25832000 	C:\Program Files\Java\jdk1.8.0_202\jre\bin\nio.dll
0x00007ffe28920000 - 0x00007ffe2892d000 	C:\Program Files\Java\jdk1.8.0_202\jre\bin\management.dll
0x00007ffe3d3d0000 - 0x00007ffe3d3e7000 	C:\Windows\system32\napinsp.dll
0x00007ffe3d3b0000 - 0x00007ffe3d3cb000 	C:\Windows\system32\pnrpnsp.dll
0x00007ffe4f180000 - 0x00007ffe4f195000 	C:\Windows\system32\wshbth.dll
0x00007ffe4fc60000 - 0x00007ffe4fc7d000 	C:\Windows\system32\NLAapi.dll
0x00007ffe2a620000 - 0x00007ffe2a632000 	C:\Windows\System32\winrnr.dll
0x00007ffe28550000 - 0x00007ffe28574000 	C:\Program Files\Java\jdk1.8.0_202\jre\bin\sunec.dll
0x00007ffe28540000 - 0x00007ffe2854b000 	C:\Program Files\Java\jdk1.8.0_202\jre\bin\sunmscapi.dll
0x00007ffe549d0000 - 0x00007ffe54b26000 	C:\Windows\System32\CRYPT32.dll

VM Arguments:
jvm_args: -ea -Dfile.encoding=UTF-8 
java_command: org.testng.remote.RemoteTestNG -serport 65384 -protocol json -d D:\RingPay\RingPay_APIAutomation\modified_updated\test-output D:\RingPay\RingPay_APIAutomation\modified_updated\RingPay.xml
java_class_path (initial): C:\Users\IGS0425\eclipse\java-2022-06\eclipse\configuration\org.eclipse.osgi\447\0\.cp\lib\testng-remote.jar;D:\RingPay\RingPay_APIAutomation\modified_updated\target\test-classes;D:\RingPay\RingPay_APIAutomation\modified_updated\target\classes;C:\Users\IGS0425\.m2\repository\io\appium\java-client\7.2.0\java-client-7.2.0.jar;C:\Users\IGS0425\.m2\repository\org\seleniumhq\selenium\selenium-support\3.141.59\selenium-support-3.141.59.jar;C:\Users\IGS0425\.m2\repository\org\seleniumhq\selenium\selenium-api\3.141.59\selenium-api-3.141.59.jar;C:\Users\IGS0425\.m2\repository\com\google\code\gson\gson\2.8.5\gson-2.8.5.jar;C:\Users\IGS0425\.m2\repository\org\apache\httpcomponents\httpclient\4.5.9\httpclient-4.5.9.jar;C:\Users\IGS0425\.m2\repository\cglib\cglib\3.2.12\cglib-3.2.12.jar;C:\Users\IGS0425\.m2\repository\org\ow2\asm\asm\7.1\asm-7.1.jar;C:\Users\IGS0425\.m2\repository\commons-io\commons-io\2.6\commons-io-2.6.jar;C:\Users\IGS0425\.m2\repository\org\springframework\spring-context\5.1.8.RELEASE\spring-context-5.1.8.RELEASE.jar;C:\Users\IGS0425\.m2\repository\org\springframework\spring-aop\5.1.8.RELEASE\spring-aop-5.1.8.RELEASE.jar;C:\Users\IGS0425\.m2\repository\org\springframework\spring-beans\5.1.8.RELEASE\spring-beans-5.1.8.RELEASE.jar;C:\Users\IGS0425\.m2\repository\org\springframework\spring-core\5.1.8.RELEASE\spring-core-5.1.8.RELEASE.jar;C:\Users\IGS0425\.m2\repository\org\springframework\spring-jcl\5.1.8.RELEASE\spring-jcl-5.1.8.RELEASE.jar;C:\Users\IGS0425\.m2\repository\org\springframework\spring-expression\5.1.8.RELEASE\spring-expression-5.1.8.RELEASE.jar;C:\Users\IGS0425\.m2\repository\org\aspectj\aspectjweaver\1.9.4\aspectjweaver-1.9.4.jar;C:\Users\IGS0425\.m2\repository\org\slf4j\slf4j-api\1.7.26\slf4j-api-1.7.26.jar;C:\Users\IGS0425\.m2\repository\org\seleniumhq\selenium\selenium-java\3.141.59\selenium-java-3.141.59.jar;C:\Users\IGS0425\.m2\repository\org\seleniumhq\selenium\selenium-chrome-driver\3.141.59\selenium-chrome-dri
Launcher Type: SUN_STANDARD

Environment Variables:
JAVA_HOME=C:\Program Files\Java\jdk1.8.0_202
PATH=C:/Users/IGS0425/.p2/pool/plugins/org.eclipse.justj.openjdk.hotspot.jre.full.win32.x86_64_17.0.3.v20220515-1416/jre/bin/server;C:/Users/IGS0425/.p2/pool/plugins/org.eclipse.justj.openjdk.hotspot.jre.full.win32.x86_64_17.0.3.v20220515-1416/jre/bin;C:\Program Files (x86)\Common Files\Oracle\Java\javapath;C:\Windows\system32;C:\Windows;C:\Windows\System32\Wbem;C:\Windows\System32\WindowsPowerShell\v1.0\;C:\Windows\System32\OpenSSH\;C:\Program Files\nodejs\;C:\Program Files\Git\cmd;C:\Program Files\apache-maven-3.8.6\bin;C:\Users\IGS0425\AppData\Local\Microsoft\WindowsApps;C:\Program Files\JetBrains\IntelliJ IDEA Community Edition 2022.1.3\bin;;C:\Users\IGS0425\AppData\Roaming\npm;C:\Program Files\Java\jdk1.8.0_202\bin;;C:\Windows\system32;
USERNAME=IGS0425
OS=Windows_NT
PROCESSOR_IDENTIFIER=Intel64 Family 6 Model 140 Stepping 1, GenuineIntel



---------------  S Y S T E M  ---------------

OS: Windows 10.0 , 64 bit Build 19041 (10.0.19041.2364)

CPU:total 8 (initial active 8) (4 cores per cpu, 2 threads per core) family 6 model 140 stepping 1, cmov, cx8, fxsr, mmx, sse, sse2, sse3, ssse3, sse4.1, sse4.2, popcnt, avx, avx2, aes, clmul, erms, 3dnowpref, lzcnt, ht, tsc, tscinvbit, bmi1, bmi2, adx

Memory: 4k page, physical 16428308k(2466196k free), swap 16428308k(5508k free)

vm_info: Java HotSpot(TM) 64-Bit Server VM (25.202-b08) for windows-amd64 JRE (1.8.0_202-b08), built on Dec 15 2018 19:54:30 by "java_re" with MS VC++ 10.0 (VS2010)

time: Mon Dec 19 17:46:37 2022
timezone: India Standard Time
elapsed time: 4 seconds (0d 0h 0m 4s)

