#
# There is insufficient memory for the Java Runtime Environment to continue.
# Native memory allocation (malloc) failed to allocate 1823824 bytes for Chunk::new
# Possible reasons:
#   The system is out of physical RAM or swap space
#   The process is running with CompressedOops enabled, and the Java Heap may be blocking the growth of the native heap
# Possible solutions:
#   Reduce memory load on the system
#   Increase physical memory or swap space
#   Check if swap backing store is full
#   Decrease Java heap size (-Xmx/-Xms)
#   Decrease number of Java threads
#   Decrease Java thread stack sizes (-Xss)
#   Set larger code cache with -XX:ReservedCodeCacheSize=
#   JVM is running with Zero Based Compressed Oops mode in which the Java heap is
#     placed in the first 32GB address space. The Java Heap base address is the
#     maximum limit for the native heap growth. Please use -XX:HeapBaseMinAddress
#     to set the Java Heap base and to place the Java Heap above 32GB virtual address.
# This output file may be truncated or incomplete.
#
#  Out of Memory Error (allocation.cpp:389), pid=3912, tid=0x0000000000004044
#
# JRE version: Java(TM) SE Runtime Environment (8.0_202-b08) (build 1.8.0_202-b08)
# Java VM: Java HotSpot(TM) 64-Bit Server VM (25.202-b08 mixed mode windows-amd64 compressed oops)
# Failed to write core dump. Minidumps are not enabled by default on client versions of Windows
#

---------------  T H R E A D  ---------------

Current thread (0x000000001db7a800):  JavaThread "C2 CompilerThread0" daemon [_thread_in_native, id=16452, stack(0x000000001e450000,0x000000001e550000)]

Stack: [0x000000001e450000,0x000000001e550000]
[error occurred during error reporting (printing stack bounds), id 0xc0000005]

Native frames: (J=compiled Java code, j=interpreted, Vv=VM code, C=native code)


Current CompileTask:
C2:   7995 6669       4       java.net.URLClassLoader$1::run (5 bytes)


---------------  P R O C E S S  ---------------

Java Threads: ( => current thread )
  0x0000000025844800 JavaThread "Okio Watchdog" daemon [_thread_blocked, id=10888, stack(0x0000000027810000,0x0000000027910000)]
  0x000000001db83000 JavaThread "OkHttp ConnectionPool" daemon [_thread_blocked, id=10228, stack(0x0000000027710000,0x0000000027810000)]
  0x000000002585a000 JavaThread "pool-2-thread-6" daemon [_thread_blocked, id=8384, stack(0x0000000027310000,0x0000000027410000)]
  0x0000000021631800 JavaThread "pool-2-thread-5" daemon [_thread_blocked, id=6632, stack(0x0000000027210000,0x0000000027310000)]
  0x0000000021630800 JavaThread "pool-2-thread-4" daemon [_thread_blocked, id=12044, stack(0x0000000026f10000,0x0000000027010000)]
  0x000000002304f800 JavaThread "pool-2-thread-3" daemon [_thread_blocked, id=17324, stack(0x0000000026550000,0x0000000026650000)]
  0x000000001f2c9000 JavaThread "pool-2-thread-2" daemon [_thread_blocked, id=16200, stack(0x0000000020a70000,0x0000000020b70000)]
  0x000000001fcc8800 JavaThread "pool-2-thread-1" daemon [_thread_blocked, id=14204, stack(0x0000000020220000,0x0000000020320000)]
  0x000000001f8ed800 JavaThread "ReaderThread" [_thread_in_native, id=10668, stack(0x0000000020770000,0x0000000020870000)]
  0x000000001dc1b800 JavaThread "Service Thread" daemon [_thread_blocked, id=9704, stack(0x000000001e850000,0x000000001e950000)]
  0x000000001db81000 JavaThread "C1 CompilerThread3" daemon [_thread_blocked, id=3844, stack(0x000000001e750000,0x000000001e850000)]
  0x000000001db80000 JavaThread "C2 CompilerThread2" daemon [_thread_blocked, id=9928, stack(0x000000001e650000,0x000000001e750000)]
  0x000000001db84000 JavaThread "C2 CompilerThread1" daemon [_thread_in_native, id=4052, stack(0x000000001e550000,0x000000001e650000)]
=>0x000000001db7a800 JavaThread "C2 CompilerThread0" daemon [_thread_in_native, id=16452, stack(0x000000001e450000,0x000000001e550000)]
  0x000000001db79000 JavaThread "Attach Listener" daemon [_thread_blocked, id=8480, stack(0x000000001e350000,0x000000001e450000)]
  0x000000001db78000 JavaThread "Signal Dispatcher" daemon [_thread_blocked, id=16592, stack(0x000000001e250000,0x000000001e350000)]
  0x000000001db60800 JavaThread "Finalizer" daemon [_thread_blocked, id=16724, stack(0x000000001e040000,0x000000001e140000)]
  0x000000001bd70000 JavaThread "Reference Handler" daemon [_thread_blocked, id=11340, stack(0x000000001df40000,0x000000001e040000)]
  0x000000000246a000 JavaThread "main" [_thread_in_native, id=14084, stack(0x0000000002360000,0x0000000002460000)]

Other Threads:
  0x000000001bd66800 VMThread [stack: 0x000000001da40000,0x000000001db40000] [id=8700]
  0x000000001dc5d800 WatcherThread [stack: 0x000000001e950000,0x000000001ea50000] [id=4924]

VM state:not at safepoint (normal execution)

VM Mutex/Monitor currently owned by a thread: None

heap address: 0x00000006c5400000, size: 4012 MB, Compressed Oops mode: Zero based, Oop shift amount: 3
Narrow klass base: 0x0000000000000000, Narrow klass shift: 3
Compressed class space size: 1073741824 Address: 0x00000007c0000000

Heap:
 PSYoungGen      total 175616K, used 159590K [0x000000076c700000, 0x000000077ae00000, 0x00000007c0000000)
  eden space 161280K, 92% used [0x000000076c700000,0x0000000775874f80,0x0000000776480000)
  from space 14336K, 74% used [0x0000000776480000,0x0000000776ee4a98,0x0000000777280000)
  to   space 15360K, 0% used [0x0000000779f00000,0x0000000779f00000,0x000000077ae00000)
 ParOldGen       total 141824K, used 15290K [0x00000006c5400000, 0x00000006cde80000, 0x000000076c700000)
  object space 141824K, 10% used [0x00000006c5400000,0x00000006c62ee810,0x00000006cde80000)
 Metaspace       used 53043K, capacity 55262K, committed 55424K, reserved 1097728K
  class space    used 6580K, capacity 7264K, committed 7296K, reserved 1048576K

Card table byte_map: [0x0000000011920000,0x0000000012100000] byte_map_base: 0x000000000e2f6000

Marking Bits: (ParMarkBitMap*) 0x0000000077005ce0
 Begin Bits: [0x0000000012e40000, 0x0000000016cf0000)
 End Bits:   [0x0000000016cf0000, 0x000000001aba0000)

Polling page: 0x0000000002240000

CodeCache: size=245760Kb used=21476Kb max_used=22946Kb free=224283Kb
 bounds [0x0000000002560000, 0x0000000003bf0000, 0x0000000011560000]
 total_blobs=6688 nmethods=5860 adapters=739
 compilation: enabled

Compilation events (10 events):
Event: 7.983 Thread 0x000000001db80000 6745       4       java.util.regex.Matcher::find (69 bytes)
Event: 7.983 Thread 0x000000001db81000 6747       3       java.lang.Enum::getDeclaringClass (22 bytes)
Event: 7.983 Thread 0x000000001db81000 nmethod 6747 0x0000000002b33890 code [0x0000000002b33a00, 0x0000000002b33d08]
Event: 7.983 Thread 0x000000001db81000 6748       1       java.security.AlgorithmParameters::getAlgorithm (5 bytes)
Event: 7.983 Thread 0x000000001db81000 nmethod 6748 0x000000000338c0d0 code [0x000000000338c220, 0x000000000338c330]
Event: 7.983 Thread 0x000000001db81000 6749       3       java.util.ArrayList::indexOf (67 bytes)
Event: 7.983 Thread 0x000000001db81000 nmethod 6749 0x0000000002855710 code [0x00000000028558a0, 0x0000000002855d88]
Event: 7.986 Thread 0x000000001db80000 nmethod 6745 0x0000000003458d90 code [0x0000000003458ee0, 0x0000000003459238]
Event: 7.986 Thread 0x000000001db80000 6746       4       java.util.regex.Pattern$SliceI::match (96 bytes)
Event: 7.989 Thread 0x000000001db80000 nmethod 6746 0x0000000002bd0850 code [0x0000000002bd09a0, 0x0000000002bd0df8]

GC Heap History (10 events):
Event: 3.303 GC heap before
{Heap before GC invocations=7 (full 1):
 PSYoungGen      total 137728K, used 26228K [0x000000076c700000, 0x0000000778000000, 0x00000007c0000000)
  eden space 126976K, 12% used [0x000000076c700000,0x000000076d620d08,0x0000000774300000)
  from space 10752K, 99% used [0x0000000774300000,0x0000000774d7c3f8,0x0000000774d80000)
  to   space 13824K, 0% used [0x0000000777280000,0x0000000777280000,0x0000000778000000)
 ParOldGen       total 96256K, used 11295K [0x00000006c5400000, 0x00000006cb200000, 0x000000076c700000)
  object space 96256K, 11% used [0x00000006c5400000,0x00000006c5f07f70,0x00000006cb200000)
 Metaspace       used 34590K, capacity 35460K, committed 35496K, reserved 1081344K
  class space    used 4154K, capacity 4446K, committed 4480K, reserved 1048576K
Event: 3.313 GC heap after
Heap after GC invocations=7 (full 1):
 PSYoungGen      total 175104K, used 10910K [0x000000076c700000, 0x000000077bb00000, 0x00000007c0000000)
  eden space 161280K, 0% used [0x000000076c700000,0x000000076c700000,0x0000000776480000)
  from space 13824K, 78% used [0x0000000777280000,0x0000000777d27a50,0x0000000778000000)
  to   space 14336K, 0% used [0x0000000776480000,0x0000000776480000,0x0000000777280000)
 ParOldGen       total 96256K, used 11303K [0x00000006c5400000, 0x00000006cb200000, 0x000000076c700000)
  object space 96256K, 11% used [0x00000006c5400000,0x00000006c5f09f70,0x00000006cb200000)
 Metaspace       used 34590K, capacity 35460K, committed 35496K, reserved 1081344K
  class space    used 4154K, capacity 4446K, committed 4480K, reserved 1048576K
}
Event: 3.313 GC heap before
{Heap before GC invocations=8 (full 2):
 PSYoungGen      total 175104K, used 10910K [0x000000076c700000, 0x000000077bb00000, 0x00000007c0000000)
  eden space 161280K, 0% used [0x000000076c700000,0x000000076c700000,0x0000000776480000)
  from space 13824K, 78% used [0x0000000777280000,0x0000000777d27a50,0x0000000778000000)
  to   space 14336K, 0% used [0x0000000776480000,0x0000000776480000,0x0000000777280000)
 ParOldGen       total 96256K, used 11303K [0x00000006c5400000, 0x00000006cb200000, 0x000000076c700000)
  object space 96256K, 11% used [0x00000006c5400000,0x00000006c5f09f70,0x00000006cb200000)
 Metaspace       used 34590K, capacity 35460K, committed 35496K, reserved 1081344K
  class space    used 4154K, capacity 4446K, committed 4480K, reserved 1048576K
Event: 3.361 GC heap after
Heap after GC invocations=8 (full 2):
 PSYoungGen      total 175104K, used 0K [0x000000076c700000, 0x000000077bb00000, 0x00000007c0000000)
  eden space 161280K, 0% used [0x000000076c700000,0x000000076c700000,0x0000000776480000)
  from space 13824K, 0% used [0x0000000777280000,0x0000000777280000,0x0000000778000000)
  to   space 14336K, 0% used [0x0000000776480000,0x0000000776480000,0x0000000777280000)
 ParOldGen       total 141824K, used 15074K [0x00000006c5400000, 0x00000006cde80000, 0x000000076c700000)
  object space 141824K, 10% used [0x00000006c5400000,0x00000006c62b8810,0x00000006cde80000)
 Metaspace       used 34588K, capacity 35454K, committed 35496K, reserved 1081344K
  class space    used 4153K, capacity 4444K, committed 4480K, reserved 1048576K
}
Event: 5.151 GC heap before
{Heap before GC invocations=9 (full 2):
 PSYoungGen      total 175104K, used 161280K [0x000000076c700000, 0x000000077bb00000, 0x00000007c0000000)
  eden space 161280K, 100% used [0x000000076c700000,0x0000000776480000,0x0000000776480000)
  from space 13824K, 0% used [0x0000000777280000,0x0000000777280000,0x0000000778000000)
  to   space 14336K, 0% used [0x0000000776480000,0x0000000776480000,0x0000000777280000)
 ParOldGen       total 141824K, used 15074K [0x00000006c5400000, 0x00000006cde80000, 0x000000076c700000)
  object space 141824K, 10% used [0x00000006c5400000,0x00000006c62b8810,0x00000006cde80000)
 Metaspace       used 40376K, capacity 42140K, committed 42240K, reserved 1085440K
  class space    used 5016K, capacity 5556K, committed 5632K, reserved 1048576K
Event: 5.162 GC heap after
Heap after GC invocations=9 (full 2):
 PSYoungGen      total 175616K, used 10379K [0x000000076c700000, 0x000000077bb00000, 0x00000007c0000000)
  eden space 161280K, 0% used [0x000000076c700000,0x000000076c700000,0x0000000776480000)
  from space 14336K, 72% used [0x0000000776480000,0x0000000776ea2d38,0x0000000777280000)
  to   space 13824K, 0% used [0x0000000777280000,0x0000000777280000,0x0000000778000000)
 ParOldGen       total 141824K, used 15082K [0x00000006c5400000, 0x00000006cde80000, 0x000000076c700000)
  object space 141824K, 10% used [0x00000006c5400000,0x00000006c62ba810,0x00000006cde80000)
 Metaspace       used 40376K, capacity 42140K, committed 42240K, reserved 1085440K
  class space    used 5016K, capacity 5556K, committed 5632K, reserved 1048576K
}
Event: 6.315 GC heap before
{Heap before GC invocations=10 (full 2):
 PSYoungGen      total 175616K, used 171659K [0x000000076c700000, 0x000000077bb00000, 0x00000007c0000000)
  eden space 161280K, 100% used [0x000000076c700000,0x0000000776480000,0x0000000776480000)
  from space 14336K, 72% used [0x0000000776480000,0x0000000776ea2d38,0x0000000777280000)
  to   space 13824K, 0% used [0x0000000777280000,0x0000000777280000,0x0000000778000000)
 ParOldGen       total 141824K, used 15082K [0x00000006c5400000, 0x00000006cde80000, 0x000000076c700000)
  object space 141824K, 10% used [0x00000006c5400000,0x00000006c62ba810,0x00000006cde80000)
 Metaspace       used 46253K, capacity 48284K, committed 48512K, reserved 1091584K
  class space    used 5813K, capacity 6427K, committed 6528K, reserved 1048576K
Event: 6.323 GC heap after
Heap after GC invocations=10 (full 2):
 PSYoungGen      total 175104K, used 13813K [0x000000076c700000, 0x000000077bb00000, 0x00000007c0000000)
  eden space 161280K, 0% used [0x000000076c700000,0x000000076c700000,0x0000000776480000)
  from space 13824K, 99% used [0x0000000777280000,0x0000000777ffd658,0x0000000778000000)
  to   space 14336K, 0% used [0x0000000776480000,0x0000000776480000,0x0000000777280000)
 ParOldGen       total 141824K, used 15282K [0x00000006c5400000, 0x00000006cde80000, 0x000000076c700000)
  object space 141824K, 10% used [0x00000006c5400000,0x00000006c62ec810,0x00000006cde80000)
 Metaspace       used 46253K, capacity 48284K, committed 48512K, reserved 1091584K
  class space    used 5813K, capacity 6427K, committed 6528K, reserved 1048576K
}
Event: 7.155 GC heap before
{Heap before GC invocations=11 (full 2):
 PSYoungGen      total 175104K, used 175093K [0x000000076c700000, 0x000000077bb00000, 0x00000007c0000000)
  eden space 161280K, 100% used [0x000000076c700000,0x0000000776480000,0x0000000776480000)
  from space 13824K, 99% used [0x0000000777280000,0x0000000777ffd658,0x0000000778000000)
  to   space 14336K, 0% used [0x0000000776480000,0x0000000776480000,0x0000000777280000)
 ParOldGen       total 141824K, used 15282K [0x00000006c5400000, 0x00000006cde80000, 0x000000076c700000)
  object space 141824K, 10% used [0x00000006c5400000,0x00000006c62ec810,0x00000006cde80000)
 Metaspace       used 46807K, capacity 48908K, committed 49024K, reserved 1091584K
  class space    used 5824K, capacity 6445K, committed 6528K, reserved 1048576K
Event: 7.162 GC heap after
Heap after GC invocations=11 (full 2):
 PSYoungGen      total 175616K, used 10642K [0x000000076c700000, 0x000000077ae00000, 0x00000007c0000000)
  eden space 161280K, 0% used [0x000000076c700000,0x000000076c700000,0x0000000776480000)
  from space 14336K, 74% used [0x0000000776480000,0x0000000776ee4a98,0x0000000777280000)
  to   space 15360K, 0% used [0x0000000779f00000,0x0000000779f00000,0x000000077ae00000)
 ParOldGen       total 141824K, used 15290K [0x00000006c5400000, 0x00000006cde80000, 0x000000076c700000)
  object space 141824K, 10% used [0x00000006c5400000,0x00000006c62ee810,0x00000006cde80000)
 Metaspace       used 46807K, capacity 48908K, committed 49024K, reserved 1091584K
  class space    used 5824K, capacity 6445K, committed 6528K, reserved 1048576K
}

Deoptimization events (10 events):
Event: 7.559 Thread 0x000000000246a000 Uncommon trap: reason=unstable_if action=reinterpret pc=0x0000000002c0d6c8 method=java.util.regex.Pattern.newSlice([IIZ)Ljava/util/regex/Pattern$Node; @ 10
Event: 7.560 Thread 0x000000000246a000 Uncommon trap: reason=unstable_if action=reinterpret pc=0x000000000267bcc0 method=java.lang.CharacterData.of(I)Ljava/lang/CharacterData; @ 4
Event: 7.561 Thread 0x000000000246a000 Uncommon trap: reason=unstable_if action=reinterpret pc=0x00000000036621e0 method=java.util.regex.Pattern.closure(Ljava/util/regex/Pattern$Node;)Ljava/util/regex/Pattern$Node; @ 138
Event: 7.591 Thread 0x000000000246a000 Uncommon trap: reason=bimorphic action=maybe_recompile pc=0x0000000003637308 method=java.util.regex.Matcher.search(I)Z @ 86
Event: 7.592 Thread 0x000000000246a000 Uncommon trap: reason=bimorphic action=maybe_recompile pc=0x0000000002aac2e4 method=java.util.regex.Matcher.search(I)Z @ 86
Event: 7.683 Thread 0x000000000246a000 Uncommon trap: reason=unstable_if action=reinterpret pc=0x00000000035eaed8 method=org.codehaus.groovy.reflection.CachedField.makeAccessibleIfNecessary()V @ 4
Event: 7.867 Thread 0x000000000246a000 Uncommon trap: reason=class_check action=maybe_recompile pc=0x0000000002c3ee08 method=java.util.HashSet.contains(Ljava/lang/Object;)Z @ 5
Event: 7.867 Thread 0x000000000246a000 Uncommon trap: reason=class_check action=maybe_recompile pc=0x0000000002c3ee08 method=java.util.HashSet.contains(Ljava/lang/Object;)Z @ 5
Event: 7.903 Thread 0x000000000246a000 Uncommon trap: reason=unstable_if action=reinterpret pc=0x000000000357f080 method=org.codehaus.groovy.runtime.callsite.PojoMetaMethodSite.checkCall(Ljava/lang/Object;)Z @ 13
Event: 7.918 Thread 0x000000000246a000 Uncommon trap: reason=unstable_if action=reinterpret pc=0x00000000035f9a90 method=groovy.lang.MetaClassImpl.createMetaMethodAndMetaProperty(Ljava/lang/Class;Ljava/lang/Class;Ljava/lang/String;ZZ)Lgroovy/lang/Tuple2; @ 25

Classes redefined (0 events):
No events

Internal exceptions (10 events):
Event: 7.945 Thread 0x000000000246a000 Exception <a 'java/lang/ClassNotFoundException': org/apache/http/client/methods/HttpUriRequestCustomizer> (0x0000000775602c68) thrown at [C:\re\workspace\8-2-build-windows-amd64-cygwin\jdk8u202\12323\hotspot\src\share\vm\classfile\systemDictionary.cpp, li
Event: 7.945 Thread 0x000000000246a000 Exception <a 'java/lang/ClassNotFoundException': org/apache/http/client/methods/ConfigurableBeanInfo> (0x0000000775650d80) thrown at [C:\re\workspace\8-2-build-windows-amd64-cygwin\jdk8u202\12323\hotspot\src\share\vm\classfile\systemDictionary.cpp, line 2
Event: 7.945 Thread 0x000000000246a000 Exception <a 'java/lang/ClassNotFoundException': org/apache/http/client/methods/ConfigurableCustomizer> (0x000000077567c568) thrown at [C:\re\workspace\8-2-build-windows-amd64-cygwin\jdk8u202\12323\hotspot\src\share\vm\classfile\systemDictionary.cpp, line
Event: 7.948 Thread 0x000000000246a000 Exception <a 'java/lang/ClassNotFoundException': groovy/runtime/metaclass/[Lorg/apache/http/Header;MetaClass> (0x00000007756d3010) thrown at [C:\re\workspace\8-2-build-windows-amd64-cygwin\jdk8u202\12323\hotspot\src\share\vm\prims\jni.cpp, line 736]
Event: 7.948 Thread 0x000000000246a000 Exception <a 'java/lang/ClassNotFoundException': [Lorg/apache/http/Header;BeanInfo> (0x00000007756d97d8) thrown at [C:\re\workspace\8-2-build-windows-amd64-cygwin\jdk8u202\12323\hotspot\src\share\vm\prims\jni.cpp, line 736]
Event: 7.948 Thread 0x000000000246a000 Exception <a 'java/lang/ClassNotFoundException': [Lorg/apache/http/Header;BeanInfo> (0x00000007756da1f8) thrown at [C:\re\workspace\8-2-build-windows-amd64-cygwin\jdk8u202\12323\hotspot\src\share\vm\prims\jni.cpp, line 736]
Event: 7.948 Thread 0x000000000246a000 Exception <a 'java/lang/ClassNotFoundException': [Lorg/apache/http/Header;BeanInfo> (0x00000007756dae00) thrown at [C:\re\workspace\8-2-build-windows-amd64-cygwin\jdk8u202\12323\hotspot\src\share\vm\prims\jni.cpp, line 736]
Event: 7.948 Thread 0x000000000246a000 Exception <a 'java/lang/ClassNotFoundException': [Lorg/apache/http/Header;Customizer> (0x00000007756dbc80) thrown at [C:\re\workspace\8-2-build-windows-amd64-cygwin\jdk8u202\12323\hotspot\src\share\vm\prims\jni.cpp, line 736]
Event: 7.948 Thread 0x000000000246a000 Exception <a 'java/lang/ClassNotFoundException': [Lorg/apache/http/Header;Customizer> (0x00000007756dc6a0) thrown at [C:\re\workspace\8-2-build-windows-amd64-cygwin\jdk8u202\12323\hotspot\src\share\vm\prims\jni.cpp, line 736]
Event: 7.948 Thread 0x000000000246a000 Exception <a 'java/lang/ClassNotFoundException': [Lorg/apache/http/Header;Customizer> (0x00000007756dd0c0) thrown at [C:\re\workspace\8-2-build-windows-amd64-cygwin\jdk8u202\12323\hotspot\src\share\vm\prims\jni.cpp, line 736]

Events (10 events):
Event: 7.945 loading class org/apache/http/client/methods/ConfigurableCustomizer
Event: 7.945 loading class org/apache/http/client/methods/ConfigurableCustomizer done
Event: 7.946 loading class io/restassured/internal/RequestSpecificationImpl$RestAssuredHttpBuilder$_shouldApplyContentTypeFromRestAssuredConfigDelegate_closure4
Event: 7.947 loading class io/restassured/internal/RequestSpecificationImpl$RestAssuredHttpBuilder$_shouldApplyContentTypeFromRestAssuredConfigDelegate_closure4 done
Event: 7.947 loading class groovy/runtime/metaclass/io/restassured/internal/RequestSpecificationImpl$RestAssuredHttpBuilder$_shouldApplyContentTypeFromRestAssuredConfigDelegate_closure4MetaClass
Event: 7.947 loading class groovy/runtime/metaclass/io/restassured/internal/RequestSpecificationImpl$RestAssuredHttpBuilder$_shouldApplyContentTypeFromRestAssuredConfigDelegate_closure4MetaClass done
Event: 7.948 loading class org/codehaus/groovy/runtime/dgm$13
Event: 7.948 loading class org/codehaus/groovy/runtime/dgm$13 done
Event: 7.949 loading class org/codehaus/groovy/util/ArrayIterator
Event: 7.949 loading class org/codehaus/groovy/util/ArrayIterator done


Dynamic libraries:
0x00007ff6e6ef0000 - 0x00007ff6e6f27000 	C:\Program Files\Java\jdk1.8.0_202\bin\javaw.exe
0x00007fffd6870000 - 0x00007fffd6a68000 	C:\Windows\SYSTEM32\ntdll.dll
0x00007fffd5b00000 - 0x00007fffd5bbf000 	C:\Windows\System32\KERNEL32.DLL
0x00007fffd4300000 - 0x00007fffd45d2000 	C:\Windows\System32\KERNELBASE.dll
0x00007fffd4aa0000 - 0x00007fffd4b4e000 	C:\Windows\System32\ADVAPI32.dll
0x00007fffd49a0000 - 0x00007fffd4a3e000 	C:\Windows\System32\msvcrt.dll
0x00007fffd5180000 - 0x00007fffd521c000 	C:\Windows\System32\sechost.dll
0x00007fffd4fa0000 - 0x00007fffd50c5000 	C:\Windows\System32\RPCRT4.dll
0x00007fffd5390000 - 0x00007fffd552d000 	C:\Windows\System32\USER32.dll
0x00007fffd4630000 - 0x00007fffd4652000 	C:\Windows\System32\win32u.dll
0x00007fffd5220000 - 0x00007fffd524b000 	C:\Windows\System32\GDI32.dll
0x00007fffd41f0000 - 0x00007fffd42ff000 	C:\Windows\System32\gdi32full.dll
0x00007fffd4660000 - 0x00007fffd46fd000 	C:\Windows\System32\msvcp_win.dll
0x00007fffd4730000 - 0x00007fffd4830000 	C:\Windows\System32\ucrtbase.dll
0x00007fffbd2d0000 - 0x00007fffbd56a000 	C:\Windows\WinSxS\amd64_microsoft.windows.common-controls_6595b64144ccf1df_6.0.19041.1110_none_60b5254171f9507e\COMCTL32.dll
0x00007fffd4f60000 - 0x00007fffd4f92000 	C:\Windows\System32\IMM32.DLL
0x0000000077090000 - 0x0000000077162000 	C:\Program Files\Java\jdk1.8.0_202\jre\bin\msvcr100.dll
0x00000000767e0000 - 0x0000000077085000 	C:\Program Files\Java\jdk1.8.0_202\jre\bin\server\jvm.dll
0x00007fffd5550000 - 0x00007fffd5558000 	C:\Windows\System32\PSAPI.DLL
0x00007fffcc180000 - 0x00007fffcc18a000 	C:\Windows\SYSTEM32\VERSION.dll
0x00007fffb4a70000 - 0x00007fffb4a79000 	C:\Windows\SYSTEM32\WSOCK32.dll
0x00007fffad660000 - 0x00007fffad687000 	C:\Windows\SYSTEM32\WINMM.dll
0x00007fffd5320000 - 0x00007fffd538b000 	C:\Windows\System32\WS2_32.dll
0x00007fffabcd0000 - 0x00007fffabcdf000 	C:\Program Files\Java\jdk1.8.0_202\jre\bin\verify.dll
0x00007fffabca0000 - 0x00007fffabcc9000 	C:\Program Files\Java\jdk1.8.0_202\jre\bin\java.dll
0x00007fffabbc0000 - 0x00007fffabbd6000 	C:\Program Files\Java\jdk1.8.0_202\jre\bin\zip.dll
0x00007fffd5bc0000 - 0x00007fffd6303000 	C:\Windows\System32\SHELL32.dll
0x00007fffd1fd0000 - 0x00007fffd2762000 	C:\Windows\SYSTEM32\windows.storage.dll
0x00007fffd6420000 - 0x00007fffd6774000 	C:\Windows\System32\combase.dll
0x00007fffd3810000 - 0x00007fffd3840000 	C:\Windows\SYSTEM32\Wldp.dll
0x00007fffd6780000 - 0x00007fffd682d000 	C:\Windows\System32\SHCORE.dll
0x00007fffd4a40000 - 0x00007fffd4a95000 	C:\Windows\System32\shlwapi.dll
0x00007fffd3eb0000 - 0x00007fffd3ecf000 	C:\Windows\SYSTEM32\profapi.dll
0x00007fffbc600000 - 0x00007fffbc61a000 	C:\Program Files\Java\jdk1.8.0_202\jre\bin\net.dll
0x00007fffbe6d0000 - 0x00007fffbe8bd000 	C:\Windows\SYSTEM32\urlmon.dll
0x00007fffbea50000 - 0x00007fffbed01000 	C:\Windows\SYSTEM32\iertutil.dll
0x00007fffbe6a0000 - 0x00007fffbe6c8000 	C:\Windows\SYSTEM32\srvcli.dll
0x00007fffd3410000 - 0x00007fffd341c000 	C:\Windows\SYSTEM32\netutils.dll
0x00007fffd35f0000 - 0x00007fffd365a000 	C:\Windows\system32\mswsock.dll
0x00007fffd3340000 - 0x00007fffd340a000 	C:\Windows\SYSTEM32\DNSAPI.dll
0x00007fffd3300000 - 0x00007fffd333b000 	C:\Windows\SYSTEM32\IPHLPAPI.DLL
0x00007fffd6370000 - 0x00007fffd6378000 	C:\Windows\System32\NSI.dll
0x00007fffcc170000 - 0x00007fffcc17a000 	C:\Windows\System32\rasadhlp.dll
0x00007fffcb2e0000 - 0x00007fffcb360000 	C:\Windows\System32\fwpuclnt.dll
0x00007fffd4700000 - 0x00007fffd4727000 	C:\Windows\System32\bcrypt.dll
0x00007fffd38c0000 - 0x00007fffd38d8000 	C:\Windows\SYSTEM32\CRYPTSP.dll
0x00007fffd2f30000 - 0x00007fffd2f64000 	C:\Windows\system32\rsaenh.dll
0x00007fffd3e30000 - 0x00007fffd3e5e000 	C:\Windows\SYSTEM32\USERENV.dll
0x00007fffd4830000 - 0x00007fffd48b2000 	C:\Windows\System32\bcryptprimitives.dll
0x00007fffd3780000 - 0x00007fffd378c000 	C:\Windows\SYSTEM32\CRYPTBASE.dll
0x00007fffcc190000 - 0x00007fffcc1a7000 	C:\Windows\SYSTEM32\dhcpcsvc6.DLL
0x00007fffcc1b0000 - 0x00007fffcc1cd000 	C:\Windows\SYSTEM32\dhcpcsvc.DLL
0x00007fffa7c10000 - 0x00007fffa7c22000 	C:\Program Files\Java\jdk1.8.0_202\jre\bin\nio.dll
0x00007fff9a230000 - 0x00007fff9a23d000 	C:\Program Files\Java\jdk1.8.0_202\jre\bin\management.dll
0x00007fffabe20000 - 0x00007fffabe37000 	C:\Windows\system32\napinsp.dll
0x00007fffabe00000 - 0x00007fffabe1b000 	C:\Windows\system32\pnrpnsp.dll
0x00007fffce6c0000 - 0x00007fffce6d5000 	C:\Windows\system32\wshbth.dll
0x00007fffcf2f0000 - 0x00007fffcf30d000 	C:\Windows\system32\NLAapi.dll
0x00007fffabce0000 - 0x00007fffabcf2000 	C:\Windows\System32\winrnr.dll
0x00007fffbb100000 - 0x00007fffbb124000 	C:\Program Files\Java\jdk1.8.0_202\jre\bin\sunec.dll
0x00007fffbb0f0000 - 0x00007fffbb0fb000 	C:\Program Files\Java\jdk1.8.0_202\jre\bin\sunmscapi.dll
0x00007fffd3fe0000 - 0x00007fffd4136000 	C:\Windows\System32\CRYPT32.dll

VM Arguments:
jvm_args: -ea -Dfile.encoding=UTF-8 
java_command: org.testng.remote.RemoteTestNG -serport 65399 -protocol json -d D:\RingPay\RingPay_APIAutomation\modified_updated\test-output D:\RingPay\RingPay_APIAutomation\modified_updated\RingPay.xml
java_class_path (initial): C:\Users\IGS0425\eclipse\java-2022-06\eclipse\configuration\org.eclipse.osgi\447\0\.cp\lib\testng-remote.jar;D:\RingPay\RingPay_APIAutomation\modified_updated\target\test-classes;D:\RingPay\RingPay_APIAutomation\modified_updated\target\classes;C:\Users\IGS0425\.m2\repository\io\appium\java-client\7.2.0\java-client-7.2.0.jar;C:\Users\IGS0425\.m2\repository\org\seleniumhq\selenium\selenium-support\3.141.59\selenium-support-3.141.59.jar;C:\Users\IGS0425\.m2\repository\org\seleniumhq\selenium\selenium-api\3.141.59\selenium-api-3.141.59.jar;C:\Users\IGS0425\.m2\repository\com\google\code\gson\gson\2.8.5\gson-2.8.5.jar;C:\Users\IGS0425\.m2\repository\org\apache\httpcomponents\httpclient\4.5.9\httpclient-4.5.9.jar;C:\Users\IGS0425\.m2\repository\cglib\cglib\3.2.12\cglib-3.2.12.jar;C:\Users\IGS0425\.m2\repository\org\ow2\asm\asm\7.1\asm-7.1.jar;C:\Users\IGS0425\.m2\repository\commons-io\commons-io\2.6\commons-io-2.6.jar;C:\Users\IGS0425\.m2\repository\org\springframework\spring-context\5.1.8.RELEASE\spring-context-5.1.8.RELEASE.jar;C:\Users\IGS0425\.m2\repository\org\springframework\spring-aop\5.1.8.RELEASE\spring-aop-5.1.8.RELEASE.jar;C:\Users\IGS0425\.m2\repository\org\springframework\spring-beans\5.1.8.RELEASE\spring-beans-5.1.8.RELEASE.jar;C:\Users\IGS0425\.m2\repository\org\springframework\spring-core\5.1.8.RELEASE\spring-core-5.1.8.RELEASE.jar;C:\Users\IGS0425\.m2\repository\org\springframework\spring-jcl\5.1.8.RELEASE\spring-jcl-5.1.8.RELEASE.jar;C:\Users\IGS0425\.m2\repository\org\springframework\spring-expression\5.1.8.RELEASE\spring-expression-5.1.8.RELEASE.jar;C:\Users\IGS0425\.m2\repository\org\aspectj\aspectjweaver\1.9.4\aspectjweaver-1.9.4.jar;C:\Users\IGS0425\.m2\repository\org\slf4j\slf4j-api\1.7.26\slf4j-api-1.7.26.jar;C:\Users\IGS0425\.m2\repository\org\seleniumhq\selenium\selenium-java\3.141.59\selenium-java-3.141.59.jar;C:\Users\IGS0425\.m2\repository\org\seleniumhq\selenium\selenium-chrome-driver\3.141.59\selenium-chrome-dri
Launcher Type: SUN_STANDARD

Environment Variables:
JAVA_HOME=C:\Program Files\Java\jdk1.8.0_202
PATH=C:/Users/IGS0425/.p2/pool/plugins/org.eclipse.justj.openjdk.hotspot.jre.full.win32.x86_64_17.0.3.v20220515-1416/jre/bin/server;C:/Users/IGS0425/.p2/pool/plugins/org.eclipse.justj.openjdk.hotspot.jre.full.win32.x86_64_17.0.3.v20220515-1416/jre/bin;C:\Program Files (x86)\Common Files\Oracle\Java\javapath;C:\Windows\system32;C:\Windows;C:\Windows\System32\Wbem;C:\Windows\System32\WindowsPowerShell\v1.0\;C:\Windows\System32\OpenSSH\;C:\Program Files\nodejs\;C:\Program Files\Git\cmd;C:\Program Files\apache-maven-3.8.6\bin;C:\Users\IGS0425\AppData\Local\Microsoft\WindowsApps;C:\Program Files\JetBrains\IntelliJ IDEA Community Edition 2022.1.3\bin;;C:\Users\IGS0425\AppData\Roaming\npm;C:\Program Files\Java\jdk1.8.0_202\bin;;C:\Windows\system32;
USERNAME=IGS0425
OS=Windows_NT
PROCESSOR_IDENTIFIER=Intel64 Family 6 Model 140 Stepping 1, GenuineIntel



---------------  S Y S T E M  ---------------

OS: Windows 10.0 , 64 bit Build 19041 (10.0.19041.2251)

CPU:total 8 (initial active 8) (4 cores per cpu, 2 threads per core) family 6 model 140 stepping 1, cmov, cx8, fxsr, mmx, sse, sse2, sse3, ssse3, sse4.1, sse4.2, popcnt, avx, avx2, aes, clmul, erms, 3dnowpref, lzcnt, ht, tsc, tscinvbit, bmi1, bmi2, adx

Memory: 4k page, physical 16428308k(1727440k free), swap 16428308k(5176k free)

vm_info: Java HotSpot(TM) 64-Bit Server VM (25.202-b08) for windows-amd64 JRE (1.8.0_202-b08), built on Dec 15 2018 19:54:30 by "java_re" with MS VC++ 10.0 (VS2010)

time: Fri Dec 09 15:31:10 2022
timezone: India Standard Time
elapsed time: 7 seconds (0d 0h 0m 7s)

