#
# There is insufficient memory for the Java Runtime Environment to continue.
# Native memory allocation (malloc) failed to allocate 635536 bytes for Chunk::new
# Possible reasons:
#   The system is out of physical RAM or swap space
#   The process is running with CompressedOops enabled, and the Java Heap may be blocking the growth of the native heap
# Possible solutions:
#   Reduce memory load on the system
#   Increase physical memory or swap space
#   Check if swap backing store is full
#   Decrease Java heap size (-Xmx/-Xms)
#   Decrease number of Java threads
#   Decrease Java thread stack sizes (-Xss)
#   Set larger code cache with -XX:ReservedCodeCacheSize=
#   JVM is running with Zero Based Compressed Oops mode in which the Java heap is
#     placed in the first 32GB address space. The Java Heap base address is the
#     maximum limit for the native heap growth. Please use -XX:HeapBaseMinAddress
#     to set the Java Heap base and to place the Java Heap above 32GB virtual address.
# This output file may be truncated or incomplete.
#
#  Out of Memory Error (allocation.cpp:389), pid=1992, tid=0x00000000000043a4
#
# JRE version: Java(TM) SE Runtime Environment (8.0_202-b08) (build 1.8.0_202-b08)
# Java VM: Java HotSpot(TM) 64-Bit Server VM (25.202-b08 mixed mode windows-amd64 compressed oops)
# Failed to write core dump. Minidumps are not enabled by default on client versions of Windows
#

---------------  T H R E A D  ---------------

Current thread (0x000000001c07a000):  JavaThread "C2 CompilerThread0" daemon [_thread_in_native, id=17316, stack(0x000000001e740000,0x000000001e840000)]

Stack: [0x000000001e740000,0x000000001e840000]
[error occurred during error reporting (printing stack bounds), id 0xc0000005]

Native frames: (J=compiled Java code, j=interpreted, Vv=VM code, C=native code)


Current CompileTask:
C2:   5887 4647   !   4       org.apache.xmlbeans.impl.values.XmlObjectBase::check_dated (270 bytes)


---------------  P R O C E S S  ---------------

Java Threads: ( => current thread )
  0x000000001fb9c000 JavaThread "ReaderThread" [_thread_in_native, id=14316, stack(0x0000000020a60000,0x0000000020b60000)]
  0x000000001dead800 JavaThread "Service Thread" daemon [_thread_blocked, id=8104, stack(0x000000001eb40000,0x000000001ec40000)]
  0x000000001de8e800 JavaThread "C1 CompilerThread3" daemon [_thread_in_vm, id=13264, stack(0x000000001ea40000,0x000000001eb40000)]
  0x000000001de82800 JavaThread "C2 CompilerThread2" daemon [_thread_in_native, id=13048, stack(0x000000001e940000,0x000000001ea40000)]
  0x000000001de81000 JavaThread "C2 CompilerThread1" daemon [_thread_in_native, id=13224, stack(0x000000001e840000,0x000000001e940000)]
=>0x000000001c07a000 JavaThread "C2 CompilerThread0" daemon [_thread_in_native, id=17316, stack(0x000000001e740000,0x000000001e840000)]
  0x000000001de7e000 JavaThread "Attach Listener" daemon [_thread_blocked, id=3660, stack(0x000000001e640000,0x000000001e740000)]
  0x000000001de7d000 JavaThread "Signal Dispatcher" daemon [_thread_blocked, id=16320, stack(0x000000001e540000,0x000000001e640000)]
  0x000000001c076800 JavaThread "Finalizer" daemon [_thread_blocked, id=13028, stack(0x000000001e340000,0x000000001e440000)]
  0x000000001c06f800 JavaThread "Reference Handler" daemon [_thread_blocked, id=15972, stack(0x000000001e240000,0x000000001e340000)]
  0x000000000276a000 JavaThread "main" [_thread_in_Java, id=4320, stack(0x0000000002660000,0x0000000002760000)]

Other Threads:
  0x000000000285e800 VMThread [stack: 0x000000001dd40000,0x000000001de40000] [id=10528]
  0x000000001deb0800 WatcherThread [stack: 0x000000001ec40000,0x000000001ed40000] [id=9956]

VM state:not at safepoint (normal execution)

VM Mutex/Monitor currently owned by a thread: None

heap address: 0x00000006c5400000, size: 4012 MB, Compressed Oops mode: Zero based, Oop shift amount: 3
Narrow klass base: 0x0000000000000000, Narrow klass shift: 3
Compressed class space size: 1073741824 Address: 0x00000007c0000000

Heap:
 PSYoungGen      total 164352K, used 21431K [0x000000076c700000, 0x0000000779880000, 0x00000007c0000000)
  eden space 150528K, 5% used [0x000000076c700000,0x000000076ce75e28,0x0000000775a00000)
  from space 13824K, 99% used [0x0000000776900000,0x0000000777678110,0x0000000777680000)
  to   space 15360K, 0% used [0x0000000775a00000,0x0000000775a00000,0x0000000776900000)
 ParOldGen       total 101376K, used 15146K [0x00000006c5400000, 0x00000006cb700000, 0x000000076c700000)
  object space 101376K, 14% used [0x00000006c5400000,0x00000006c62ca8a0,0x00000006cb700000)
 Metaspace       used 44914K, capacity 46994K, committed 47104K, reserved 1089536K
  class space    used 5700K, capacity 6326K, committed 6400K, reserved 1048576K

Card table byte_map: [0x0000000011c20000,0x0000000012400000] byte_map_base: 0x000000000e5f6000

Marking Bits: (ParMarkBitMap*) 0x000000006ae75ce0
 Begin Bits: [0x0000000013140000, 0x0000000016ff0000)
 End Bits:   [0x0000000016ff0000, 0x000000001aea0000)

Polling page: 0x0000000000830000

CodeCache: size=245760Kb used=17662Kb max_used=17671Kb free=228097Kb
 bounds [0x0000000002860000, 0x00000000039b0000, 0x0000000011860000]
 total_blobs=5487 nmethods=4699 adapters=698
 compilation: enabled

Compilation events (10 events):
Event: 5.845 Thread 0x000000001de8e800 nmethod 4679 0x000000000298cd90 code [0x000000000298cf80, 0x000000000298d888]
Event: 5.845 Thread 0x000000001de8e800 4674       3       com.sun.org.apache.xerces.internal.impl.dtd.XMLEntityDecl::<init> (5 bytes)
Event: 5.845 Thread 0x000000001de8e800 nmethod 4674 0x0000000002962050 code [0x00000000029621a0, 0x0000000002962350]
Event: 5.846 Thread 0x000000001de8e800 4675       3       com.sun.org.apache.xerces.internal.util.NamespaceSupport::<init> (31 bytes)
Event: 5.846 Thread 0x000000001de8e800 nmethod 4675 0x0000000002994a90 code [0x0000000002994c00, 0x0000000002994f90]
Event: 5.847 Thread 0x000000001de8e800 4676       1       org.apache.xmlbeans.impl.schema.SchemaTypeImpl::isDocumentType (5 bytes)
Event: 5.847 Thread 0x000000001de8e800 nmethod 4676 0x00000000029b8250 code [0x00000000029b83a0, 0x00000000029b84b0]
Event: 5.847 Thread 0x000000001de8e800 4680   !   3       sun.misc.FloatingDecimal::readJavaFormatString (794 bytes)
Event: 5.851 Thread 0x000000001de8e800 nmethod 4680 0x000000000397a050 code [0x000000000397a600, 0x000000000397e478]
Event: 5.852 Thread 0x000000001de8e800 4683       3       org.apache.xmlbeans.impl.store.Locale$nthCache::fetch (334 bytes)

GC Heap History (10 events):
Event: 2.793 GC heap before
{Heap before GC invocations=6 (full 1):
 PSYoungGen      total 107008K, used 106543K [0x000000076c700000, 0x0000000775800000, 0x00000007c0000000)
  eden space 98304K, 100% used [0x000000076c700000,0x0000000772700000,0x0000000772700000)
  from space 8704K, 94% used [0x0000000774f80000,0x000000077578bc80,0x0000000775800000)
  to   space 10752K, 0% used [0x0000000774300000,0x0000000774300000,0x0000000774d80000)
 ParOldGen       total 101376K, used 6854K [0x00000006c5400000, 0x00000006cb700000, 0x000000076c700000)
  object space 101376K, 6% used [0x00000006c5400000,0x00000006c5ab19a0,0x00000006cb700000)
 Metaspace       used 33743K, capacity 34458K, committed 34688K, reserved 1079296K
  class space    used 4034K, capacity 4207K, committed 4224K, reserved 1048576K
Event: 2.804 GC heap after
Heap after GC invocations=6 (full 1):
 PSYoungGen      total 137728K, used 10723K [0x000000076c700000, 0x0000000777680000, 0x00000007c0000000)
  eden space 126976K, 0% used [0x000000076c700000,0x000000076c700000,0x0000000774300000)
  from space 10752K, 99% used [0x0000000774300000,0x0000000774d78d40,0x0000000774d80000)
  to   space 13824K, 0% used [0x0000000776900000,0x0000000776900000,0x0000000777680000)
 ParOldGen       total 101376K, used 10551K [0x00000006c5400000, 0x00000006cb700000, 0x000000076c700000)
  object space 101376K, 10% used [0x00000006c5400000,0x00000006c5e4deb0,0x00000006cb700000)
 Metaspace       used 33743K, capacity 34458K, committed 34688K, reserved 1079296K
  class space    used 4034K, capacity 4207K, committed 4224K, reserved 1048576K
}
Event: 2.925 GC heap before
{Heap before GC invocations=7 (full 1):
 PSYoungGen      total 137728K, used 31083K [0x000000076c700000, 0x0000000777680000, 0x00000007c0000000)
  eden space 126976K, 16% used [0x000000076c700000,0x000000076dae1ef0,0x0000000774300000)
  from space 10752K, 99% used [0x0000000774300000,0x0000000774d78d40,0x0000000774d80000)
  to   space 13824K, 0% used [0x0000000776900000,0x0000000776900000,0x0000000777680000)
 ParOldGen       total 101376K, used 10551K [0x00000006c5400000, 0x00000006cb700000, 0x000000076c700000)
  object space 101376K, 10% used [0x00000006c5400000,0x00000006c5e4deb0,0x00000006cb700000)
 Metaspace       used 34540K, capacity 35444K, committed 35496K, reserved 1081344K
  class space    used 4159K, capacity 4428K, committed 4480K, reserved 1048576K
Event: 2.938 GC heap after
Heap after GC invocations=7 (full 1):
 PSYoungGen      total 140800K, used 11122K [0x000000076c700000, 0x0000000777680000, 0x00000007c0000000)
  eden space 126976K, 0% used [0x000000076c700000,0x000000076c700000,0x0000000774300000)
  from space 13824K, 80% used [0x0000000776900000,0x00000007773dca90,0x0000000777680000)
  to   space 10752K, 0% used [0x0000000774300000,0x0000000774300000,0x0000000774d80000)
 ParOldGen       total 101376K, used 10559K [0x00000006c5400000, 0x00000006cb700000, 0x000000076c700000)
  object space 101376K, 10% used [0x00000006c5400000,0x00000006c5e4feb0,0x00000006cb700000)
 Metaspace       used 34540K, capacity 35444K, committed 35496K, reserved 1081344K
  class space    used 4159K, capacity 4428K, committed 4480K, reserved 1048576K
}
Event: 2.938 GC heap before
{Heap before GC invocations=8 (full 2):
 PSYoungGen      total 140800K, used 11122K [0x000000076c700000, 0x0000000777680000, 0x00000007c0000000)
  eden space 126976K, 0% used [0x000000076c700000,0x000000076c700000,0x0000000774300000)
  from space 13824K, 80% used [0x0000000776900000,0x00000007773dca90,0x0000000777680000)
  to   space 10752K, 0% used [0x0000000774300000,0x0000000774300000,0x0000000774d80000)
 ParOldGen       total 101376K, used 10559K [0x00000006c5400000, 0x00000006cb700000, 0x000000076c700000)
  object space 101376K, 10% used [0x00000006c5400000,0x00000006c5e4feb0,0x00000006cb700000)
 Metaspace       used 34540K, capacity 35444K, committed 35496K, reserved 1081344K
  class space    used 4159K, capacity 4428K, committed 4480K, reserved 1048576K
Event: 3.001 GC heap after
Heap after GC invocations=8 (full 2):
 PSYoungGen      total 140800K, used 0K [0x000000076c700000, 0x0000000777680000, 0x00000007c0000000)
  eden space 126976K, 0% used [0x000000076c700000,0x000000076c700000,0x0000000774300000)
  from space 13824K, 0% used [0x0000000776900000,0x0000000776900000,0x0000000777680000)
  to   space 10752K, 0% used [0x0000000774300000,0x0000000774300000,0x0000000774d80000)
 ParOldGen       total 101376K, used 15092K [0x00000006c5400000, 0x00000006cb700000, 0x000000076c700000)
  object space 101376K, 14% used [0x00000006c5400000,0x00000006c62bd328,0x00000006cb700000)
 Metaspace       used 34538K, capacity 35438K, committed 35496K, reserved 1081344K
  class space    used 4159K, capacity 4426K, committed 4480K, reserved 1048576K
}
Event: 5.039 GC heap before
{Heap before GC invocations=9 (full 2):
 PSYoungGen      total 140800K, used 126976K [0x000000076c700000, 0x0000000777680000, 0x00000007c0000000)
  eden space 126976K, 100% used [0x000000076c700000,0x0000000774300000,0x0000000774300000)
  from space 13824K, 0% used [0x0000000776900000,0x0000000776900000,0x0000000777680000)
  to   space 10752K, 0% used [0x0000000774300000,0x0000000774300000,0x0000000774d80000)
 ParOldGen       total 101376K, used 15092K [0x00000006c5400000, 0x00000006cb700000, 0x000000076c700000)
  object space 101376K, 14% used [0x00000006c5400000,0x00000006c62bd328,0x00000006cb700000)
 Metaspace       used 39822K, capacity 41330K, committed 41472K, reserved 1085440K
  class space    used 4907K, capacity 5343K, committed 5376K, reserved 1048576K
Event: 5.046 GC heap after
Heap after GC invocations=9 (full 2):
 PSYoungGen      total 137728K, used 8700K [0x000000076c700000, 0x0000000777680000, 0x00000007c0000000)
  eden space 126976K, 0% used [0x000000076c700000,0x000000076c700000,0x0000000774300000)
  from space 10752K, 80% used [0x0000000774300000,0x0000000774b7f180,0x0000000774d80000)
  to   space 13824K, 0% used [0x0000000776900000,0x0000000776900000,0x0000000777680000)
 ParOldGen       total 101376K, used 15100K [0x00000006c5400000, 0x00000006cb700000, 0x000000076c700000)
  object space 101376K, 14% used [0x00000006c5400000,0x00000006c62bf328,0x00000006cb700000)
 Metaspace       used 39822K, capacity 41330K, committed 41472K, reserved 1085440K
  class space    used 4907K, capacity 5343K, committed 5376K, reserved 1048576K
}
Event: 5.821 GC heap before
{Heap before GC invocations=10 (full 2):
 PSYoungGen      total 137728K, used 135676K [0x000000076c700000, 0x0000000777680000, 0x00000007c0000000)
  eden space 126976K, 100% used [0x000000076c700000,0x0000000774300000,0x0000000774300000)
  from space 10752K, 80% used [0x0000000774300000,0x0000000774b7f180,0x0000000774d80000)
  to   space 13824K, 0% used [0x0000000776900000,0x0000000776900000,0x0000000777680000)
 ParOldGen       total 101376K, used 15100K [0x00000006c5400000, 0x00000006cb700000, 0x000000076c700000)
  object space 101376K, 14% used [0x00000006c5400000,0x00000006c62bf328,0x00000006cb700000)
 Metaspace       used 44833K, capacity 46866K, committed 47104K, reserved 1089536K
  class space    used 5690K, capacity 6326K, committed 6400K, reserved 1048576K
Event: 5.832 GC heap after
Heap after GC invocations=10 (full 2):
 PSYoungGen      total 164352K, used 13792K [0x000000076c700000, 0x0000000779880000, 0x00000007c0000000)
  eden space 150528K, 0% used [0x000000076c700000,0x000000076c700000,0x0000000775a00000)
  from space 13824K, 99% used [0x0000000776900000,0x0000000777678110,0x0000000777680000)
  to   space 15360K, 0% used [0x0000000775a00000,0x0000000775a00000,0x0000000776900000)
 ParOldGen       total 101376K, used 15146K [0x00000006c5400000, 0x00000006cb700000, 0x000000076c700000)
  object space 101376K, 14% used [0x00000006c5400000,0x00000006c62ca8a0,0x00000006cb700000)
 Metaspace       used 44833K, capacity 46866K, committed 47104K, reserved 1089536K
  class space    used 5690K, capacity 6326K, committed 6400K, reserved 1048576K
}

Deoptimization events (10 events):
Event: 5.726 Thread 0x000000000276a000 Uncommon trap: reason=class_check action=maybe_recompile pc=0x0000000002ffa900 method=com.sun.org.apache.xerces.internal.impl.XMLDocumentFragmentScannerImpl.scanEndElement()I @ 145
Event: 5.727 Thread 0x000000000276a000 Uncommon trap: reason=bimorphic action=maybe_recompile pc=0x0000000003407cd4 method=java.util.stream.ReferencePipeline$2$1.accept(Ljava/lang/Object;)V @ 21
Event: 5.727 Thread 0x000000000276a000 Uncommon trap: reason=bimorphic action=maybe_recompile pc=0x0000000003407cd4 method=java.util.stream.ReferencePipeline$2$1.accept(Ljava/lang/Object;)V @ 21
Event: 5.727 Thread 0x000000000276a000 Uncommon trap: reason=bimorphic action=maybe_recompile pc=0x0000000003407cd4 method=java.util.stream.ReferencePipeline$2$1.accept(Ljava/lang/Object;)V @ 21
Event: 5.727 Thread 0x000000000276a000 Uncommon trap: reason=bimorphic action=maybe_recompile pc=0x0000000003407cd4 method=java.util.stream.ReferencePipeline$2$1.accept(Ljava/lang/Object;)V @ 21
Event: 5.731 Thread 0x000000000276a000 Uncommon trap: reason=class_check action=maybe_recompile pc=0x0000000002ffa900 method=com.sun.org.apache.xerces.internal.impl.XMLDocumentFragmentScannerImpl.scanEndElement()I @ 145
Event: 5.731 Thread 0x000000000276a000 Uncommon trap: reason=class_check action=maybe_recompile pc=0x0000000002ffa900 method=com.sun.org.apache.xerces.internal.impl.XMLDocumentFragmentScannerImpl.scanEndElement()I @ 145
Event: 5.731 Thread 0x000000000276a000 Uncommon trap: reason=class_check action=maybe_recompile pc=0x0000000002ffa900 method=com.sun.org.apache.xerces.internal.impl.XMLDocumentFragmentScannerImpl.scanEndElement()I @ 145
Event: 5.750 Thread 0x000000000276a000 Uncommon trap: reason=class_check action=maybe_recompile pc=0x0000000002ee4fb4 method=org.apache.xmlbeans.impl.store.CharUtil.isValid(Ljava/lang/Object;II)Z @ 64
Event: 5.759 Thread 0x000000000276a000 Uncommon trap: reason=class_check action=maybe_recompile pc=0x00000000038ffd80 method=org.apache.xmlbeans.impl.store.CharUtil.isValid(Ljava/lang/Object;II)Z @ 64

Classes redefined (0 events):
No events

Internal exceptions (10 events):
Event: 5.666 Thread 0x000000000276a000 Exception <a 'java/lang/ClassNotFoundException': Script1BeanInfo> (0x0000000772db6390) thrown at [C:\re\workspace\8-2-build-windows-amd64-cygwin\jdk8u202\12323\hotspot\src\share\vm\classfile\systemDictionary.cpp, line 210]
Event: 5.666 Thread 0x000000000276a000 Exception <a 'java/lang/ClassNotFoundException': Script1Customizer> (0x0000000772dd54a8) thrown at [C:\re\workspace\8-2-build-windows-amd64-cygwin\jdk8u202\12323\hotspot\src\share\vm\classfile\systemDictionary.cpp, line 210]
Event: 5.678 Thread 0x000000000276a000 Exception <a 'java/lang/ClassNotFoundException': Script1BeanInfo> (0x0000000772fe2d48) thrown at [C:\re\workspace\8-2-build-windows-amd64-cygwin\jdk8u202\12323\hotspot\src\share\vm\classfile\systemDictionary.cpp, line 210]
Event: 5.679 Thread 0x000000000276a000 Exception <a 'java/lang/ClassNotFoundException': Script1Customizer> (0x0000000773001e60) thrown at [C:\re\workspace\8-2-build-windows-amd64-cygwin\jdk8u202\12323\hotspot\src\share\vm\classfile\systemDictionary.cpp, line 210]
Event: 5.691 Thread 0x000000000276a000 Exception <a 'java/lang/ClassNotFoundException': Script1BeanInfo> (0x00000007732091e8) thrown at [C:\re\workspace\8-2-build-windows-amd64-cygwin\jdk8u202\12323\hotspot\src\share\vm\classfile\systemDictionary.cpp, line 210]
Event: 5.691 Thread 0x000000000276a000 Exception <a 'java/lang/ClassNotFoundException': Script1Customizer> (0x0000000773228300) thrown at [C:\re\workspace\8-2-build-windows-amd64-cygwin\jdk8u202\12323\hotspot\src\share\vm\classfile\systemDictionary.cpp, line 210]
Event: 5.703 Thread 0x000000000276a000 Exception <a 'java/lang/ClassNotFoundException': Script1BeanInfo> (0x0000000773430600) thrown at [C:\re\workspace\8-2-build-windows-amd64-cygwin\jdk8u202\12323\hotspot\src\share\vm\classfile\systemDictionary.cpp, line 210]
Event: 5.704 Thread 0x000000000276a000 Exception <a 'java/lang/ClassNotFoundException': Script1Customizer> (0x000000077344f718) thrown at [C:\re\workspace\8-2-build-windows-amd64-cygwin\jdk8u202\12323\hotspot\src\share\vm\classfile\systemDictionary.cpp, line 210]
Event: 5.716 Thread 0x000000000276a000 Exception <a 'java/lang/ClassNotFoundException': Script1BeanInfo> (0x0000000773657890) thrown at [C:\re\workspace\8-2-build-windows-amd64-cygwin\jdk8u202\12323\hotspot\src\share\vm\classfile\systemDictionary.cpp, line 210]
Event: 5.716 Thread 0x000000000276a000 Exception <a 'java/lang/ClassNotFoundException': Script1Customizer> (0x00000007736769a8) thrown at [C:\re\workspace\8-2-build-windows-amd64-cygwin\jdk8u202\12323\hotspot\src\share\vm\classfile\systemDictionary.cpp, line 210]

Events (10 events):
Event: 5.836 Thread 0x000000001de8e800 flushing nmethod 0x0000000002a03410
Event: 5.836 Thread 0x000000001de8e800 flushing nmethod 0x0000000002a46150
Event: 5.837 loading class org/apache/xerces/util/SecurityManager
Event: 5.837 loading class org/apache/xerces/util/SecurityManager done
Event: 5.841 loading class org/apache/xerces/util/SecurityManager
Event: 5.841 loading class org/apache/xerces/util/SecurityManager done
Event: 5.845 loading class org/apache/xerces/util/SecurityManager
Event: 5.845 loading class org/apache/xerces/util/SecurityManager done
Event: 5.849 loading class org/apache/xerces/util/SecurityManager
Event: 5.849 loading class org/apache/xerces/util/SecurityManager done


Dynamic libraries:
0x00007ff605a80000 - 0x00007ff605ab7000 	C:\Program Files\Java\jdk1.8.0_202\bin\javaw.exe
0x00007ffe571f0000 - 0x00007ffe573e8000 	C:\Windows\SYSTEM32\ntdll.dll
0x00007ffe56c80000 - 0x00007ffe56d3f000 	C:\Windows\System32\KERNEL32.DLL
0x00007ffe54c60000 - 0x00007ffe54f32000 	C:\Windows\System32\KERNELBASE.dll
0x00007ffe570c0000 - 0x00007ffe5716e000 	C:\Windows\System32\ADVAPI32.dll
0x00007ffe56bd0000 - 0x00007ffe56c6e000 	C:\Windows\System32\msvcrt.dll
0x00007ffe567d0000 - 0x00007ffe5686c000 	C:\Windows\System32\sechost.dll
0x00007ffe56f90000 - 0x00007ffe570b5000 	C:\Windows\System32\RPCRT4.dll
0x00007ffe56a20000 - 0x00007ffe56bc1000 	C:\Windows\System32\USER32.dll
0x00007ffe55200000 - 0x00007ffe55222000 	C:\Windows\System32\win32u.dll
0x00007ffe57170000 - 0x00007ffe5719b000 	C:\Windows\System32\GDI32.dll
0x00007ffe550f0000 - 0x00007ffe551ff000 	C:\Windows\System32\gdi32full.dll
0x00007ffe54b30000 - 0x00007ffe54bcd000 	C:\Windows\System32\msvcp_win.dll
0x00007ffe54f40000 - 0x00007ffe55040000 	C:\Windows\System32\ucrtbase.dll
0x00007ffe3db30000 - 0x00007ffe3ddca000 	C:\Windows\WinSxS\amd64_microsoft.windows.common-controls_6595b64144ccf1df_6.0.19041.1110_none_60b5254171f9507e\COMCTL32.dll
0x00007ffe56dc0000 - 0x00007ffe56df2000 	C:\Windows\System32\IMM32.DLL
0x000000006af00000 - 0x000000006afd2000 	C:\Program Files\Java\jdk1.8.0_202\jre\bin\msvcr100.dll
0x000000006a650000 - 0x000000006aef5000 	C:\Program Files\Java\jdk1.8.0_202\jre\bin\server\jvm.dll
0x00007ffe56c70000 - 0x00007ffe56c78000 	C:\Windows\System32\PSAPI.DLL
0x00007ffe3af50000 - 0x00007ffe3af59000 	C:\Windows\SYSTEM32\WSOCK32.dll
0x00007ffe2e570000 - 0x00007ffe2e597000 	C:\Windows\SYSTEM32\WINMM.dll
0x00007ffe4d110000 - 0x00007ffe4d11a000 	C:\Windows\SYSTEM32\VERSION.dll
0x00007ffe56760000 - 0x00007ffe567cb000 	C:\Windows\System32\WS2_32.dll
0x00007ffe2c020000 - 0x00007ffe2c02f000 	C:\Program Files\Java\jdk1.8.0_202\jre\bin\verify.dll
0x00007ffe2bff0000 - 0x00007ffe2c019000 	C:\Program Files\Java\jdk1.8.0_202\jre\bin\java.dll
0x00007ffe2b920000 - 0x00007ffe2b936000 	C:\Program Files\Java\jdk1.8.0_202\jre\bin\zip.dll
0x00007ffe55630000 - 0x00007ffe55d74000 	C:\Windows\System32\SHELL32.dll
0x00007ffe52940000 - 0x00007ffe530d2000 	C:\Windows\SYSTEM32\windows.storage.dll
0x00007ffe55f00000 - 0x00007ffe56255000 	C:\Windows\System32\combase.dll
0x00007ffe54180000 - 0x00007ffe541b0000 	C:\Windows\SYSTEM32\Wldp.dll
0x00007ffe55df0000 - 0x00007ffe55e9d000 	C:\Windows\System32\SHCORE.dll
0x00007ffe55ea0000 - 0x00007ffe55ef5000 	C:\Windows\System32\shlwapi.dll
0x00007ffe54820000 - 0x00007ffe5483f000 	C:\Windows\SYSTEM32\profapi.dll
0x00007ffe27b50000 - 0x00007ffe27b6a000 	C:\Program Files\Java\jdk1.8.0_202\jre\bin\net.dll
0x00007ffe3f030000 - 0x00007ffe3f21d000 	C:\Windows\SYSTEM32\urlmon.dll
0x00007ffe3f380000 - 0x00007ffe3f631000 	C:\Windows\SYSTEM32\iertutil.dll
0x00007ffe3f000000 - 0x00007ffe3f028000 	C:\Windows\SYSTEM32\srvcli.dll
0x00007ffe53d80000 - 0x00007ffe53d8c000 	C:\Windows\SYSTEM32\netutils.dll
0x00007ffe53f60000 - 0x00007ffe53fca000 	C:\Windows\system32\mswsock.dll
0x00007ffe53cb0000 - 0x00007ffe53d7a000 	C:\Windows\SYSTEM32\DNSAPI.dll
0x00007ffe53c70000 - 0x00007ffe53cab000 	C:\Windows\SYSTEM32\IPHLPAPI.DLL
0x00007ffe571a0000 - 0x00007ffe571a8000 	C:\Windows\System32\NSI.dll
0x00007ffe4be10000 - 0x00007ffe4be1a000 	C:\Windows\System32\rasadhlp.dll
0x00007ffe4a330000 - 0x00007ffe4a3b0000 	C:\Windows\System32\fwpuclnt.dll
0x00007ffe549a0000 - 0x00007ffe549c7000 	C:\Windows\System32\bcrypt.dll
0x00007ffe541c0000 - 0x00007ffe541d8000 	C:\Windows\SYSTEM32\CRYPTSP.dll
0x00007ffe538a0000 - 0x00007ffe538d4000 	C:\Windows\system32\rsaenh.dll
0x00007ffe547e0000 - 0x00007ffe5480e000 	C:\Windows\SYSTEM32\USERENV.dll
0x00007ffe54bd0000 - 0x00007ffe54c52000 	C:\Windows\System32\bcryptprimitives.dll
0x00007ffe540f0000 - 0x00007ffe540fc000 	C:\Windows\SYSTEM32\CRYPTBASE.dll
0x00007ffe4be80000 - 0x00007ffe4be97000 	C:\Windows\SYSTEM32\dhcpcsvc6.DLL
0x00007ffe4c8c0000 - 0x00007ffe4c8dd000 	C:\Windows\SYSTEM32\dhcpcsvc.DLL
0x00007ffe25820000 - 0x00007ffe25832000 	C:\Program Files\Java\jdk1.8.0_202\jre\bin\nio.dll
0x00007ffe28920000 - 0x00007ffe2892d000 	C:\Program Files\Java\jdk1.8.0_202\jre\bin\management.dll
0x00007ffe3d3d0000 - 0x00007ffe3d3e7000 	C:\Windows\system32\napinsp.dll
0x00007ffe3d3b0000 - 0x00007ffe3d3cb000 	C:\Windows\system32\pnrpnsp.dll
0x00007ffe4f180000 - 0x00007ffe4f195000 	C:\Windows\system32\wshbth.dll
0x00007ffe4fc60000 - 0x00007ffe4fc7d000 	C:\Windows\system32\NLAapi.dll
0x00007ffe2a620000 - 0x00007ffe2a632000 	C:\Windows\System32\winrnr.dll
0x00007ffe28550000 - 0x00007ffe28574000 	C:\Program Files\Java\jdk1.8.0_202\jre\bin\sunec.dll
0x00007ffe28540000 - 0x00007ffe2854b000 	C:\Program Files\Java\jdk1.8.0_202\jre\bin\sunmscapi.dll
0x00007ffe549d0000 - 0x00007ffe54b26000 	C:\Windows\System32\CRYPT32.dll

VM Arguments:
jvm_args: -ea -Dfile.encoding=UTF-8 
java_command: org.testng.remote.RemoteTestNG -serport 65445 -protocol json -d D:\RingPay\RingPay_APIAutomation\modified_updated\test-output D:\RingPay\RingPay_APIAutomation\modified_updated\RingPay.xml
java_class_path (initial): C:\Users\IGS0425\eclipse\java-2022-06\eclipse\configuration\org.eclipse.osgi\447\0\.cp\lib\testng-remote.jar;D:\RingPay\RingPay_APIAutomation\modified_updated\target\test-classes;D:\RingPay\RingPay_APIAutomation\modified_updated\target\classes;C:\Users\IGS0425\.m2\repository\io\appium\java-client\7.2.0\java-client-7.2.0.jar;C:\Users\IGS0425\.m2\repository\org\seleniumhq\selenium\selenium-support\3.141.59\selenium-support-3.141.59.jar;C:\Users\IGS0425\.m2\repository\org\seleniumhq\selenium\selenium-api\3.141.59\selenium-api-3.141.59.jar;C:\Users\IGS0425\.m2\repository\com\google\code\gson\gson\2.8.5\gson-2.8.5.jar;C:\Users\IGS0425\.m2\repository\org\apache\httpcomponents\httpclient\4.5.9\httpclient-4.5.9.jar;C:\Users\IGS0425\.m2\repository\cglib\cglib\3.2.12\cglib-3.2.12.jar;C:\Users\IGS0425\.m2\repository\org\ow2\asm\asm\7.1\asm-7.1.jar;C:\Users\IGS0425\.m2\repository\commons-io\commons-io\2.6\commons-io-2.6.jar;C:\Users\IGS0425\.m2\repository\org\springframework\spring-context\5.1.8.RELEASE\spring-context-5.1.8.RELEASE.jar;C:\Users\IGS0425\.m2\repository\org\springframework\spring-aop\5.1.8.RELEASE\spring-aop-5.1.8.RELEASE.jar;C:\Users\IGS0425\.m2\repository\org\springframework\spring-beans\5.1.8.RELEASE\spring-beans-5.1.8.RELEASE.jar;C:\Users\IGS0425\.m2\repository\org\springframework\spring-core\5.1.8.RELEASE\spring-core-5.1.8.RELEASE.jar;C:\Users\IGS0425\.m2\repository\org\springframework\spring-jcl\5.1.8.RELEASE\spring-jcl-5.1.8.RELEASE.jar;C:\Users\IGS0425\.m2\repository\org\springframework\spring-expression\5.1.8.RELEASE\spring-expression-5.1.8.RELEASE.jar;C:\Users\IGS0425\.m2\repository\org\aspectj\aspectjweaver\1.9.4\aspectjweaver-1.9.4.jar;C:\Users\IGS0425\.m2\repository\org\slf4j\slf4j-api\1.7.26\slf4j-api-1.7.26.jar;C:\Users\IGS0425\.m2\repository\org\seleniumhq\selenium\selenium-java\3.141.59\selenium-java-3.141.59.jar;C:\Users\IGS0425\.m2\repository\org\seleniumhq\selenium\selenium-chrome-driver\3.141.59\selenium-chrome-dri
Launcher Type: SUN_STANDARD

Environment Variables:
JAVA_HOME=C:\Program Files\Java\jdk1.8.0_202
PATH=C:/Users/IGS0425/.p2/pool/plugins/org.eclipse.justj.openjdk.hotspot.jre.full.win32.x86_64_17.0.3.v20220515-1416/jre/bin/server;C:/Users/IGS0425/.p2/pool/plugins/org.eclipse.justj.openjdk.hotspot.jre.full.win32.x86_64_17.0.3.v20220515-1416/jre/bin;C:\Program Files (x86)\Common Files\Oracle\Java\javapath;C:\Windows\system32;C:\Windows;C:\Windows\System32\Wbem;C:\Windows\System32\WindowsPowerShell\v1.0\;C:\Windows\System32\OpenSSH\;C:\Program Files\nodejs\;C:\Program Files\Git\cmd;C:\Program Files\apache-maven-3.8.6\bin;C:\Users\IGS0425\AppData\Local\Microsoft\WindowsApps;C:\Program Files\JetBrains\IntelliJ IDEA Community Edition 2022.1.3\bin;;C:\Users\IGS0425\AppData\Roaming\npm;C:\Program Files\Java\jdk1.8.0_202\bin;;C:\Windows\system32;
USERNAME=IGS0425
OS=Windows_NT
PROCESSOR_IDENTIFIER=Intel64 Family 6 Model 140 Stepping 1, GenuineIntel



---------------  S Y S T E M  ---------------

OS: Windows 10.0 , 64 bit Build 19041 (10.0.19041.2364)

CPU:total 8 (initial active 8) (4 cores per cpu, 2 threads per core) family 6 model 140 stepping 1, cmov, cx8, fxsr, mmx, sse, sse2, sse3, ssse3, sse4.1, sse4.2, popcnt, avx, avx2, aes, clmul, erms, 3dnowpref, lzcnt, ht, tsc, tscinvbit, bmi1, bmi2, adx

Memory: 4k page, physical 16428308k(2463712k free), swap 16428308k(5192k free)

vm_info: Java HotSpot(TM) 64-Bit Server VM (25.202-b08) for windows-amd64 JRE (1.8.0_202-b08), built on Dec 15 2018 19:54:30 by "java_re" with MS VC++ 10.0 (VS2010)

time: Mon Dec 19 17:47:38 2022
timezone: India Standard Time
elapsed time: 5 seconds (0d 0h 0m 5s)

