#
# There is insufficient memory for the Java Runtime Environment to continue.
# Native memory allocation (malloc) failed to allocate 32744 bytes for ChunkPool::allocate
# Possible reasons:
#   The system is out of physical RAM or swap space
#   The process is running with CompressedOops enabled, and the Java Heap may be blocking the growth of the native heap
# Possible solutions:
#   Reduce memory load on the system
#   Increase physical memory or swap space
#   Check if swap backing store is full
#   Decrease Java heap size (-Xmx/-Xms)
#   Decrease number of Java threads
#   Decrease Java thread stack sizes (-Xss)
#   Set larger code cache with -XX:ReservedCodeCacheSize=
#   JVM is running with Zero Based Compressed Oops mode in which the Java heap is
#     placed in the first 32GB address space. The Java Heap base address is the
#     maximum limit for the native heap growth. Please use -XX:HeapBaseMinAddress
#     to set the Java Heap base and to place the Java Heap above 32GB virtual address.
# This output file may be truncated or incomplete.
#
#  Out of Memory Error (allocation.cpp:272), pid=10872, tid=0x00000000000026a8
#
# JRE version: Java(TM) SE Runtime Environment (8.0_202-b08) (build 1.8.0_202-b08)
# Java VM: Java HotSpot(TM) 64-Bit Server VM (25.202-b08 mixed mode windows-amd64 compressed oops)
# Failed to write core dump. Minidumps are not enabled by default on client versions of Windows
#

---------------  T H R E A D  ---------------

Current thread (0x0000000002d1a000):  JavaThread "main" [_thread_in_vm, id=9896, stack(0x0000000002c10000,0x0000000002d10000)]

Stack: [0x0000000002c10000,0x0000000002d10000]
[error occurred during error reporting (printing stack bounds), id 0xc0000005]

Native frames: (J=compiled Java code, j=interpreted, Vv=VM code, C=native code)

Java frames: (J=compiled Java code, j=interpreted, Vv=VM code)
J 708  java.lang.Throwable.fillInStackTrace(I)Ljava/lang/Throwable; (0 bytes) @ 0x00000000030f073b [0x00000000030f0700+0x3b]
J 3727 C2 java.lang.ReflectiveOperationException.<init>(Ljava/lang/String;Ljava/lang/Throwable;)V (7 bytes) @ 0x0000000003c496a4 [0x0000000003c495e0+0xc4]
J 2961 C2 java.net.URLClassLoader.findClass(Ljava/lang/String;)Ljava/lang/Class; (47 bytes) @ 0x00000000038e8a78 [0x00000000038e8960+0x118]
J 8410 C2 java.lang.ClassLoader.loadClass(Ljava/lang/String;Z)Ljava/lang/Class; (122 bytes) @ 0x000000000468022c [0x000000000467ed80+0x14ac]
J 7437 C1 groovy.lang.GroovyClassLoader.loadClass(Ljava/lang/String;ZZZ)Ljava/lang/Class; (360 bytes) @ 0x0000000003b8d2c4 [0x0000000003b8cec0+0x404]
J 8334 C1 groovy.lang.GroovyClassLoader.loadClass(Ljava/lang/String;)Ljava/lang/Class; (7 bytes) @ 0x0000000004611a5c [0x0000000004611880+0x1dc]
J 8333 C1 groovy.lang.GroovyClassLoader$InnerLoader.loadClass(Ljava/lang/String;)Ljava/lang/Class; (9 bytes) @ 0x000000000460ed8c [0x000000000460ec80+0x10c]
v  ~StubRoutines::call_stub
J 959  java.lang.Class.forName0(Ljava/lang/String;ZLjava/lang/ClassLoader;Ljava/lang/Class;)Ljava/lang/Class; (0 bytes) @ 0x0000000003198047 [0x0000000003197fc0+0x87]
J 1038 C1 java.lang.Class.forName(Ljava/lang/String;ZLjava/lang/ClassLoader;)Ljava/lang/Class; (53 bytes) @ 0x00000000031d8bcc [0x00000000031d86c0+0x50c]
J 3524 C1 com.sun.beans.finder.InstanceFinder.instantiate(Ljava/lang/Class;Ljava/lang/String;)Ljava/lang/Object; (39 bytes) @ 0x0000000003b47a34 [0x0000000003b47020+0xa14]
j  com.sun.beans.finder.InstanceFinder.find(Ljava/lang/Class;)Ljava/lang/Object;+34
j  java.beans.Introspector.findExplicitBeanInfo(Ljava/lang/Class;)Ljava/beans/BeanInfo;+7
j  java.beans.Introspector.<init>(Ljava/lang/Class;Ljava/lang/Class;I)V+121
J 3723 C1 java.beans.Introspector.getBeanInfo(Ljava/lang/Class;)Ljava/beans/BeanInfo; (94 bytes) @ 0x0000000003c43bc4 [0x0000000003c43160+0xa64]
j  groovy.lang.MetaClassImpl.lambda$addProperties$4()Ljava/lang/Object;+4
j  groovy.lang.MetaClassImpl$$Lambda$116.run()Ljava/lang/Object;+4
v  ~StubRoutines::call_stub
J 7569  java.security.AccessController.doPrivileged(Ljava/security/PrivilegedExceptionAction;)Ljava/lang/Object; (0 bytes) @ 0x0000000004271192 [0x0000000004271140+0x52]
j  groovy.lang.MetaClassImpl.addProperties()V+32
j  groovy.lang.MetaClassImpl.initialize()V+12
j  org.codehaus.groovy.reflection.ClassInfo.getMetaClassUnderLock()Lgroovy/lang/MetaClass;+54
J 7876 C2 org.codehaus.groovy.reflection.ClassInfo.getMetaClass()Lgroovy/lang/MetaClass; (33 bytes) @ 0x00000000044a979c [0x00000000044a9620+0x17c]
J 4438 C1 groovy.lang.GroovyObjectSupport.<init>()V (13 bytes) @ 0x0000000003e5b3d4 [0x0000000003e5af40+0x494]
j  groovy.lang.Script.<init>(Lgroovy/lang/Binding;)V+1
j  Script1.<init>(Lgroovy/lang/Binding;)V+6
v  ~StubRoutines::call_stub
J 1231  sun.reflect.NativeConstructorAccessorImpl.newInstance0(Ljava/lang/reflect/Constructor;[Ljava/lang/Object;)Ljava/lang/Object; (0 bytes) @ 0x00000000032568e6 [0x0000000003256880+0x66]
J 1230 C1 sun.reflect.NativeConstructorAccessorImpl.newInstance([Ljava/lang/Object;)Ljava/lang/Object; (89 bytes) @ 0x0000000003257dd4 [0x0000000003256d40+0x1094]
J 3774 C2 java.lang.reflect.Constructor.newInstance([Ljava/lang/Object;)Ljava/lang/Object; (87 bytes) @ 0x0000000003c60eac [0x0000000003c60de0+0xcc]
j  org.codehaus.groovy.runtime.InvokerHelper.newScript(Ljava/lang/Class;Lgroovy/lang/Binding;)Lgroovy/lang/Script;+24
j  org.codehaus.groovy.runtime.InvokerHelper.createScript(Ljava/lang/Class;Lgroovy/lang/Binding;)Lgroovy/lang/Script;+28
j  groovy.lang.GroovyShell.parse(Lgroovy/lang/GroovyCodeSource;)Lgroovy/lang/Script;+9
j  groovy.lang.GroovyShell.evaluate(Lgroovy/lang/GroovyCodeSource;)Ljava/lang/Object;+2
j  groovy.lang.GroovyShell.evaluate(Ljava/lang/String;Ljava/lang/String;Ljava/lang/String;)Ljava/lang/Object;+42
j  groovy.lang.GroovyShell.evaluate(Ljava/lang/String;)Ljava/lang/Object;+8
j  sun.reflect.GeneratedMethodAccessor29.invoke(Ljava/lang/Object;[Ljava/lang/Object;)Ljava/lang/Object;+40
J 7089 C2 java.lang.reflect.Method.invoke(Ljava/lang/Object;[Ljava/lang/Object;)Ljava/lang/Object; (62 bytes) @ 0x000000000309c650 [0x000000000309c5c0+0x90]
J 4343 C1 org.codehaus.groovy.runtime.callsite.PlainObjectMetaMethodSite.doInvoke(Ljava/lang/Object;[Ljava/lang/Object;Ljava/lang/reflect/Method;)Ljava/lang/Object; (34 bytes) @ 0x0000000003e18a4c [0x0000000003e18960+0xec]
j  org.codehaus.groovy.runtime.callsite.PogoMetaMethodSite$PogoCachedMethodSiteNoUnwrap.invoke(Ljava/lang/Object;[Ljava/lang/Object;)Ljava/lang/Object;+15
j  org.codehaus.groovy.runtime.callsite.PogoMetaMethodSite.call(Ljava/lang/Object;[Ljava/lang/Object;)Ljava/lang/Object;+12
J 4244 C1 org.codehaus.groovy.runtime.callsite.AbstractCallSite.call(Ljava/lang/Object;Ljava/lang/Object;)Ljava/lang/Object; (37 bytes) @ 0x0000000003dd5a9c [0x0000000003dd56a0+0x3fc]
j  io.restassured.internal.path.json.JSONAssertion.eval(Ljava/lang/Object;Ljava/lang/Object;Ljava/lang/Object;)Ljava/lang/Object;+149
j  sun.reflect.GeneratedMethodAccessor28.invoke(Ljava/lang/Object;[Ljava/lang/Object;)Ljava/lang/Object;+56
J 7089 C2 java.lang.reflect.Method.invoke(Ljava/lang/Object;[Ljava/lang/Object;)Ljava/lang/Object; (62 bytes) @ 0x000000000309c650 [0x000000000309c5c0+0x90]
J 8466 C1 org.codehaus.groovy.runtime.callsite.PogoMetaMethodSite$PogoCachedMethodSiteNoUnwrapNoCoerce.invoke(Ljava/lang/Object;[Ljava/lang/Object;)Ljava/lang/Object; (10 bytes) @ 0x00000000046736c4 [0x0000000004673580+0x144]
j  org.codehaus.groovy.runtime.callsite.PogoMetaMethodSite.callCurrent(Lgroovy/lang/GroovyObject;[Ljava/lang/Object;)Ljava/lang/Object;+12
j  org.codehaus.groovy.runtime.callsite.AbstractCallSite.callCurrent(Lgroovy/lang/GroovyObject;Ljava/lang/Object;Ljava/lang/Object;Ljava/lang/Object;)Ljava/lang/Object;+42
j  io.restassured.internal.path.json.JSONAssertion.getAsJsonObject(Ljava/lang/Object;)Ljava/lang/Object;+792
j  io.restassured.internal.path.json.JSONAssertion$getAsJsonObject.callCurrent(Lgroovy/lang/GroovyObject;Ljava/lang/Object;)Ljava/lang/Object;+14
j  io.restassured.internal.path.json.JSONAssertion.getResult(Ljava/lang/Object;Ljava/lang/Object;)Ljava/lang/Object;+10
j  io.restassured.path.json.JsonPath.get(Ljava/lang/String;)Ljava/lang/Object;+25
j  com.business.RingPay_MerchantQRCode_Journey.RegisterUser_OTPSend.valid_MobileNo_UserExist_True_Positive()V+114
j  com.business.RingPay_MerchantQRCode_Journey.RegisterUser_UserAuthenticate.userToken_Positive()Lio/restassured/response/ValidatableResponse;+4
j  com.RingPayScripts.RingPolicy_L2_Scripts.userToken()V+83
v  ~StubRoutines::call_stub
J 3499  sun.reflect.NativeMethodAccessorImpl.invoke0(Ljava/lang/reflect/Method;Ljava/lang/Object;[Ljava/lang/Object;)Ljava/lang/Object; (0 bytes) @ 0x0000000003b2607f [0x0000000003b26000+0x7f]
J 3498 C1 sun.reflect.NativeMethodAccessorImpl.invoke(Ljava/lang/Object;[Ljava/lang/Object;)Ljava/lang/Object; (104 bytes) @ 0x0000000003b252fc [0x0000000003b24100+0x11fc]
J 7089 C2 java.lang.reflect.Method.invoke(Ljava/lang/Object;[Ljava/lang/Object;)Ljava/lang/Object; (62 bytes) @ 0x000000000309c650 [0x000000000309c5c0+0x90]
j  org.testng.internal.MethodInvocationHelper.invokeMethod(Ljava/lang/reflect/Method;Ljava/lang/Object;[Ljava/lang/Object;)Ljava/lang/Object;+258
j  org.testng.internal.TestInvoker.invokeMethod(Lorg/testng/internal/TestMethodArguments;Lorg/testng/xml/XmlSuite;Lorg/testng/internal/ITestInvoker$FailureContext;)Lorg/testng/ITestResult;+693
j  org.testng.internal.TestInvoker.invokeTestMethod(Lorg/testng/internal/TestMethodArguments;Lorg/testng/xml/XmlSuite;Lorg/testng/internal/ITestInvoker$FailureContext;)Lorg/testng/ITestResult;+16
j  org.testng.internal.MethodRunner.runInSequence(Lorg/testng/internal/TestMethodArguments;Lorg/testng/internal/ITestInvoker;Lorg/testng/ITestContext;Ljava/util/concurrent/atomic/AtomicInteger;Lorg/testng/internal/ITestInvoker$FailureContext;Ljava/util/Iterator;Z)Ljava/util/List;+127
j  org.testng.internal.TestInvoker$MethodInvocationAgent.invoke(I)I+313
j  org.testng.internal.TestInvoker.invokeTestMethods(Lorg/testng/ITestNGMethod;Lorg/testng/internal/ConfigurationGroupMethods;Ljava/lang/Object;Lorg/testng/ITestContext;)Ljava/util/List;+404
j  org.testng.internal.TestMethodWorker.invokeTestMethods(Lorg/testng/ITestNGMethod;Ljava/lang/Object;)V+14
j  org.testng.internal.TestMethodWorker.run()V+127
j  org.testng.TestRunner$$Lambda$71.accept(Ljava/lang/Object;)V+7
J 7078 C1 java.util.ArrayList.forEach(Ljava/util/function/Consumer;)V (75 bytes) @ 0x00000000035df1cc [0x00000000035defc0+0x20c]
j  org.testng.TestRunner.privateRun(Lorg/testng/xml/XmlTest;)V+356
j  org.testng.TestRunner.run()V+25
j  org.testng.SuiteRunner.runTest(Lorg/testng/TestRunner;)V+21
j  org.testng.SuiteRunner.runSequentially()V+31
j  org.testng.SuiteRunner.privateRun()V+296
j  org.testng.SuiteRunner.run()V+6
j  org.testng.SuiteRunnerWorker.runSuite(Lorg/testng/internal/SuiteRunnerMap;Lorg/testng/xml/XmlSuite;)V+87
j  org.testng.SuiteRunnerWorker.run()V+12
j  org.testng.TestNG.runSuitesSequentially(Lorg/testng/xml/XmlSuite;Lorg/testng/internal/SuiteRunnerMap;ILjava/lang/String;)V+66
j  org.testng.TestNG.runSuitesLocally()Ljava/util/List;+156
j  org.testng.TestNG.runSuites()Ljava/util/List;+1
j  org.testng.TestNG.run()V+25
j  org.testng.remote.AbstractRemoteTestNG.run()V+149
j  org.testng.remote.RemoteTestNG.initAndRun(Lorg/testng/remote/IRemoteTestNG;[Ljava/lang/String;Lorg/testng/CommandLineArgs;Lorg/testng/remote/RemoteArgs;)V+184
j  org.testng.remote.RemoteTestNG.main([Ljava/lang/String;)V+201
v  ~StubRoutines::call_stub

---------------  P R O C E S S  ---------------

Java Threads: ( => current thread )
  0x0000000024916800 JavaThread "OkHttp ConnectionPool" daemon [_thread_blocked, id=19440, stack(0x0000000028a40000,0x0000000028b40000)]
  0x0000000024908800 JavaThread "OkHttp ConnectionPool" daemon [_thread_blocked, id=7312, stack(0x0000000028940000,0x0000000028a40000)]
  0x000000002490e800 JavaThread "OkHttp ConnectionPool" daemon [_thread_blocked, id=10264, stack(0x0000000028470000,0x0000000028570000)]
  0x000000002490b800 JavaThread "OkHttp ConnectionPool" daemon [_thread_blocked, id=18216, stack(0x0000000027fc0000,0x00000000280c0000)]
  0x000000002490a000 JavaThread "OkHttp ConnectionPool" daemon [_thread_blocked, id=20864, stack(0x0000000027ec0000,0x0000000027fc0000)]
  0x000000002490c000 JavaThread "Okio Watchdog" daemon [_thread_blocked, id=3508, stack(0x0000000028640000,0x0000000028740000)]
  0x000000002490d800 JavaThread "OkHttp ConnectionPool" daemon [_thread_blocked, id=18296, stack(0x0000000028140000,0x0000000028240000)]
  0x0000000021d1f800 JavaThread "pool-2-thread-6" daemon [_thread_blocked, id=16004, stack(0x0000000027ac0000,0x0000000027bc0000)]
  0x0000000023914000 JavaThread "pool-2-thread-5" daemon [_thread_blocked, id=16508, stack(0x00000000279c0000,0x0000000027ac0000)]
  0x0000000020059000 JavaThread "pool-2-thread-4" daemon [_thread_blocked, id=11936, stack(0x00000000278c0000,0x00000000279c0000)]
  0x0000000021941000 JavaThread "pool-2-thread-3" daemon [_thread_blocked, id=8268, stack(0x00000000258d0000,0x00000000259d0000)]
  0x000000002454a000 JavaThread "pool-2-thread-2" daemon [_thread_blocked, id=612, stack(0x0000000024760000,0x0000000024860000)]
  0x0000000022739000 JavaThread "pool-2-thread-1" daemon [_thread_blocked, id=17380, stack(0x0000000022a70000,0x0000000022b70000)]
  0x000000001fb74800 JavaThread "ReaderThread" [_thread_in_native, id=2404, stack(0x0000000020b50000,0x0000000020c50000)]
  0x000000001e560000 JavaThread "Service Thread" daemon [_thread_blocked, id=7748, stack(0x000000001f180000,0x000000001f280000)]
  0x000000001e4cf800 JavaThread "C1 CompilerThread3" daemon [_thread_blocked, id=16156, stack(0x000000001f080000,0x000000001f180000)]
  0x000000001e4c9000 JavaThread "C2 CompilerThread2" daemon [_thread_in_native, id=13900, stack(0x000000001ef80000,0x000000001f080000)]
  0x000000001e4bf000 JavaThread "C2 CompilerThread1" daemon [_thread_blocked, id=2132, stack(0x000000001ee80000,0x000000001ef80000)]
  0x000000001e4bb800 JavaThread "C2 CompilerThread0" daemon [_thread_in_native, id=5788, stack(0x000000001ed80000,0x000000001ee80000)]
  0x000000001e4ba000 JavaThread "Attach Listener" daemon [_thread_blocked, id=18496, stack(0x000000001ec80000,0x000000001ed80000)]
  0x000000001e4b9000 JavaThread "Signal Dispatcher" daemon [_thread_blocked, id=18768, stack(0x000000001eb80000,0x000000001ec80000)]
  0x000000001e4a0800 JavaThread "Finalizer" daemon [_thread_blocked, id=8004, stack(0x000000001e980000,0x000000001ea80000)]
  0x000000001c670000 JavaThread "Reference Handler" daemon [_thread_blocked, id=10072, stack(0x000000001e880000,0x000000001e980000)]
=>0x0000000002d1a000 JavaThread "main" [_thread_in_vm, id=9896, stack(0x0000000002c10000,0x0000000002d10000)]

Other Threads:
  0x000000001c666800 VMThread [stack: 0x000000001e380000,0x000000001e480000] [id=13328]
  0x000000001e59a800 WatcherThread [stack: 0x000000001f280000,0x000000001f380000] [id=7892]

VM state:not at safepoint (normal execution)

VM Mutex/Monitor currently owned by a thread: None

heap address: 0x00000006c5400000, size: 4012 MB, Compressed Oops mode: Zero based, Oop shift amount: 3
Narrow klass base: 0x0000000000000000, Narrow klass shift: 3
Compressed class space size: 1073741824 Address: 0x00000007c0000000

Heap:
 PSYoungGen      total 257536K, used 191607K [0x000000076c700000, 0x000000077d300000, 0x00000007c0000000)
  eden space 242176K, 72% used [0x000000076c700000,0x0000000777321c58,0x000000077b380000)
  from space 15360K, 99% used [0x000000077b500000,0x000000077c3fbff0,0x000000077c400000)
  to   space 11776K, 0% used [0x000000077c780000,0x000000077c780000,0x000000077d300000)
 ParOldGen       total 165376K, used 17223K [0x00000006c5400000, 0x00000006cf580000, 0x000000076c700000)
  object space 165376K, 10% used [0x00000006c5400000,0x00000006c64d1e00,0x00000006cf580000)
 Metaspace       used 54746K, capacity 57584K, committed 57728K, reserved 1099776K
  class space    used 6717K, capacity 7525K, committed 7552K, reserved 1048576K

Card table byte_map: [0x00000000121d0000,0x00000000129b0000] byte_map_base: 0x000000000eba6000

Marking Bits: (ParMarkBitMap*) 0x000000005f8d5ce0
 Begin Bits: [0x00000000136f0000, 0x00000000175a0000)
 End Bits:   [0x00000000175a0000, 0x000000001b450000)

Polling page: 0x0000000000e90000

CodeCache: size=245760Kb used=25636Kb max_used=25710Kb free=220123Kb
 bounds [0x0000000002e10000, 0x0000000004750000, 0x0000000011e10000]
 total_blobs=8050 nmethods=7222 adapters=739
 compilation: enabled

Compilation events (10 events):
Event: 31.516 Thread 0x000000001e4cf800 nmethod 8702 0x000000000334b610 code [0x000000000334b7a0, 0x000000000334bc88]
Event: 31.516 Thread 0x000000001e4cf800 8703       3       org.codehaus.groovy.classgen.asm.CompileStack::pushImplicitThis (20 bytes)
Event: 31.516 Thread 0x000000001e4cf800 nmethod 8703 0x000000000332ac10 code [0x000000000332ad80, 0x000000000332b088]
Event: 31.518 Thread 0x000000001e4c9000 8704       4       java.net.URLStreamHandler::parseURL (1193 bytes)
Event: 31.520 Thread 0x000000001e4cf800 8705       3       org.codehaus.groovy.util.AbstractConcurrentMap$Segment::get (131 bytes)
Event: 31.520 Thread 0x000000001e4cf800 nmethod 8705 0x00000000033acfd0 code [0x00000000033ad200, 0x00000000033ae218]
Event: 31.521 Thread 0x000000001e4cf800 8706       3       org.codehaus.groovy.control.CompilationUnit::processPhaseOperations (42 bytes)
Event: 31.522 Thread 0x000000001e4cf800 nmethod 8706 0x00000000036d26d0 code [0x00000000036d2880, 0x00000000036d2eb8]
Event: 31.522 Thread 0x000000001e4bb800 8707       4       groovyjarjarasm.asm.Type::getArgumentsAndReturnSizes (140 bytes)
Event: 31.523 Thread 0x000000001e4bf000 8708       4       org.codehaus.groovy.util.FastArray::copy (31 bytes)

GC Heap History (10 events):
Event: 5.254 GC heap before
{Heap before GC invocations=9 (full 2):
 PSYoungGen      total 155648K, used 142336K [0x000000076c700000, 0x000000077af00000, 0x00000007c0000000)
  eden space 142336K, 100% used [0x000000076c700000,0x0000000775200000,0x0000000775200000)
  from space 13312K, 0% used [0x0000000776000000,0x0000000776000000,0x0000000776d00000)
  to   space 14336K, 0% used [0x0000000775200000,0x0000000775200000,0x0000000776000000)
 ParOldGen       total 165376K, used 15374K [0x00000006c5400000, 0x00000006cf580000, 0x000000076c700000)
  object space 165376K, 9% used [0x00000006c5400000,0x00000006c63038f8,0x00000006cf580000)
 Metaspace       used 40173K, capacity 41932K, committed 42240K, reserved 1085440K
  class space    used 4985K, capacity 5531K, committed 5632K, reserved 1048576K
Event: 5.262 GC heap after
Heap after GC invocations=9 (full 2):
 PSYoungGen      total 156672K, used 9958K [0x000000076c700000, 0x000000077aa00000, 0x00000007c0000000)
  eden space 142336K, 0% used [0x000000076c700000,0x000000076c700000,0x0000000775200000)
  from space 14336K, 69% used [0x0000000775200000,0x0000000775bb9b20,0x0000000776000000)
  to   space 13824K, 0% used [0x0000000779c80000,0x0000000779c80000,0x000000077aa00000)
 ParOldGen       total 165376K, used 15382K [0x00000006c5400000, 0x00000006cf580000, 0x000000076c700000)
  object space 165376K, 9% used [0x00000006c5400000,0x00000006c63058f8,0x00000006cf580000)
 Metaspace       used 40173K, capacity 41932K, committed 42240K, reserved 1085440K
  class space    used 4985K, capacity 5531K, committed 5632K, reserved 1048576K
}
Event: 6.139 GC heap before
{Heap before GC invocations=10 (full 2):
 PSYoungGen      total 156672K, used 152294K [0x000000076c700000, 0x000000077aa00000, 0x00000007c0000000)
  eden space 142336K, 100% used [0x000000076c700000,0x0000000775200000,0x0000000775200000)
  from space 14336K, 69% used [0x0000000775200000,0x0000000775bb9b20,0x0000000776000000)
  to   space 13824K, 0% used [0x0000000779c80000,0x0000000779c80000,0x000000077aa00000)
 ParOldGen       total 165376K, used 15382K [0x00000006c5400000, 0x00000006cf580000, 0x000000076c700000)
  object space 165376K, 9% used [0x00000006c5400000,0x00000006c63058f8,0x00000006cf580000)
 Metaspace       used 46003K, capacity 48024K, committed 48256K, reserved 1091584K
  class space    used 5812K, capacity 6427K, committed 6528K, reserved 1048576K
Event: 6.149 GC heap after
Heap after GC invocations=10 (full 2):
 PSYoungGen      total 215040K, used 13792K [0x000000076c700000, 0x000000077aa00000, 0x00000007c0000000)
  eden space 201216K, 0% used [0x000000076c700000,0x000000076c700000,0x0000000778b80000)
  from space 13824K, 99% used [0x0000000779c80000,0x000000077a9f8268,0x000000077aa00000)
  to   space 15360K, 0% used [0x0000000778c00000,0x0000000778c00000,0x0000000779b00000)
 ParOldGen       total 165376K, used 15635K [0x00000006c5400000, 0x00000006cf580000, 0x000000076c700000)
  object space 165376K, 9% used [0x00000006c5400000,0x00000006c6344cf8,0x00000006cf580000)
 Metaspace       used 46003K, capacity 48024K, committed 48256K, reserved 1091584K
  class space    used 5812K, capacity 6427K, committed 6528K, reserved 1048576K
}
Event: 6.988 GC heap before
{Heap before GC invocations=11 (full 2):
 PSYoungGen      total 215040K, used 215008K [0x000000076c700000, 0x000000077aa00000, 0x00000007c0000000)
  eden space 201216K, 100% used [0x000000076c700000,0x0000000778b80000,0x0000000778b80000)
  from space 13824K, 99% used [0x0000000779c80000,0x000000077a9f8268,0x000000077aa00000)
  to   space 15360K, 0% used [0x0000000778c00000,0x0000000778c00000,0x0000000779b00000)
 ParOldGen       total 165376K, used 15635K [0x00000006c5400000, 0x00000006cf580000, 0x000000076c700000)
  object space 165376K, 9% used [0x00000006c5400000,0x00000006c6344cf8,0x00000006cf580000)
 Metaspace       used 46664K, capacity 48686K, committed 49024K, reserved 1091584K
  class space    used 5816K, capacity 6430K, committed 6528K, reserved 1048576K
Event: 6.996 GC heap after
Heap after GC invocations=11 (full 2):
 PSYoungGen      total 217088K, used 11248K [0x000000076c700000, 0x000000077d680000, 0x00000007c0000000)
  eden space 201728K, 0% used [0x000000076c700000,0x000000076c700000,0x0000000778c00000)
  from space 15360K, 73% used [0x0000000778c00000,0x00000007796fc1e0,0x0000000779b00000)
  to   space 15360K, 0% used [0x000000077c780000,0x000000077c780000,0x000000077d680000)
 ParOldGen       total 165376K, used 15643K [0x00000006c5400000, 0x00000006cf580000, 0x000000076c700000)
  object space 165376K, 9% used [0x00000006c5400000,0x00000006c6346cf8,0x00000006cf580000)
 Metaspace       used 46664K, capacity 48686K, committed 49024K, reserved 1091584K
  class space    used 5816K, capacity 6430K, committed 6528K, reserved 1048576K
}
Event: 8.657 GC heap before
{Heap before GC invocations=12 (full 2):
 PSYoungGen      total 217088K, used 212976K [0x000000076c700000, 0x000000077d680000, 0x00000007c0000000)
  eden space 201728K, 100% used [0x000000076c700000,0x0000000778c00000,0x0000000778c00000)
  from space 15360K, 73% used [0x0000000778c00000,0x00000007796fc1e0,0x0000000779b00000)
  to   space 15360K, 0% used [0x000000077c780000,0x000000077c780000,0x000000077d680000)
 ParOldGen       total 165376K, used 15643K [0x00000006c5400000, 0x00000006cf580000, 0x000000076c700000)
  object space 165376K, 9% used [0x00000006c5400000,0x00000006c6346cf8,0x00000006cf580000)
 Metaspace       used 48153K, capacity 50290K, committed 50432K, reserved 1093632K
  class space    used 5987K, capacity 6644K, committed 6656K, reserved 1048576K
Event: 8.663 GC heap after
Heap after GC invocations=12 (full 2):
 PSYoungGen      total 253952K, used 11742K [0x000000076c700000, 0x000000077d300000, 0x00000007c0000000)
  eden space 242176K, 0% used [0x000000076c700000,0x000000076c700000,0x000000077b380000)
  from space 11776K, 99% used [0x000000077c780000,0x000000077d2f79c0,0x000000077d300000)
  to   space 15360K, 0% used [0x000000077b500000,0x000000077b500000,0x000000077c400000)
 ParOldGen       total 165376K, used 15651K [0x00000006c5400000, 0x00000006cf580000, 0x000000076c700000)
  object space 165376K, 9% used [0x00000006c5400000,0x00000006c6348cf8,0x00000006cf580000)
 Metaspace       used 48153K, capacity 50290K, committed 50432K, reserved 1093632K
  class space    used 5987K, capacity 6644K, committed 6656K, reserved 1048576K
}
Event: 18.843 GC heap before
{Heap before GC invocations=13 (full 2):
 PSYoungGen      total 253952K, used 253918K [0x000000076c700000, 0x000000077d300000, 0x00000007c0000000)
  eden space 242176K, 100% used [0x000000076c700000,0x000000077b380000,0x000000077b380000)
  from space 11776K, 99% used [0x000000077c780000,0x000000077d2f79c0,0x000000077d300000)
  to   space 15360K, 0% used [0x000000077b500000,0x000000077b500000,0x000000077c400000)
 ParOldGen       total 165376K, used 15651K [0x00000006c5400000, 0x00000006cf580000, 0x000000076c700000)
  object space 165376K, 9% used [0x00000006c5400000,0x00000006c6348cf8,0x00000006cf580000)
 Metaspace       used 53986K, capacity 56520K, committed 56576K, reserved 1097728K
  class space    used 6645K, capacity 7382K, committed 7424K, reserved 1048576K
Event: 18.855 GC heap after
Heap after GC invocations=13 (full 2):
 PSYoungGen      total 257536K, used 15343K [0x000000076c700000, 0x000000077d300000, 0x00000007c0000000)
  eden space 242176K, 0% used [0x000000076c700000,0x000000076c700000,0x000000077b380000)
  from space 15360K, 99% used [0x000000077b500000,0x000000077c3fbff0,0x000000077c400000)
  to   space 11776K, 0% used [0x000000077c780000,0x000000077c780000,0x000000077d300000)
 ParOldGen       total 165376K, used 17223K [0x00000006c5400000, 0x00000006cf580000, 0x000000076c700000)
  object space 165376K, 10% used [0x00000006c5400000,0x00000006c64d1e00,0x00000006cf580000)
 Metaspace       used 53986K, capacity 56520K, committed 56576K, reserved 1097728K
  class space    used 6645K, capacity 7382K, committed 7424K, reserved 1048576K
}

Deoptimization events (10 events):
Event: 10.429 Thread 0x0000000002d1a000 Uncommon trap: reason=unstable_if action=reinterpret pc=0x0000000003292ac4 method=java.net.URL.set(Ljava/lang/String;Ljava/lang/String;ILjava/lang/String;Ljava/lang/String;Ljava/lang/String;Ljava/lang/String;Ljava/lang/String;)V @ 23
Event: 10.468 Thread 0x0000000002d1a000 Uncommon trap: reason=bimorphic action=maybe_recompile pc=0x00000000039302b8 method=java.nio.charset.CharsetEncoder.replaceWith([B)Ljava/nio/charset/CharsetEncoder; @ 53
Event: 10.828 Thread 0x0000000002d1a000 Uncommon trap: reason=unstable_if action=reinterpret pc=0x0000000003a94b14 method=java.util.regex.Pattern$Curly.match0(Ljava/util/regex/Matcher;IILjava/lang/CharSequence;)Z @ 5
Event: 10.828 Thread 0x0000000002d1a000 Uncommon trap: reason=unstable_if action=reinterpret pc=0x0000000003ea28cc method=groovy.json.StringEscapeUtils.unescapeJava(Ljava/io/Writer;Ljava/lang/String;)V @ 58
Event: 11.884 Thread 0x0000000002d1a000 Uncommon trap: reason=unstable_if action=reinterpret pc=0x0000000003362f58 method=java.util.regex.Pattern$Curly.match0(Ljava/util/regex/Matcher;IILjava/lang/CharSequence;)Z @ 5
Event: 11.976 Thread 0x0000000002d1a000 Uncommon trap: reason=unstable_if action=reinterpret pc=0x0000000003834bb0 method=java.lang.ClassValue.match(Ljava/lang/ClassValue$Entry;)Z @ 12
Event: 12.015 Thread 0x0000000002d1a000 Uncommon trap: reason=bimorphic action=maybe_recompile pc=0x00000000039302b8 method=java.nio.charset.CharsetEncoder.replaceWith([B)Ljava/nio/charset/CharsetEncoder; @ 53
Event: 13.397 Thread 0x0000000002d1a000 Uncommon trap: reason=unstable_if action=reinterpret pc=0x0000000004314f74 method=sun.misc.FloatingDecimal.readJavaFormatString(Ljava/lang/String;)Lsun/misc/FloatingDecimal$ASCIIToBinaryConverter; @ 445
Event: 13.454 Thread 0x0000000002d1a000 Uncommon trap: reason=bimorphic action=maybe_recompile pc=0x00000000039302b8 method=java.nio.charset.CharsetEncoder.replaceWith([B)Ljava/nio/charset/CharsetEncoder; @ 53
Event: 14.811 Thread 0x0000000002d1a000 Uncommon trap: reason=bimorphic action=maybe_recompile pc=0x000000000424b970 method=java.nio.charset.CharsetEncoder.replaceWith([B)Ljava/nio/charset/CharsetEncoder; @ 53

Classes redefined (0 events):
No events

Internal exceptions (10 events):
Event: 28.720 Thread 0x0000000002d1a000 Exception <a 'java/lang/ClassCastException'> (0x0000000775445b18) thrown at [C:\re\workspace\8-2-build-windows-amd64-cygwin\jdk8u202\12323\hotspot\src\share\vm\runtime\sharedRuntime.cpp, line 605]
Event: 30.078 Thread 0x0000000002d1a000 Exception <a 'java/lang/ClassNotFoundException': Script1BeanInfo> (0x0000000775771b18) thrown at [C:\re\workspace\8-2-build-windows-amd64-cygwin\jdk8u202\12323\hotspot\src\share\vm\classfile\systemDictionary.cpp, line 210]
Event: 30.078 Thread 0x0000000002d1a000 Exception <a 'java/lang/ClassNotFoundException': Script1Customizer> (0x0000000775790d50) thrown at [C:\re\workspace\8-2-build-windows-amd64-cygwin\jdk8u202\12323\hotspot\src\share\vm\classfile\systemDictionary.cpp, line 210]
Event: 30.085 Thread 0x0000000002d1a000 Exception <a 'java/lang/ClassNotFoundException': Script1BeanInfo> (0x000000077590de78) thrown at [C:\re\workspace\8-2-build-windows-amd64-cygwin\jdk8u202\12323\hotspot\src\share\vm\classfile\systemDictionary.cpp, line 210]
Event: 30.085 Thread 0x0000000002d1a000 Exception <a 'java/lang/ClassNotFoundException': Script1Customizer> (0x000000077592d0b0) thrown at [C:\re\workspace\8-2-build-windows-amd64-cygwin\jdk8u202\12323\hotspot\src\share\vm\classfile\systemDictionary.cpp, line 210]
Event: 30.126 Thread 0x0000000002d1a000 Exception <a 'java/lang/ClassCastException'> (0x00000007768e91c8) thrown at [C:\re\workspace\8-2-build-windows-amd64-cygwin\jdk8u202\12323\hotspot\src\share\vm\runtime\sharedRuntime.cpp, line 605]
Event: 31.510 Thread 0x0000000002d1a000 Exception <a 'java/lang/ClassNotFoundException': Script1BeanInfo> (0x0000000776cb6040) thrown at [C:\re\workspace\8-2-build-windows-amd64-cygwin\jdk8u202\12323\hotspot\src\share\vm\classfile\systemDictionary.cpp, line 210]
Event: 31.510 Thread 0x0000000002d1a000 Exception <a 'java/lang/ClassNotFoundException': Script1Customizer> (0x0000000776cd5278) thrown at [C:\re\workspace\8-2-build-windows-amd64-cygwin\jdk8u202\12323\hotspot\src\share\vm\classfile\systemDictionary.cpp, line 210]
Event: 31.517 Thread 0x0000000002d1a000 Exception <a 'java/lang/ClassNotFoundException': Script1BeanInfo> (0x0000000776e54d40) thrown at [C:\re\workspace\8-2-build-windows-amd64-cygwin\jdk8u202\12323\hotspot\src\share\vm\classfile\systemDictionary.cpp, line 210]
Event: 31.517 Thread 0x0000000002d1a000 Exception <a 'java/lang/ClassNotFoundException': Script1Customizer> (0x0000000776e73f78) thrown at [C:\re\workspace\8-2-build-windows-amd64-cygwin\jdk8u202\12323\hotspot\src\share\vm\classfile\systemDictionary.cpp, line 210]

Events (10 events):
Event: 31.520 Thread 0x000000001e4cf800 flushing nmethod 0x00000000036a7890
Event: 31.521 Thread 0x000000001e4cf800 flushing nmethod 0x00000000036d2310
Event: 31.521 loading class groovy/lang/GroovyObjectSupport$restAssuredJsonRootObject
Event: 31.521 loading class groovy/lang/GroovyObjectSupport$restAssuredJsonRootObject done
Event: 31.521 loading class groovy/lang/GroovyObject$restAssuredJsonRootObject
Event: 31.521 loading class groovy/lang/GroovyObject$restAssuredJsonRootObject done
Event: 31.523 loading class groovy/runtime/metaclass/Script1MetaClass
Event: 31.523 loading class groovy/runtime/metaclass/Script1MetaClass done
Event: 31.523 loading class Script1BeanInfo
Event: 31.523 loading class Script1BeanInfo done


Dynamic libraries:
0x00007ff686ae0000 - 0x00007ff686b17000 	C:\Program Files\Java\jdk1.8.0_202\bin\javaw.exe
0x00007ffe76a30000 - 0x00007ffe76c28000 	C:\Windows\SYSTEM32\ntdll.dll
0x00007ffe74f60000 - 0x00007ffe7501f000 	C:\Windows\System32\KERNEL32.DLL
0x00007ffe74790000 - 0x00007ffe74a62000 	C:\Windows\System32\KERNELBASE.dll
0x00007ffe76870000 - 0x00007ffe7691e000 	C:\Windows\System32\ADVAPI32.dll
0x00007ffe74ec0000 - 0x00007ffe74f5e000 	C:\Windows\System32\msvcrt.dll
0x00007ffe767d0000 - 0x00007ffe7686c000 	C:\Windows\System32\sechost.dll
0x00007ffe76510000 - 0x00007ffe76635000 	C:\Windows\System32\RPCRT4.dll
0x00007ffe74b20000 - 0x00007ffe74cc1000 	C:\Windows\System32\USER32.dll
0x00007ffe745c0000 - 0x00007ffe745e2000 	C:\Windows\System32\win32u.dll
0x00007ffe74d30000 - 0x00007ffe74d5b000 	C:\Windows\System32\GDI32.dll
0x00007ffe74120000 - 0x00007ffe7422f000 	C:\Windows\System32\gdi32full.dll
0x00007ffe74520000 - 0x00007ffe745bd000 	C:\Windows\System32\msvcp_win.dll
0x00007ffe74660000 - 0x00007ffe74760000 	C:\Windows\System32\ucrtbase.dll
0x00007ffe627d0000 - 0x00007ffe62a6a000 	C:\Windows\WinSxS\amd64_microsoft.windows.common-controls_6595b64144ccf1df_6.0.19041.1110_none_60b5254171f9507e\COMCTL32.dll
0x00007ffe751d0000 - 0x00007ffe75202000 	C:\Windows\System32\IMM32.DLL
0x000000005f960000 - 0x000000005fa32000 	C:\Program Files\Java\jdk1.8.0_202\jre\bin\msvcr100.dll
0x000000005f0b0000 - 0x000000005f955000 	C:\Program Files\Java\jdk1.8.0_202\jre\bin\server\jvm.dll
0x00007ffe751c0000 - 0x00007ffe751c8000 	C:\Windows\System32\PSAPI.DLL
0x00007ffe52890000 - 0x00007ffe52899000 	C:\Windows\SYSTEM32\WSOCK32.dll
0x00007ffe76760000 - 0x00007ffe767cb000 	C:\Windows\System32\WS2_32.dll
0x00007ffe4d330000 - 0x00007ffe4d357000 	C:\Windows\SYSTEM32\WINMM.dll
0x00007ffe6c280000 - 0x00007ffe6c28a000 	C:\Windows\SYSTEM32\VERSION.dll
0x00007ffe4bf50000 - 0x00007ffe4bf5f000 	C:\Program Files\Java\jdk1.8.0_202\jre\bin\verify.dll
0x00007ffe4adb0000 - 0x00007ffe4add9000 	C:\Program Files\Java\jdk1.8.0_202\jre\bin\java.dll
0x00007ffe4a570000 - 0x00007ffe4a586000 	C:\Program Files\Java\jdk1.8.0_202\jre\bin\zip.dll
0x00007ffe75220000 - 0x00007ffe75964000 	C:\Windows\System32\SHELL32.dll
0x00007ffe71ec0000 - 0x00007ffe72652000 	C:\Windows\SYSTEM32\windows.storage.dll
0x00007ffe75970000 - 0x00007ffe75cc5000 	C:\Windows\System32\combase.dll
0x00007ffe739c0000 - 0x00007ffe739f0000 	C:\Windows\SYSTEM32\Wldp.dll
0x00007ffe74a70000 - 0x00007ffe74b1d000 	C:\Windows\System32\SHCORE.dll
0x00007ffe764b0000 - 0x00007ffe76505000 	C:\Windows\System32\shlwapi.dll
0x00007ffe74060000 - 0x00007ffe7407f000 	C:\Windows\SYSTEM32\profapi.dll
0x00007ffe45890000 - 0x00007ffe458aa000 	C:\Program Files\Java\jdk1.8.0_202\jre\bin\net.dll
0x00007ffe63bf0000 - 0x00007ffe63ddd000 	C:\Windows\SYSTEM32\urlmon.dll
0x00007ffe63f70000 - 0x00007ffe64221000 	C:\Windows\SYSTEM32\iertutil.dll
0x00007ffe735c0000 - 0x00007ffe735cc000 	C:\Windows\SYSTEM32\netutils.dll
0x00007ffe63bc0000 - 0x00007ffe63be8000 	C:\Windows\SYSTEM32\srvcli.dll
0x00007ffe737a0000 - 0x00007ffe7380a000 	C:\Windows\system32\mswsock.dll
0x00007ffe734f0000 - 0x00007ffe735ba000 	C:\Windows\SYSTEM32\DNSAPI.dll
0x00007ffe734b0000 - 0x00007ffe734eb000 	C:\Windows\SYSTEM32\IPHLPAPI.DLL
0x00007ffe75100000 - 0x00007ffe75108000 	C:\Windows\System32\NSI.dll
0x00007ffe6b7f0000 - 0x00007ffe6b7fa000 	C:\Windows\System32\rasadhlp.dll
0x00007ffe6b4a0000 - 0x00007ffe6b520000 	C:\Windows\System32\fwpuclnt.dll
0x00007ffe74760000 - 0x00007ffe74787000 	C:\Windows\System32\bcrypt.dll
0x00007ffe73a00000 - 0x00007ffe73a18000 	C:\Windows\SYSTEM32\CRYPTSP.dll
0x00007ffe730e0000 - 0x00007ffe73114000 	C:\Windows\system32\rsaenh.dll
0x00007ffe74020000 - 0x00007ffe7404e000 	C:\Windows\SYSTEM32\USERENV.dll
0x00007ffe74490000 - 0x00007ffe74512000 	C:\Windows\System32\bcryptprimitives.dll
0x00007ffe73930000 - 0x00007ffe7393c000 	C:\Windows\SYSTEM32\CRYPTBASE.dll
0x00007ffe6b8b0000 - 0x00007ffe6b8c7000 	C:\Windows\SYSTEM32\dhcpcsvc6.DLL
0x00007ffe6c130000 - 0x00007ffe6c14d000 	C:\Windows\SYSTEM32\dhcpcsvc.DLL
0x00007ffe48e30000 - 0x00007ffe48e42000 	C:\Program Files\Java\jdk1.8.0_202\jre\bin\nio.dll
0x00007ffe48e20000 - 0x00007ffe48e2d000 	C:\Program Files\Java\jdk1.8.0_202\jre\bin\management.dll
0x00007ffe49430000 - 0x00007ffe49447000 	C:\Windows\system32\napinsp.dll
0x00007ffe49410000 - 0x00007ffe4942b000 	C:\Windows\system32\pnrpnsp.dll
0x00007ffe6e9a0000 - 0x00007ffe6e9b5000 	C:\Windows\system32\wshbth.dll
0x00007ffe6f4a0000 - 0x00007ffe6f4bd000 	C:\Windows\system32\NLAapi.dll
0x00007ffe493f0000 - 0x00007ffe49402000 	C:\Windows\System32\winrnr.dll
0x00007ffe5a980000 - 0x00007ffe5a9a4000 	C:\Program Files\Java\jdk1.8.0_202\jre\bin\sunec.dll
0x00007ffe5a970000 - 0x00007ffe5a97b000 	C:\Program Files\Java\jdk1.8.0_202\jre\bin\sunmscapi.dll
0x00007ffe74230000 - 0x00007ffe74386000 	C:\Windows\System32\CRYPT32.dll

VM Arguments:
jvm_args: -ea -Dfile.encoding=UTF-8 
java_command: org.testng.remote.RemoteTestNG -serport 64853 -protocol json -d D:\RingPay\RingPay_APIAutomation\modified_updated\test-output D:\RingPay\RingPay_APIAutomation\modified_updated\RingPay.xml
java_class_path (initial): C:\Users\IGS0425\eclipse\java-2022-06\eclipse\configuration\org.eclipse.osgi\447\0\.cp\lib\testng-remote.jar;D:\RingPay\RingPay_APIAutomation\modified_updated\target\test-classes;D:\RingPay\RingPay_APIAutomation\modified_updated\target\classes;C:\Users\IGS0425\.m2\repository\io\appium\java-client\7.2.0\java-client-7.2.0.jar;C:\Users\IGS0425\.m2\repository\org\seleniumhq\selenium\selenium-support\3.141.59\selenium-support-3.141.59.jar;C:\Users\IGS0425\.m2\repository\org\seleniumhq\selenium\selenium-api\3.141.59\selenium-api-3.141.59.jar;C:\Users\IGS0425\.m2\repository\com\google\code\gson\gson\2.8.5\gson-2.8.5.jar;C:\Users\IGS0425\.m2\repository\org\apache\httpcomponents\httpclient\4.5.9\httpclient-4.5.9.jar;C:\Users\IGS0425\.m2\repository\cglib\cglib\3.2.12\cglib-3.2.12.jar;C:\Users\IGS0425\.m2\repository\org\ow2\asm\asm\7.1\asm-7.1.jar;C:\Users\IGS0425\.m2\repository\commons-io\commons-io\2.6\commons-io-2.6.jar;C:\Users\IGS0425\.m2\repository\org\springframework\spring-context\5.1.8.RELEASE\spring-context-5.1.8.RELEASE.jar;C:\Users\IGS0425\.m2\repository\org\springframework\spring-aop\5.1.8.RELEASE\spring-aop-5.1.8.RELEASE.jar;C:\Users\IGS0425\.m2\repository\org\springframework\spring-beans\5.1.8.RELEASE\spring-beans-5.1.8.RELEASE.jar;C:\Users\IGS0425\.m2\repository\org\springframework\spring-core\5.1.8.RELEASE\spring-core-5.1.8.RELEASE.jar;C:\Users\IGS0425\.m2\repository\org\springframework\spring-jcl\5.1.8.RELEASE\spring-jcl-5.1.8.RELEASE.jar;C:\Users\IGS0425\.m2\repository\org\springframework\spring-expression\5.1.8.RELEASE\spring-expression-5.1.8.RELEASE.jar;C:\Users\IGS0425\.m2\repository\org\aspectj\aspectjweaver\1.9.4\aspectjweaver-1.9.4.jar;C:\Users\IGS0425\.m2\repository\org\slf4j\slf4j-api\1.7.26\slf4j-api-1.7.26.jar;C:\Users\IGS0425\.m2\repository\org\seleniumhq\selenium\selenium-java\3.141.59\selenium-java-3.141.59.jar;C:\Users\IGS0425\.m2\repository\org\seleniumhq\selenium\selenium-chrome-driver\3.141.59\selenium-chrome-dri
Launcher Type: SUN_STANDARD

Environment Variables:
JAVA_HOME=C:\Program Files\Java\jdk1.8.0_202
PATH=C:/Users/IGS0425/.p2/pool/plugins/org.eclipse.justj.openjdk.hotspot.jre.full.win32.x86_64_17.0.3.v20220515-1416/jre/bin/server;C:/Users/IGS0425/.p2/pool/plugins/org.eclipse.justj.openjdk.hotspot.jre.full.win32.x86_64_17.0.3.v20220515-1416/jre/bin;C:\Program Files (x86)\Common Files\Oracle\Java\javapath;C:\Windows\system32;C:\Windows;C:\Windows\System32\Wbem;C:\Windows\System32\WindowsPowerShell\v1.0\;C:\Windows\System32\OpenSSH\;C:\Program Files\nodejs\;C:\Program Files\Git\cmd;C:\Program Files\apache-maven-3.8.6\bin;C:\Users\IGS0425\AppData\Local\Microsoft\WindowsApps;C:\Program Files\JetBrains\IntelliJ IDEA Community Edition 2022.1.3\bin;;C:\Users\IGS0425\AppData\Roaming\npm;C:\Program Files\Java\jdk1.8.0_202\bin;;C:\Windows\System32;
USERNAME=IGS0425
OS=Windows_NT
PROCESSOR_IDENTIFIER=Intel64 Family 6 Model 140 Stepping 1, GenuineIntel



---------------  S Y S T E M  ---------------

OS: Windows 10.0 , 64 bit Build 19041 (10.0.19041.2364)

CPU:total 8 (initial active 8) (4 cores per cpu, 2 threads per core) family 6 model 140 stepping 1, cmov, cx8, fxsr, mmx, sse, sse2, sse3, ssse3, sse4.1, sse4.2, popcnt, avx, avx2, aes, clmul, erms, 3dnowpref, lzcnt, ht, tsc, tscinvbit, bmi1, bmi2, adx

Memory: 4k page, physical 16428308k(1366300k free), swap 16428308k(4112k free)

vm_info: Java HotSpot(TM) 64-Bit Server VM (25.202-b08) for windows-amd64 JRE (1.8.0_202-b08), built on Dec 15 2018 19:54:30 by "java_re" with MS VC++ 10.0 (VS2010)

time: Fri Dec 23 14:32:14 2022
timezone: India Standard Time
elapsed time: 31 seconds (0d 0h 0m 31s)

