#
# There is insufficient memory for the Java Runtime Environment to continue.
# Native memory allocation (malloc) failed to allocate 1323744 bytes for Chunk::new
# Possible reasons:
#   The system is out of physical RAM or swap space
#   The process is running with CompressedOops enabled, and the Java Heap may be blocking the growth of the native heap
# Possible solutions:
#   Reduce memory load on the system
#   Increase physical memory or swap space
#   Check if swap backing store is full
#   Decrease Java heap size (-Xmx/-Xms)
#   Decrease number of Java threads
#   Decrease Java thread stack sizes (-Xss)
#   Set larger code cache with -XX:ReservedCodeCacheSize=
#   JVM is running with Zero Based Compressed Oops mode in which the Java heap is
#     placed in the first 32GB address space. The Java Heap base address is the
#     maximum limit for the native heap growth. Please use -XX:HeapBaseMinAddress
#     to set the Java Heap base and to place the Java Heap above 32GB virtual address.
# This output file may be truncated or incomplete.
#
#  Out of Memory Error (allocation.cpp:389), pid=5432, tid=0x000000000000140c
#
# JRE version: Java(TM) SE Runtime Environment (8.0_202-b08) (build 1.8.0_202-b08)
# Java VM: Java HotSpot(TM) 64-Bit Server VM (25.202-b08 mixed mode windows-amd64 compressed oops)
# Failed to write core dump. Minidumps are not enabled by default on client versions of Windows
#

---------------  T H R E A D  ---------------

Current thread (0x000000001d43e000):  JavaThread "C2 CompilerThread1" daemon [_thread_in_native, id=5132, stack(0x000000001de10000,0x000000001df10000)]

Stack: [0x000000001de10000,0x000000001df10000]
[error occurred during error reporting (printing stack bounds), id 0xc0000005]

Native frames: (J=compiled Java code, j=interpreted, Vv=VM code, C=native code)


Current CompileTask:
C2:   7153 6030       4       com.sun.tools.javac.comp.Resolve$AbstractMethodCheck::argumentsAcceptable (288 bytes)


---------------  P R O C E S S  ---------------

Java Threads: ( => current thread )
  0x000000001f7be800 JavaThread "pool-1-thread-29" [_thread_blocked, id=3484, stack(0x0000000026a80000,0x0000000026b80000)]
  0x000000001f7b3000 JavaThread "pool-1-thread-28" [_thread_blocked, id=16360, stack(0x0000000026980000,0x0000000026a80000)]
  0x000000001f7b4800 JavaThread "pool-1-thread-27" [_thread_blocked, id=10564, stack(0x0000000026880000,0x0000000026980000)]
  0x000000001f7b7800 JavaThread "pool-1-thread-26" [_thread_blocked, id=13468, stack(0x0000000026780000,0x0000000026880000)]
  0x000000001f7b9000 JavaThread "pool-1-thread-25" [_thread_blocked, id=11648, stack(0x0000000026680000,0x0000000026780000)]
  0x000000001f7b5800 JavaThread "pool-1-thread-24" [_thread_blocked, id=1048, stack(0x0000000026580000,0x0000000026680000)]
  0x000000001f7b4000 JavaThread "pool-1-thread-23" [_thread_blocked, id=16688, stack(0x0000000026350000,0x0000000026450000)]
  0x000000001f7b7000 JavaThread "pool-1-thread-22" [_thread_blocked, id=13044, stack(0x0000000026250000,0x0000000026350000)]
  0x000000001f7b2800 JavaThread "pool-1-thread-21" [_thread_blocked, id=11272, stack(0x0000000026150000,0x0000000026250000)]
  0x000000001f7b1800 JavaThread "pool-1-thread-20" [_thread_blocked, id=9408, stack(0x0000000026050000,0x0000000026150000)]
  0x000000001f7b6000 JavaThread "pool-1-thread-19" [_thread_blocked, id=18648, stack(0x0000000025f50000,0x0000000026050000)]
  0x000000001fce8000 JavaThread "pool-1-thread-18" [_thread_blocked, id=14992, stack(0x0000000025e50000,0x0000000025f50000)]
  0x000000001fce7800 JavaThread "pool-1-thread-17" [_thread_blocked, id=1660, stack(0x0000000025d50000,0x0000000025e50000)]
  0x000000001fce6800 JavaThread "pool-1-thread-16" [_thread_blocked, id=7468, stack(0x0000000025c50000,0x0000000025d50000)]
  0x000000001fce4800 JavaThread "pool-1-thread-15" [_thread_blocked, id=17120, stack(0x0000000025b50000,0x0000000025c50000)]
  0x000000001fce9000 JavaThread "pool-1-thread-14" [_thread_blocked, id=15028, stack(0x0000000024a70000,0x0000000024b70000)]
  0x000000001fce3800 JavaThread "pool-1-thread-13" [_thread_blocked, id=1652, stack(0x0000000024970000,0x0000000024a70000)]
  0x000000001fce6000 JavaThread "pool-1-thread-12" [_thread_blocked, id=4432, stack(0x00000000226b0000,0x00000000227b0000)]
  0x000000001fce5000 JavaThread "pool-1-thread-11" [_thread_blocked, id=14972, stack(0x00000000225b0000,0x00000000226b0000)]
  0x000000001fce3000 JavaThread "pool-1-thread-10" [_thread_blocked, id=15704, stack(0x00000000218b0000,0x00000000219b0000)]
  0x000000001fce2000 JavaThread "pool-1-thread-9" [_thread_blocked, id=1228, stack(0x00000000217b0000,0x00000000218b0000)]
  0x000000001f049800 JavaThread "pool-1-thread-8" [_thread_blocked, id=19108, stack(0x00000000216b0000,0x00000000217b0000)]
  0x000000001fa96000 JavaThread "pool-1-thread-7" [_thread_blocked, id=5092, stack(0x00000000213b0000,0x00000000214b0000)]
  0x000000001f343800 JavaThread "pool-1-thread-6" [_thread_blocked, id=1720, stack(0x00000000211b0000,0x00000000212b0000)]
  0x000000001f127000 JavaThread "pool-1-thread-5 for channel id=61" [_thread_in_vm, id=5248, stack(0x00000000210b0000,0x00000000211b0000)]
  0x000000001ffa3800 JavaThread "pool-1-thread-4" [_thread_blocked, id=5076, stack(0x0000000020fb0000,0x00000000210b0000)]
  0x000000001ea7b800 JavaThread "pool-1-thread-3" [_thread_blocked, id=12968, stack(0x0000000020eb0000,0x0000000020fb0000)]
  0x000000001ea7b000 JavaThread "pool-1-thread-2" [_thread_blocked, id=18916, stack(0x0000000020db0000,0x0000000020eb0000)]
  0x000000001f096800 JavaThread "pool-1-thread-1" [_thread_blocked, id=5856, stack(0x0000000020cb0000,0x0000000020db0000)]
  0x000000001eb0e000 JavaThread "Channel reader thread: channel" [_thread_in_native, id=18668, stack(0x0000000020bb0000,0x0000000020cb0000)]
  0x000000001e7a4800 JavaThread "RemoteInvocationHandler [#1]" daemon [_thread_blocked, id=8104, stack(0x0000000020ab0000,0x0000000020bb0000)]
  0x000000001d452800 JavaThread "Service Thread" daemon [_thread_blocked, id=8620, stack(0x000000001e110000,0x000000001e210000)]
  0x000000001d445000 JavaThread "C1 CompilerThread3" daemon [_thread_in_native, id=13760, stack(0x000000001e010000,0x000000001e110000)]
  0x000000001d43f000 JavaThread "C2 CompilerThread2" daemon [_thread_in_native, id=14164, stack(0x000000001df10000,0x000000001e010000)]
=>0x000000001d43e000 JavaThread "C2 CompilerThread1" daemon [_thread_in_native, id=5132, stack(0x000000001de10000,0x000000001df10000)]
  0x000000001d43c000 JavaThread "C2 CompilerThread0" daemon [_thread_in_native, id=20432, stack(0x000000001dd10000,0x000000001de10000)]
  0x000000001d43a000 JavaThread "Attach Listener" daemon [_thread_blocked, id=12300, stack(0x000000001dc10000,0x000000001dd10000)]
  0x000000001d439000 JavaThread "Signal Dispatcher" daemon [_thread_blocked, id=11532, stack(0x000000001db10000,0x000000001dc10000)]
  0x0000000001e28000 JavaThread "Finalizer" daemon [_thread_blocked, id=16852, stack(0x000000001d910000,0x000000001da10000)]
  0x000000001d430800 JavaThread "Reference Handler" daemon [_thread_blocked, id=13580, stack(0x000000001d810000,0x000000001d910000)]
  0x0000000001d32800 JavaThread "main" [_thread_blocked, id=1992, stack(0x0000000001c30000,0x0000000001d30000)]

Other Threads:
  0x000000001b639800 VMThread [stack: 0x000000001d310000,0x000000001d410000] [id=3256]
  0x000000001d4ed000 WatcherThread [stack: 0x000000001e210000,0x000000001e310000] [id=6660]

VM state:not at safepoint (normal execution)

VM Mutex/Monitor currently owned by a thread: None

heap address: 0x00000006c5400000, size: 4012 MB, Compressed Oops mode: Zero based, Oop shift amount: 3
Narrow klass base: 0x0000000000000000, Narrow klass shift: 3
Compressed class space size: 1073741824 Address: 0x00000007c0000000

Heap:
 PSYoungGen      total 159232K, used 34532K [0x000000076c700000, 0x000000077bd80000, 0x00000007c0000000)
  eden space 132096K, 5% used [0x000000076c700000,0x000000076ce3ccc0,0x0000000774800000)
  from space 27136K, 99% used [0x0000000774800000,0x000000077627c348,0x0000000776280000)
  to   space 14336K, 0% used [0x0000000776280000,0x0000000776280000,0x0000000777080000)
 ParOldGen       total 108544K, used 31778K [0x00000006c5400000, 0x00000006cbe00000, 0x000000076c700000)
  object space 108544K, 29% used [0x00000006c5400000,0x00000006c7308938,0x00000006cbe00000)
 Metaspace       used 29988K, capacity 30924K, committed 31104K, reserved 1077248K
  class space    used 3371K, capacity 3637K, committed 3712K, reserved 1048576K

Card table byte_map: [0x00000000111f0000,0x00000000119d0000] byte_map_base: 0x000000000dbc6000

Marking Bits: (ParMarkBitMap*) 0x0000000060e55ce0
 Begin Bits: [0x0000000012710000, 0x00000000165c0000)
 End Bits:   [0x00000000165c0000, 0x000000001a470000)

Polling page: 0x0000000001170000

CodeCache: size=245760Kb used=21820Kb max_used=21820Kb free=223939Kb
 bounds [0x0000000001e30000, 0x00000000033a0000, 0x0000000010e30000]
 total_blobs=6288 nmethods=5851 adapters=349
 compilation: enabled

Compilation events (10 events):
Event: 7.148 Thread 0x000000001d445000 nmethod 6499 0x000000000338fe50 code [0x000000000338ffe0, 0x00000000033902a8]
Event: 7.148 Thread 0x000000001d445000 6502       2       com.sun.tools.javac.jvm.Gen::callMethod (70 bytes)
Event: 7.149 Thread 0x000000001d445000 nmethod 6502 0x00000000033904d0 code [0x0000000003390680, 0x0000000003390b48]
Event: 7.149 Thread 0x000000001d445000 6497       2       com.sun.tools.javac.code.Types$SameTypeVisitor::visitArrayType (10 bytes)
Event: 7.149 Thread 0x000000001d445000 nmethod 6497 0x0000000003390fd0 code [0x0000000003391140, 0x00000000033912e8]
Event: 7.149 Thread 0x000000001d445000 6498       2       com.sun.tools.javac.code.Types$SameTypeVisitor::visitArrayType (68 bytes)
Event: 7.149 Thread 0x000000001d445000 nmethod 6498 0x00000000033913d0 code [0x0000000003391580, 0x00000000033918c8]
Event: 7.149 Thread 0x000000001d445000 6503       2       com.sun.tools.javac.jvm.Items::makeStackItem (10 bytes)
Event: 7.149 Thread 0x000000001d445000 nmethod 6503 0x0000000003391a90 code [0x0000000003391c00, 0x0000000003391da8]
Event: 7.149 Thread 0x000000001d445000 6504       2       com.sun.tools.javac.tree.TreeInfo::endPos (118 bytes)

GC Heap History (10 events):
Event: 3.032 GC heap before
{Heap before GC invocations=4 (full 1):
 PSYoungGen      total 75264K, used 9630K [0x000000076c700000, 0x0000000775a00000, 0x00000007c0000000)
  eden space 64512K, 0% used [0x000000076c700000,0x000000076c700000,0x0000000770600000)
  from space 10752K, 89% used [0x0000000770600000,0x0000000770f67a48,0x0000000771080000)
  to   space 10752K, 0% used [0x0000000774f80000,0x0000000774f80000,0x0000000775a00000)
 ParOldGen       total 172032K, used 2860K [0x00000006c5400000, 0x00000006cfc00000, 0x000000076c700000)
  object space 172032K, 1% used [0x00000006c5400000,0x00000006c56cb1e0,0x00000006cfc00000)
 Metaspace       used 20400K, capacity 21062K, committed 21248K, reserved 1067008K
  class space    used 2450K, capacity 2713K, committed 2816K, reserved 1048576K
Event: 3.066 GC heap after
Heap after GC invocations=4 (full 1):
 PSYoungGen      total 75264K, used 0K [0x000000076c700000, 0x0000000775a00000, 0x00000007c0000000)
  eden space 64512K, 0% used [0x000000076c700000,0x000000076c700000,0x0000000770600000)
  from space 10752K, 0% used [0x0000000770600000,0x0000000770600000,0x0000000771080000)
  to   space 10752K, 0% used [0x0000000774f80000,0x0000000774f80000,0x0000000775a00000)
 ParOldGen       total 108544K, used 9786K [0x00000006c5400000, 0x00000006cbe00000, 0x000000076c700000)
  object space 108544K, 9% used [0x00000006c5400000,0x00000006c5d8eb80,0x00000006cbe00000)
 Metaspace       used 20400K, capacity 21062K, committed 21248K, reserved 1067008K
  class space    used 2450K, capacity 2713K, committed 2816K, reserved 1048576K
}
Event: 3.683 GC heap before
{Heap before GC invocations=5 (full 1):
 PSYoungGen      total 75264K, used 64512K [0x000000076c700000, 0x0000000775a00000, 0x00000007c0000000)
  eden space 64512K, 100% used [0x000000076c700000,0x0000000770600000,0x0000000770600000)
  from space 10752K, 0% used [0x0000000770600000,0x0000000770600000,0x0000000771080000)
  to   space 10752K, 0% used [0x0000000774f80000,0x0000000774f80000,0x0000000775a00000)
 ParOldGen       total 108544K, used 9786K [0x00000006c5400000, 0x00000006cbe00000, 0x000000076c700000)
  object space 108544K, 9% used [0x00000006c5400000,0x00000006c5d8eb80,0x00000006cbe00000)
 Metaspace       used 21539K, capacity 22298K, committed 22528K, reserved 1069056K
  class space    used 2518K, capacity 2791K, committed 2816K, reserved 1048576K
Event: 3.690 GC heap after
Heap after GC invocations=5 (full 1):
 PSYoungGen      total 102400K, used 4323K [0x000000076c700000, 0x0000000775400000, 0x00000007c0000000)
  eden space 97792K, 0% used [0x000000076c700000,0x000000076c700000,0x0000000772680000)
  from space 4608K, 93% used [0x0000000774f80000,0x00000007753b8d80,0x0000000775400000)
  to   space 10752K, 0% used [0x0000000773f00000,0x0000000773f00000,0x0000000774980000)
 ParOldGen       total 108544K, used 9786K [0x00000006c5400000, 0x00000006cbe00000, 0x000000076c700000)
  object space 108544K, 9% used [0x00000006c5400000,0x00000006c5d8eb80,0x00000006cbe00000)
 Metaspace       used 21539K, capacity 22298K, committed 22528K, reserved 1069056K
  class space    used 2518K, capacity 2791K, committed 2816K, reserved 1048576K
}
Event: 4.558 GC heap before
{Heap before GC invocations=6 (full 1):
 PSYoungGen      total 102400K, used 102115K [0x000000076c700000, 0x0000000775400000, 0x00000007c0000000)
  eden space 97792K, 100% used [0x000000076c700000,0x0000000772680000,0x0000000772680000)
  from space 4608K, 93% used [0x0000000774f80000,0x00000007753b8d80,0x0000000775400000)
  to   space 10752K, 0% used [0x0000000773f00000,0x0000000773f00000,0x0000000774980000)
 ParOldGen       total 108544K, used 9786K [0x00000006c5400000, 0x00000006cbe00000, 0x000000076c700000)
  object space 108544K, 9% used [0x00000006c5400000,0x00000006c5d8eb80,0x00000006cbe00000)
 Metaspace       used 23132K, capacity 23958K, committed 24192K, reserved 1071104K
  class space    used 2661K, capacity 2915K, committed 2944K, reserved 1048576K
Event: 4.563 GC heap after
Heap after GC invocations=6 (full 1):
 PSYoungGen      total 133632K, used 9330K [0x000000076c700000, 0x0000000777080000, 0x00000007c0000000)
  eden space 122880K, 0% used [0x000000076c700000,0x000000076c700000,0x0000000773f00000)
  from space 10752K, 86% used [0x0000000773f00000,0x000000077481caa0,0x0000000774980000)
  to   space 14336K, 0% used [0x0000000776280000,0x0000000776280000,0x0000000777080000)
 ParOldGen       total 108544K, used 9794K [0x00000006c5400000, 0x00000006cbe00000, 0x000000076c700000)
  object space 108544K, 9% used [0x00000006c5400000,0x00000006c5d90b80,0x00000006cbe00000)
 Metaspace       used 23132K, capacity 23958K, committed 24192K, reserved 1071104K
  class space    used 2661K, capacity 2915K, committed 2944K, reserved 1048576K
}
Event: 5.566 GC heap before
{Heap before GC invocations=7 (full 1):
 PSYoungGen      total 133632K, used 132210K [0x000000076c700000, 0x0000000777080000, 0x00000007c0000000)
  eden space 122880K, 100% used [0x000000076c700000,0x0000000773f00000,0x0000000773f00000)
  from space 10752K, 86% used [0x0000000773f00000,0x000000077481caa0,0x0000000774980000)
  to   space 14336K, 0% used [0x0000000776280000,0x0000000776280000,0x0000000777080000)
 ParOldGen       total 108544K, used 9794K [0x00000006c5400000, 0x00000006cbe00000, 0x000000076c700000)
  object space 108544K, 9% used [0x00000006c5400000,0x00000006c5d90b80,0x00000006cbe00000)
 Metaspace       used 27732K, capacity 28666K, committed 28928K, reserved 1075200K
  class space    used 3213K, capacity 3507K, committed 3584K, reserved 1048576K
Event: 5.607 GC heap after
Heap after GC invocations=7 (full 1):
 PSYoungGen      total 146432K, used 14327K [0x000000076c700000, 0x000000077bd80000, 0x00000007c0000000)
  eden space 132096K, 0% used [0x000000076c700000,0x000000076c700000,0x0000000774800000)
  from space 14336K, 99% used [0x0000000776280000,0x000000077707de08,0x0000000777080000)
  to   space 27136K, 0% used [0x0000000774800000,0x0000000774800000,0x0000000776280000)
 ParOldGen       total 108544K, used 28536K [0x00000006c5400000, 0x00000006cbe00000, 0x000000076c700000)
  object space 108544K, 26% used [0x00000006c5400000,0x00000006c6fde050,0x00000006cbe00000)
 Metaspace       used 27732K, capacity 28666K, committed 28928K, reserved 1075200K
  class space    used 3213K, capacity 3507K, committed 3584K, reserved 1048576K
}
Event: 7.050 GC heap before
{Heap before GC invocations=8 (full 1):
 PSYoungGen      total 146432K, used 146423K [0x000000076c700000, 0x000000077bd80000, 0x00000007c0000000)
  eden space 132096K, 100% used [0x000000076c700000,0x0000000774800000,0x0000000774800000)
  from space 14336K, 99% used [0x0000000776280000,0x000000077707de08,0x0000000777080000)
  to   space 27136K, 0% used [0x0000000774800000,0x0000000774800000,0x0000000776280000)
 ParOldGen       total 108544K, used 28536K [0x00000006c5400000, 0x00000006cbe00000, 0x000000076c700000)
  object space 108544K, 26% used [0x00000006c5400000,0x00000006c6fde050,0x00000006cbe00000)
 Metaspace       used 29941K, capacity 30860K, committed 31104K, reserved 1077248K
  class space    used 3371K, capacity 3637K, committed 3712K, reserved 1048576K
Event: 7.082 GC heap after
Heap after GC invocations=8 (full 1):
 PSYoungGen      total 159232K, used 27120K [0x000000076c700000, 0x000000077bd80000, 0x00000007c0000000)
  eden space 132096K, 0% used [0x000000076c700000,0x000000076c700000,0x0000000774800000)
  from space 27136K, 99% used [0x0000000774800000,0x000000077627c348,0x0000000776280000)
  to   space 14336K, 0% used [0x0000000776280000,0x0000000776280000,0x0000000777080000)
 ParOldGen       total 108544K, used 31778K [0x00000006c5400000, 0x00000006cbe00000, 0x000000076c700000)
  object space 108544K, 29% used [0x00000006c5400000,0x00000006c7308938,0x00000006cbe00000)
 Metaspace       used 29941K, capacity 30860K, committed 31104K, reserved 1077248K
  class space    used 3371K, capacity 3637K, committed 3712K, reserved 1048576K
}

Deoptimization events (10 events):
Event: 6.961 Thread 0x000000001f127000 Uncommon trap: reason=bimorphic action=maybe_recompile pc=0x00000000032b43c4 method=com.sun.tools.javac.comp.Attr.check(Lcom/sun/tools/javac/tree/JCTree;Lcom/sun/tools/javac/code/Type;ILcom/sun/tools/javac/comp/Attr$ResultInfo;)Lcom/sun/tools/javac/code/T
Event: 6.964 Thread 0x000000001f127000 Uncommon trap: reason=bimorphic action=maybe_recompile pc=0x0000000002ff5a00 method=com.sun.tools.javac.comp.Attr.selectSym(Lcom/sun/tools/javac/tree/JCTree$JCFieldAccess;Lcom/sun/tools/javac/code/Symbol;Lcom/sun/tools/javac/code/Type;Lcom/sun/tools/javac
Event: 6.973 Thread 0x000000001f127000 Uncommon trap: reason=class_check action=maybe_recompile pc=0x00000000030a6194 method=com.sun.tools.javac.code.Type$ClassType.isRaw()Z @ 31
Event: 6.978 Thread 0x000000001f127000 Uncommon trap: reason=bimorphic action=maybe_recompile pc=0x0000000002ff5a00 method=com.sun.tools.javac.comp.Attr.selectSym(Lcom/sun/tools/javac/tree/JCTree$JCFieldAccess;Lcom/sun/tools/javac/code/Symbol;Lcom/sun/tools/javac/code/Type;Lcom/sun/tools/javac
Event: 6.978 Thread 0x000000001f127000 Uncommon trap: reason=bimorphic action=maybe_recompile pc=0x0000000002ff5a00 method=com.sun.tools.javac.comp.Attr.selectSym(Lcom/sun/tools/javac/tree/JCTree$JCFieldAccess;Lcom/sun/tools/javac/code/Symbol;Lcom/sun/tools/javac/code/Type;Lcom/sun/tools/javac
Event: 6.979 Thread 0x000000001f127000 Uncommon trap: reason=bimorphic action=maybe_recompile pc=0x0000000002ff5a00 method=com.sun.tools.javac.comp.Attr.selectSym(Lcom/sun/tools/javac/tree/JCTree$JCFieldAccess;Lcom/sun/tools/javac/code/Symbol;Lcom/sun/tools/javac/code/Type;Lcom/sun/tools/javac
Event: 6.990 Thread 0x000000001f127000 Uncommon trap: reason=bimorphic action=maybe_recompile pc=0x00000000032b43c4 method=com.sun.tools.javac.comp.Attr.check(Lcom/sun/tools/javac/tree/JCTree;Lcom/sun/tools/javac/code/Type;ILcom/sun/tools/javac/comp/Attr$ResultInfo;)Lcom/sun/tools/javac/code/T
Event: 6.993 Thread 0x000000001f127000 Uncommon trap: reason=bimorphic action=maybe_recompile pc=0x00000000032b43c4 method=com.sun.tools.javac.comp.Attr.check(Lcom/sun/tools/javac/tree/JCTree;Lcom/sun/tools/javac/code/Type;ILcom/sun/tools/javac/comp/Attr$ResultInfo;)Lcom/sun/tools/javac/code/T
Event: 6.994 Thread 0x000000001f127000 Uncommon trap: reason=bimorphic action=maybe_recompile pc=0x00000000032b43c4 method=com.sun.tools.javac.comp.Attr.check(Lcom/sun/tools/javac/tree/JCTree;Lcom/sun/tools/javac/code/Type;ILcom/sun/tools/javac/comp/Attr$ResultInfo;)Lcom/sun/tools/javac/code/T
Event: 6.995 Thread 0x000000001f127000 Uncommon trap: reason=class_check action=maybe_recompile pc=0x00000000032c7248 method=com.sun.tools.javac.code.Types$4.visitClassType(Lcom/sun/tools/javac/code/Type$ClassType;Lcom/sun/tools/javac/code/Type;)Ljava/lang/Boolean; @ 57

Classes redefined (0 events):
No events

Internal exceptions (10 events):
Event: 5.648 Thread 0x000000001f127000 Exception <a 'java/io/FileNotFoundException'> (0x000000076ca9d458) thrown at [C:\re\workspace\8-2-build-windows-amd64-cygwin\jdk8u202\12323\hotspot\src\share\vm\prims\jni.cpp, line 710]
Event: 5.648 Thread 0x000000001f127000 Exception <a 'java/io/FileNotFoundException'> (0x000000076ca9e8c8) thrown at [C:\re\workspace\8-2-build-windows-amd64-cygwin\jdk8u202\12323\hotspot\src\share\vm\prims\jni.cpp, line 710]
Event: 5.648 Thread 0x000000001f127000 Exception <a 'java/io/FileNotFoundException'> (0x000000076ca9fd48) thrown at [C:\re\workspace\8-2-build-windows-amd64-cygwin\jdk8u202\12323\hotspot\src\share\vm\prims\jni.cpp, line 710]
Event: 5.649 Thread 0x000000001f127000 Exception <a 'java/io/FileNotFoundException'> (0x000000076caa1248) thrown at [C:\re\workspace\8-2-build-windows-amd64-cygwin\jdk8u202\12323\hotspot\src\share\vm\prims\jni.cpp, line 710]
Event: 5.649 Thread 0x000000001f127000 Exception <a 'java/io/FileNotFoundException'> (0x000000076caa2710) thrown at [C:\re\workspace\8-2-build-windows-amd64-cygwin\jdk8u202\12323\hotspot\src\share\vm\prims\jni.cpp, line 710]
Event: 5.649 Thread 0x000000001f127000 Exception <a 'java/io/FileNotFoundException'> (0x000000076caa3b48) thrown at [C:\re\workspace\8-2-build-windows-amd64-cygwin\jdk8u202\12323\hotspot\src\share\vm\prims\jni.cpp, line 710]
Event: 5.649 Thread 0x000000001f127000 Exception <a 'java/io/FileNotFoundException'> (0x000000076caa4f80) thrown at [C:\re\workspace\8-2-build-windows-amd64-cygwin\jdk8u202\12323\hotspot\src\share\vm\prims\jni.cpp, line 710]
Event: 5.649 Thread 0x000000001f127000 Exception <a 'java/io/FileNotFoundException'> (0x000000076caa63e8) thrown at [C:\re\workspace\8-2-build-windows-amd64-cygwin\jdk8u202\12323\hotspot\src\share\vm\prims\jni.cpp, line 710]
Event: 5.649 Thread 0x000000001f127000 Exception <a 'java/io/FileNotFoundException'> (0x000000076caa7898) thrown at [C:\re\workspace\8-2-build-windows-amd64-cygwin\jdk8u202\12323\hotspot\src\share\vm\prims\jni.cpp, line 710]
Event: 6.025 Thread 0x000000001f127000 Implicit null exception at 0x0000000002dcb74f to 0x0000000002dcb851

Events (10 events):
Event: 6.994 Thread 0x000000001f127000 Uncommon trap: trap_request=0xffffffc6 fr.pc=0x00000000032b43c4
Event: 6.994 Thread 0x000000001f127000 DEOPT PACKING pc=0x00000000032b43c4 sp=0x00000000211ac6e0
Event: 6.994 Thread 0x000000001f127000 DEOPT UNPACKING pc=0x0000000001e7583b sp=0x00000000211ac678 mode 2
Event: 6.995 Thread 0x000000001f127000 Uncommon trap: trap_request=0xffffffde fr.pc=0x00000000032c7248
Event: 6.995 Thread 0x000000001f127000 DEOPT PACKING pc=0x00000000032c7248 sp=0x00000000211aa1a0
Event: 6.995 Thread 0x000000001f127000 DEOPT UNPACKING pc=0x0000000001e7583b sp=0x00000000211aa0f0 mode 2
Event: 7.050 Executing VM operation: ParallelGCFailedAllocation
Event: 7.082 Executing VM operation: ParallelGCFailedAllocation done
Event: 7.082 Executing VM operation: RevokeBias
Event: 7.082 Executing VM operation: RevokeBias done


Dynamic libraries:
0x00007ff6aa790000 - 0x00007ff6aa7c7000 	C:\Program Files\Java\jdk1.8.0_202\bin\java.exe
0x00007ffa4d5d0000 - 0x00007ffa4d7c8000 	C:\Windows\SYSTEM32\ntdll.dll
0x00007ffa4b620000 - 0x00007ffa4b6df000 	C:\Windows\System32\KERNEL32.DLL
0x00007ffa4aea0000 - 0x00007ffa4b172000 	C:\Windows\System32\KERNELBASE.dll
0x00007ffa4c2d0000 - 0x00007ffa4c37e000 	C:\Windows\System32\ADVAPI32.dll
0x00007ffa4cc40000 - 0x00007ffa4ccde000 	C:\Windows\System32\msvcrt.dll
0x00007ffa4bae0000 - 0x00007ffa4bb7c000 	C:\Windows\System32\sechost.dll
0x00007ffa4c990000 - 0x00007ffa4cab5000 	C:\Windows\System32\RPCRT4.dll
0x00007ffa4cee0000 - 0x00007ffa4d07d000 	C:\Windows\System32\USER32.dll
0x00007ffa4ae20000 - 0x00007ffa4ae42000 	C:\Windows\System32\win32u.dll
0x00007ffa4d560000 - 0x00007ffa4d58b000 	C:\Windows\System32\GDI32.dll
0x00007ffa4b220000 - 0x00007ffa4b32f000 	C:\Windows\System32\gdi32full.dll
0x00007ffa4ad80000 - 0x00007ffa4ae1d000 	C:\Windows\System32\msvcp_win.dll
0x00007ffa4b330000 - 0x00007ffa4b430000 	C:\Windows\System32\ucrtbase.dll
0x00007ffa3b980000 - 0x00007ffa3bc1a000 	C:\Windows\WinSxS\amd64_microsoft.windows.common-controls_6595b64144ccf1df_6.0.19041.1110_none_60b5254171f9507e\COMCTL32.dll
0x0000000060ee0000 - 0x0000000060fb2000 	C:\Program Files\Java\jdk1.8.0_202\jre\bin\msvcr100.dll
0x0000000060630000 - 0x0000000060ed5000 	C:\Program Files\Java\jdk1.8.0_202\jre\bin\server\jvm.dll
0x00007ffa4c530000 - 0x00007ffa4c538000 	C:\Windows\System32\PSAPI.DLL
0x00007ffa2ac10000 - 0x00007ffa2ac19000 	C:\Windows\SYSTEM32\WSOCK32.dll
0x00007ffa43940000 - 0x00007ffa4394a000 	C:\Windows\SYSTEM32\VERSION.dll
0x00007ffa23140000 - 0x00007ffa23167000 	C:\Windows\SYSTEM32\WINMM.dll
0x00007ffa4d080000 - 0x00007ffa4d0eb000 	C:\Windows\System32\WS2_32.dll
0x00007ffa227e0000 - 0x00007ffa227ef000 	C:\Program Files\Java\jdk1.8.0_202\jre\bin\verify.dll
0x00007ffa227b0000 - 0x00007ffa227d9000 	C:\Program Files\Java\jdk1.8.0_202\jre\bin\java.dll
0x00007ffa22720000 - 0x00007ffa22736000 	C:\Program Files\Java\jdk1.8.0_202\jre\bin\zip.dll
0x00007ffa4bb80000 - 0x00007ffa4c2c3000 	C:\Windows\System32\SHELL32.dll
0x00007ffa48d30000 - 0x00007ffa494c2000 	C:\Windows\SYSTEM32\windows.storage.dll
0x00007ffa4c540000 - 0x00007ffa4c894000 	C:\Windows\System32\combase.dll
0x00007ffa4a570000 - 0x00007ffa4a5a0000 	C:\Windows\SYSTEM32\Wldp.dll
0x00007ffa4cac0000 - 0x00007ffa4cb6d000 	C:\Windows\System32\SHCORE.dll
0x00007ffa4c400000 - 0x00007ffa4c455000 	C:\Windows\System32\shlwapi.dll
0x00007ffa4ac10000 - 0x00007ffa4ac2f000 	C:\Windows\SYSTEM32\profapi.dll
0x00007ffa1ec20000 - 0x00007ffa1ec3a000 	C:\Program Files\Java\jdk1.8.0_202\jre\bin\net.dll
0x00007ffa3cbb0000 - 0x00007ffa3cd9d000 	C:\Windows\SYSTEM32\urlmon.dll
0x00007ffa3cb80000 - 0x00007ffa3cba8000 	C:\Windows\SYSTEM32\srvcli.dll
0x00007ffa4a170000 - 0x00007ffa4a17c000 	C:\Windows\SYSTEM32\netutils.dll
0x00007ffa3cf10000 - 0x00007ffa3d1c1000 	C:\Windows\SYSTEM32\iertutil.dll
0x00007ffa4a350000 - 0x00007ffa4a3ba000 	C:\Windows\system32\mswsock.dll
0x00007ffa1e620000 - 0x00007ffa1e632000 	C:\Program Files\Java\jdk1.8.0_202\jre\bin\nio.dll
0x00007ff9fd670000 - 0x00007ff9fd809000 	C:\Program Files\Java\jdk1.8.0_202\jre\bin\awt.dll
0x00007ffa4c460000 - 0x00007ffa4c52d000 	C:\Windows\System32\OLEAUT32.dll
0x00007ffa47f80000 - 0x00007ffa48011000 	C:\Windows\SYSTEM32\apphelp.dll
0x0000000069ac0000 - 0x0000000069ae4000 	C:\Windows\Temp\jansi-2.4.0-929775fc84fd0c86-jansi.dll

VM Arguments:
java_command: jenkins.maven3.agent.Maven35Main C:\Program Files\apache-maven-3.8.6 C:\ProgramData\Jenkins\war\WEB-INF\lib\remoting-4.13.2.jar C:\ProgramData\Jenkins\.jenkins\plugins\maven-plugin\WEB-INF\lib\maven35-interceptor-1.14.jar C:\ProgramData\Jenkins\.jenkins\plugins\maven-plugin\WEB-INF\lib\maven3-interceptor-commons-1.14.jar 55383
java_class_path (initial): C:\ProgramData\Jenkins\.jenkins\plugins\maven-plugin\WEB-INF\lib\maven35-agent-1.14.jar;C:\Program Files\apache-maven-3.8.6\boot\plexus-classworlds-2.6.0.jar;C:\Program Files\apache-maven-3.8.6/conf/logging
Launcher Type: SUN_STANDARD

Environment Variables:
JAVA_HOME=C:\Program Files\Java\jdk1.8.0_202
PATH=C:\Program Files\apache-maven-3.8.6/bin;C:\Program Files\Java\jdk1.8.0_202/bin;C:\Program Files\Java\jdk1.8.0_202/bin;C:\Program Files (x86)\Common Files\Oracle\Java\javapath;C:\Windows\system32;C:\Windows;C:\Windows\System32\Wbem;C:\Windows\System32\WindowsPowerShell\v1.0\;C:\Windows\System32\OpenSSH\;C:\Program Files\nodejs\;C:\Program Files\Git\cmd;C:\Program Files\apache-maven-3.8.6\bin;C:\Windows\system32\config\systemprofile\AppData\Local\Microsoft\WindowsApps
USERNAME=DESKTOP-077G3EM$
OS=Windows_NT
PROCESSOR_IDENTIFIER=Intel64 Family 6 Model 140 Stepping 1, GenuineIntel



---------------  S Y S T E M  ---------------

OS: Windows 10.0 , 64 bit Build 19041 (10.0.19041.2251)

CPU:total 8 (initial active 8) (4 cores per cpu, 2 threads per core) family 6 model 140 stepping 1, cmov, cx8, fxsr, mmx, sse, sse2, sse3, ssse3, sse4.1, sse4.2, popcnt, avx, avx2, aes, clmul, erms, 3dnowpref, lzcnt, ht, tsc, tscinvbit, bmi1, bmi2, adx

Memory: 4k page, physical 16428308k(1669156k free), swap 16428308k(6240k free)

vm_info: Java HotSpot(TM) 64-Bit Server VM (25.202-b08) for windows-amd64 JRE (1.8.0_202-b08), built on Dec 15 2018 19:54:30 by "java_re" with MS VC++ 10.0 (VS2010)

time: Tue Dec 06 13:25:03 2022
timezone: India Standard Time
elapsed time: 7 seconds (0d 0h 0m 7s)

