#
# There is insufficient memory for the Java Runtime Environment to continue.
# Native memory allocation (malloc) failed to allocate 381776 bytes for Chunk::new
# Possible reasons:
#   The system is out of physical RAM or swap space
#   The process is running with CompressedOops enabled, and the Java Heap may be blocking the growth of the native heap
# Possible solutions:
#   Reduce memory load on the system
#   Increase physical memory or swap space
#   Check if swap backing store is full
#   Decrease Java heap size (-Xmx/-Xms)
#   Decrease number of Java threads
#   Decrease Java thread stack sizes (-Xss)
#   Set larger code cache with -XX:ReservedCodeCacheSize=
#   JVM is running with Zero Based Compressed Oops mode in which the Java heap is
#     placed in the first 32GB address space. The Java Heap base address is the
#     maximum limit for the native heap growth. Please use -XX:HeapBaseMinAddress
#     to set the Java Heap base and to place the Java Heap above 32GB virtual address.
# This output file may be truncated or incomplete.
#
#  Out of Memory Error (allocation.cpp:389), pid=15320, tid=0x0000000000002038
#
# JRE version: Java(TM) SE Runtime Environment (8.0_202-b08) (build 1.8.0_202-b08)
# Java VM: Java HotSpot(TM) 64-Bit Server VM (25.202-b08 mixed mode windows-amd64 compressed oops)
# Failed to write core dump. Minidumps are not enabled by default on client versions of Windows
#

---------------  T H R E A D  ---------------

Current thread (0x000000001e24d000):  JavaThread "C2 CompilerThread2" daemon [_thread_in_native, id=8248, stack(0x000000001ed00000,0x000000001ee00000)]

Stack: [0x000000001ed00000,0x000000001ee00000]
[error occurred during error reporting (printing stack bounds), id 0xc0000005]

Native frames: (J=compiled Java code, j=interpreted, Vv=VM code, C=native code)


Current CompileTask:
C2:   1167 1083       4       java.net.URLStreamHandler::parseURL (1193 bytes)


---------------  P R O C E S S  ---------------

Java Threads: ( => current thread )
  0x0000000020723000 JavaThread "ReaderThread" [_thread_in_native, id=6132, stack(0x0000000020e40000,0x0000000020f40000)]
  0x000000001e2ec800 JavaThread "Service Thread" daemon [_thread_blocked, id=3368, stack(0x000000001ef00000,0x000000001f000000)]
  0x000000001e255800 JavaThread "C1 CompilerThread3" daemon [_thread_blocked, id=12672, stack(0x000000001ee00000,0x000000001ef00000)]
=>0x000000001e24d000 JavaThread "C2 CompilerThread2" daemon [_thread_in_native, id=8248, stack(0x000000001ed00000,0x000000001ee00000)]
  0x000000001e240000 JavaThread "C2 CompilerThread1" daemon [_thread_in_native, id=5964, stack(0x000000001ec00000,0x000000001ed00000)]
  0x000000001e23c800 JavaThread "C2 CompilerThread0" daemon [_thread_in_native, id=8724, stack(0x000000001eb00000,0x000000001ec00000)]
  0x000000001e23b000 JavaThread "Attach Listener" daemon [_thread_blocked, id=6444, stack(0x000000001ea00000,0x000000001eb00000)]
  0x000000001e23a000 JavaThread "Signal Dispatcher" daemon [_thread_blocked, id=14656, stack(0x000000001e900000,0x000000001ea00000)]
  0x000000001c417800 JavaThread "Finalizer" daemon [_thread_blocked, id=12616, stack(0x000000001e700000,0x000000001e800000)]
  0x000000001e220800 JavaThread "Reference Handler" daemon [_thread_blocked, id=16920, stack(0x000000001e600000,0x000000001e700000)]
  0x0000000002b0a000 JavaThread "main" [_thread_in_Java, id=14312, stack(0x0000000002a00000,0x0000000002b00000)]

Other Threads:
  0x000000001c408800 VMThread [stack: 0x000000001e100000,0x000000001e200000] [id=15808]
  0x000000001e296000 WatcherThread [stack: 0x000000001f000000,0x000000001f100000] [id=11564]

VM state:not at safepoint (normal execution)

VM Mutex/Monitor currently owned by a thread: None

heap address: 0x00000006c5400000, size: 4012 MB, Compressed Oops mode: Zero based, Oop shift amount: 3
Narrow klass base: 0x0000000000000000, Narrow klass shift: 3
Compressed class space size: 1073741824 Address: 0x00000007c0000000

Heap:
 PSYoungGen      total 75264K, used 33100K [0x000000076c700000, 0x0000000775a00000, 0x00000007c0000000)
  eden space 64512K, 41% used [0x000000076c700000,0x000000076e0db090,0x0000000770600000)
  from space 10752K, 61% used [0x0000000771080000,0x00000007716f82f8,0x0000000771b00000)
  to   space 10752K, 0% used [0x0000000770600000,0x0000000770600000,0x0000000771080000)
 ParOldGen       total 172032K, used 88K [0x00000006c5400000, 0x00000006cfc00000, 0x000000076c700000)
  object space 172032K, 0% used [0x00000006c5400000,0x00000006c5416010,0x00000006cfc00000)
 Metaspace       used 16535K, capacity 16806K, committed 16896K, reserved 1064960K
  class space    used 1952K, capacity 2038K, committed 2048K, reserved 1048576K

Card table byte_map: [0x0000000011fc0000,0x00000000127a0000] byte_map_base: 0x000000000e996000

Marking Bits: (ParMarkBitMap*) 0x00000000598c5ce0
 Begin Bits: [0x00000000134e0000, 0x0000000017390000)
 End Bits:   [0x0000000017390000, 0x000000001b240000)

Polling page: 0x00000000028e0000

CodeCache: size=245760Kb used=4008Kb max_used=4008Kb free=241751Kb
 bounds [0x0000000002c00000, 0x0000000002ff0000, 0x0000000011c00000]
 total_blobs=1482 nmethods=1114 adapters=281
 compilation: enabled

Compilation events (10 events):
Event: 1.160 Thread 0x000000001e255800 1111       3       java.util.ArrayList::toArray (60 bytes)
Event: 1.161 Thread 0x000000001e255800 nmethod 1111 0x0000000002fe77d0 code [0x0000000002fe7960, 0x0000000002fe7f18]
Event: 1.162 Thread 0x000000001e240000 1112       4       java.io.DataOutputStream::writeShort (35 bytes)
Event: 1.163 Thread 0x000000001e255800 1115       3       java.lang.Class$MethodArray::add (72 bytes)
Event: 1.164 Thread 0x000000001e255800 nmethod 1115 0x0000000002fe8050 code [0x0000000002fe8200, 0x0000000002fe8b38]
Event: 1.164 Thread 0x000000001e255800 1116       3       sun.misc.ProxyGenerator::getParameterDescriptors (47 bytes)
Event: 1.164 Thread 0x000000001e255800 nmethod 1116 0x0000000002fe8dd0 code [0x0000000002fe9020, 0x0000000002fe9e18]
Event: 1.165 Thread 0x000000001e255800 1117       1       java.lang.AbstractStringBuilder::length (5 bytes)
Event: 1.165 Thread 0x000000001e255800 nmethod 1117 0x0000000002fea650 code [0x0000000002fea7a0, 0x0000000002fea8b0]
Event: 1.167 Thread 0x000000001e255800 1118       3       java.lang.Class::newReflectionData (74 bytes)

GC Heap History (4 events):
Event: 0.812 GC heap before
{Heap before GC invocations=1 (full 0):
 PSYoungGen      total 75264K, used 64512K [0x000000076c700000, 0x0000000771b00000, 0x00000007c0000000)
  eden space 64512K, 100% used [0x000000076c700000,0x0000000770600000,0x0000000770600000)
  from space 10752K, 0% used [0x0000000771080000,0x0000000771080000,0x0000000771b00000)
  to   space 10752K, 0% used [0x0000000770600000,0x0000000770600000,0x0000000771080000)
 ParOldGen       total 172032K, used 0K [0x00000006c5400000, 0x00000006cfc00000, 0x000000076c700000)
  object space 172032K, 0% used [0x00000006c5400000,0x00000006c5400000,0x00000006cfc00000)
 Metaspace       used 11377K, capacity 11532K, committed 11648K, reserved 1058816K
  class space    used 1252K, capacity 1312K, committed 1408K, reserved 1048576K
Event: 0.815 GC heap after
Heap after GC invocations=1 (full 0):
 PSYoungGen      total 75264K, used 6819K [0x000000076c700000, 0x0000000771b00000, 0x00000007c0000000)
  eden space 64512K, 0% used [0x000000076c700000,0x000000076c700000,0x0000000770600000)
  from space 10752K, 63% used [0x0000000770600000,0x0000000770ca8df0,0x0000000771080000)
  to   space 10752K, 0% used [0x0000000771080000,0x0000000771080000,0x0000000771b00000)
 ParOldGen       total 172032K, used 80K [0x00000006c5400000, 0x00000006cfc00000, 0x000000076c700000)
  object space 172032K, 0% used [0x00000006c5400000,0x00000006c5414010,0x00000006cfc00000)
 Metaspace       used 11377K, capacity 11532K, committed 11648K, reserved 1058816K
  class space    used 1252K, capacity 1312K, committed 1408K, reserved 1048576K
}
Event: 1.052 GC heap before
{Heap before GC invocations=2 (full 0):
 PSYoungGen      total 75264K, used 71331K [0x000000076c700000, 0x0000000771b00000, 0x00000007c0000000)
  eden space 64512K, 100% used [0x000000076c700000,0x0000000770600000,0x0000000770600000)
  from space 10752K, 63% used [0x0000000770600000,0x0000000770ca8df0,0x0000000771080000)
  to   space 10752K, 0% used [0x0000000771080000,0x0000000771080000,0x0000000771b00000)
 ParOldGen       total 172032K, used 80K [0x00000006c5400000, 0x00000006cfc00000, 0x000000076c700000)
  object space 172032K, 0% used [0x00000006c5400000,0x00000006c5414010,0x00000006cfc00000)
 Metaspace       used 15075K, capacity 15292K, committed 15488K, reserved 1062912K
  class space    used 1780K, capacity 1862K, committed 1920K, reserved 1048576K
Event: 1.057 GC heap after
Heap after GC invocations=2 (full 0):
 PSYoungGen      total 75264K, used 6624K [0x000000076c700000, 0x0000000775a00000, 0x00000007c0000000)
  eden space 64512K, 0% used [0x000000076c700000,0x000000076c700000,0x0000000770600000)
  from space 10752K, 61% used [0x0000000771080000,0x00000007716f82f8,0x0000000771b00000)
  to   space 10752K, 0% used [0x0000000770600000,0x0000000770600000,0x0000000771080000)
 ParOldGen       total 172032K, used 88K [0x00000006c5400000, 0x00000006cfc00000, 0x000000076c700000)
  object space 172032K, 0% used [0x00000006c5400000,0x00000006c5416010,0x00000006cfc00000)
 Metaspace       used 15075K, capacity 15292K, committed 15488K, reserved 1062912K
  class space    used 1780K, capacity 1862K, committed 1920K, reserved 1048576K
}

Deoptimization events (6 events):
Event: 0.122 Thread 0x0000000002b0a000 Uncommon trap: reason=unstable_if action=reinterpret pc=0x0000000002d13374 method=java.lang.String.hashCode()I @ 14
Event: 0.395 Thread 0x0000000002b0a000 Uncommon trap: reason=unstable_if action=reinterpret pc=0x0000000002d5c434 method=java.lang.String.indexOf([CII[CIII)I @ 3
Event: 0.580 Thread 0x0000000002b0a000 Uncommon trap: reason=unstable_if action=reinterpret pc=0x0000000002e6edc8 method=java.io.WinNTFileSystem.normalize(Ljava/lang/String;)Ljava/lang/String; @ 128
Event: 1.109 Thread 0x0000000002b0a000 Uncommon trap: reason=unstable_if action=reinterpret pc=0x0000000002eb63ac method=sun.misc.MetaIndex.mayContain(Ljava/lang/String;)Z @ 38
Event: 1.130 Thread 0x0000000002b0a000 Uncommon trap: reason=range_check action=make_not_entrant pc=0x0000000002f7a3e8 method=sun.reflect.generics.parser.SignatureParser.current()C @ 34
Event: 1.157 Thread 0x0000000002b0a000 Uncommon trap: reason=unstable_if action=reinterpret pc=0x0000000002f87d14 method=java.lang.String.regionMatches(ZILjava/lang/String;II)Z @ 123

Classes redefined (0 events):
No events

Internal exceptions (10 events):
Event: 0.316 Thread 0x0000000002b0a000 Exception <a 'java/lang/NoSuchFieldError': method resolution failed> (0x000000076d45dcf0) thrown at [C:\re\workspace\8-2-build-windows-amd64-cygwin\jdk8u202\12323\hotspot\src\share\vm\prims\methodHandles.cpp, line 1167]
Event: 0.318 Thread 0x0000000002b0a000 Exception <a 'java/lang/NoSuchFieldError': method resolution failed> (0x000000076d46b2e8) thrown at [C:\re\workspace\8-2-build-windows-amd64-cygwin\jdk8u202\12323\hotspot\src\share\vm\prims\methodHandles.cpp, line 1167]
Event: 1.130 Thread 0x0000000002b0a000 Exception <a 'java/lang/ArrayIndexOutOfBoundsException': 110> (0x000000076d84d6a8) thrown at [C:\re\workspace\8-2-build-windows-amd64-cygwin\jdk8u202\12323\hotspot\src\share\vm\interpreter\interpreterRuntime.cpp, line 368]
Event: 1.130 Thread 0x0000000002b0a000 Exception <a 'java/lang/ArrayIndexOutOfBoundsException': 40> (0x000000076d84e588) thrown at [C:\re\workspace\8-2-build-windows-amd64-cygwin\jdk8u202\12323\hotspot\src\share\vm\interpreter\interpreterRuntime.cpp, line 368]
Event: 1.130 Thread 0x0000000002b0a000 Exception <a 'java/lang/ArrayIndexOutOfBoundsException': 110> (0x000000076d84fbb8) thrown at [C:\re\workspace\8-2-build-windows-amd64-cygwin\jdk8u202\12323\hotspot\src\share\vm\interpreter\interpreterRuntime.cpp, line 368]
Event: 1.130 Thread 0x0000000002b0a000 Exception <a 'java/lang/ArrayIndexOutOfBoundsException': 107> (0x000000076d851418) thrown at [C:\re\workspace\8-2-build-windows-amd64-cygwin\jdk8u202\12323\hotspot\src\share\vm\interpreter\interpreterRuntime.cpp, line 368]
Event: 1.130 Thread 0x0000000002b0a000 Exception <a 'java/lang/ArrayIndexOutOfBoundsException': 104> (0x000000076d852c58) thrown at [C:\re\workspace\8-2-build-windows-amd64-cygwin\jdk8u202\12323\hotspot\src\share\vm\interpreter\interpreterRuntime.cpp, line 368]
Event: 1.130 Thread 0x0000000002b0a000 Exception <a 'java/lang/ArrayIndexOutOfBoundsException': 90> (0x000000076d8542f8) thrown at [C:\re\workspace\8-2-build-windows-amd64-cygwin\jdk8u202\12323\hotspot\src\share\vm\interpreter\interpreterRuntime.cpp, line 368]
Event: 1.130 Thread 0x0000000002b0a000 Exception <a 'java/lang/ArrayIndexOutOfBoundsException': 109> (0x000000076d855ab8) thrown at [C:\re\workspace\8-2-build-windows-amd64-cygwin\jdk8u202\12323\hotspot\src\share\vm\interpreter\interpreterRuntime.cpp, line 368]
Event: 1.131 Thread 0x0000000002b0a000 Exception <a 'java/lang/ArrayIndexOutOfBoundsException': 90> (0x000000076d857108) thrown at [C:\re\workspace\8-2-build-windows-amd64-cygwin\jdk8u202\12323\hotspot\src\share\vm\interpreter\interpreterRuntime.cpp, line 368]

Events (10 events):
Event: 1.157 Thread 0x0000000002b0a000 DEOPT PACKING pc=0x0000000002f87d14 sp=0x0000000002afd6b0
Event: 1.157 Thread 0x0000000002b0a000 DEOPT UNPACKING pc=0x0000000002c4583b sp=0x0000000002afd5b0 mode 2
Event: 1.161 loading class com/epam/ta/reportportal/ws/model/log/SaveLogRQ
Event: 1.161 loading class com/epam/ta/reportportal/ws/model/log/SaveLogRQ done
Event: 1.161 loading class org/apache/logging/log4j/core/config/plugins/PluginFactory
Event: 1.161 loading class org/apache/logging/log4j/core/config/plugins/PluginFactory done
Event: 1.162 loading class org/apache/logging/log4j/core/config/plugins/PluginAttribute
Event: 1.162 loading class org/apache/logging/log4j/core/config/plugins/PluginAttribute done
Event: 1.164 loading class org/apache/logging/log4j/core/config/plugins/visitors/PluginAttributeVisitor
Event: 1.164 loading class org/apache/logging/log4j/core/config/plugins/visitors/PluginAttributeVisitor done


Dynamic libraries:
0x00007ff7986c0000 - 0x00007ff7986f7000 	C:\Program Files\Java\jdk1.8.0_202\bin\javaw.exe
0x00007ffddb3d0000 - 0x00007ffddb5c8000 	C:\Windows\SYSTEM32\ntdll.dll
0x00007ffddb230000 - 0x00007ffddb2ef000 	C:\Windows\System32\KERNEL32.DLL
0x00007ffdd8fa0000 - 0x00007ffdd9272000 	C:\Windows\System32\KERNELBASE.dll
0x00007ffdd9a70000 - 0x00007ffdd9b1e000 	C:\Windows\System32\ADVAPI32.dll
0x00007ffddb2f0000 - 0x00007ffddb38e000 	C:\Windows\System32\msvcrt.dll
0x00007ffddac80000 - 0x00007ffddad1c000 	C:\Windows\System32\sechost.dll
0x00007ffddae00000 - 0x00007ffddaf25000 	C:\Windows\System32\RPCRT4.dll
0x00007ffdda190000 - 0x00007ffdda331000 	C:\Windows\System32\USER32.dll
0x00007ffdd93e0000 - 0x00007ffdd9402000 	C:\Windows\System32\win32u.dll
0x00007ffddab20000 - 0x00007ffddab4b000 	C:\Windows\System32\GDI32.dll
0x00007ffdd8b40000 - 0x00007ffdd8c4f000 	C:\Windows\System32\gdi32full.dll
0x00007ffdd8cc0000 - 0x00007ffdd8d5d000 	C:\Windows\System32\msvcp_win.dll
0x00007ffdd8df0000 - 0x00007ffdd8ef0000 	C:\Windows\System32\ucrtbase.dll
0x00007ffdc2990000 - 0x00007ffdc2c2a000 	C:\Windows\WinSxS\amd64_microsoft.windows.common-controls_6595b64144ccf1df_6.0.19041.1110_none_60b5254171f9507e\COMCTL32.dll
0x00007ffddafe0000 - 0x00007ffddb012000 	C:\Windows\System32\IMM32.DLL
0x0000000059950000 - 0x0000000059a22000 	C:\Program Files\Java\jdk1.8.0_202\jre\bin\msvcr100.dll
0x00000000590a0000 - 0x0000000059945000 	C:\Program Files\Java\jdk1.8.0_202\jre\bin\server\jvm.dll
0x00007ffdd9520000 - 0x00007ffdd9528000 	C:\Windows\System32\PSAPI.DLL
0x00007ffdb6e60000 - 0x00007ffdb6e69000 	C:\Windows\SYSTEM32\WSOCK32.dll
0x00007ffdb3690000 - 0x00007ffdb36b7000 	C:\Windows\SYSTEM32\WINMM.dll
0x00007ffdd1b80000 - 0x00007ffdd1b8a000 	C:\Windows\SYSTEM32\VERSION.dll
0x00007ffdd9ff0000 - 0x00007ffdda05b000 	C:\Windows\System32\WS2_32.dll
0x00007ffdb1540000 - 0x00007ffdb154f000 	C:\Program Files\Java\jdk1.8.0_202\jre\bin\verify.dll
0x00007ffdb14a0000 - 0x00007ffdb14c9000 	C:\Program Files\Java\jdk1.8.0_202\jre\bin\java.dll
0x00007ffdb1480000 - 0x00007ffdb1496000 	C:\Program Files\Java\jdk1.8.0_202\jre\bin\zip.dll
0x00007ffdda340000 - 0x00007ffddaa84000 	C:\Windows\System32\SHELL32.dll
0x00007ffdd6b20000 - 0x00007ffdd72b2000 	C:\Windows\SYSTEM32\windows.storage.dll
0x00007ffdd9710000 - 0x00007ffdd9a65000 	C:\Windows\System32\combase.dll
0x00007ffdd8360000 - 0x00007ffdd8390000 	C:\Windows\SYSTEM32\Wldp.dll
0x00007ffdd9470000 - 0x00007ffdd951d000 	C:\Windows\System32\SHCORE.dll
0x00007ffddb020000 - 0x00007ffddb075000 	C:\Windows\System32\shlwapi.dll
0x00007ffdd8a00000 - 0x00007ffdd8a1f000 	C:\Windows\SYSTEM32\profapi.dll
0x00007ffdaf9d0000 - 0x00007ffdaf9ea000 	C:\Program Files\Java\jdk1.8.0_202\jre\bin\net.dll
0x00007ffdc3f10000 - 0x00007ffdc40fd000 	C:\Windows\SYSTEM32\urlmon.dll
0x00007ffdc4260000 - 0x00007ffdc4511000 	C:\Windows\SYSTEM32\iertutil.dll
0x00007ffdd7f60000 - 0x00007ffdd7f6c000 	C:\Windows\SYSTEM32\netutils.dll
0x00007ffdc3ee0000 - 0x00007ffdc3f08000 	C:\Windows\SYSTEM32\srvcli.dll
0x00007ffdd8140000 - 0x00007ffdd81aa000 	C:\Windows\system32\mswsock.dll
0x00007ffdd7e90000 - 0x00007ffdd7f5a000 	C:\Windows\SYSTEM32\DNSAPI.dll
0x00007ffdd7e50000 - 0x00007ffdd7e8b000 	C:\Windows\SYSTEM32\IPHLPAPI.DLL
0x00007ffddad20000 - 0x00007ffddad28000 	C:\Windows\System32\NSI.dll
0x00007ffdd18c0000 - 0x00007ffdd18ca000 	C:\Windows\System32\rasadhlp.dll
0x00007ffdd0db0000 - 0x00007ffdd0e30000 	C:\Windows\System32\fwpuclnt.dll
0x00007ffdd8b10000 - 0x00007ffdd8b37000 	C:\Windows\System32\bcrypt.dll
0x00007ffdd83a0000 - 0x00007ffdd83b8000 	C:\Windows\SYSTEM32\CRYPTSP.dll
0x00007ffdd7a80000 - 0x00007ffdd7ab4000 	C:\Windows\system32\rsaenh.dll
0x00007ffdd89c0000 - 0x00007ffdd89ee000 	C:\Windows\SYSTEM32\USERENV.dll
0x00007ffdd8d60000 - 0x00007ffdd8de2000 	C:\Windows\System32\bcryptprimitives.dll
0x00007ffdd82d0000 - 0x00007ffdd82dc000 	C:\Windows\SYSTEM32\CRYPTBASE.dll
0x00007ffdd19a0000 - 0x00007ffdd19b7000 	C:\Windows\SYSTEM32\dhcpcsvc6.DLL
0x00007ffdd1a50000 - 0x00007ffdd1a6d000 	C:\Windows\SYSTEM32\dhcpcsvc.DLL
0x00007ffdb0530000 - 0x00007ffdb0542000 	C:\Program Files\Java\jdk1.8.0_202\jre\bin\nio.dll
0x00007ffdb0500000 - 0x00007ffdb050d000 	C:\Program Files\Java\jdk1.8.0_202\jre\bin\management.dll
0x00007ffdb0670000 - 0x00007ffdb0687000 	C:\Windows\system32\napinsp.dll
0x00007ffdb0620000 - 0x00007ffdb063b000 	C:\Windows\system32\pnrpnsp.dll
0x00007ffdb04d0000 - 0x00007ffdb04e5000 	C:\Windows\system32\wshbth.dll
0x00007ffdd3e40000 - 0x00007ffdd3e5d000 	C:\Windows\system32\NLAapi.dll
0x00007ffdb0380000 - 0x00007ffdb0392000 	C:\Windows\System32\winrnr.dll

VM Arguments:
jvm_args: -ea -Dfile.encoding=UTF-8 
java_command: org.testng.remote.RemoteTestNG -serport 62644 -protocol json -d D:\RingPay\RingPay_APIAutomation\modified_updated\test-output D:\RingPay\RingPay_APIAutomation\modified_updated\Demo.xml
java_class_path (initial): C:\Users\IGS0425\eclipse\java-2022-06\eclipse\configuration\org.eclipse.osgi\447\0\.cp\lib\testng-remote.jar;D:\RingPay\RingPay_APIAutomation\modified_updated\target\test-classes;D:\RingPay\RingPay_APIAutomation\modified_updated\target\classes;C:\Users\IGS0425\.m2\repository\io\appium\java-client\7.2.0\java-client-7.2.0.jar;C:\Users\IGS0425\.m2\repository\org\seleniumhq\selenium\selenium-support\3.141.59\selenium-support-3.141.59.jar;C:\Users\IGS0425\.m2\repository\org\seleniumhq\selenium\selenium-api\3.141.59\selenium-api-3.141.59.jar;C:\Users\IGS0425\.m2\repository\com\google\code\gson\gson\2.8.5\gson-2.8.5.jar;C:\Users\IGS0425\.m2\repository\org\apache\httpcomponents\httpclient\4.5.9\httpclient-4.5.9.jar;C:\Users\IGS0425\.m2\repository\cglib\cglib\3.2.12\cglib-3.2.12.jar;C:\Users\IGS0425\.m2\repository\org\ow2\asm\asm\7.1\asm-7.1.jar;C:\Users\IGS0425\.m2\repository\commons-io\commons-io\2.6\commons-io-2.6.jar;C:\Users\IGS0425\.m2\repository\org\springframework\spring-context\5.1.8.RELEASE\spring-context-5.1.8.RELEASE.jar;C:\Users\IGS0425\.m2\repository\org\springframework\spring-aop\5.1.8.RELEASE\spring-aop-5.1.8.RELEASE.jar;C:\Users\IGS0425\.m2\repository\org\springframework\spring-beans\5.1.8.RELEASE\spring-beans-5.1.8.RELEASE.jar;C:\Users\IGS0425\.m2\repository\org\springframework\spring-core\5.1.8.RELEASE\spring-core-5.1.8.RELEASE.jar;C:\Users\IGS0425\.m2\repository\org\springframework\spring-jcl\5.1.8.RELEASE\spring-jcl-5.1.8.RELEASE.jar;C:\Users\IGS0425\.m2\repository\org\springframework\spring-expression\5.1.8.RELEASE\spring-expression-5.1.8.RELEASE.jar;C:\Users\IGS0425\.m2\repository\org\aspectj\aspectjweaver\1.9.4\aspectjweaver-1.9.4.jar;C:\Users\IGS0425\.m2\repository\org\slf4j\slf4j-api\1.7.26\slf4j-api-1.7.26.jar;C:\Users\IGS0425\.m2\repository\org\seleniumhq\selenium\selenium-java\3.141.59\selenium-java-3.141.59.jar;C:\Users\IGS0425\.m2\repository\org\seleniumhq\selenium\selenium-chrome-driver\3.141.59\selenium-chrome-dri
Launcher Type: SUN_STANDARD

Environment Variables:
JAVA_HOME=C:\Program Files\Java\jdk1.8.0_202
PATH=C:/Users/IGS0425/.p2/pool/plugins/org.eclipse.justj.openjdk.hotspot.jre.full.win32.x86_64_17.0.3.v20220515-1416/jre/bin/server;C:/Users/IGS0425/.p2/pool/plugins/org.eclipse.justj.openjdk.hotspot.jre.full.win32.x86_64_17.0.3.v20220515-1416/jre/bin;C:\Program Files (x86)\Common Files\Oracle\Java\javapath;C:\Windows\system32;C:\Windows;C:\Windows\System32\Wbem;C:\Windows\System32\WindowsPowerShell\v1.0\;C:\Windows\System32\OpenSSH\;C:\Program Files\nodejs\;C:\Program Files\Git\cmd;C:\Program Files\apache-maven-3.8.6\bin;C:\allure-2.20.1\bin;C:\Users\IGS0425\AppData\Local\Microsoft\WindowsApps;C:\Program Files\JetBrains\IntelliJ IDEA Community Edition 2022.1.3\bin;;C:\Users\IGS0425\AppData\Roaming\npm;C:\Program Files\Java\jdk1.8.0_202\bin;;C:\Windows\System32;
USERNAME=IGS0425
OS=Windows_NT
PROCESSOR_IDENTIFIER=Intel64 Family 6 Model 140 Stepping 1, GenuineIntel



---------------  S Y S T E M  ---------------

OS: Windows 10.0 , 64 bit Build 19041 (10.0.19041.2364)

CPU:total 8 (initial active 8) (4 cores per cpu, 2 threads per core) family 6 model 140 stepping 1, cmov, cx8, fxsr, mmx, sse, sse2, sse3, ssse3, sse4.1, sse4.2, popcnt, avx, avx2, aes, clmul, erms, 3dnowpref, lzcnt, ht, tsc, tscinvbit, bmi1, bmi2, adx

Memory: 4k page, physical 16428308k(1732352k free), swap 16428308k(5144k free)

vm_info: Java HotSpot(TM) 64-Bit Server VM (25.202-b08) for windows-amd64 JRE (1.8.0_202-b08), built on Dec 15 2018 19:54:30 by "java_re" with MS VC++ 10.0 (VS2010)

time: Fri Jan 27 13:05:23 2023
timezone: India Standard Time
elapsed time: 1 seconds (0d 0h 0m 1s)

