#
# There is insufficient memory for the Java Runtime Environment to continue.
# Native memory allocation (malloc) failed to allocate 1059312 bytes for Chunk::new
# Possible reasons:
#   The system is out of physical RAM or swap space
#   The process is running with CompressedOops enabled, and the Java Heap may be blocking the growth of the native heap
# Possible solutions:
#   Reduce memory load on the system
#   Increase physical memory or swap space
#   Check if swap backing store is full
#   Decrease Java heap size (-Xmx/-Xms)
#   Decrease number of Java threads
#   Decrease Java thread stack sizes (-Xss)
#   Set larger code cache with -XX:ReservedCodeCacheSize=
#   JVM is running with Zero Based Compressed Oops mode in which the Java heap is
#     placed in the first 32GB address space. The Java Heap base address is the
#     maximum limit for the native heap growth. Please use -XX:HeapBaseMinAddress
#     to set the Java Heap base and to place the Java Heap above 32GB virtual address.
# This output file may be truncated or incomplete.
#
#  Out of Memory Error (allocation.cpp:389), pid=1004, tid=0x0000000000003880
#
# JRE version: Java(TM) SE Runtime Environment (8.0_202-b08) (build 1.8.0_202-b08)
# Java VM: Java HotSpot(TM) 64-Bit Server VM (25.202-b08 mixed mode windows-amd64 compressed oops)
# Failed to write core dump. Minidumps are not enabled by default on client versions of Windows
#

---------------  T H R E A D  ---------------

Current thread (0x000000001dfca800):  JavaThread "C2 CompilerThread0" daemon [_thread_in_native, id=14464, stack(0x000000001e890000,0x000000001e990000)]

Stack: [0x000000001e890000,0x000000001e990000]
[error occurred during error reporting (printing stack bounds), id 0xc0000005]

Native frames: (J=compiled Java code, j=interpreted, Vv=VM code, C=native code)


Current CompileTask:
C2:  42551 9110       4       java.security.SecureClassLoader::defineClass (16 bytes)


---------------  P R O C E S S  ---------------

Java Threads: ( => current thread )
  0x000000002063e000 JavaThread "OkHttp ConnectionPool" daemon [_thread_blocked, id=12096, stack(0x0000000028690000,0x0000000028790000)]
  0x000000002063b800 JavaThread "OkHttp ConnectionPool" daemon [_thread_blocked, id=16012, stack(0x0000000028590000,0x0000000028690000)]
  0x000000002063d000 JavaThread "OkHttp ConnectionPool" daemon [_thread_blocked, id=11612, stack(0x0000000028290000,0x0000000028390000)]
  0x0000000020634000 JavaThread "OkHttp ConnectionPool" daemon [_thread_blocked, id=13792, stack(0x0000000027f90000,0x0000000028090000)]
  0x000000002063a000 JavaThread "OkHttp ConnectionPool" daemon [_thread_blocked, id=11136, stack(0x0000000027e90000,0x0000000027f90000)]
  0x0000000020639800 JavaThread "OkHttp ConnectionPool" daemon [_thread_blocked, id=15580, stack(0x0000000027d90000,0x0000000027e90000)]
  0x0000000020631000 JavaThread "Okio Watchdog" daemon [_thread_blocked, id=10084, stack(0x0000000027c90000,0x0000000027d90000)]
  0x0000000020638000 JavaThread "OkHttp ConnectionPool" daemon [_thread_blocked, id=7940, stack(0x0000000027b90000,0x0000000027c90000)]
  0x000000001f82c000 JavaThread "pool-2-thread-6" daemon [_thread_blocked, id=8412, stack(0x0000000027590000,0x0000000027690000)]
  0x000000001f654800 JavaThread "pool-2-thread-5" daemon [_thread_blocked, id=10728, stack(0x0000000026bc0000,0x0000000026cc0000)]
  0x0000000025874000 JavaThread "pool-2-thread-4" daemon [_thread_blocked, id=10204, stack(0x0000000026640000,0x0000000026740000)]
  0x000000001f14a000 JavaThread "pool-2-thread-3" daemon [_thread_blocked, id=14840, stack(0x0000000025560000,0x0000000025660000)]
  0x000000001ff20000 JavaThread "pool-2-thread-2" daemon [_thread_blocked, id=6072, stack(0x0000000020ec0000,0x0000000020fc0000)]
  0x00000000214b6000 JavaThread "pool-2-thread-1" daemon [_thread_blocked, id=18020, stack(0x0000000020660000,0x0000000020760000)]
  0x000000001fddb000 JavaThread "ReaderThread" [_thread_in_native, id=13020, stack(0x0000000020bc0000,0x0000000020cc0000)]
  0x000000001e066000 JavaThread "Service Thread" daemon [_thread_blocked, id=14500, stack(0x000000001ec90000,0x000000001ed90000)]
  0x000000001dfd8000 JavaThread "C1 CompilerThread3" daemon [_thread_blocked, id=11548, stack(0x000000001eb90000,0x000000001ec90000)]
  0x000000001dfdc800 JavaThread "C2 CompilerThread2" daemon [_thread_blocked, id=17440, stack(0x000000001ea90000,0x000000001eb90000)]
  0x000000001dfd3000 JavaThread "C2 CompilerThread1" daemon [_thread_blocked, id=532, stack(0x000000001e990000,0x000000001ea90000)]
=>0x000000001dfca800 JavaThread "C2 CompilerThread0" daemon [_thread_in_native, id=14464, stack(0x000000001e890000,0x000000001e990000)]
  0x000000001dfc9800 JavaThread "Attach Listener" daemon [_thread_blocked, id=16632, stack(0x000000001e790000,0x000000001e890000)]
  0x000000001dfc8800 JavaThread "Signal Dispatcher" daemon [_thread_blocked, id=9632, stack(0x000000001e690000,0x000000001e790000)]
  0x000000001dfb1800 JavaThread "Finalizer" daemon [_thread_blocked, id=2248, stack(0x000000001e490000,0x000000001e590000)]
  0x000000001dfb0800 JavaThread "Reference Handler" daemon [_thread_blocked, id=11364, stack(0x000000001e390000,0x000000001e490000)]
  0x00000000028aa000 JavaThread "main" [_thread_blocked, id=9760, stack(0x00000000027a0000,0x00000000028a0000)]

Other Threads:
  0x000000001c1a7800 VMThread [stack: 0x000000001de90000,0x000000001df90000] [id=13676]
  0x000000001e0a9800 WatcherThread [stack: 0x000000001ed90000,0x000000001ee90000] [id=12032]

VM state:at safepoint (normal execution)

VM Mutex/Monitor currently owned by a thread:  ([mutex/lock_event])
[0x00000000028a6500] Threads_lock - owner thread: 0x000000001c1a7800
[0x00000000028a6f00] Heap_lock - owner thread: 0x00000000028aa000

heap address: 0x00000006c5400000, size: 4012 MB, Compressed Oops mode: Zero based, Oop shift amount: 3
Narrow klass base: 0x0000000000000000, Narrow klass shift: 3
Compressed class space size: 1073741824 Address: 0x00000007c0000000

Heap:
 PSYoungGen      total 309248K, used 14187K [0x000000076c700000, 0x0000000780880000, 0x00000007c0000000)
  eden space 289792K, 0% used [0x000000076c700000,0x000000076c700000,0x000000077e200000)
  from space 19456K, 72% used [0x000000077e280000,0x000000077f05ac20,0x000000077f580000)
  to   space 15872K, 0% used [0x000000077f900000,0x000000077f900000,0x0000000780880000)
 ParOldGen       total 162304K, used 16624K [0x00000006c5400000, 0x00000006cf280000, 0x000000076c700000)
  object space 162304K, 10% used [0x00000006c5400000,0x00000006c643c240,0x00000006cf280000)
 Metaspace       used 56067K, capacity 59038K, committed 59096K, reserved 1101824K
  class space    used 6849K, capacity 7676K, committed 7680K, reserved 1048576K

Card table byte_map: [0x0000000011d60000,0x0000000012540000] byte_map_base: 0x000000000e736000

Marking Bits: (ParMarkBitMap*) 0x0000000076035ce0
 Begin Bits: [0x0000000013280000, 0x0000000017130000)
 End Bits:   [0x0000000017130000, 0x000000001afe0000)

Polling page: 0x0000000000970000

CodeCache: size=245760Kb used=26121Kb max_used=26133Kb free=219638Kb
 bounds [0x00000000029a0000, 0x0000000004370000, 0x00000000119a0000]
 total_blobs=8263 nmethods=7430 adapters=742
 compilation: enabled

Compilation events (10 events):
Event: 42.459 Thread 0x000000001dfd8000 9116  s    3       java.lang.StringBuffer::toString (36 bytes)
Event: 42.459 Thread 0x000000001dfd8000 nmethod 9116 0x0000000003b7fa10 code [0x0000000003b7fba0, 0x0000000003b80048]
Event: 42.459 Thread 0x000000001dfd8000 9115       1       freemarker.template.Template::access$000 (5 bytes)
Event: 42.459 Thread 0x000000001dfd8000 nmethod 9115 0x000000000382bbd0 code [0x000000000382bd20, 0x000000000382be10]
Event: 42.464 Thread 0x000000001dfd8000 9117       3       freemarker.core.FMParserTokenManager::jjCheckNAdd (41 bytes)
Event: 42.464 Thread 0x000000001dfd8000 nmethod 9117 0x000000000382b6d0 code [0x000000000382b840, 0x000000000382ba50]
Event: 42.464 Thread 0x000000001dfd8000 9118       3       freemarker.core.SimpleCharStream::readChar (89 bytes)
Event: 42.464 Thread 0x000000001dfd8000 nmethod 9118 0x00000000035b3a90 code [0x00000000035b3c20, 0x00000000035b3f58]
Event: 42.464 Thread 0x000000001dfd8000 9119       3       freemarker.core.SimpleCharStream::UpdateLineColumn (191 bytes)
Event: 42.465 Thread 0x000000001dfd8000 nmethod 9119 0x0000000003add810 code [0x0000000003add980, 0x0000000003addcb0]

GC Heap History (10 events):
Event: 9.127 GC heap after
Heap after GC invocations=11 (full 2):
 PSYoungGen      total 218624K, used 11887K [0x000000076c700000, 0x000000077dd00000, 0x00000007c0000000)
  eden space 202752K, 0% used [0x000000076c700000,0x000000076c700000,0x0000000778d00000)
  from space 15872K, 74% used [0x0000000778d00000,0x000000077989bd28,0x0000000779c80000)
  to   space 15872K, 0% used [0x000000077cd80000,0x000000077cd80000,0x000000077dd00000)
 ParOldGen       total 162304K, used 16592K [0x00000006c5400000, 0x00000006cf280000, 0x000000076c700000)
  object space 162304K, 10% used [0x00000006c5400000,0x00000006c6434240,0x00000006cf280000)
 Metaspace       used 46706K, capacity 48790K, committed 49024K, reserved 1091584K
  class space    used 5814K, capacity 6428K, committed 6528K, reserved 1048576K
}
Event: 11.282 GC heap before
{Heap before GC invocations=12 (full 2):
 PSYoungGen      total 218624K, used 214639K [0x000000076c700000, 0x000000077dd00000, 0x00000007c0000000)
  eden space 202752K, 100% used [0x000000076c700000,0x0000000778d00000,0x0000000778d00000)
  from space 15872K, 74% used [0x0000000778d00000,0x000000077989bd28,0x0000000779c80000)
  to   space 15872K, 0% used [0x000000077cd80000,0x000000077cd80000,0x000000077dd00000)
 ParOldGen       total 162304K, used 16592K [0x00000006c5400000, 0x00000006cf280000, 0x000000076c700000)
  object space 162304K, 10% used [0x00000006c5400000,0x00000006c6434240,0x00000006cf280000)
 Metaspace       used 50579K, capacity 52678K, committed 52864K, reserved 1095680K
  class space    used 6315K, capacity 6932K, committed 7040K, reserved 1048576K
Event: 11.291 GC heap after
Heap after GC invocations=12 (full 2):
 PSYoungGen      total 263168K, used 14509K [0x000000076c700000, 0x000000077dc00000, 0x00000007c0000000)
  eden space 248320K, 0% used [0x000000076c700000,0x000000076c700000,0x000000077b980000)
  from space 14848K, 97% used [0x000000077cd80000,0x000000077dbab540,0x000000077dc00000)
  to   space 16896K, 0% used [0x000000077bb00000,0x000000077bb00000,0x000000077cb80000)
 ParOldGen       total 162304K, used 16600K [0x00000006c5400000, 0x00000006cf280000, 0x000000076c700000)
  object space 162304K, 10% used [0x00000006c5400000,0x00000006c6436240,0x00000006cf280000)
 Metaspace       used 50579K, capacity 52678K, committed 52864K, reserved 1095680K
  class space    used 6315K, capacity 6932K, committed 7040K, reserved 1048576K
}
Event: 27.352 GC heap before
{Heap before GC invocations=13 (full 2):
 PSYoungGen      total 263168K, used 262829K [0x000000076c700000, 0x000000077dc00000, 0x00000007c0000000)
  eden space 248320K, 100% used [0x000000076c700000,0x000000077b980000,0x000000077b980000)
  from space 14848K, 97% used [0x000000077cd80000,0x000000077dbab540,0x000000077dc00000)
  to   space 16896K, 0% used [0x000000077bb00000,0x000000077bb00000,0x000000077cb80000)
 ParOldGen       total 162304K, used 16600K [0x00000006c5400000, 0x00000006cf280000, 0x000000076c700000)
  object space 162304K, 10% used [0x00000006c5400000,0x00000006c6436240,0x00000006cf280000)
 Metaspace       used 54122K, capacity 56692K, committed 56832K, reserved 1099776K
  class space    used 6657K, capacity 7409K, committed 7424K, reserved 1048576K
Event: 27.363 GC heap after
Heap after GC invocations=13 (full 2):
 PSYoungGen      total 266752K, used 16044K [0x000000076c700000, 0x0000000780b00000, 0x00000007c0000000)
  eden space 249856K, 0% used [0x000000076c700000,0x000000076c700000,0x000000077bb00000)
  from space 16896K, 94% used [0x000000077bb00000,0x000000077caab1b8,0x000000077cb80000)
  to   space 18432K, 0% used [0x000000077f900000,0x000000077f900000,0x0000000780b00000)
 ParOldGen       total 162304K, used 16608K [0x00000006c5400000, 0x00000006cf280000, 0x000000076c700000)
  object space 162304K, 10% used [0x00000006c5400000,0x00000006c6438240,0x00000006cf280000)
 Metaspace       used 54122K, capacity 56692K, committed 56832K, reserved 1099776K
  class space    used 6657K, capacity 7409K, committed 7424K, reserved 1048576K
}
Event: 40.559 GC heap before
{Heap before GC invocations=14 (full 2):
 PSYoungGen      total 266752K, used 265900K [0x000000076c700000, 0x0000000780b00000, 0x00000007c0000000)
  eden space 249856K, 100% used [0x000000076c700000,0x000000077bb00000,0x000000077bb00000)
  from space 16896K, 94% used [0x000000077bb00000,0x000000077caab1b8,0x000000077cb80000)
  to   space 18432K, 0% used [0x000000077f900000,0x000000077f900000,0x0000000780b00000)
 ParOldGen       total 162304K, used 16608K [0x00000006c5400000, 0x00000006cf280000, 0x000000076c700000)
  object space 162304K, 10% used [0x00000006c5400000,0x00000006c6438240,0x00000006cf280000)
 Metaspace       used 54909K, capacity 57810K, committed 58112K, reserved 1099776K
  class space    used 6735K, capacity 7567K, committed 7680K, reserved 1048576K
Event: 40.577 GC heap after
Heap after GC invocations=14 (full 2):
 PSYoungGen      total 305664K, used 15688K [0x000000076c700000, 0x0000000780880000, 0x00000007c0000000)
  eden space 289792K, 0% used [0x000000076c700000,0x000000076c700000,0x000000077e200000)
  from space 15872K, 98% used [0x000000077f900000,0x0000000780852308,0x0000000780880000)
  to   space 19456K, 0% used [0x000000077e280000,0x000000077e280000,0x000000077f580000)
 ParOldGen       total 162304K, used 16616K [0x00000006c5400000, 0x00000006cf280000, 0x000000076c700000)
  object space 162304K, 10% used [0x00000006c5400000,0x00000006c643a240,0x00000006cf280000)
 Metaspace       used 54909K, capacity 57810K, committed 58112K, reserved 1099776K
  class space    used 6735K, capacity 7567K, committed 7680K, reserved 1048576K
}
Event: 42.473 GC heap before
{Heap before GC invocations=15 (full 2):
 PSYoungGen      total 305664K, used 122753K [0x000000076c700000, 0x0000000780880000, 0x00000007c0000000)
  eden space 289792K, 36% used [0x000000076c700000,0x0000000772f8e170,0x000000077e200000)
  from space 15872K, 98% used [0x000000077f900000,0x0000000780852308,0x0000000780880000)
  to   space 19456K, 0% used [0x000000077e280000,0x000000077e280000,0x000000077f580000)
 ParOldGen       total 162304K, used 16616K [0x00000006c5400000, 0x00000006cf280000, 0x000000076c700000)
  object space 162304K, 10% used [0x00000006c5400000,0x00000006c643a240,0x00000006cf280000)
 Metaspace       used 56067K, capacity 59038K, committed 59096K, reserved 1101824K
  class space    used 6849K, capacity 7676K, committed 7680K, reserved 1048576K
Event: 42.490 GC heap after
Heap after GC invocations=15 (full 2):
 PSYoungGen      total 309248K, used 14187K [0x000000076c700000, 0x0000000780880000, 0x00000007c0000000)
  eden space 289792K, 0% used [0x000000076c700000,0x000000076c700000,0x000000077e200000)
  from space 19456K, 72% used [0x000000077e280000,0x000000077f05ac20,0x000000077f580000)
  to   space 15872K, 0% used [0x000000077f900000,0x000000077f900000,0x0000000780880000)
 ParOldGen       total 162304K, used 16624K [0x00000006c5400000, 0x00000006cf280000, 0x000000076c700000)
  object space 162304K, 10% used [0x00000006c5400000,0x00000006c643c240,0x00000006cf280000)
 Metaspace       used 56067K, capacity 59038K, committed 59096K, reserved 1101824K
  class space    used 6849K, capacity 7676K, committed 7680K, reserved 1048576K
}
Event: 42.490 GC heap before
{Heap before GC invocations=16 (full 3):
 PSYoungGen      total 309248K, used 14187K [0x000000076c700000, 0x0000000780880000, 0x00000007c0000000)
  eden space 289792K, 0% used [0x000000076c700000,0x000000076c700000,0x000000077e200000)
  from space 19456K, 72% used [0x000000077e280000,0x000000077f05ac20,0x000000077f580000)
  to   space 15872K, 0% used [0x000000077f900000,0x000000077f900000,0x0000000780880000)
 ParOldGen       total 162304K, used 16624K [0x00000006c5400000, 0x00000006cf280000, 0x000000076c700000)
  object space 162304K, 10% used [0x00000006c5400000,0x00000006c643c240,0x00000006cf280000)
 Metaspace       used 56067K, capacity 59038K, committed 59096K, reserved 1101824K
  class space    used 6849K, capacity 7676K, committed 7680K, reserved 1048576K

Deoptimization events (10 events):
Event: 42.340 Thread 0x00000000028aa000 Uncommon trap: reason=class_check action=maybe_recompile pc=0x0000000002eed4c4 method=java.util.regex.Pattern$6.isSatisfiedBy(I)Z @ 5
Event: 42.340 Thread 0x00000000028aa000 Uncommon trap: reason=class_check action=maybe_recompile pc=0x0000000002eed4c4 method=java.util.regex.Pattern$6.isSatisfiedBy(I)Z @ 5
Event: 42.340 Thread 0x00000000028aa000 Uncommon trap: reason=class_check action=maybe_recompile pc=0x0000000002eed4c4 method=java.util.regex.Pattern$6.isSatisfiedBy(I)Z @ 5
Event: 42.340 Thread 0x00000000028aa000 Uncommon trap: reason=class_check action=maybe_recompile pc=0x0000000002eed4c4 method=java.util.regex.Pattern$6.isSatisfiedBy(I)Z @ 5
Event: 42.341 Thread 0x00000000028aa000 Uncommon trap: reason=bimorphic action=maybe_recompile pc=0x000000000360e250 method=java.util.regex.Matcher.search(I)Z @ 86
Event: 42.341 Thread 0x00000000028aa000 Uncommon trap: reason=class_check action=maybe_recompile pc=0x0000000002ed9c90 method=java.util.regex.Pattern$7.isSatisfiedBy(I)Z @ 5
Event: 42.341 Thread 0x00000000028aa000 Uncommon trap: reason=class_check action=maybe_recompile pc=0x0000000002ed9c90 method=java.util.regex.Pattern$7.isSatisfiedBy(I)Z @ 5
Event: 42.341 Thread 0x00000000028aa000 Uncommon trap: reason=class_check action=maybe_recompile pc=0x0000000002ed9c90 method=java.util.regex.Pattern$7.isSatisfiedBy(I)Z @ 5
Event: 42.341 Thread 0x00000000028aa000 Uncommon trap: reason=class_check action=maybe_recompile pc=0x0000000002ed9c90 method=java.util.regex.Pattern$7.isSatisfiedBy(I)Z @ 5
Event: 42.342 Thread 0x00000000028aa000 Uncommon trap: reason=unstable_if action=reinterpret pc=0x0000000002ec0f54 method=java.util.HashMap.clear()V @ 23

Classes redefined (0 events):
No events

Internal exceptions (10 events):
Event: 42.159 Thread 0x00000000028aa000 Exception <a 'java/lang/ClassNotFoundException': Script1BeanInfo> (0x0000000771c30b80) thrown at [C:\re\workspace\8-2-build-windows-amd64-cygwin\jdk8u202\12323\hotspot\src\share\vm\classfile\systemDictionary.cpp, line 210]
Event: 42.161 Thread 0x00000000028aa000 Exception <a 'java/lang/ClassNotFoundException': Script1Customizer> (0x0000000771c4fc98) thrown at [C:\re\workspace\8-2-build-windows-amd64-cygwin\jdk8u202\12323\hotspot\src\share\vm\classfile\systemDictionary.cpp, line 210]
Event: 42.180 Thread 0x00000000028aa000 Exception <a 'java/lang/ClassNotFoundException': Script1BeanInfo> (0x0000000771de4928) thrown at [C:\re\workspace\8-2-build-windows-amd64-cygwin\jdk8u202\12323\hotspot\src\share\vm\classfile\systemDictionary.cpp, line 210]
Event: 42.181 Thread 0x00000000028aa000 Exception <a 'java/lang/ClassNotFoundException': Script1Customizer> (0x0000000771e03a90) thrown at [C:\re\workspace\8-2-build-windows-amd64-cygwin\jdk8u202\12323\hotspot\src\share\vm\classfile\systemDictionary.cpp, line 210]
Event: 42.278 Thread 0x00000000028aa000 Exception <a 'java/lang/ClassNotFoundException': Script1BeanInfo> (0x00000007723e8560) thrown at [C:\re\workspace\8-2-build-windows-amd64-cygwin\jdk8u202\12323\hotspot\src\share\vm\classfile\systemDictionary.cpp, line 210]
Event: 42.279 Thread 0x00000000028aa000 Exception <a 'java/lang/ClassNotFoundException': Script1Customizer> (0x0000000772407678) thrown at [C:\re\workspace\8-2-build-windows-amd64-cygwin\jdk8u202\12323\hotspot\src\share\vm\classfile\systemDictionary.cpp, line 210]
Event: 42.305 Thread 0x00000000028aa000 Exception <a 'java/lang/ClassNotFoundException': Script1BeanInfo> (0x000000077259d6d8) thrown at [C:\re\workspace\8-2-build-windows-amd64-cygwin\jdk8u202\12323\hotspot\src\share\vm\classfile\systemDictionary.cpp, line 210]
Event: 42.306 Thread 0x00000000028aa000 Exception <a 'java/lang/ClassNotFoundException': Script1Customizer> (0x00000007725bc7f0) thrown at [C:\re\workspace\8-2-build-windows-amd64-cygwin\jdk8u202\12323\hotspot\src\share\vm\classfile\systemDictionary.cpp, line 210]
Event: 42.307 Thread 0x00000000028aa000 Implicit null exception at 0x0000000002bfc316 to 0x0000000002bfc6c1
Event: 42.308 Thread 0x00000000028aa000 Exception <a 'java/lang/reflect/InvocationTargetException'> (0x00000007725c3080) thrown at [C:\re\workspace\8-2-build-windows-amd64-cygwin\jdk8u202\12323\hotspot\src\share\vm\runtime\reflection.cpp, line 1092]

Events (10 events):
Event: 42.463 loading class freemarker/core/NonNamespaceException done
Event: 42.464 loading class freemarker/template/utility/StringUtil
Event: 42.464 loading class freemarker/template/utility/StringUtil done
Event: 42.470 loading class freemarker/core/_CoreStringUtils
Event: 42.470 loading class freemarker/core/_CoreStringUtils done
Event: 42.472 loading class freemarker/core/BuiltInsForNumbers$absBI
Event: 42.472 loading class freemarker/core/BuiltInsForNumbers$absBI done
Event: 42.472 loading class freemarker/core/BuiltInForNumber
Event: 42.472 loading class freemarker/core/BuiltInForNumber done
Event: 42.473 Executing VM operation: CollectForMetadataAllocation


Dynamic libraries:
0x00007ff600ea0000 - 0x00007ff600ed7000 	C:\Program Files\Java\jdk1.8.0_202\bin\javaw.exe
0x00007ffbe83b0000 - 0x00007ffbe85a8000 	C:\Windows\SYSTEM32\ntdll.dll
0x00007ffbe7a20000 - 0x00007ffbe7adf000 	C:\Windows\System32\KERNEL32.DLL
0x00007ffbe5c50000 - 0x00007ffbe5f22000 	C:\Windows\System32\KERNELBASE.dll
0x00007ffbe6e10000 - 0x00007ffbe6ebe000 	C:\Windows\System32\ADVAPI32.dll
0x00007ffbe6850000 - 0x00007ffbe68ee000 	C:\Windows\System32\msvcrt.dll
0x00007ffbe7b50000 - 0x00007ffbe7bec000 	C:\Windows\System32\sechost.dll
0x00007ffbe78f0000 - 0x00007ffbe7a15000 	C:\Windows\System32\RPCRT4.dll
0x00007ffbe8070000 - 0x00007ffbe8211000 	C:\Windows\System32\USER32.dll
0x00007ffbe6230000 - 0x00007ffbe6252000 	C:\Windows\System32\win32u.dll
0x00007ffbe63f0000 - 0x00007ffbe641b000 	C:\Windows\System32\GDI32.dll
0x00007ffbe62b0000 - 0x00007ffbe63bf000 	C:\Windows\System32\gdi32full.dll
0x00007ffbe5f30000 - 0x00007ffbe5fcd000 	C:\Windows\System32\msvcp_win.dll
0x00007ffbe5aa0000 - 0x00007ffbe5ba0000 	C:\Windows\System32\ucrtbase.dll
0x00007ffbc6980000 - 0x00007ffbc6c1a000 	C:\Windows\WinSxS\amd64_microsoft.windows.common-controls_6595b64144ccf1df_6.0.19041.1110_none_60b5254171f9507e\COMCTL32.dll
0x00007ffbe7070000 - 0x00007ffbe70a2000 	C:\Windows\System32\IMM32.DLL
0x00000000760c0000 - 0x0000000076192000 	C:\Program Files\Java\jdk1.8.0_202\jre\bin\msvcr100.dll
0x0000000075810000 - 0x00000000760b5000 	C:\Program Files\Java\jdk1.8.0_202\jre\bin\server\jvm.dll
0x00007ffbe7b40000 - 0x00007ffbe7b48000 	C:\Windows\System32\PSAPI.DLL
0x00007ffbc5990000 - 0x00007ffbc59b7000 	C:\Windows\SYSTEM32\WINMM.dll
0x00007ffbc9e00000 - 0x00007ffbc9e09000 	C:\Windows\SYSTEM32\WSOCK32.dll
0x00007ffbde3b0000 - 0x00007ffbde3ba000 	C:\Windows\SYSTEM32\VERSION.dll
0x00007ffbe8280000 - 0x00007ffbe82eb000 	C:\Windows\System32\WS2_32.dll
0x00007ffbc2fa0000 - 0x00007ffbc2faf000 	C:\Program Files\Java\jdk1.8.0_202\jre\bin\verify.dll
0x00007ffbbf6d0000 - 0x00007ffbbf6f9000 	C:\Program Files\Java\jdk1.8.0_202\jre\bin\java.dll
0x00007ffbbf6b0000 - 0x00007ffbbf6c6000 	C:\Program Files\Java\jdk1.8.0_202\jre\bin\zip.dll
0x00007ffbe70c0000 - 0x00007ffbe7804000 	C:\Windows\System32\SHELL32.dll
0x00007ffbe3b00000 - 0x00007ffbe4292000 	C:\Windows\SYSTEM32\windows.storage.dll
0x00007ffbe6420000 - 0x00007ffbe6775000 	C:\Windows\System32\combase.dll
0x00007ffbe5340000 - 0x00007ffbe5370000 	C:\Windows\SYSTEM32\Wldp.dll
0x00007ffbe7e80000 - 0x00007ffbe7f2d000 	C:\Windows\System32\SHCORE.dll
0x00007ffbe7e20000 - 0x00007ffbe7e75000 	C:\Windows\System32\shlwapi.dll
0x00007ffbe59e0000 - 0x00007ffbe59ff000 	C:\Windows\SYSTEM32\profapi.dll
0x00007ffba9060000 - 0x00007ffba907a000 	C:\Program Files\Java\jdk1.8.0_202\jre\bin\net.dll
0x00007ffbd1ed0000 - 0x00007ffbd20bd000 	C:\Windows\SYSTEM32\urlmon.dll
0x00007ffbd0fc0000 - 0x00007ffbd1271000 	C:\Windows\SYSTEM32\iertutil.dll
0x00007ffbd1280000 - 0x00007ffbd12a8000 	C:\Windows\SYSTEM32\srvcli.dll
0x00007ffbe4f40000 - 0x00007ffbe4f4c000 	C:\Windows\SYSTEM32\netutils.dll
0x00007ffbe5120000 - 0x00007ffbe518a000 	C:\Windows\system32\mswsock.dll
0x00007ffbe4e70000 - 0x00007ffbe4f3a000 	C:\Windows\SYSTEM32\DNSAPI.dll
0x00007ffbe4e30000 - 0x00007ffbe4e6b000 	C:\Windows\SYSTEM32\IPHLPAPI.DLL
0x00007ffbe8060000 - 0x00007ffbe8068000 	C:\Windows\System32\NSI.dll
0x00007ffbde2c0000 - 0x00007ffbde2ca000 	C:\Windows\System32\rasadhlp.dll
0x00007ffbdc390000 - 0x00007ffbdc410000 	C:\Windows\System32\fwpuclnt.dll
0x00007ffbe63c0000 - 0x00007ffbe63e7000 	C:\Windows\System32\bcrypt.dll
0x00007ffbe5380000 - 0x00007ffbe5398000 	C:\Windows\SYSTEM32\CRYPTSP.dll
0x00007ffbe4a60000 - 0x00007ffbe4a94000 	C:\Windows\system32\rsaenh.dll
0x00007ffbe59a0000 - 0x00007ffbe59ce000 	C:\Windows\SYSTEM32\USERENV.dll
0x00007ffbe6040000 - 0x00007ffbe60c2000 	C:\Windows\System32\bcryptprimitives.dll
0x00007ffbe52b0000 - 0x00007ffbe52bc000 	C:\Windows\SYSTEM32\CRYPTBASE.dll
0x00007ffbdd020000 - 0x00007ffbdd037000 	C:\Windows\SYSTEM32\dhcpcsvc6.DLL
0x00007ffbdd2a0000 - 0x00007ffbdd2bd000 	C:\Windows\SYSTEM32\dhcpcsvc.DLL
0x00007ffbacfd0000 - 0x00007ffbacfe2000 	C:\Program Files\Java\jdk1.8.0_202\jre\bin\nio.dll
0x00007ffba0310000 - 0x00007ffba031d000 	C:\Program Files\Java\jdk1.8.0_202\jre\bin\management.dll
0x00007ffbace90000 - 0x00007ffbacea7000 	C:\Windows\system32\napinsp.dll
0x00007ffbace70000 - 0x00007ffbace8b000 	C:\Windows\system32\pnrpnsp.dll
0x00007ffbe0340000 - 0x00007ffbe0355000 	C:\Windows\system32\wshbth.dll
0x00007ffbe0d00000 - 0x00007ffbe0d1d000 	C:\Windows\system32\NLAapi.dll
0x00007ffbacda0000 - 0x00007ffbacdb2000 	C:\Windows\System32\winrnr.dll
0x00007ffb8ebc0000 - 0x00007ffb8ebe4000 	C:\Program Files\Java\jdk1.8.0_202\jre\bin\sunec.dll
0x00007ffb959e0000 - 0x00007ffb959eb000 	C:\Program Files\Java\jdk1.8.0_202\jre\bin\sunmscapi.dll
0x00007ffbe60d0000 - 0x00007ffbe6226000 	C:\Windows\System32\CRYPT32.dll

VM Arguments:
jvm_args: -ea -Dfile.encoding=UTF-8 
java_command: org.testng.remote.RemoteTestNG -serport 49983 -protocol json -d D:\RingPay\RingPay_APIAutomation\modified_updated\test-output D:\RingPay\RingPay_APIAutomation\modified_updated\RingPay.xml
java_class_path (initial): C:\Users\IGS0425\eclipse\java-2022-06\eclipse\configuration\org.eclipse.osgi\447\0\.cp\lib\testng-remote.jar;D:\RingPay\RingPay_APIAutomation\modified_updated\target\test-classes;D:\RingPay\RingPay_APIAutomation\modified_updated\target\classes;C:\Users\IGS0425\.m2\repository\io\appium\java-client\7.2.0\java-client-7.2.0.jar;C:\Users\IGS0425\.m2\repository\org\seleniumhq\selenium\selenium-support\3.141.59\selenium-support-3.141.59.jar;C:\Users\IGS0425\.m2\repository\org\seleniumhq\selenium\selenium-api\3.141.59\selenium-api-3.141.59.jar;C:\Users\IGS0425\.m2\repository\com\google\code\gson\gson\2.8.5\gson-2.8.5.jar;C:\Users\IGS0425\.m2\repository\org\apache\httpcomponents\httpclient\4.5.9\httpclient-4.5.9.jar;C:\Users\IGS0425\.m2\repository\cglib\cglib\3.2.12\cglib-3.2.12.jar;C:\Users\IGS0425\.m2\repository\org\ow2\asm\asm\7.1\asm-7.1.jar;C:\Users\IGS0425\.m2\repository\commons-io\commons-io\2.6\commons-io-2.6.jar;C:\Users\IGS0425\.m2\repository\org\springframework\spring-context\5.1.8.RELEASE\spring-context-5.1.8.RELEASE.jar;C:\Users\IGS0425\.m2\repository\org\springframework\spring-aop\5.1.8.RELEASE\spring-aop-5.1.8.RELEASE.jar;C:\Users\IGS0425\.m2\repository\org\springframework\spring-beans\5.1.8.RELEASE\spring-beans-5.1.8.RELEASE.jar;C:\Users\IGS0425\.m2\repository\org\springframework\spring-core\5.1.8.RELEASE\spring-core-5.1.8.RELEASE.jar;C:\Users\IGS0425\.m2\repository\org\springframework\spring-jcl\5.1.8.RELEASE\spring-jcl-5.1.8.RELEASE.jar;C:\Users\IGS0425\.m2\repository\org\springframework\spring-expression\5.1.8.RELEASE\spring-expression-5.1.8.RELEASE.jar;C:\Users\IGS0425\.m2\repository\org\aspectj\aspectjweaver\1.9.4\aspectjweaver-1.9.4.jar;C:\Users\IGS0425\.m2\repository\org\slf4j\slf4j-api\1.7.26\slf4j-api-1.7.26.jar;C:\Users\IGS0425\.m2\repository\org\seleniumhq\selenium\selenium-java\3.141.59\selenium-java-3.141.59.jar;C:\Users\IGS0425\.m2\repository\org\seleniumhq\selenium\selenium-chrome-driver\3.141.59\selenium-chrome-dri
Launcher Type: SUN_STANDARD

Environment Variables:
JAVA_HOME=C:\Program Files\Java\jdk1.8.0_202
PATH=C:/Users/IGS0425/.p2/pool/plugins/org.eclipse.justj.openjdk.hotspot.jre.full.win32.x86_64_17.0.3.v20220515-1416/jre/bin/server;C:/Users/IGS0425/.p2/pool/plugins/org.eclipse.justj.openjdk.hotspot.jre.full.win32.x86_64_17.0.3.v20220515-1416/jre/bin;C:\Program Files (x86)\Common Files\Oracle\Java\javapath;C:\Windows\system32;C:\Windows;C:\Windows\System32\Wbem;C:\Windows\System32\WindowsPowerShell\v1.0\;C:\Windows\System32\OpenSSH\;C:\Program Files\nodejs\;C:\Program Files\Git\cmd;C:\Program Files\apache-maven-3.8.6\bin;C:\Users\IGS0425\AppData\Local\Microsoft\WindowsApps;C:\Program Files\JetBrains\IntelliJ IDEA Community Edition 2022.1.3\bin;;C:\Users\IGS0425\AppData\Roaming\npm;C:\Program Files\Java\jdk1.8.0_202\bin;;C:\Windows\System32;
USERNAME=IGS0425
OS=Windows_NT
PROCESSOR_IDENTIFIER=Intel64 Family 6 Model 140 Stepping 1, GenuineIntel



---------------  S Y S T E M  ---------------

OS: Windows 10.0 , 64 bit Build 19041 (10.0.19041.2364)

CPU:total 8 (initial active 8) (4 cores per cpu, 2 threads per core) family 6 model 140 stepping 1, cmov, cx8, fxsr, mmx, sse, sse2, sse3, ssse3, sse4.1, sse4.2, popcnt, avx, avx2, aes, clmul, erms, 3dnowpref, lzcnt, ht, tsc, tscinvbit, bmi1, bmi2, adx

Memory: 4k page, physical 16428308k(1344052k free), swap 16428308k(5844k free)

vm_info: Java HotSpot(TM) 64-Bit Server VM (25.202-b08) for windows-amd64 JRE (1.8.0_202-b08), built on Dec 15 2018 19:54:30 by "java_re" with MS VC++ 10.0 (VS2010)

time: Wed Dec 21 11:26:05 2022
timezone: India Standard Time
elapsed time: 42 seconds (0d 0h 0m 42s)

