#
# There is insufficient memory for the Java Runtime Environment to continue.
# Native memory allocation (malloc) failed to allocate 1236016 bytes for Chunk::new
# Possible reasons:
#   The system is out of physical RAM or swap space
#   The process is running with CompressedOops enabled, and the Java Heap may be blocking the growth of the native heap
# Possible solutions:
#   Reduce memory load on the system
#   Increase physical memory or swap space
#   Check if swap backing store is full
#   Decrease Java heap size (-Xmx/-Xms)
#   Decrease number of Java threads
#   Decrease Java thread stack sizes (-Xss)
#   Set larger code cache with -XX:ReservedCodeCacheSize=
#   JVM is running with Zero Based Compressed Oops mode in which the Java heap is
#     placed in the first 32GB address space. The Java Heap base address is the
#     maximum limit for the native heap growth. Please use -XX:HeapBaseMinAddress
#     to set the Java Heap base and to place the Java Heap above 32GB virtual address.
# This output file may be truncated or incomplete.
#
#  Out of Memory Error (allocation.cpp:389), pid=15044, tid=0x00000000000032b0
#
# JRE version: Java(TM) SE Runtime Environment (8.0_202-b08) (build 1.8.0_202-b08)
# Java VM: Java HotSpot(TM) 64-Bit Server VM (25.202-b08 mixed mode windows-amd64 compressed oops)
# Failed to write core dump. Minidumps are not enabled by default on client versions of Windows
#

---------------  T H R E A D  ---------------

Current thread (0x000000001ea91000):  JavaThread "C2 CompilerThread1" daemon [_thread_in_native, id=12976, stack(0x000000001f450000,0x000000001f550000)]

Stack: [0x000000001f450000,0x000000001f550000]
[error occurred during error reporting (printing stack bounds), id 0xc0000005]

Native frames: (J=compiled Java code, j=interpreted, Vv=VM code, C=native code)


Current CompileTask:
C2:   4150 3815   !   4       java.lang.reflect.Executable::sharedToGenericString (329 bytes)


---------------  P R O C E S S  ---------------

Java Threads: ( => current thread )
  0x0000000020b79000 JavaThread "ReaderThread" [_thread_in_native, id=1700, stack(0x0000000021670000,0x0000000021770000)]
  0x000000001eb24000 JavaThread "Service Thread" daemon [_thread_blocked, id=14020, stack(0x000000001f750000,0x000000001f850000)]
  0x000000001eaa4000 JavaThread "C1 CompilerThread3" daemon [_thread_blocked, id=1804, stack(0x000000001f650000,0x000000001f750000)]
  0x000000001ea94000 JavaThread "C2 CompilerThread2" daemon [_thread_blocked, id=15592, stack(0x000000001f550000,0x000000001f650000)]
=>0x000000001ea91000 JavaThread "C2 CompilerThread1" daemon [_thread_in_native, id=12976, stack(0x000000001f450000,0x000000001f550000)]
  0x000000001ea8b000 JavaThread "C2 CompilerThread0" daemon [_thread_in_native, id=11940, stack(0x000000001f350000,0x000000001f450000)]
  0x000000001ea8a000 JavaThread "Attach Listener" daemon [_thread_blocked, id=7680, stack(0x000000001f250000,0x000000001f350000)]
  0x000000001ea89000 JavaThread "Signal Dispatcher" daemon [_thread_blocked, id=5256, stack(0x000000001f150000,0x000000001f250000)]
  0x000000001ea70800 JavaThread "Finalizer" daemon [_thread_blocked, id=17984, stack(0x000000001ef50000,0x000000001f050000)]
  0x000000001cc50000 JavaThread "Reference Handler" daemon [_thread_blocked, id=16648, stack(0x000000001ee50000,0x000000001ef50000)]
  0x000000000334a000 JavaThread "main" [_thread_in_vm, id=2548, stack(0x0000000003240000,0x0000000003340000)]

Other Threads:
  0x000000001cc46800 VMThread [stack: 0x000000001e950000,0x000000001ea50000] [id=16372]
  0x000000001eb6a800 WatcherThread [stack: 0x000000001f850000,0x000000001f950000] [id=11580]

VM state:not at safepoint (normal execution)

VM Mutex/Monitor currently owned by a thread: None

heap address: 0x00000006c5400000, size: 4012 MB, Compressed Oops mode: Zero based, Oop shift amount: 3
Narrow klass base: 0x0000000000000000, Narrow klass shift: 3
Compressed class space size: 1073741824 Address: 0x00000007c0000000

Heap:
 PSYoungGen      total 95744K, used 72621K [0x000000076c700000, 0x0000000773600000, 0x00000007c0000000)
  eden space 84992K, 75% used [0x000000076c700000,0x0000000770584918,0x0000000771a00000)
  from space 10752K, 80% used [0x0000000772b80000,0x00000007733e6b88,0x0000000773600000)
  to   space 14336K, 0% used [0x0000000771a00000,0x0000000771a00000,0x0000000772800000)
 ParOldGen       total 101888K, used 17058K [0x00000006c5400000, 0x00000006cb780000, 0x000000076c700000)
  object space 101888K, 16% used [0x00000006c5400000,0x00000006c64a8810,0x00000006cb780000)
 Metaspace       used 42084K, capacity 43964K, committed 44160K, reserved 1087488K
  class space    used 5345K, capacity 5935K, committed 6016K, reserved 1048576K

Card table byte_map: [0x0000000012800000,0x0000000012fe0000] byte_map_base: 0x000000000f1d6000

Marking Bits: (ParMarkBitMap*) 0x0000000076df5ce0
 Begin Bits: [0x0000000013d20000, 0x0000000017bd0000)
 End Bits:   [0x0000000017bd0000, 0x000000001ba80000)

Polling page: 0x00000000017d0000

CodeCache: size=245760Kb used=14984Kb max_used=15004Kb free=230775Kb
 bounds [0x0000000003440000, 0x0000000004300000, 0x0000000012440000]
 total_blobs=4601 nmethods=3823 adapters=689
 compilation: enabled

Compilation events (10 events):
Event: 4.079 Thread 0x000000001eaa4000 3837       3       jdk.internal.org.objectweb.asm.ClassVisitor::<init> (35 bytes)
Event: 4.080 Thread 0x000000001eaa4000 nmethod 3837 0x0000000003543d90 code [0x0000000003543f00, 0x0000000003544208]
Event: 4.082 Thread 0x000000001eaa4000 3842       3       java.util.AbstractCollection::isEmpty (13 bytes)
Event: 4.082 Thread 0x000000001eaa4000 nmethod 3842 0x000000000355e050 code [0x000000000355e1c0, 0x000000000355e428]
Event: 4.083 Thread 0x000000001eaa4000 3840       3       java.util.LinkedHashMap::keySet (25 bytes)
Event: 4.083 Thread 0x000000001eaa4000 nmethod 3840 0x0000000003543190 code [0x0000000003543300, 0x0000000003543690]
Event: 4.083 Thread 0x000000001eaa4000 3841       3       java.util.LinkedHashMap$LinkedKeySet::iterator (12 bytes)
Event: 4.083 Thread 0x000000001eaa4000 nmethod 3841 0x000000000354ea90 code [0x000000000354ec00, 0x000000000354ef30]
Event: 4.089 Thread 0x000000001ea94000 nmethod 3781 0x00000000042e7310 code [0x00000000042e84a0, 0x00000000042ec2a0]
Event: 4.138 Thread 0x000000001ea8b000 3843   !   4       java.lang.ClassLoader::loadClass (122 bytes)

GC Heap History (10 events):
Event: 2.258 GC heap before
{Heap before GC invocations=6 (full 1):
 PSYoungGen      total 75264K, used 72928K [0x000000076c700000, 0x0000000773b00000, 0x00000007c0000000)
  eden space 64512K, 100% used [0x000000076c700000,0x0000000770600000,0x0000000770600000)
  from space 10752K, 78% used [0x0000000771080000,0x00000007718b8340,0x0000000771b00000)
  to   space 10752K, 0% used [0x0000000770600000,0x0000000770600000,0x0000000771080000)
 ParOldGen       total 101888K, used 6981K [0x00000006c5400000, 0x00000006cb780000, 0x000000076c700000)
  object space 101888K, 6% used [0x00000006c5400000,0x00000006c5ad17f8,0x00000006cb780000)
 Metaspace       used 31589K, capacity 32298K, committed 32384K, reserved 1077248K
  class space    used 3775K, capacity 3953K, committed 3968K, reserved 1048576K
Event: 2.264 GC heap after
Heap after GC invocations=6 (full 1):
 PSYoungGen      total 75264K, used 10734K [0x000000076c700000, 0x0000000773e80000, 0x00000007c0000000)
  eden space 64512K, 0% used [0x000000076c700000,0x000000076c700000,0x0000000770600000)
  from space 10752K, 99% used [0x0000000770600000,0x000000077107baa8,0x0000000771080000)
  to   space 11776K, 0% used [0x0000000773300000,0x0000000773300000,0x0000000773e80000)
 ParOldGen       total 101888K, used 8042K [0x00000006c5400000, 0x00000006cb780000, 0x000000076c700000)
  object space 101888K, 7% used [0x00000006c5400000,0x00000006c5bdaa70,0x00000006cb780000)
 Metaspace       used 31589K, capacity 32298K, committed 32384K, reserved 1077248K
  class space    used 3775K, capacity 3953K, committed 3968K, reserved 1048576K
}
Event: 2.478 GC heap before
{Heap before GC invocations=7 (full 1):
 PSYoungGen      total 75264K, used 64217K [0x000000076c700000, 0x0000000773e80000, 0x00000007c0000000)
  eden space 64512K, 82% used [0x000000076c700000,0x000000076fb3abe0,0x0000000770600000)
  from space 10752K, 99% used [0x0000000770600000,0x000000077107baa8,0x0000000771080000)
  to   space 11776K, 0% used [0x0000000773300000,0x0000000773300000,0x0000000773e80000)
 ParOldGen       total 101888K, used 8042K [0x00000006c5400000, 0x00000006cb780000, 0x000000076c700000)
  object space 101888K, 7% used [0x00000006c5400000,0x00000006c5bdaa70,0x00000006cb780000)
 Metaspace       used 34579K, capacity 35428K, committed 35496K, reserved 1081344K
  class space    used 4149K, capacity 4414K, committed 4480K, reserved 1048576K
Event: 2.486 GC heap after
Heap after GC invocations=7 (full 1):
 PSYoungGen      total 76288K, used 11772K [0x000000076c700000, 0x0000000773e80000, 0x00000007c0000000)
  eden space 64512K, 0% used [0x000000076c700000,0x000000076c700000,0x0000000770600000)
  from space 11776K, 99% used [0x0000000773300000,0x0000000773e7f0f0,0x0000000773e80000)
  to   space 10752K, 0% used [0x0000000770600000,0x0000000770600000,0x0000000771080000)
 ParOldGen       total 101888K, used 9870K [0x00000006c5400000, 0x00000006cb780000, 0x000000076c700000)
  object space 101888K, 9% used [0x00000006c5400000,0x00000006c5da3ae8,0x00000006cb780000)
 Metaspace       used 34579K, capacity 35428K, committed 35496K, reserved 1081344K
  class space    used 4149K, capacity 4414K, committed 4480K, reserved 1048576K
}
Event: 2.486 GC heap before
{Heap before GC invocations=8 (full 2):
 PSYoungGen      total 76288K, used 11772K [0x000000076c700000, 0x0000000773e80000, 0x00000007c0000000)
  eden space 64512K, 0% used [0x000000076c700000,0x000000076c700000,0x0000000770600000)
  from space 11776K, 99% used [0x0000000773300000,0x0000000773e7f0f0,0x0000000773e80000)
  to   space 10752K, 0% used [0x0000000770600000,0x0000000770600000,0x0000000771080000)
 ParOldGen       total 101888K, used 9870K [0x00000006c5400000, 0x00000006cb780000, 0x000000076c700000)
  object space 101888K, 9% used [0x00000006c5400000,0x00000006c5da3ae8,0x00000006cb780000)
 Metaspace       used 34579K, capacity 35428K, committed 35496K, reserved 1081344K
  class space    used 4149K, capacity 4414K, committed 4480K, reserved 1048576K
Event: 2.539 GC heap after
Heap after GC invocations=8 (full 2):
 PSYoungGen      total 76288K, used 0K [0x000000076c700000, 0x0000000773e80000, 0x00000007c0000000)
  eden space 64512K, 0% used [0x000000076c700000,0x000000076c700000,0x0000000770600000)
  from space 11776K, 0% used [0x0000000773300000,0x0000000773300000,0x0000000773e80000)
  to   space 10752K, 0% used [0x0000000770600000,0x0000000770600000,0x0000000771080000)
 ParOldGen       total 101888K, used 17042K [0x00000006c5400000, 0x00000006cb780000, 0x000000076c700000)
  object space 101888K, 16% used [0x00000006c5400000,0x00000006c64a4810,0x00000006cb780000)
 Metaspace       used 34577K, capacity 35422K, committed 35496K, reserved 1081344K
  class space    used 4148K, capacity 4412K, committed 4480K, reserved 1048576K
}
Event: 2.738 GC heap before
{Heap before GC invocations=9 (full 2):
 PSYoungGen      total 76288K, used 64512K [0x000000076c700000, 0x0000000773e80000, 0x00000007c0000000)
  eden space 64512K, 100% used [0x000000076c700000,0x0000000770600000,0x0000000770600000)
  from space 11776K, 0% used [0x0000000773300000,0x0000000773300000,0x0000000773e80000)
  to   space 10752K, 0% used [0x0000000770600000,0x0000000770600000,0x0000000771080000)
 ParOldGen       total 101888K, used 17042K [0x00000006c5400000, 0x00000006cb780000, 0x000000076c700000)
  object space 101888K, 16% used [0x00000006c5400000,0x00000006c64a4810,0x00000006cb780000)
 Metaspace       used 35531K, capacity 36862K, committed 37032K, reserved 1081344K
  class space    used 4358K, capacity 4705K, committed 4736K, reserved 1048576K
Event: 2.741 GC heap after
Heap after GC invocations=9 (full 2):
 PSYoungGen      total 75264K, used 2706K [0x000000076c700000, 0x0000000773a00000, 0x00000007c0000000)
  eden space 64512K, 0% used [0x000000076c700000,0x000000076c700000,0x0000000770600000)
  from space 10752K, 25% used [0x0000000770600000,0x00000007708a4880,0x0000000771080000)
  to   space 14848K, 0% used [0x0000000772b80000,0x0000000772b80000,0x0000000773a00000)
 ParOldGen       total 101888K, used 17050K [0x00000006c5400000, 0x00000006cb780000, 0x000000076c700000)
  object space 101888K, 16% used [0x00000006c5400000,0x00000006c64a6810,0x00000006cb780000)
 Metaspace       used 35531K, capacity 36862K, committed 37032K, reserved 1081344K
  class space    used 4358K, capacity 4705K, committed 4736K, reserved 1048576K
}
Event: 3.923 GC heap before
{Heap before GC invocations=10 (full 2):
 PSYoungGen      total 75264K, used 67218K [0x000000076c700000, 0x0000000773a00000, 0x00000007c0000000)
  eden space 64512K, 100% used [0x000000076c700000,0x0000000770600000,0x0000000770600000)
  from space 10752K, 25% used [0x0000000770600000,0x00000007708a4880,0x0000000771080000)
  to   space 14848K, 0% used [0x0000000772b80000,0x0000000772b80000,0x0000000773a00000)
 ParOldGen       total 101888K, used 17050K [0x00000006c5400000, 0x00000006cb780000, 0x000000076c700000)
  object space 101888K, 16% used [0x00000006c5400000,0x00000006c64a6810,0x00000006cb780000)
 Metaspace       used 40009K, capacity 41618K, committed 41856K, reserved 1085440K
  class space    used 4940K, capacity 5377K, committed 5504K, reserved 1048576K
Event: 3.929 GC heap after
Heap after GC invocations=10 (full 2):
 PSYoungGen      total 95744K, used 8602K [0x000000076c700000, 0x0000000773600000, 0x00000007c0000000)
  eden space 84992K, 0% used [0x000000076c700000,0x000000076c700000,0x0000000771a00000)
  from space 10752K, 80% used [0x0000000772b80000,0x00000007733e6b88,0x0000000773600000)
  to   space 14336K, 0% used [0x0000000771a00000,0x0000000771a00000,0x0000000772800000)
 ParOldGen       total 101888K, used 17058K [0x00000006c5400000, 0x00000006cb780000, 0x000000076c700000)
  object space 101888K, 16% used [0x00000006c5400000,0x00000006c64a8810,0x00000006cb780000)
 Metaspace       used 40009K, capacity 41618K, committed 41856K, reserved 1085440K
  class space    used 4940K, capacity 5377K, committed 5504K, reserved 1048576K
}

Deoptimization events (10 events):
Event: 3.383 Thread 0x000000000334a000 Uncommon trap: reason=unstable_if action=reinterpret pc=0x000000000412ec04 method=java.util.Arrays.equals([B[B)Z @ 41
Event: 3.484 Thread 0x000000000334a000 Uncommon trap: reason=bimorphic action=maybe_recompile pc=0x000000000412d86c method=java.util.regex.Pattern$Branch.match(Ljava/util/regex/Matcher;ILjava/lang/CharSequence;)Z @ 32
Event: 3.486 Thread 0x000000000334a000 Uncommon trap: reason=bimorphic action=maybe_recompile pc=0x000000000412d86c method=java.util.regex.Pattern$Branch.match(Ljava/util/regex/Matcher;ILjava/lang/CharSequence;)Z @ 32
Event: 3.486 Thread 0x000000000334a000 Uncommon trap: reason=bimorphic action=maybe_recompile pc=0x000000000412d86c method=java.util.regex.Pattern$Branch.match(Ljava/util/regex/Matcher;ILjava/lang/CharSequence;)Z @ 32
Event: 3.486 Thread 0x000000000334a000 Uncommon trap: reason=bimorphic action=maybe_recompile pc=0x000000000412d86c method=java.util.regex.Pattern$Branch.match(Ljava/util/regex/Matcher;ILjava/lang/CharSequence;)Z @ 32
Event: 3.495 Thread 0x000000000334a000 Uncommon trap: reason=unstable_if action=reinterpret pc=0x00000000038b5400 method=java.util.concurrent.ConcurrentHashMap.putVal(Ljava/lang/Object;Ljava/lang/Object;Z)Ljava/lang/Object; @ 206
Event: 3.932 Thread 0x000000000334a000 Uncommon trap: reason=unstable_if action=reinterpret pc=0x00000000041a0ab4 method=groovy.lang.MetaClassImpl$1MOPIter.methodNameAction(Ljava/lang/Class;Lorg/codehaus/groovy/runtime/metaclass/MetaMethodIndex$Entry;)V @ 277
Event: 3.937 Thread 0x000000000334a000 Uncommon trap: reason=unstable_if action=reinterpret pc=0x000000000403e5c0 method=sun.reflect.misc.ReflectUtil.isNonPublicProxyClass(Ljava/lang/Class;)Z @ 14
Event: 3.972 Thread 0x000000000334a000 Uncommon trap: reason=unstable_if action=reinterpret pc=0x00000000038e7458 method=jdk.internal.org.objectweb.asm.Type.getArgumentsAndReturnSizes(Ljava/lang/String;)I @ 47
Event: 4.040 Thread 0x000000000334a000 Uncommon trap: reason=unstable_if action=reinterpret pc=0x00000000042cd348 method=org.codehaus.groovy.runtime.metaclass.MetaMethodIndex.addMethodToList(Ljava/lang/Object;Lgroovy/lang/MetaMethod;)Ljava/lang/Object; @ 256

Classes redefined (0 events):
No events

Internal exceptions (10 events):
Event: 4.037 Thread 0x000000000334a000 Exception <a 'java/lang/ClassNotFoundException': [Lio/restassured/internal/common/assertion/PathFragmentEscaper;Customizer> (0x000000076f0c58d8) thrown at [C:\re\workspace\8-2-build-windows-amd64-cygwin\jdk8u202\12323\hotspot\src\share\vm\prims\jni.cpp, l
Event: 4.037 Thread 0x000000000334a000 Exception <a 'java/lang/ClassNotFoundException': [Lio/restassured/internal/common/assertion/PathFragmentEscaper;Customizer> (0x000000076f0c5f78) thrown at [C:\re\workspace\8-2-build-windows-amd64-cygwin\jdk8u202\12323\hotspot\src\share\vm\prims\jni.cpp, l
Event: 4.040 Thread 0x000000000334a000 Exception <a 'java/lang/ClassNotFoundException': java/lang/CharacterBeanInfo> (0x000000076f113988) thrown at [C:\re\workspace\8-2-build-windows-amd64-cygwin\jdk8u202\12323\hotspot\src\share\vm\classfile\systemDictionary.cpp, line 210]
Event: 4.041 Thread 0x000000000334a000 Exception <a 'java/lang/ClassNotFoundException': java/lang/CharacterCustomizer> (0x000000076f1228e8) thrown at [C:\re\workspace\8-2-build-windows-amd64-cygwin\jdk8u202\12323\hotspot\src\share\vm\classfile\systemDictionary.cpp, line 210]
Event: 4.044 Thread 0x000000000334a000 Exception <a 'java/lang/ClassNotFoundException': org/apache/commons/lang3/math/NumberUtilsBeanInfo> (0x000000076f1be560) thrown at [C:\re\workspace\8-2-build-windows-amd64-cygwin\jdk8u202\12323\hotspot\src\share\vm\classfile\systemDictionary.cpp, line 210
Event: 4.044 Thread 0x000000000334a000 Exception <a 'java/lang/ClassNotFoundException': org/apache/commons/lang3/math/NumberUtilsCustomizer> (0x000000076f1e7590) thrown at [C:\re\workspace\8-2-build-windows-amd64-cygwin\jdk8u202\12323\hotspot\src\share\vm\classfile\systemDictionary.cpp, line 2
Event: 4.049 Thread 0x000000000334a000 Exception <a 'java/lang/ClassNotFoundException': groovy/lang/BindingBeanInfo> (0x000000076f2bf148) thrown at [C:\re\workspace\8-2-build-windows-amd64-cygwin\jdk8u202\12323\hotspot\src\share\vm\classfile\systemDictionary.cpp, line 210]
Event: 4.049 Thread 0x000000000334a000 Exception <a 'java/lang/ClassNotFoundException': groovy/lang/BindingCustomizer> (0x000000076f2f4da0) thrown at [C:\re\workspace\8-2-build-windows-amd64-cygwin\jdk8u202\12323\hotspot\src\share\vm\classfile\systemDictionary.cpp, line 210]
Event: 4.052 Thread 0x000000000334a000 Exception <a 'java/lang/ClassNotFoundException': groovy/lang/GroovyShellBeanInfo> (0x000000076f374b78) thrown at [C:\re\workspace\8-2-build-windows-amd64-cygwin\jdk8u202\12323\hotspot\src\share\vm\classfile\systemDictionary.cpp, line 210]
Event: 4.052 Thread 0x000000000334a000 Exception <a 'java/lang/ClassNotFoundException': groovy/lang/GroovyShellCustomizer> (0x000000076f3abf68) thrown at [C:\re\workspace\8-2-build-windows-amd64-cygwin\jdk8u202\12323\hotspot\src\share\vm\classfile\systemDictionary.cpp, line 210]

Events (10 events):
Event: 4.148 loading class groovyjarjarantlr4/v4/runtime/atn/LoopEndState
Event: 4.148 loading class groovyjarjarantlr4/v4/runtime/atn/LoopEndState done
Event: 4.149 loading class groovyjarjarantlr4/v4/runtime/atn/RangeTransition
Event: 4.149 loading class groovyjarjarantlr4/v4/runtime/atn/RangeTransition done
Event: 4.149 loading class groovyjarjarantlr4/v4/runtime/atn/RuleTransition
Event: 4.149 loading class groovyjarjarantlr4/v4/runtime/atn/RuleTransition done
Event: 4.149 loading class groovyjarjarantlr4/v4/runtime/atn/PredicateTransition
Event: 4.149 loading class groovyjarjarantlr4/v4/runtime/atn/PredicateTransition done
Event: 4.149 loading class groovyjarjarantlr4/v4/runtime/atn/AbstractPredicateTransition
Event: 4.149 loading class groovyjarjarantlr4/v4/runtime/atn/AbstractPredicateTransition done


Dynamic libraries:
0x00007ff67bb70000 - 0x00007ff67bba7000 	C:\Program Files\Java\jdk1.8.0_202\bin\javaw.exe
0x00007ffe9eb70000 - 0x00007ffe9ed68000 	C:\Windows\SYSTEM32\ntdll.dll
0x00007ffe9d5d0000 - 0x00007ffe9d68f000 	C:\Windows\System32\KERNEL32.DLL
0x00007ffe9c2d0000 - 0x00007ffe9c5a2000 	C:\Windows\System32\KERNELBASE.dll
0x00007ffe9d3f0000 - 0x00007ffe9d49e000 	C:\Windows\System32\ADVAPI32.dll
0x00007ffe9cbb0000 - 0x00007ffe9cc4e000 	C:\Windows\System32\msvcrt.dll
0x00007ffe9ccc0000 - 0x00007ffe9cd5c000 	C:\Windows\System32\sechost.dll
0x00007ffe9d4a0000 - 0x00007ffe9d5c5000 	C:\Windows\System32\RPCRT4.dll
0x00007ffe9e380000 - 0x00007ffe9e521000 	C:\Windows\System32\USER32.dll
0x00007ffe9c5e0000 - 0x00007ffe9c602000 	C:\Windows\System32\win32u.dll
0x00007ffe9e9a0000 - 0x00007ffe9e9cb000 	C:\Windows\System32\GDI32.dll
0x00007ffe9c610000 - 0x00007ffe9c71f000 	C:\Windows\System32\gdi32full.dll
0x00007ffe9cb10000 - 0x00007ffe9cbad000 	C:\Windows\System32\msvcp_win.dll
0x00007ffe9c720000 - 0x00007ffe9c820000 	C:\Windows\System32\ucrtbase.dll
0x00007ffe8cd90000 - 0x00007ffe8d02a000 	C:\Windows\WinSxS\amd64_microsoft.windows.common-controls_6595b64144ccf1df_6.0.19041.1110_none_60b5254171f9507e\COMCTL32.dll
0x00007ffe9d280000 - 0x00007ffe9d2b2000 	C:\Windows\System32\IMM32.DLL
0x0000000076e80000 - 0x0000000076f52000 	C:\Program Files\Java\jdk1.8.0_202\jre\bin\msvcr100.dll
0x00000000765d0000 - 0x0000000076e75000 	C:\Program Files\Java\jdk1.8.0_202\jre\bin\server\jvm.dll
0x00007ffe9def0000 - 0x00007ffe9def8000 	C:\Windows\System32\PSAPI.DLL
0x00007ffe76060000 - 0x00007ffe76087000 	C:\Windows\SYSTEM32\WINMM.dll
0x00007ffe7b8a0000 - 0x00007ffe7b8a9000 	C:\Windows\SYSTEM32\WSOCK32.dll
0x00007ffe93a00000 - 0x00007ffe93a0a000 	C:\Windows\SYSTEM32\VERSION.dll
0x00007ffe9eac0000 - 0x00007ffe9eb2b000 	C:\Windows\System32\WS2_32.dll
0x00007ffe74410000 - 0x00007ffe7441f000 	C:\Program Files\Java\jdk1.8.0_202\jre\bin\verify.dll
0x00007ffe73cb0000 - 0x00007ffe73cd9000 	C:\Program Files\Java\jdk1.8.0_202\jre\bin\java.dll
0x00007ffe73310000 - 0x00007ffe73326000 	C:\Program Files\Java\jdk1.8.0_202\jre\bin\zip.dll
0x00007ffe9d690000 - 0x00007ffe9ddd4000 	C:\Windows\System32\SHELL32.dll
0x00007ffe9a2c0000 - 0x00007ffe9aa52000 	C:\Windows\SYSTEM32\windows.storage.dll
0x00007ffe9df00000 - 0x00007ffe9e255000 	C:\Windows\System32\combase.dll
0x00007ffe9bb00000 - 0x00007ffe9bb30000 	C:\Windows\SYSTEM32\Wldp.dll
0x00007ffe9d340000 - 0x00007ffe9d3ed000 	C:\Windows\System32\SHCORE.dll
0x00007ffe9e9d0000 - 0x00007ffe9ea25000 	C:\Windows\System32\shlwapi.dll
0x00007ffe9c1a0000 - 0x00007ffe9c1bf000 	C:\Windows\SYSTEM32\profapi.dll
0x00007ffe6da10000 - 0x00007ffe6da2a000 	C:\Program Files\Java\jdk1.8.0_202\jre\bin\net.dll
0x00007ffe8e1d0000 - 0x00007ffe8e3bd000 	C:\Windows\SYSTEM32\urlmon.dll
0x00007ffe8fb90000 - 0x00007ffe8fbb8000 	C:\Windows\SYSTEM32\srvcli.dll
0x00007ffe8fc10000 - 0x00007ffe8fec1000 	C:\Windows\SYSTEM32\iertutil.dll
0x00007ffe9b700000 - 0x00007ffe9b70c000 	C:\Windows\SYSTEM32\netutils.dll
0x00007ffe9b8e0000 - 0x00007ffe9b94a000 	C:\Windows\system32\mswsock.dll
0x00007ffe9b630000 - 0x00007ffe9b6fa000 	C:\Windows\SYSTEM32\DNSAPI.dll
0x00007ffe9b5f0000 - 0x00007ffe9b62b000 	C:\Windows\SYSTEM32\IPHLPAPI.DLL
0x00007ffe9cc50000 - 0x00007ffe9cc58000 	C:\Windows\System32\NSI.dll
0x00007ffe937d0000 - 0x00007ffe937da000 	C:\Windows\System32\rasadhlp.dll
0x00007ffe92b20000 - 0x00007ffe92ba0000 	C:\Windows\System32\fwpuclnt.dll
0x00007ffe9c5b0000 - 0x00007ffe9c5d7000 	C:\Windows\System32\bcrypt.dll
0x00007ffe9bbb0000 - 0x00007ffe9bbc8000 	C:\Windows\SYSTEM32\CRYPTSP.dll
0x00007ffe9b220000 - 0x00007ffe9b254000 	C:\Windows\system32\rsaenh.dll
0x00007ffe9c120000 - 0x00007ffe9c14e000 	C:\Windows\SYSTEM32\USERENV.dll
0x00007ffe9ca30000 - 0x00007ffe9cab2000 	C:\Windows\System32\bcryptprimitives.dll
0x00007ffe9ba70000 - 0x00007ffe9ba7c000 	C:\Windows\SYSTEM32\CRYPTBASE.dll
0x00007ffe93840000 - 0x00007ffe93857000 	C:\Windows\SYSTEM32\dhcpcsvc6.DLL
0x00007ffe938f0000 - 0x00007ffe9390d000 	C:\Windows\SYSTEM32\dhcpcsvc.DLL
0x00007ffe70f20000 - 0x00007ffe70f32000 	C:\Program Files\Java\jdk1.8.0_202\jre\bin\nio.dll
0x00007ffe70f10000 - 0x00007ffe70f1d000 	C:\Program Files\Java\jdk1.8.0_202\jre\bin\management.dll
0x00007ffe72540000 - 0x00007ffe72557000 	C:\Windows\system32\napinsp.dll
0x00007ffe72520000 - 0x00007ffe7253b000 	C:\Windows\system32\pnrpnsp.dll
0x00007ffe96ae0000 - 0x00007ffe96af5000 	C:\Windows\system32\wshbth.dll
0x00007ffe97470000 - 0x00007ffe9748d000 	C:\Windows\system32\NLAapi.dll
0x00007ffe72500000 - 0x00007ffe72512000 	C:\Windows\System32\winrnr.dll
0x00007ffe8c000000 - 0x00007ffe8c024000 	C:\Program Files\Java\jdk1.8.0_202\jre\bin\sunec.dll
0x00007ffe8bff0000 - 0x00007ffe8bffb000 	C:\Program Files\Java\jdk1.8.0_202\jre\bin\sunmscapi.dll
0x00007ffe9c820000 - 0x00007ffe9c976000 	C:\Windows\System32\CRYPT32.dll

VM Arguments:
jvm_args: -ea -Dfile.encoding=UTF-8 
java_command: org.testng.remote.RemoteTestNG -serport 56672 -protocol json -d D:\RingPay\RingPay_APIAutomation\modified_updated\test-output D:\RingPay\RingPay_APIAutomation\modified_updated\RingPay.xml
java_class_path (initial): C:\Users\IGS0425\eclipse\java-2022-06\eclipse\configuration\org.eclipse.osgi\447\0\.cp\lib\testng-remote.jar;D:\RingPay\RingPay_APIAutomation\modified_updated\target\test-classes;D:\RingPay\RingPay_APIAutomation\modified_updated\target\classes;C:\Users\IGS0425\.m2\repository\io\appium\java-client\7.2.0\java-client-7.2.0.jar;C:\Users\IGS0425\.m2\repository\org\seleniumhq\selenium\selenium-support\3.141.59\selenium-support-3.141.59.jar;C:\Users\IGS0425\.m2\repository\org\seleniumhq\selenium\selenium-api\3.141.59\selenium-api-3.141.59.jar;C:\Users\IGS0425\.m2\repository\com\google\code\gson\gson\2.8.5\gson-2.8.5.jar;C:\Users\IGS0425\.m2\repository\org\apache\httpcomponents\httpclient\4.5.9\httpclient-4.5.9.jar;C:\Users\IGS0425\.m2\repository\cglib\cglib\3.2.12\cglib-3.2.12.jar;C:\Users\IGS0425\.m2\repository\org\ow2\asm\asm\7.1\asm-7.1.jar;C:\Users\IGS0425\.m2\repository\commons-io\commons-io\2.6\commons-io-2.6.jar;C:\Users\IGS0425\.m2\repository\org\springframework\spring-context\5.1.8.RELEASE\spring-context-5.1.8.RELEASE.jar;C:\Users\IGS0425\.m2\repository\org\springframework\spring-aop\5.1.8.RELEASE\spring-aop-5.1.8.RELEASE.jar;C:\Users\IGS0425\.m2\repository\org\springframework\spring-beans\5.1.8.RELEASE\spring-beans-5.1.8.RELEASE.jar;C:\Users\IGS0425\.m2\repository\org\springframework\spring-core\5.1.8.RELEASE\spring-core-5.1.8.RELEASE.jar;C:\Users\IGS0425\.m2\repository\org\springframework\spring-jcl\5.1.8.RELEASE\spring-jcl-5.1.8.RELEASE.jar;C:\Users\IGS0425\.m2\repository\org\springframework\spring-expression\5.1.8.RELEASE\spring-expression-5.1.8.RELEASE.jar;C:\Users\IGS0425\.m2\repository\org\aspectj\aspectjweaver\1.9.4\aspectjweaver-1.9.4.jar;C:\Users\IGS0425\.m2\repository\org\slf4j\slf4j-api\1.7.26\slf4j-api-1.7.26.jar;C:\Users\IGS0425\.m2\repository\org\seleniumhq\selenium\selenium-java\3.141.59\selenium-java-3.141.59.jar;C:\Users\IGS0425\.m2\repository\org\seleniumhq\selenium\selenium-chrome-driver\3.141.59\selenium-chrome-dri
Launcher Type: SUN_STANDARD

Environment Variables:
JAVA_HOME=C:\Program Files\Java\jdk1.8.0_202
PATH=C:/Users/IGS0425/.p2/pool/plugins/org.eclipse.justj.openjdk.hotspot.jre.full.win32.x86_64_17.0.3.v20220515-1416/jre/bin/server;C:/Users/IGS0425/.p2/pool/plugins/org.eclipse.justj.openjdk.hotspot.jre.full.win32.x86_64_17.0.3.v20220515-1416/jre/bin;C:\Program Files (x86)\Common Files\Oracle\Java\javapath;C:\Windows\system32;C:\Windows;C:\Windows\System32\Wbem;C:\Windows\System32\WindowsPowerShell\v1.0\;C:\Windows\System32\OpenSSH\;C:\Program Files\nodejs\;C:\Program Files\Git\cmd;C:\Program Files\apache-maven-3.8.6\bin;C:\Users\IGS0425\AppData\Local\Microsoft\WindowsApps;C:\Program Files\JetBrains\IntelliJ IDEA Community Edition 2022.1.3\bin;;C:\Users\IGS0425\AppData\Roaming\npm;C:\Program Files\Java\jdk1.8.0_202\bin;;C:\Windows\System32;
USERNAME=IGS0425
OS=Windows_NT
PROCESSOR_IDENTIFIER=Intel64 Family 6 Model 140 Stepping 1, GenuineIntel



---------------  S Y S T E M  ---------------

OS: Windows 10.0 , 64 bit Build 19041 (10.0.19041.2364)

CPU:total 8 (initial active 8) (4 cores per cpu, 2 threads per core) family 6 model 140 stepping 1, cmov, cx8, fxsr, mmx, sse, sse2, sse3, ssse3, sse4.1, sse4.2, popcnt, avx, avx2, aes, clmul, erms, 3dnowpref, lzcnt, ht, tsc, tscinvbit, bmi1, bmi2, adx

Memory: 4k page, physical 16428308k(1876928k free), swap 16428308k(5512k free)

vm_info: Java HotSpot(TM) 64-Bit Server VM (25.202-b08) for windows-amd64 JRE (1.8.0_202-b08), built on Dec 15 2018 19:54:30 by "java_re" with MS VC++ 10.0 (VS2010)

time: Mon Dec 26 13:29:54 2022
timezone: India Standard Time
elapsed time: 4 seconds (0d 0h 0m 4s)

