#
# There is insufficient memory for the Java Runtime Environment to continue.
# Native memory allocation (malloc) failed to allocate 1290592 bytes for Chunk::new
# Possible reasons:
#   The system is out of physical RAM or swap space
#   The process is running with CompressedOops enabled, and the Java Heap may be blocking the growth of the native heap
# Possible solutions:
#   Reduce memory load on the system
#   Increase physical memory or swap space
#   Check if swap backing store is full
#   Decrease Java heap size (-Xmx/-Xms)
#   Decrease number of Java threads
#   Decrease Java thread stack sizes (-Xss)
#   Set larger code cache with -XX:ReservedCodeCacheSize=
#   JVM is running with Zero Based Compressed Oops mode in which the Java heap is
#     placed in the first 32GB address space. The Java Heap base address is the
#     maximum limit for the native heap growth. Please use -XX:HeapBaseMinAddress
#     to set the Java Heap base and to place the Java Heap above 32GB virtual address.
# This output file may be truncated or incomplete.
#
#  Out of Memory Error (allocation.cpp:389), pid=14904, tid=0x00000000000016bc
#
# JRE version: Java(TM) SE Runtime Environment (8.0_202-b08) (build 1.8.0_202-b08)
# Java VM: Java HotSpot(TM) 64-Bit Server VM (25.202-b08 mixed mode windows-amd64 compressed oops)
# Failed to write core dump. Minidumps are not enabled by default on client versions of Windows
#

---------------  T H R E A D  ---------------

Current thread (0x000000001df4c800):  JavaThread "C2 CompilerThread0" daemon [_thread_in_native, id=5820, stack(0x000000001e810000,0x000000001e910000)]

Stack: [0x000000001e810000,0x000000001e910000]
[error occurred during error reporting (printing stack bounds), id 0xc0000005]

Native frames: (J=compiled Java code, j=interpreted, Vv=VM code, C=native code)


Current CompileTask:
C2:   4302 3387   !   4       com.sun.beans.TypeResolver::resolve (274 bytes)


---------------  P R O C E S S  ---------------

Java Threads: ( => current thread )
  0x000000001f5d1000 JavaThread "ReaderThread" [_thread_in_native, id=13776, stack(0x0000000020b30000,0x0000000020c30000)]
  0x000000001dfe8800 JavaThread "Service Thread" daemon [_thread_blocked, id=11432, stack(0x000000001ec10000,0x000000001ed10000)]
  0x000000001dfa6000 JavaThread "C1 CompilerThread3" daemon [_thread_blocked, id=16376, stack(0x000000001eb10000,0x000000001ec10000)]
  0x000000001df9a000 JavaThread "C2 CompilerThread2" daemon [_thread_in_native, id=512, stack(0x000000001ea10000,0x000000001eb10000)]
  0x000000001df95000 JavaThread "C2 CompilerThread1" daemon [_thread_blocked, id=3296, stack(0x000000001e910000,0x000000001ea10000)]
=>0x000000001df4c800 JavaThread "C2 CompilerThread0" daemon [_thread_in_native, id=5820, stack(0x000000001e810000,0x000000001e910000)]
  0x000000001df4b000 JavaThread "Attach Listener" daemon [_thread_blocked, id=11400, stack(0x000000001e710000,0x000000001e810000)]
  0x000000001df4a000 JavaThread "Signal Dispatcher" daemon [_thread_blocked, id=5992, stack(0x000000001e610000,0x000000001e710000)]
  0x000000001c157800 JavaThread "Finalizer" daemon [_thread_blocked, id=4152, stack(0x000000001e410000,0x000000001e510000)]
  0x000000001df30800 JavaThread "Reference Handler" daemon [_thread_blocked, id=17180, stack(0x000000001e310000,0x000000001e410000)]
  0x00000000027fa000 JavaThread "main" [_thread_in_native, id=13828, stack(0x00000000026f0000,0x00000000027f0000)]

Other Threads:
  0x000000001c146800 VMThread [stack: 0x000000001de10000,0x000000001df10000] [id=17136]
  0x000000001e023000 WatcherThread [stack: 0x000000001ed10000,0x000000001ee10000] [id=1588]

VM state:not at safepoint (normal execution)

VM Mutex/Monitor currently owned by a thread: None

heap address: 0x00000006c5400000, size: 4012 MB, Compressed Oops mode: Zero based, Oop shift amount: 3
Narrow klass base: 0x0000000000000000, Narrow klass shift: 3
Compressed class space size: 1073741824 Address: 0x00000007c0000000

Heap:
 PSYoungGen      total 111104K, used 28321K [0x000000076c700000, 0x0000000774980000, 0x00000007c0000000)
  eden space 96768K, 23% used [0x000000076c700000,0x000000076dd81b70,0x0000000772580000)
  from space 14336K, 36% used [0x0000000772580000,0x0000000772aa6c88,0x0000000773380000)
  to   space 11776K, 0% used [0x0000000773380000,0x0000000773380000,0x0000000773f00000)
 ParOldGen       total 102912K, used 16822K [0x00000006c5400000, 0x00000006cb880000, 0x000000076c700000)
  object space 102912K, 16% used [0x00000006c5400000,0x00000006c646d870,0x00000006cb880000)
 Metaspace       used 38952K, capacity 40448K, committed 40576K, reserved 1085440K
  class space    used 4811K, capacity 5243K, committed 5248K, reserved 1048576K

Card table byte_map: [0x0000000011cb0000,0x0000000012490000] byte_map_base: 0x000000000e686000

Marking Bits: (ParMarkBitMap*) 0x000000006ae75ce0
 Begin Bits: [0x00000000131d0000, 0x0000000017080000)
 End Bits:   [0x0000000017080000, 0x000000001af30000)

Polling page: 0x0000000002690000

CodeCache: size=245760Kb used=13610Kb max_used=13610Kb free=232149Kb
 bounds [0x00000000028f0000, 0x0000000003650000, 0x00000000118f0000]
 total_blobs=4300 nmethods=3544 adapters=668
 compilation: enabled

Compilation events (10 events):
Event: 4.266 Thread 0x000000001dfa6000 nmethod 3498 0x0000000003608b50 code [0x0000000003608cc0, 0x0000000003609008]
Event: 4.266 Thread 0x000000001dfa6000 3499       3       java.nio.charset.CharsetEncoder::implOnMalformedInput (1 bytes)
Event: 4.266 Thread 0x000000001dfa6000 nmethod 3499 0x00000000035fc8d0 code [0x00000000035fca20, 0x00000000035fcb70]
Event: 4.266 Thread 0x000000001dfa6000 3500       3       java.nio.charset.CharsetEncoder::onUnmappableCharacter (26 bytes)
Event: 4.266 Thread 0x000000001dfa6000 nmethod 3500 0x0000000003609110 code [0x0000000003609280, 0x00000000036095c8]
Event: 4.267 Thread 0x000000001dfa6000 3501       3       sun.security.jca.GetInstance::getInstance (29 bytes)
Event: 4.267 Thread 0x000000001dfa6000 nmethod 3501 0x00000000036096d0 code [0x0000000003609860, 0x0000000003609d18]
Event: 4.267 Thread 0x000000001dfa6000 3503       3       java.security.Provider::access$1000 (4 bytes)
Event: 4.267 Thread 0x000000001dfa6000 nmethod 3503 0x000000000360b410 code [0x000000000360b560, 0x000000000360b690]
Event: 4.267 Thread 0x000000001dfa6000 3502       3       sun.security.jca.GetInstance::checkSuperClass (68 bytes)

GC Heap History (10 events):
Event: 2.426 GC heap before
{Heap before GC invocations=5 (full 1):
 PSYoungGen      total 75264K, used 64512K [0x000000076c700000, 0x0000000771b00000, 0x00000007c0000000)
  eden space 64512K, 100% used [0x000000076c700000,0x0000000770600000,0x0000000770600000)
  from space 10752K, 0% used [0x0000000770600000,0x0000000770600000,0x0000000771080000)
  to   space 10752K, 0% used [0x0000000771080000,0x0000000771080000,0x0000000771b00000)
 ParOldGen       total 102912K, used 6851K [0x00000006c5400000, 0x00000006cb880000, 0x000000076c700000)
  object space 102912K, 6% used [0x00000006c5400000,0x00000006c5ab0f68,0x00000006cb880000)
 Metaspace       used 27574K, capacity 28180K, committed 28416K, reserved 1075200K
  class space    used 3393K, capacity 3567K, committed 3584K, reserved 1048576K
Event: 2.435 GC heap after
Heap after GC invocations=5 (full 1):
 PSYoungGen      total 75264K, used 8439K [0x000000076c700000, 0x0000000773d00000, 0x00000007c0000000)
  eden space 64512K, 0% used [0x000000076c700000,0x000000076c700000,0x0000000770600000)
  from space 10752K, 78% used [0x0000000771080000,0x00000007718bde48,0x0000000771b00000)
  to   space 10752K, 0% used [0x0000000770600000,0x0000000770600000,0x0000000771080000)
 ParOldGen       total 102912K, used 6859K [0x00000006c5400000, 0x00000006cb880000, 0x000000076c700000)
  object space 102912K, 6% used [0x00000006c5400000,0x00000006c5ab2f68,0x00000006cb880000)
 Metaspace       used 27574K, capacity 28180K, committed 28416K, reserved 1075200K
  class space    used 3393K, capacity 3567K, committed 3584K, reserved 1048576K
}
Event: 3.034 GC heap before
{Heap before GC invocations=6 (full 1):
 PSYoungGen      total 75264K, used 72951K [0x000000076c700000, 0x0000000773d00000, 0x00000007c0000000)
  eden space 64512K, 100% used [0x000000076c700000,0x0000000770600000,0x0000000770600000)
  from space 10752K, 78% used [0x0000000771080000,0x00000007718bde48,0x0000000771b00000)
  to   space 10752K, 0% used [0x0000000770600000,0x0000000770600000,0x0000000771080000)
 ParOldGen       total 102912K, used 6859K [0x00000006c5400000, 0x00000006cb880000, 0x000000076c700000)
  object space 102912K, 6% used [0x00000006c5400000,0x00000006c5ab2f68,0x00000006cb880000)
 Metaspace       used 31670K, capacity 32378K, committed 32512K, reserved 1077248K
  class space    used 3791K, capacity 3983K, committed 4096K, reserved 1048576K
Event: 3.041 GC heap after
Heap after GC invocations=6 (full 1):
 PSYoungGen      total 75264K, used 10725K [0x000000076c700000, 0x0000000773f00000, 0x00000007c0000000)
  eden space 64512K, 0% used [0x000000076c700000,0x000000076c700000,0x0000000770600000)
  from space 10752K, 99% used [0x0000000770600000,0x0000000771079628,0x0000000771080000)
  to   space 11776K, 0% used [0x0000000773380000,0x0000000773380000,0x0000000773f00000)
 ParOldGen       total 102912K, used 7690K [0x00000006c5400000, 0x00000006cb880000, 0x000000076c700000)
  object space 102912K, 7% used [0x00000006c5400000,0x00000006c5b82820,0x00000006cb880000)
 Metaspace       used 31670K, capacity 32378K, committed 32512K, reserved 1077248K
  class space    used 3791K, capacity 3983K, committed 4096K, reserved 1048576K
}
Event: 3.302 GC heap before
{Heap before GC invocations=7 (full 1):
 PSYoungGen      total 75264K, used 63132K [0x000000076c700000, 0x0000000773f00000, 0x00000007c0000000)
  eden space 64512K, 81% used [0x000000076c700000,0x000000076fa2dae8,0x0000000770600000)
  from space 10752K, 99% used [0x0000000770600000,0x0000000771079628,0x0000000771080000)
  to   space 11776K, 0% used [0x0000000773380000,0x0000000773380000,0x0000000773f00000)
 ParOldGen       total 102912K, used 7690K [0x00000006c5400000, 0x00000006cb880000, 0x000000076c700000)
  object space 102912K, 7% used [0x00000006c5400000,0x00000006c5b82820,0x00000006cb880000)
 Metaspace       used 34542K, capacity 35444K, committed 35496K, reserved 1081344K
  class space    used 4160K, capacity 4428K, committed 4480K, reserved 1048576K
Event: 3.311 GC heap after
Heap after GC invocations=7 (full 1):
 PSYoungGen      total 108544K, used 11764K [0x000000076c700000, 0x0000000774980000, 0x00000007c0000000)
  eden space 96768K, 0% used [0x000000076c700000,0x000000076c700000,0x0000000772580000)
  from space 11776K, 99% used [0x0000000773380000,0x0000000773efd310,0x0000000773f00000)
  to   space 14336K, 0% used [0x0000000772580000,0x0000000772580000,0x0000000773380000)
 ParOldGen       total 102912K, used 9211K [0x00000006c5400000, 0x00000006cb880000, 0x000000076c700000)
  object space 102912K, 8% used [0x00000006c5400000,0x00000006c5cfed68,0x00000006cb880000)
 Metaspace       used 34542K, capacity 35444K, committed 35496K, reserved 1081344K
  class space    used 4160K, capacity 4428K, committed 4480K, reserved 1048576K
}
Event: 3.311 GC heap before
{Heap before GC invocations=8 (full 2):
 PSYoungGen      total 108544K, used 11764K [0x000000076c700000, 0x0000000774980000, 0x00000007c0000000)
  eden space 96768K, 0% used [0x000000076c700000,0x000000076c700000,0x0000000772580000)
  from space 11776K, 99% used [0x0000000773380000,0x0000000773efd310,0x0000000773f00000)
  to   space 14336K, 0% used [0x0000000772580000,0x0000000772580000,0x0000000773380000)
 ParOldGen       total 102912K, used 9211K [0x00000006c5400000, 0x00000006cb880000, 0x000000076c700000)
  object space 102912K, 8% used [0x00000006c5400000,0x00000006c5cfed68,0x00000006cb880000)
 Metaspace       used 34542K, capacity 35444K, committed 35496K, reserved 1081344K
  class space    used 4160K, capacity 4428K, committed 4480K, reserved 1048576K
Event: 3.373 GC heap after
Heap after GC invocations=8 (full 2):
 PSYoungGen      total 108544K, used 0K [0x000000076c700000, 0x0000000774980000, 0x00000007c0000000)
  eden space 96768K, 0% used [0x000000076c700000,0x000000076c700000,0x0000000772580000)
  from space 11776K, 0% used [0x0000000773380000,0x0000000773380000,0x0000000773f00000)
  to   space 14336K, 0% used [0x0000000772580000,0x0000000772580000,0x0000000773380000)
 ParOldGen       total 102912K, used 16814K [0x00000006c5400000, 0x00000006cb880000, 0x000000076c700000)
  object space 102912K, 16% used [0x00000006c5400000,0x00000006c646b870,0x00000006cb880000)
 Metaspace       used 34540K, capacity 35438K, committed 35496K, reserved 1081344K
  class space    used 4160K, capacity 4426K, committed 4480K, reserved 1048576K
}
Event: 4.059 GC heap before
{Heap before GC invocations=9 (full 2):
 PSYoungGen      total 108544K, used 96768K [0x000000076c700000, 0x0000000774980000, 0x00000007c0000000)
  eden space 96768K, 100% used [0x000000076c700000,0x0000000772580000,0x0000000772580000)
  from space 11776K, 0% used [0x0000000773380000,0x0000000773380000,0x0000000773f00000)
  to   space 14336K, 0% used [0x0000000772580000,0x0000000772580000,0x0000000773380000)
 ParOldGen       total 102912K, used 16814K [0x00000006c5400000, 0x00000006cb880000, 0x000000076c700000)
  object space 102912K, 16% used [0x00000006c5400000,0x00000006c646b870,0x00000006cb880000)
 Metaspace       used 37701K, capacity 39158K, committed 39424K, reserved 1083392K
  class space    used 4631K, capacity 5043K, committed 5120K, reserved 1048576K
Event: 4.065 GC heap after
Heap after GC invocations=9 (full 2):
 PSYoungGen      total 111104K, used 5275K [0x000000076c700000, 0x0000000774980000, 0x00000007c0000000)
  eden space 96768K, 0% used [0x000000076c700000,0x000000076c700000,0x0000000772580000)
  from space 14336K, 36% used [0x0000000772580000,0x0000000772aa6c88,0x0000000773380000)
  to   space 11776K, 0% used [0x0000000773380000,0x0000000773380000,0x0000000773f00000)
 ParOldGen       total 102912K, used 16822K [0x00000006c5400000, 0x00000006cb880000, 0x000000076c700000)
  object space 102912K, 16% used [0x00000006c5400000,0x00000006c646d870,0x00000006cb880000)
 Metaspace       used 37701K, capacity 39158K, committed 39424K, reserved 1083392K
  class space    used 4631K, capacity 5043K, committed 5120K, reserved 1048576K
}

Deoptimization events (10 events):
Event: 3.924 Thread 0x00000000027fa000 Uncommon trap: reason=unstable_if action=reinterpret pc=0x00000000030cdda4 method=java.util.zip.ZipFile$ZipEntryIterator.hasNext()Z @ 25
Event: 3.927 Thread 0x00000000027fa000 Uncommon trap: reason=unstable_if action=reinterpret pc=0x00000000030d5eec method=java.util.zip.ZipFile$ZipEntryIterator.hasNext()Z @ 25
Event: 3.932 Thread 0x00000000027fa000 Uncommon trap: reason=class_check action=maybe_recompile pc=0x0000000002ba5314 method=java.util.jar.JarFile.getJarEntry(Ljava/lang/String;)Ljava/util/jar/JarEntry; @ 2
Event: 3.933 Thread 0x00000000027fa000 Uncommon trap: reason=class_check action=maybe_recompile pc=0x0000000002ba5314 method=java.util.jar.JarFile.getJarEntry(Ljava/lang/String;)Ljava/util/jar/JarEntry; @ 2
Event: 3.933 Thread 0x00000000027fa000 Uncommon trap: reason=class_check action=maybe_recompile pc=0x0000000002ba5314 method=java.util.jar.JarFile.getJarEntry(Ljava/lang/String;)Ljava/util/jar/JarEntry; @ 2
Event: 3.933 Thread 0x00000000027fa000 Uncommon trap: reason=class_check action=maybe_recompile pc=0x0000000002ba5314 method=java.util.jar.JarFile.getJarEntry(Ljava/lang/String;)Ljava/util/jar/JarEntry; @ 2
Event: 3.936 Thread 0x00000000027fa000 Uncommon trap: reason=unstable_if action=reinterpret pc=0x00000000030d65ac method=java.util.zip.ZipFile$ZipEntryIterator.hasNext()Z @ 25
Event: 4.094 Thread 0x00000000027fa000 Uncommon trap: reason=bimorphic action=maybe_recompile pc=0x0000000002e6ecd4 method=java.util.HashMap.putVal(ILjava/lang/Object;Ljava/lang/Object;ZZ)Ljava/lang/Object; @ 253
Event: 4.100 Thread 0x00000000027fa000 Uncommon trap: reason=bimorphic action=maybe_recompile pc=0x0000000002e6ecd4 method=java.util.HashMap.putVal(ILjava/lang/Object;Ljava/lang/Object;ZZ)Ljava/lang/Object; @ 253
Event: 4.244 Thread 0x00000000027fa000 Uncommon trap: reason=unstable_if action=reinterpret pc=0x0000000003479664 method=java.util.jar.JarFile.maybeInstantiateVerifier()V @ 75

Classes redefined (0 events):
No events

Internal exceptions (10 events):
Event: 4.112 Thread 0x00000000027fa000 Exception <a 'java/lang/ClassNotFoundException': groovy/lang/MetaPropertyCustomizer> (0x000000076d083d00) thrown at [C:\re\workspace\8-2-build-windows-amd64-cygwin\jdk8u202\12323\hotspot\src\share\vm\classfile\systemDictionary.cpp, line 210]
Event: 4.112 Thread 0x00000000027fa000 Exception <a 'java/lang/ClassNotFoundException': groovy/lang/MetaBeanPropertyCustomizer> (0x000000076d0c45a0) thrown at [C:\re\workspace\8-2-build-windows-amd64-cygwin\jdk8u202\12323\hotspot\src\share\vm\classfile\systemDictionary.cpp, line 210]
Event: 4.114 Thread 0x00000000027fa000 Exception <a 'java/lang/ClassNotFoundException': org/apache/http/entity/StringEntityBeanInfo> (0x000000076d11b3a8) thrown at [C:\re\workspace\8-2-build-windows-amd64-cygwin\jdk8u202\12323\hotspot\src\share\vm\classfile\systemDictionary.cpp, line 210]
Event: 4.115 Thread 0x00000000027fa000 Exception <a 'java/lang/ClassNotFoundException': org/apache/http/entity/AbstractHttpEntityBeanInfo> (0x000000076d143700) thrown at [C:\re\workspace\8-2-build-windows-amd64-cygwin\jdk8u202\12323\hotspot\src\share\vm\classfile\systemDictionary.cpp, line 210
Event: 4.115 Thread 0x00000000027fa000 Exception <a 'java/lang/ClassNotFoundException': org/apache/http/entity/AbstractHttpEntityCustomizer> (0x000000076d16d948) thrown at [C:\re\workspace\8-2-build-windows-amd64-cygwin\jdk8u202\12323\hotspot\src\share\vm\classfile\systemDictionary.cpp, line 2
Event: 4.115 Thread 0x00000000027fa000 Exception <a 'java/lang/ClassNotFoundException': org/apache/http/entity/StringEntityCustomizer> (0x000000076d19f2d0) thrown at [C:\re\workspace\8-2-build-windows-amd64-cygwin\jdk8u202\12323\hotspot\src\share\vm\classfile\systemDictionary.cpp, line 210]
Event: 4.117 Thread 0x00000000027fa000 Exception <a 'java/lang/ClassNotFoundException': java/util/HashMap$KeySetBeanInfo> (0x000000076d2479d0) thrown at [C:\re\workspace\8-2-build-windows-amd64-cygwin\jdk8u202\12323\hotspot\src\share\vm\classfile\systemDictionary.cpp, line 210]
Event: 4.118 Thread 0x00000000027fa000 Exception <a 'java/lang/ClassNotFoundException': java/util/HashMap$KeySetCustomizer> (0x000000076d257ae8) thrown at [C:\re\workspace\8-2-build-windows-amd64-cygwin\jdk8u202\12323\hotspot\src\share\vm\classfile\systemDictionary.cpp, line 210]
Event: 4.150 Thread 0x00000000027fa000 Exception <a 'java/lang/ClassNotFoundException': sun/net/spi/DefaultProxySelectorBeanInfo> (0x000000076d537e30) thrown at [C:\re\workspace\8-2-build-windows-amd64-cygwin\jdk8u202\12323\hotspot\src\share\vm\classfile\systemDictionary.cpp, line 210]
Event: 4.150 Thread 0x00000000027fa000 Exception <a 'java/lang/ClassNotFoundException': sun/net/spi/DefaultProxySelectorCustomizer> (0x000000076d54a380) thrown at [C:\re\workspace\8-2-build-windows-amd64-cygwin\jdk8u202\12323\hotspot\src\share\vm\classfile\systemDictionary.cpp, line 210]

Events (10 events):
Event: 4.259 loading class sun/security/ssl/AppOutputStream
Event: 4.259 loading class sun/security/ssl/AppOutputStream done
Event: 4.259 loading class sun/security/ssl/OutputRecord
Event: 4.259 loading class sun/security/ssl/OutputRecord done
Event: 4.259 loading class sun/security/ssl/ClientHandshaker
Event: 4.260 loading class sun/security/ssl/Handshaker
Event: 4.260 loading class sun/security/ssl/Handshaker done
Event: 4.260 loading class sun/security/ssl/ClientHandshaker done
Event: 4.260 loading class javax/crypto/KeyGenerator
Event: 4.260 loading class javax/crypto/KeyGenerator done


Dynamic libraries:
0x00007ff605a80000 - 0x00007ff605ab7000 	C:\Program Files\Java\jdk1.8.0_202\bin\javaw.exe
0x00007ffe571f0000 - 0x00007ffe573e8000 	C:\Windows\SYSTEM32\ntdll.dll
0x00007ffe56c80000 - 0x00007ffe56d3f000 	C:\Windows\System32\KERNEL32.DLL
0x00007ffe54c60000 - 0x00007ffe54f32000 	C:\Windows\System32\KERNELBASE.dll
0x00007ffe570c0000 - 0x00007ffe5716e000 	C:\Windows\System32\ADVAPI32.dll
0x00007ffe56bd0000 - 0x00007ffe56c6e000 	C:\Windows\System32\msvcrt.dll
0x00007ffe567d0000 - 0x00007ffe5686c000 	C:\Windows\System32\sechost.dll
0x00007ffe56f90000 - 0x00007ffe570b5000 	C:\Windows\System32\RPCRT4.dll
0x00007ffe56a20000 - 0x00007ffe56bc1000 	C:\Windows\System32\USER32.dll
0x00007ffe55200000 - 0x00007ffe55222000 	C:\Windows\System32\win32u.dll
0x00007ffe57170000 - 0x00007ffe5719b000 	C:\Windows\System32\GDI32.dll
0x00007ffe550f0000 - 0x00007ffe551ff000 	C:\Windows\System32\gdi32full.dll
0x00007ffe54b30000 - 0x00007ffe54bcd000 	C:\Windows\System32\msvcp_win.dll
0x00007ffe54f40000 - 0x00007ffe55040000 	C:\Windows\System32\ucrtbase.dll
0x00007ffe3db30000 - 0x00007ffe3ddca000 	C:\Windows\WinSxS\amd64_microsoft.windows.common-controls_6595b64144ccf1df_6.0.19041.1110_none_60b5254171f9507e\COMCTL32.dll
0x00007ffe56dc0000 - 0x00007ffe56df2000 	C:\Windows\System32\IMM32.DLL
0x000000006af00000 - 0x000000006afd2000 	C:\Program Files\Java\jdk1.8.0_202\jre\bin\msvcr100.dll
0x000000006a650000 - 0x000000006aef5000 	C:\Program Files\Java\jdk1.8.0_202\jre\bin\server\jvm.dll
0x00007ffe56c70000 - 0x00007ffe56c78000 	C:\Windows\System32\PSAPI.DLL
0x00007ffe4d110000 - 0x00007ffe4d11a000 	C:\Windows\SYSTEM32\VERSION.dll
0x00007ffe2e570000 - 0x00007ffe2e597000 	C:\Windows\SYSTEM32\WINMM.dll
0x00007ffe3af50000 - 0x00007ffe3af59000 	C:\Windows\SYSTEM32\WSOCK32.dll
0x00007ffe56760000 - 0x00007ffe567cb000 	C:\Windows\System32\WS2_32.dll
0x00007ffe2c020000 - 0x00007ffe2c02f000 	C:\Program Files\Java\jdk1.8.0_202\jre\bin\verify.dll
0x00007ffe2bff0000 - 0x00007ffe2c019000 	C:\Program Files\Java\jdk1.8.0_202\jre\bin\java.dll
0x00007ffe2b920000 - 0x00007ffe2b936000 	C:\Program Files\Java\jdk1.8.0_202\jre\bin\zip.dll
0x00007ffe55630000 - 0x00007ffe55d74000 	C:\Windows\System32\SHELL32.dll
0x00007ffe52940000 - 0x00007ffe530d2000 	C:\Windows\SYSTEM32\windows.storage.dll
0x00007ffe55f00000 - 0x00007ffe56255000 	C:\Windows\System32\combase.dll
0x00007ffe54180000 - 0x00007ffe541b0000 	C:\Windows\SYSTEM32\Wldp.dll
0x00007ffe55df0000 - 0x00007ffe55e9d000 	C:\Windows\System32\SHCORE.dll
0x00007ffe55ea0000 - 0x00007ffe55ef5000 	C:\Windows\System32\shlwapi.dll
0x00007ffe54820000 - 0x00007ffe5483f000 	C:\Windows\SYSTEM32\profapi.dll
0x00007ffe27b50000 - 0x00007ffe27b6a000 	C:\Program Files\Java\jdk1.8.0_202\jre\bin\net.dll
0x00007ffe3f030000 - 0x00007ffe3f21d000 	C:\Windows\SYSTEM32\urlmon.dll
0x00007ffe3f380000 - 0x00007ffe3f631000 	C:\Windows\SYSTEM32\iertutil.dll
0x00007ffe3f000000 - 0x00007ffe3f028000 	C:\Windows\SYSTEM32\srvcli.dll
0x00007ffe53d80000 - 0x00007ffe53d8c000 	C:\Windows\SYSTEM32\netutils.dll
0x00007ffe53f60000 - 0x00007ffe53fca000 	C:\Windows\system32\mswsock.dll
0x00007ffe53cb0000 - 0x00007ffe53d7a000 	C:\Windows\SYSTEM32\DNSAPI.dll
0x00007ffe53c70000 - 0x00007ffe53cab000 	C:\Windows\SYSTEM32\IPHLPAPI.DLL
0x00007ffe571a0000 - 0x00007ffe571a8000 	C:\Windows\System32\NSI.dll
0x00007ffe4be10000 - 0x00007ffe4be1a000 	C:\Windows\System32\rasadhlp.dll
0x00007ffe4a330000 - 0x00007ffe4a3b0000 	C:\Windows\System32\fwpuclnt.dll
0x00007ffe549a0000 - 0x00007ffe549c7000 	C:\Windows\System32\bcrypt.dll
0x00007ffe541c0000 - 0x00007ffe541d8000 	C:\Windows\SYSTEM32\CRYPTSP.dll
0x00007ffe538a0000 - 0x00007ffe538d4000 	C:\Windows\system32\rsaenh.dll
0x00007ffe547e0000 - 0x00007ffe5480e000 	C:\Windows\SYSTEM32\USERENV.dll
0x00007ffe54bd0000 - 0x00007ffe54c52000 	C:\Windows\System32\bcryptprimitives.dll
0x00007ffe540f0000 - 0x00007ffe540fc000 	C:\Windows\SYSTEM32\CRYPTBASE.dll
0x00007ffe4be80000 - 0x00007ffe4be97000 	C:\Windows\SYSTEM32\dhcpcsvc6.DLL
0x00007ffe4c8c0000 - 0x00007ffe4c8dd000 	C:\Windows\SYSTEM32\dhcpcsvc.DLL
0x00007ffe25820000 - 0x00007ffe25832000 	C:\Program Files\Java\jdk1.8.0_202\jre\bin\nio.dll
0x00007ffe28920000 - 0x00007ffe2892d000 	C:\Program Files\Java\jdk1.8.0_202\jre\bin\management.dll
0x00007ffe3d3d0000 - 0x00007ffe3d3e7000 	C:\Windows\system32\napinsp.dll
0x00007ffe3d3b0000 - 0x00007ffe3d3cb000 	C:\Windows\system32\pnrpnsp.dll
0x00007ffe4f180000 - 0x00007ffe4f195000 	C:\Windows\system32\wshbth.dll
0x00007ffe4fc60000 - 0x00007ffe4fc7d000 	C:\Windows\system32\NLAapi.dll
0x00007ffe2a620000 - 0x00007ffe2a632000 	C:\Windows\System32\winrnr.dll
0x00007ffe28550000 - 0x00007ffe28574000 	C:\Program Files\Java\jdk1.8.0_202\jre\bin\sunec.dll
0x00007ffe28540000 - 0x00007ffe2854b000 	C:\Program Files\Java\jdk1.8.0_202\jre\bin\sunmscapi.dll
0x00007ffe549d0000 - 0x00007ffe54b26000 	C:\Windows\System32\CRYPT32.dll

VM Arguments:
jvm_args: -ea -Dfile.encoding=UTF-8 
java_command: org.testng.remote.RemoteTestNG -serport 65373 -protocol json -d D:\RingPay\RingPay_APIAutomation\modified_updated\test-output D:\RingPay\RingPay_APIAutomation\modified_updated\RingPay.xml
java_class_path (initial): C:\Users\IGS0425\eclipse\java-2022-06\eclipse\configuration\org.eclipse.osgi\447\0\.cp\lib\testng-remote.jar;D:\RingPay\RingPay_APIAutomation\modified_updated\target\test-classes;D:\RingPay\RingPay_APIAutomation\modified_updated\target\classes;C:\Users\IGS0425\.m2\repository\io\appium\java-client\7.2.0\java-client-7.2.0.jar;C:\Users\IGS0425\.m2\repository\org\seleniumhq\selenium\selenium-support\3.141.59\selenium-support-3.141.59.jar;C:\Users\IGS0425\.m2\repository\org\seleniumhq\selenium\selenium-api\3.141.59\selenium-api-3.141.59.jar;C:\Users\IGS0425\.m2\repository\com\google\code\gson\gson\2.8.5\gson-2.8.5.jar;C:\Users\IGS0425\.m2\repository\org\apache\httpcomponents\httpclient\4.5.9\httpclient-4.5.9.jar;C:\Users\IGS0425\.m2\repository\cglib\cglib\3.2.12\cglib-3.2.12.jar;C:\Users\IGS0425\.m2\repository\org\ow2\asm\asm\7.1\asm-7.1.jar;C:\Users\IGS0425\.m2\repository\commons-io\commons-io\2.6\commons-io-2.6.jar;C:\Users\IGS0425\.m2\repository\org\springframework\spring-context\5.1.8.RELEASE\spring-context-5.1.8.RELEASE.jar;C:\Users\IGS0425\.m2\repository\org\springframework\spring-aop\5.1.8.RELEASE\spring-aop-5.1.8.RELEASE.jar;C:\Users\IGS0425\.m2\repository\org\springframework\spring-beans\5.1.8.RELEASE\spring-beans-5.1.8.RELEASE.jar;C:\Users\IGS0425\.m2\repository\org\springframework\spring-core\5.1.8.RELEASE\spring-core-5.1.8.RELEASE.jar;C:\Users\IGS0425\.m2\repository\org\springframework\spring-jcl\5.1.8.RELEASE\spring-jcl-5.1.8.RELEASE.jar;C:\Users\IGS0425\.m2\repository\org\springframework\spring-expression\5.1.8.RELEASE\spring-expression-5.1.8.RELEASE.jar;C:\Users\IGS0425\.m2\repository\org\aspectj\aspectjweaver\1.9.4\aspectjweaver-1.9.4.jar;C:\Users\IGS0425\.m2\repository\org\slf4j\slf4j-api\1.7.26\slf4j-api-1.7.26.jar;C:\Users\IGS0425\.m2\repository\org\seleniumhq\selenium\selenium-java\3.141.59\selenium-java-3.141.59.jar;C:\Users\IGS0425\.m2\repository\org\seleniumhq\selenium\selenium-chrome-driver\3.141.59\selenium-chrome-dri
Launcher Type: SUN_STANDARD

Environment Variables:
JAVA_HOME=C:\Program Files\Java\jdk1.8.0_202
PATH=C:/Users/IGS0425/.p2/pool/plugins/org.eclipse.justj.openjdk.hotspot.jre.full.win32.x86_64_17.0.3.v20220515-1416/jre/bin/server;C:/Users/IGS0425/.p2/pool/plugins/org.eclipse.justj.openjdk.hotspot.jre.full.win32.x86_64_17.0.3.v20220515-1416/jre/bin;C:\Program Files (x86)\Common Files\Oracle\Java\javapath;C:\Windows\system32;C:\Windows;C:\Windows\System32\Wbem;C:\Windows\System32\WindowsPowerShell\v1.0\;C:\Windows\System32\OpenSSH\;C:\Program Files\nodejs\;C:\Program Files\Git\cmd;C:\Program Files\apache-maven-3.8.6\bin;C:\Users\IGS0425\AppData\Local\Microsoft\WindowsApps;C:\Program Files\JetBrains\IntelliJ IDEA Community Edition 2022.1.3\bin;;C:\Users\IGS0425\AppData\Roaming\npm;C:\Program Files\Java\jdk1.8.0_202\bin;;C:\Windows\system32;
USERNAME=IGS0425
OS=Windows_NT
PROCESSOR_IDENTIFIER=Intel64 Family 6 Model 140 Stepping 1, GenuineIntel



---------------  S Y S T E M  ---------------

OS: Windows 10.0 , 64 bit Build 19041 (10.0.19041.2364)

CPU:total 8 (initial active 8) (4 cores per cpu, 2 threads per core) family 6 model 140 stepping 1, cmov, cx8, fxsr, mmx, sse, sse2, sse3, ssse3, sse4.1, sse4.2, popcnt, avx, avx2, aes, clmul, erms, 3dnowpref, lzcnt, ht, tsc, tscinvbit, bmi1, bmi2, adx

Memory: 4k page, physical 16428308k(2453056k free), swap 16428308k(6368k free)

vm_info: Java HotSpot(TM) 64-Bit Server VM (25.202-b08) for windows-amd64 JRE (1.8.0_202-b08), built on Dec 15 2018 19:54:30 by "java_re" with MS VC++ 10.0 (VS2010)

time: Mon Dec 19 17:46:24 2022
timezone: India Standard Time
elapsed time: 4 seconds (0d 0h 0m 4s)

