#
# There is insufficient memory for the Java Runtime Environment to continue.
# Native memory allocation (malloc) failed to allocate 729136 bytes for Chunk::new
# Possible reasons:
#   The system is out of physical RAM or swap space
#   The process is running with CompressedOops enabled, and the Java Heap may be blocking the growth of the native heap
# Possible solutions:
#   Reduce memory load on the system
#   Increase physical memory or swap space
#   Check if swap backing store is full
#   Decrease Java heap size (-Xmx/-Xms)
#   Decrease number of Java threads
#   Decrease Java thread stack sizes (-Xss)
#   Set larger code cache with -XX:ReservedCodeCacheSize=
#   JVM is running with Zero Based Compressed Oops mode in which the Java heap is
#     placed in the first 32GB address space. The Java Heap base address is the
#     maximum limit for the native heap growth. Please use -XX:HeapBaseMinAddress
#     to set the Java Heap base and to place the Java Heap above 32GB virtual address.
# This output file may be truncated or incomplete.
#
#  Out of Memory Error (allocation.cpp:389), pid=15060, tid=0x0000000000000118
#
# JRE version: Java(TM) SE Runtime Environment (8.0_202-b08) (build 1.8.0_202-b08)
# Java VM: Java HotSpot(TM) 64-Bit Server VM (25.202-b08 mixed mode windows-amd64 compressed oops)
# Failed to write core dump. Minidumps are not enabled by default on client versions of Windows
#

---------------  T H R E A D  ---------------

Current thread (0x000000001eaeb000):  JavaThread "C2 CompilerThread0" daemon [_thread_in_native, id=280, stack(0x000000001f3b0000,0x000000001f4b0000)]

Stack: [0x000000001f3b0000,0x000000001f4b0000]
[error occurred during error reporting (printing stack bounds), id 0xc0000005]

Native frames: (J=compiled Java code, j=interpreted, Vv=VM code, C=native code)


Current CompileTask:
C2:   8621 8391   !   4       java.lang.ClassLoader::loadClass (122 bytes)


---------------  P R O C E S S  ---------------

Java Threads: ( => current thread )
  0x0000000021af1000 JavaThread "mysql-cj-abandoned-connection-cleanup" daemon [_thread_blocked, id=15536, stack(0x00000000239a0000,0x0000000023aa0000)]
  0x0000000020b51000 JavaThread "TestNG-test=Demo1-5" [_thread_blocked, id=9192, stack(0x00000000236a0000,0x00000000237a0000)]
  0x0000000020c18000 JavaThread "TestNG-test=Demo1-4" [_thread_in_native, id=1352, stack(0x00000000235a0000,0x00000000236a0000)]
  0x0000000020c17000 JavaThread "TestNG-test=Demo1-3" [_thread_blocked, id=7692, stack(0x00000000234a0000,0x00000000235a0000)]
  0x0000000020efd000 JavaThread "TestNG-test=Demo1-2" [_thread_blocked, id=3060, stack(0x00000000233a0000,0x00000000234a0000)]
  0x0000000020efc000 JavaThread "TestNG-test=Demo1-1" [_thread_in_Java, id=10104, stack(0x0000000021180000,0x0000000021280000)]
  0x0000000020774800 JavaThread "ReaderThread" [_thread_in_native, id=15240, stack(0x00000000216d0000,0x00000000217d0000)]
  0x000000001eb90800 JavaThread "Service Thread" daemon [_thread_blocked, id=9732, stack(0x000000001f7b0000,0x000000001f8b0000)]
  0x000000001eb03800 JavaThread "C1 CompilerThread3" daemon [_thread_blocked, id=6104, stack(0x000000001f6b0000,0x000000001f7b0000)]
  0x000000001eafb800 JavaThread "C2 CompilerThread2" daemon [_thread_in_native, id=14568, stack(0x000000001f5b0000,0x000000001f6b0000)]
  0x000000001eaee800 JavaThread "C2 CompilerThread1" daemon [_thread_in_native, id=7712, stack(0x000000001f4b0000,0x000000001f5b0000)]
=>0x000000001eaeb000 JavaThread "C2 CompilerThread0" daemon [_thread_in_native, id=280, stack(0x000000001f3b0000,0x000000001f4b0000)]
  0x000000001eaea000 JavaThread "Attach Listener" daemon [_thread_blocked, id=5420, stack(0x000000001f2b0000,0x000000001f3b0000)]
  0x000000001eae9000 JavaThread "Signal Dispatcher" daemon [_thread_blocked, id=9568, stack(0x000000001f1b0000,0x000000001f2b0000)]
  0x000000001ccc7000 JavaThread "Finalizer" daemon [_thread_blocked, id=14424, stack(0x000000001efb0000,0x000000001f0b0000)]
  0x000000001ead0800 JavaThread "Reference Handler" daemon [_thread_blocked, id=13560, stack(0x000000001eeb0000,0x000000001efb0000)]
  0x00000000033ba000 JavaThread "main" [_thread_blocked, id=15012, stack(0x00000000032b0000,0x00000000033b0000)]

Other Threads:
  0x000000001ccb8000 VMThread [stack: 0x000000001e9b0000,0x000000001eab0000] [id=14096]
  0x000000001ebcc800 WatcherThread [stack: 0x000000001f8b0000,0x000000001f9b0000] [id=7568]

VM state:not at safepoint (normal execution)

VM Mutex/Monitor currently owned by a thread: None

heap address: 0x00000006c5400000, size: 4012 MB, Compressed Oops mode: Zero based, Oop shift amount: 3
Narrow klass base: 0x0000000000000000, Narrow klass shift: 3
Compressed class space size: 1073741824 Address: 0x00000007c0000000

Heap:
 PSYoungGen      total 335872K, used 83941K [0x000000076c700000, 0x0000000784c00000, 0x00000007c0000000)
  eden space 316928K, 23% used [0x000000076c700000,0x00000007710b7b90,0x000000077fc80000)
  from space 18944K, 44% used [0x0000000780d00000,0x0000000781541a18,0x0000000781f80000)
  to   space 16896K, 0% used [0x000000077fc80000,0x000000077fc80000,0x0000000780d00000)
 ParOldGen       total 244224K, used 30352K [0x00000006c5400000, 0x00000006d4280000, 0x000000076c700000)
  object space 244224K, 12% used [0x00000006c5400000,0x00000006c71a42a0,0x00000006d4280000)
 Metaspace       used 57000K, capacity 61075K, committed 61656K, reserved 1101824K
  class space    used 7412K, capacity 8748K, committed 8960K, reserved 1048576K

Card table byte_map: [0x0000000012870000,0x0000000013050000] byte_map_base: 0x000000000f246000

Marking Bits: (ParMarkBitMap*) 0x0000000076385ce0
 Begin Bits: [0x0000000013d90000, 0x0000000017c40000)
 End Bits:   [0x0000000017c40000, 0x000000001baf0000)

Polling page: 0x00000000018c0000

CodeCache: size=245760Kb used=24847Kb max_used=24858Kb free=220912Kb
 bounds [0x00000000034b0000, 0x0000000004d20000, 0x00000000124b0000]
 total_blobs=7900 nmethods=7084 adapters=726
 compilation: enabled

Compilation events (10 events):
Event: 8.601 Thread 0x000000001eafb800 nmethod 8403 0x0000000004d08410 code [0x0000000004d08600, 0x0000000004d08d40]
Event: 8.601 Thread 0x000000001eb03800 nmethod 8410 0x0000000004cfb4d0 code [0x0000000004cfb700, 0x0000000004cfc068]
Event: 8.604 Thread 0x000000001eafb800 8411       4       org.apache.xmlbeans.impl.values.XmlObjectBase::monitor (19 bytes)
Event: 8.604 Thread 0x000000001eafb800 nmethod 8411 0x0000000003adaad0 code [0x0000000003adac20, 0x0000000003adad18]
Event: 8.608 Thread 0x000000001eaee800 nmethod 8409 0x0000000004d0b0d0 code [0x0000000004d0b260, 0x0000000004d0bbd8]
Event: 8.613 Thread 0x000000001eb03800 8412   !   3       com.sun.org.apache.xerces.internal.parsers.AbstractSAXParser::getFeature (357 bytes)
Event: 8.613 Thread 0x000000001eafb800 8413   !   4       com.sun.org.apache.xerces.internal.parsers.AbstractSAXParser::setFeature (552 bytes)
Event: 8.614 Thread 0x000000001eb03800 nmethod 8412 0x0000000004d0c250 code [0x0000000004d0c700, 0x0000000004d10038]
Event: 8.619 Thread 0x000000001eaee800 8414       4       java.util.Collections$UnmodifiableMap::get (11 bytes)
Event: 8.619 Thread 0x000000001eaee800 nmethod 8414 0x0000000004a1bc10 code [0x0000000004a1bd40, 0x0000000004a1bdd8]

GC Heap History (10 events):
Event: 7.362 GC heap before
{Heap before GC invocations=17 (full 3):
 PSYoungGen      total 333824K, used 325041K [0x000000076c700000, 0x0000000781f80000, 0x00000007c0000000)
  eden space 314880K, 100% used [0x000000076c700000,0x000000077fa80000,0x000000077fa80000)
  from space 18944K, 53% used [0x000000077fa80000,0x000000078046c5f0,0x0000000780d00000)
  to   space 18944K, 0% used [0x0000000780d00000,0x0000000780d00000,0x0000000781f80000)
 ParOldGen       total 244224K, used 30310K [0x00000006c5400000, 0x00000006d4280000, 0x000000076c700000)
  object space 244224K, 12% used [0x00000006c5400000,0x00000006c7199a00,0x00000006d4280000)
 Metaspace       used 56852K, capacity 60883K, committed 61400K, reserved 1101824K
  class space    used 7407K, capacity 8748K, committed 8960K, reserved 1048576K
Event: 7.370 GC heap after
Heap after GC invocations=17 (full 3):
 PSYoungGen      total 333824K, used 12625K [0x000000076c700000, 0x0000000781f80000, 0x00000007c0000000)
  eden space 314880K, 0% used [0x000000076c700000,0x000000076c700000,0x000000077fa80000)
  from space 18944K, 66% used [0x0000000780d00000,0x0000000781954720,0x0000000781f80000)
  to   space 18944K, 0% used [0x000000077fa80000,0x000000077fa80000,0x0000000780d00000)
 ParOldGen       total 244224K, used 30318K [0x00000006c5400000, 0x00000006d4280000, 0x000000076c700000)
  object space 244224K, 12% used [0x00000006c5400000,0x00000006c719ba00,0x00000006d4280000)
 Metaspace       used 56852K, capacity 60883K, committed 61400K, reserved 1101824K
  class space    used 7407K, capacity 8748K, committed 8960K, reserved 1048576K
}
Event: 7.646 GC heap before
{Heap before GC invocations=18 (full 3):
 PSYoungGen      total 333824K, used 327505K [0x000000076c700000, 0x0000000781f80000, 0x00000007c0000000)
  eden space 314880K, 100% used [0x000000076c700000,0x000000077fa80000,0x000000077fa80000)
  from space 18944K, 66% used [0x0000000780d00000,0x0000000781954720,0x0000000781f80000)
  to   space 18944K, 0% used [0x000000077fa80000,0x000000077fa80000,0x0000000780d00000)
 ParOldGen       total 244224K, used 30326K [0x00000006c5400000, 0x00000006d4280000, 0x000000076c700000)
  object space 244224K, 12% used [0x00000006c5400000,0x00000006c719da10,0x00000006d4280000)
 Metaspace       used 56886K, capacity 60947K, committed 61656K, reserved 1101824K
  class space    used 7407K, capacity 8748K, committed 8960K, reserved 1048576K
Event: 7.653 GC heap after
Heap after GC invocations=18 (full 3):
 PSYoungGen      total 333824K, used 10149K [0x000000076c700000, 0x0000000781f80000, 0x00000007c0000000)
  eden space 314880K, 0% used [0x000000076c700000,0x000000076c700000,0x000000077fa80000)
  from space 18944K, 53% used [0x000000077fa80000,0x0000000780469448,0x0000000780d00000)
  to   space 18944K, 0% used [0x0000000780d00000,0x0000000780d00000,0x0000000781f80000)
 ParOldGen       total 244224K, used 30334K [0x00000006c5400000, 0x00000006d4280000, 0x000000076c700000)
  object space 244224K, 12% used [0x00000006c5400000,0x00000006c719fa10,0x00000006d4280000)
 Metaspace       used 56886K, capacity 60947K, committed 61656K, reserved 1101824K
  class space    used 7407K, capacity 8748K, committed 8960K, reserved 1048576K
}
Event: 7.895 GC heap before
{Heap before GC invocations=19 (full 3):
 PSYoungGen      total 333824K, used 325029K [0x000000076c700000, 0x0000000781f80000, 0x00000007c0000000)
  eden space 314880K, 100% used [0x000000076c700000,0x000000077fa80000,0x000000077fa80000)
  from space 18944K, 53% used [0x000000077fa80000,0x0000000780469448,0x0000000780d00000)
  to   space 18944K, 0% used [0x0000000780d00000,0x0000000780d00000,0x0000000781f80000)
 ParOldGen       total 244224K, used 30336K [0x00000006c5400000, 0x00000006d4280000, 0x000000076c700000)
  object space 244224K, 12% used [0x00000006c5400000,0x00000006c71a02a0,0x00000006d4280000)
 Metaspace       used 56904K, capacity 60947K, committed 61656K, reserved 1101824K
  class space    used 7407K, capacity 8748K, committed 8960K, reserved 1048576K
Event: 7.903 GC heap after
Heap after GC invocations=19 (full 3):
 PSYoungGen      total 333824K, used 8214K [0x000000076c700000, 0x0000000781f80000, 0x00000007c0000000)
  eden space 314880K, 0% used [0x000000076c700000,0x000000076c700000,0x000000077fa80000)
  from space 18944K, 43% used [0x0000000780d00000,0x0000000781505918,0x0000000781f80000)
  to   space 18944K, 0% used [0x000000077fa80000,0x000000077fa80000,0x0000000780d00000)
 ParOldGen       total 244224K, used 30336K [0x00000006c5400000, 0x00000006d4280000, 0x000000076c700000)
  object space 244224K, 12% used [0x00000006c5400000,0x00000006c71a02a0,0x00000006d4280000)
 Metaspace       used 56904K, capacity 60947K, committed 61656K, reserved 1101824K
  class space    used 7407K, capacity 8748K, committed 8960K, reserved 1048576K
}
Event: 8.202 GC heap before
{Heap before GC invocations=20 (full 3):
 PSYoungGen      total 333824K, used 323094K [0x000000076c700000, 0x0000000781f80000, 0x00000007c0000000)
  eden space 314880K, 100% used [0x000000076c700000,0x000000077fa80000,0x000000077fa80000)
  from space 18944K, 43% used [0x0000000780d00000,0x0000000781505918,0x0000000781f80000)
  to   space 18944K, 0% used [0x000000077fa80000,0x000000077fa80000,0x0000000780d00000)
 ParOldGen       total 244224K, used 30336K [0x00000006c5400000, 0x00000006d4280000, 0x000000076c700000)
  object space 244224K, 12% used [0x00000006c5400000,0x00000006c71a02a0,0x00000006d4280000)
 Metaspace       used 56983K, capacity 61011K, committed 61656K, reserved 1101824K
  class space    used 7409K, capacity 8748K, committed 8960K, reserved 1048576K
Event: 8.206 GC heap after
Heap after GC invocations=20 (full 3):
 PSYoungGen      total 333824K, used 7715K [0x000000076c700000, 0x0000000781f80000, 0x00000007c0000000)
  eden space 314880K, 0% used [0x000000076c700000,0x000000076c700000,0x000000077fa80000)
  from space 18944K, 40% used [0x000000077fa80000,0x0000000780208c68,0x0000000780d00000)
  to   space 18944K, 0% used [0x0000000780d00000,0x0000000780d00000,0x0000000781f80000)
 ParOldGen       total 244224K, used 30344K [0x00000006c5400000, 0x00000006d4280000, 0x000000076c700000)
  object space 244224K, 12% used [0x00000006c5400000,0x00000006c71a22a0,0x00000006d4280000)
 Metaspace       used 56983K, capacity 61011K, committed 61656K, reserved 1101824K
  class space    used 7409K, capacity 8748K, committed 8960K, reserved 1048576K
}
Event: 8.492 GC heap before
{Heap before GC invocations=21 (full 3):
 PSYoungGen      total 333824K, used 322595K [0x000000076c700000, 0x0000000781f80000, 0x00000007c0000000)
  eden space 314880K, 100% used [0x000000076c700000,0x000000077fa80000,0x000000077fa80000)
  from space 18944K, 40% used [0x000000077fa80000,0x0000000780208c68,0x0000000780d00000)
  to   space 18944K, 0% used [0x0000000780d00000,0x0000000780d00000,0x0000000781f80000)
 ParOldGen       total 244224K, used 30344K [0x00000006c5400000, 0x00000006d4280000, 0x000000076c700000)
  object space 244224K, 12% used [0x00000006c5400000,0x00000006c71a22a0,0x00000006d4280000)
 Metaspace       used 57000K, capacity 61075K, committed 61656K, reserved 1101824K
  class space    used 7412K, capacity 8748K, committed 8960K, reserved 1048576K
Event: 8.495 GC heap after
Heap after GC invocations=21 (full 3):
 PSYoungGen      total 335872K, used 8454K [0x000000076c700000, 0x0000000784c00000, 0x00000007c0000000)
  eden space 316928K, 0% used [0x000000076c700000,0x000000076c700000,0x000000077fc80000)
  from space 18944K, 44% used [0x0000000780d00000,0x0000000781541a18,0x0000000781f80000)
  to   space 16896K, 0% used [0x000000077fc80000,0x000000077fc80000,0x0000000780d00000)
 ParOldGen       total 244224K, used 30352K [0x00000006c5400000, 0x00000006d4280000, 0x000000076c700000)
  object space 244224K, 12% used [0x00000006c5400000,0x00000006c71a42a0,0x00000006d4280000)
 Metaspace       used 57000K, capacity 61075K, committed 61656K, reserved 1101824K
  class space    used 7412K, capacity 8748K, committed 8960K, reserved 1048576K
}

Deoptimization events (10 events):
Event: 7.996 Thread 0x0000000020c17000 Uncommon trap: reason=class_check action=maybe_recompile pc=0x0000000003dbfb34 method=org.apache.xmlbeans.XmlOptions.get(Ljava/lang/Object;)Ljava/lang/Object; @ 5
Event: 8.061 Thread 0x0000000020efd000 Uncommon trap: reason=unstable_if action=reinterpret pc=0x000000000430a230 method=org.apache.xmlbeans.impl.store.Xobj.hasTextNoEnsureOccupancy()Z @ 22
Event: 8.155 Thread 0x0000000020efd000 Uncommon trap: reason=unstable_if action=reinterpret pc=0x0000000003eeb1b8 method=org.apache.xmlbeans.impl.store.Xobj.lastAttr()Lorg/apache/xmlbeans/impl/store/Xobj; @ 38
Event: 8.158 Thread 0x0000000020efc000 Uncommon trap: reason=class_check action=maybe_recompile pc=0x0000000004b8ff94 method=org.apache.xmlbeans.impl.store.CharUtil.getString(Ljava/lang/Object;II)Ljava/lang/String; @ 55
Event: 8.164 Thread 0x0000000020c17000 Uncommon trap: reason=class_check action=maybe_recompile pc=0x0000000004b8ff94 method=org.apache.xmlbeans.impl.store.CharUtil.getString(Ljava/lang/Object;II)Ljava/lang/String; @ 55
Event: 8.283 Thread 0x0000000020efd000 Uncommon trap: reason=unstable_if action=reinterpret pc=0x00000000042e0df0 method=org.apache.xmlbeans.XmlOptions.maskNull(Lorg/apache/xmlbeans/XmlOptions;)Lorg/apache/xmlbeans/XmlOptions; @ 1
Event: 8.314 Thread 0x0000000020c18000 Uncommon trap: reason=bimorphic action=maybe_recompile pc=0x0000000003ba6850 method=java.util.Hashtable.get(Ljava/lang/Object;)Ljava/lang/Object; @ 6
Event: 8.352 Thread 0x0000000020efd000 Uncommon trap: reason=class_check action=maybe_recompile pc=0x0000000004b8ff94 method=org.apache.xmlbeans.impl.store.CharUtil.getString(Ljava/lang/Object;II)Ljava/lang/String; @ 55
Event: 8.353 Thread 0x0000000020efc000 Uncommon trap: reason=class_check action=maybe_recompile pc=0x0000000004b8ff94 method=org.apache.xmlbeans.impl.store.CharUtil.getString(Ljava/lang/Object;II)Ljava/lang/String; @ 55
Event: 8.545 Thread 0x0000000020c18000 Uncommon trap: reason=unstable_if action=reinterpret pc=0x0000000004a3efd4 method=sun.nio.cs.UTF_8$Encoder.encodeArrayLoop(Ljava/nio/CharBuffer;Ljava/nio/ByteBuffer;)Ljava/nio/charset/CoderResult; @ 175

Classes redefined (0 events):
No events

Internal exceptions (10 events):
Event: 5.705 Thread 0x0000000020b51000 Exception <a 'java/lang/ClassNotFoundException': Script1Customizer> (0x0000000771293c18) thrown at [C:\re\workspace\8-2-build-windows-amd64-cygwin\jdk8u202\12323\hotspot\src\share\vm\classfile\systemDictionary.cpp, line 210]
Event: 5.713 Thread 0x0000000020efd000 Exception <a 'java/lang/ClassNotFoundException': Script1BeanInfo> (0x000000077147b2b8) thrown at [C:\re\workspace\8-2-build-windows-amd64-cygwin\jdk8u202\12323\hotspot\src\share\vm\classfile\systemDictionary.cpp, line 210]
Event: 5.714 Thread 0x0000000020efd000 Exception <a 'java/lang/ClassNotFoundException': Script1Customizer> (0x000000077149acd0) thrown at [C:\re\workspace\8-2-build-windows-amd64-cygwin\jdk8u202\12323\hotspot\src\share\vm\classfile\systemDictionary.cpp, line 210]
Event: 5.718 Thread 0x0000000020b51000 Exception <a 'java/lang/ClassNotFoundException': Script1BeanInfo> (0x000000077183dcd8) thrown at [C:\re\workspace\8-2-build-windows-amd64-cygwin\jdk8u202\12323\hotspot\src\share\vm\classfile\systemDictionary.cpp, line 210]
Event: 5.719 Thread 0x0000000020b51000 Exception <a 'java/lang/ClassNotFoundException': Script1Customizer> (0x000000077185d6f0) thrown at [C:\re\workspace\8-2-build-windows-amd64-cygwin\jdk8u202\12323\hotspot\src\share\vm\classfile\systemDictionary.cpp, line 210]
Event: 6.081 Thread 0x0000000020b51000 Implicit null exception at 0x0000000004752ee7 to 0x00000000047549b5
Event: 6.130 Thread 0x0000000020efd000 Implicit null exception at 0x00000000047b85fc to 0x00000000047bdcad
Event: 6.131 Thread 0x0000000020efd000 Implicit null exception at 0x00000000047ce02b to 0x00000000047d2241
Event: 6.422 Thread 0x0000000020efd000 Implicit null exception at 0x00000000048ba5db to 0x00000000048be299
Event: 6.710 Thread 0x0000000020c17000 Implicit null exception at 0x00000000049a7214 to 0x00000000049ad43d

Events (10 events):
Event: 8.618 loading class org/apache/xerces/util/SecurityManager
Event: 8.618 loading class org/apache/xerces/util/SecurityManager done
Event: 8.618 loading class org/apache/xerces/util/SecurityManager
Event: 8.618 loading class org/apache/xerces/util/SecurityManager done
Event: 8.619 loading class org/apache/xerces/util/SecurityManager
Event: 8.619 loading class org/apache/xerces/util/SecurityManager done
Event: 8.619 loading class org/apache/xerces/util/SecurityManager
Event: 8.619 loading class org/apache/xerces/util/SecurityManager done
Event: 8.620 loading class org/apache/xerces/util/SecurityManager
Event: 8.620 loading class org/apache/xerces/util/SecurityManager done


Dynamic libraries:
0x00007ff6cb800000 - 0x00007ff6cb837000 	C:\Program Files\Java\jdk1.8.0_202\bin\javaw.exe
0x00007ff92c010000 - 0x00007ff92c208000 	C:\Windows\SYSTEM32\ntdll.dll
0x00007ff92a580000 - 0x00007ff92a63f000 	C:\Windows\System32\KERNEL32.DLL
0x00007ff929b80000 - 0x00007ff929e52000 	C:\Windows\System32\KERNELBASE.dll
0x00007ff92a4d0000 - 0x00007ff92a57e000 	C:\Windows\System32\ADVAPI32.dll
0x00007ff92a6e0000 - 0x00007ff92a77e000 	C:\Windows\System32\msvcrt.dll
0x00007ff92b780000 - 0x00007ff92b81c000 	C:\Windows\System32\sechost.dll
0x00007ff92aed0000 - 0x00007ff92aff5000 	C:\Windows\System32\RPCRT4.dll
0x00007ff92bc20000 - 0x00007ff92bdc1000 	C:\Windows\System32\USER32.dll
0x00007ff929e60000 - 0x00007ff929e82000 	C:\Windows\System32\win32u.dll
0x00007ff92b410000 - 0x00007ff92b43b000 	C:\Windows\System32\GDI32.dll
0x00007ff929f40000 - 0x00007ff92a04f000 	C:\Windows\System32\gdi32full.dll
0x00007ff929ae0000 - 0x00007ff929b7d000 	C:\Windows\System32\msvcp_win.dll
0x00007ff9299e0000 - 0x00007ff929ae0000 	C:\Windows\System32\ucrtbase.dll
0x00007ff90eb70000 - 0x00007ff90ee0a000 	C:\Windows\WinSxS\amd64_microsoft.windows.common-controls_6595b64144ccf1df_6.0.19041.1110_none_60b5254171f9507e\COMCTL32.dll
0x00007ff92b610000 - 0x00007ff92b642000 	C:\Windows\System32\IMM32.DLL
0x0000000076410000 - 0x00000000764e2000 	C:\Program Files\Java\jdk1.8.0_202\jre\bin\msvcr100.dll
0x0000000075b60000 - 0x0000000076405000 	C:\Program Files\Java\jdk1.8.0_202\jre\bin\server\jvm.dll
0x00007ff92b450000 - 0x00007ff92b458000 	C:\Windows\System32\PSAPI.DLL
0x00007ff90c920000 - 0x00007ff90c929000 	C:\Windows\SYSTEM32\WSOCK32.dll
0x00007ff922eb0000 - 0x00007ff922eba000 	C:\Windows\SYSTEM32\VERSION.dll
0x00007ff90abb0000 - 0x00007ff90abd7000 	C:\Windows\SYSTEM32\WINMM.dll
0x00007ff92ba80000 - 0x00007ff92baeb000 	C:\Windows\System32\WS2_32.dll
0x00007ff904d50000 - 0x00007ff904d5f000 	C:\Program Files\Java\jdk1.8.0_202\jre\bin\verify.dll
0x00007ff904d20000 - 0x00007ff904d49000 	C:\Program Files\Java\jdk1.8.0_202\jre\bin\java.dll
0x00007ff904d00000 - 0x00007ff904d16000 	C:\Program Files\Java\jdk1.8.0_202\jre\bin\zip.dll
0x00007ff92a780000 - 0x00007ff92aec4000 	C:\Windows\System32\SHELL32.dll
0x00007ff927760000 - 0x00007ff927ef2000 	C:\Windows\SYSTEM32\windows.storage.dll
0x00007ff92b000000 - 0x00007ff92b355000 	C:\Windows\System32\combase.dll
0x00007ff928fa0000 - 0x00007ff928fd0000 	C:\Windows\SYSTEM32\Wldp.dll
0x00007ff92b360000 - 0x00007ff92b40d000 	C:\Windows\System32\SHCORE.dll
0x00007ff92bdd0000 - 0x00007ff92be25000 	C:\Windows\System32\shlwapi.dll
0x00007ff929640000 - 0x00007ff92965f000 	C:\Windows\SYSTEM32\profapi.dll
0x00007ff903490000 - 0x00007ff9034aa000 	C:\Program Files\Java\jdk1.8.0_202\jre\bin\net.dll
0x00007ff91a0a0000 - 0x00007ff91a28d000 	C:\Windows\SYSTEM32\urlmon.dll
0x00007ff919e10000 - 0x00007ff919e38000 	C:\Windows\SYSTEM32\srvcli.dll
0x00007ff919b50000 - 0x00007ff919e01000 	C:\Windows\SYSTEM32\iertutil.dll
0x00007ff928ba0000 - 0x00007ff928bac000 	C:\Windows\SYSTEM32\netutils.dll
0x00007ff928d80000 - 0x00007ff928dea000 	C:\Windows\system32\mswsock.dll
0x00007ff928ad0000 - 0x00007ff928b9a000 	C:\Windows\SYSTEM32\DNSAPI.dll
0x00007ff928a90000 - 0x00007ff928acb000 	C:\Windows\SYSTEM32\IPHLPAPI.DLL
0x00007ff92a4c0000 - 0x00007ff92a4c8000 	C:\Windows\System32\NSI.dll
0x00007ff922dd0000 - 0x00007ff922dda000 	C:\Windows\System32\rasadhlp.dll
0x00007ff922680000 - 0x00007ff922700000 	C:\Windows\System32\fwpuclnt.dll
0x00007ff929850000 - 0x00007ff929877000 	C:\Windows\System32\bcrypt.dll
0x00007ff929050000 - 0x00007ff929068000 	C:\Windows\SYSTEM32\CRYPTSP.dll
0x00007ff9286c0000 - 0x00007ff9286f4000 	C:\Windows\system32\rsaenh.dll
0x00007ff929600000 - 0x00007ff92962e000 	C:\Windows\SYSTEM32\USERENV.dll
0x00007ff9297c0000 - 0x00007ff929842000 	C:\Windows\System32\bcryptprimitives.dll
0x00007ff928f10000 - 0x00007ff928f1c000 	C:\Windows\SYSTEM32\CRYPTBASE.dll
0x00007ff922de0000 - 0x00007ff922df7000 	C:\Windows\SYSTEM32\dhcpcsvc6.DLL
0x00007ff922e90000 - 0x00007ff922ead000 	C:\Windows\SYSTEM32\dhcpcsvc.DLL
0x00007ff903420000 - 0x00007ff903432000 	C:\Program Files\Java\jdk1.8.0_202\jre\bin\nio.dll
0x00007ff91aa10000 - 0x00007ff91aa1d000 	C:\Program Files\Java\jdk1.8.0_202\jre\bin\management.dll
0x00007ff906d40000 - 0x00007ff906d57000 	C:\Windows\system32\napinsp.dll
0x00007ff906d20000 - 0x00007ff906d3b000 	C:\Windows\system32\pnrpnsp.dll
0x00007ff906d00000 - 0x00007ff906d15000 	C:\Windows\system32\wshbth.dll
0x00007ff924a70000 - 0x00007ff924a8d000 	C:\Windows\system32\NLAapi.dll
0x00007ff906ce0000 - 0x00007ff906cf2000 	C:\Windows\System32\winrnr.dll
0x00007ff902f90000 - 0x00007ff902fb4000 	C:\Program Files\Java\jdk1.8.0_202\jre\bin\sunec.dll
0x00007ff9030b0000 - 0x00007ff9030bb000 	C:\Program Files\Java\jdk1.8.0_202\jre\bin\sunmscapi.dll
0x00007ff929880000 - 0x00007ff9299d6000 	C:\Windows\System32\CRYPT32.dll

VM Arguments:
jvm_args: -ea -Dfile.encoding=UTF-8 
java_command: org.testng.remote.RemoteTestNG -serport 65180 -protocol json -d D:\RingPay\RingPay_APIAutomation\modified_updated\test-output D:\RingPay\RingPay_APIAutomation\modified_updated\Demo.xml
java_class_path (initial): C:\Users\IGS0425\eclipse\java-2022-06\eclipse\configuration\org.eclipse.osgi\447\0\.cp\lib\testng-remote.jar;D:\RingPay\RingPay_APIAutomation\modified_updated\target\test-classes;D:\RingPay\RingPay_APIAutomation\modified_updated\target\classes;C:\Users\IGS0425\.m2\repository\io\appium\java-client\7.2.0\java-client-7.2.0.jar;C:\Users\IGS0425\.m2\repository\org\seleniumhq\selenium\selenium-support\3.141.59\selenium-support-3.141.59.jar;C:\Users\IGS0425\.m2\repository\org\seleniumhq\selenium\selenium-api\3.141.59\selenium-api-3.141.59.jar;C:\Users\IGS0425\.m2\repository\com\google\code\gson\gson\2.8.5\gson-2.8.5.jar;C:\Users\IGS0425\.m2\repository\org\apache\httpcomponents\httpclient\4.5.9\httpclient-4.5.9.jar;C:\Users\IGS0425\.m2\repository\cglib\cglib\3.2.12\cglib-3.2.12.jar;C:\Users\IGS0425\.m2\repository\org\ow2\asm\asm\7.1\asm-7.1.jar;C:\Users\IGS0425\.m2\repository\commons-io\commons-io\2.6\commons-io-2.6.jar;C:\Users\IGS0425\.m2\repository\org\springframework\spring-context\5.1.8.RELEASE\spring-context-5.1.8.RELEASE.jar;C:\Users\IGS0425\.m2\repository\org\springframework\spring-aop\5.1.8.RELEASE\spring-aop-5.1.8.RELEASE.jar;C:\Users\IGS0425\.m2\repository\org\springframework\spring-beans\5.1.8.RELEASE\spring-beans-5.1.8.RELEASE.jar;C:\Users\IGS0425\.m2\repository\org\springframework\spring-core\5.1.8.RELEASE\spring-core-5.1.8.RELEASE.jar;C:\Users\IGS0425\.m2\repository\org\springframework\spring-jcl\5.1.8.RELEASE\spring-jcl-5.1.8.RELEASE.jar;C:\Users\IGS0425\.m2\repository\org\springframework\spring-expression\5.1.8.RELEASE\spring-expression-5.1.8.RELEASE.jar;C:\Users\IGS0425\.m2\repository\org\aspectj\aspectjweaver\1.9.4\aspectjweaver-1.9.4.jar;C:\Users\IGS0425\.m2\repository\org\slf4j\slf4j-api\1.7.26\slf4j-api-1.7.26.jar;C:\Users\IGS0425\.m2\repository\org\seleniumhq\selenium\selenium-java\3.141.59\selenium-java-3.141.59.jar;C:\Users\IGS0425\.m2\repository\org\seleniumhq\selenium\selenium-chrome-driver\3.141.59\selenium-chrome-dri
Launcher Type: SUN_STANDARD

Environment Variables:
JAVA_HOME=C:\Program Files\Java\jdk1.8.0_202
PATH=C:/Users/IGS0425/.p2/pool/plugins/org.eclipse.justj.openjdk.hotspot.jre.full.win32.x86_64_17.0.3.v20220515-1416/jre/bin/server;C:/Users/IGS0425/.p2/pool/plugins/org.eclipse.justj.openjdk.hotspot.jre.full.win32.x86_64_17.0.3.v20220515-1416/jre/bin;C:\Program Files (x86)\Common Files\Oracle\Java\javapath;C:\Windows\system32;C:\Windows;C:\Windows\System32\Wbem;C:\Windows\System32\WindowsPowerShell\v1.0\;C:\Windows\System32\OpenSSH\;C:\Program Files\nodejs\;C:\Program Files\Git\cmd;C:\Program Files\apache-maven-3.8.6\bin;C:\allure-2.20.1\bin;C:\Users\IGS0425\AppData\Local\Microsoft\WindowsApps;C:\Program Files\JetBrains\IntelliJ IDEA Community Edition 2022.1.3\bin;;C:\Users\IGS0425\AppData\Roaming\npm;C:\Program Files\Java\jdk1.8.0_202\bin;;C:\Windows\system32;
USERNAME=IGS0425
OS=Windows_NT
PROCESSOR_IDENTIFIER=Intel64 Family 6 Model 140 Stepping 1, GenuineIntel



---------------  S Y S T E M  ---------------

OS: Windows 10.0 , 64 bit Build 19041 (10.0.19041.2364)

CPU:total 8 (initial active 8) (4 cores per cpu, 2 threads per core) family 6 model 140 stepping 1, cmov, cx8, fxsr, mmx, sse, sse2, sse3, ssse3, sse4.1, sse4.2, popcnt, avx, avx2, aes, clmul, erms, 3dnowpref, lzcnt, ht, tsc, tscinvbit, bmi1, bmi2, adx

Memory: 4k page, physical 16428308k(1225008k free), swap 16428308k(5296k free)

vm_info: Java HotSpot(TM) 64-Bit Server VM (25.202-b08) for windows-amd64 JRE (1.8.0_202-b08), built on Dec 15 2018 19:54:30 by "java_re" with MS VC++ 10.0 (VS2010)

time: Fri Feb 03 14:52:16 2023
timezone: India Standard Time
elapsed time: 8 seconds (0d 0h 0m 8s)

