#
# There is insufficient memory for the Java Runtime Environment to continue.
# Native memory allocation (malloc) failed to allocate 1048576 bytes for AllocateHeap
# Possible reasons:
#   The system is out of physical RAM or swap space
#   The process is running with CompressedOops enabled, and the Java Heap may be blocking the growth of the native heap
# Possible solutions:
#   Reduce memory load on the system
#   Increase physical memory or swap space
#   Check if swap backing store is full
#   Decrease Java heap size (-Xmx/-Xms)
#   Decrease number of Java threads
#   Decrease Java thread stack sizes (-Xss)
#   Set larger code cache with -XX:ReservedCodeCacheSize=
#   JVM is running with Zero Based Compressed Oops mode in which the Java heap is
#     placed in the first 32GB address space. The Java Heap base address is the
#     maximum limit for the native heap growth. Please use -XX:HeapBaseMinAddress
#     to set the Java Heap base and to place the Java Heap above 32GB virtual address.
# This output file may be truncated or incomplete.
#
#  Out of Memory Error (memory/allocation.inline.hpp:61), pid=16328, tid=0x000000000000095c
#
# JRE version:  (8.0_202-b08) (build )
# Java VM: Java HotSpot(TM) 64-Bit Server VM (25.202-b08 mixed mode windows-amd64 compressed oops)
# Failed to write core dump. Minidumps are not enabled by default on client versions of Windows
#

---------------  T H R E A D  ---------------

Current thread (0x0000000002b4e800):  JavaThread "Unknown thread" [_thread_in_vm, id=2396, stack(0x0000000002b50000,0x0000000002c50000)]

Stack: [0x0000000002b50000,0x0000000002c50000]
[error occurred during error reporting (printing stack bounds), id 0xc0000005]

Native frames: (J=compiled Java code, j=interpreted, Vv=VM code, C=native code)


---------------  P R O C E S S  ---------------

Java Threads: ( => current thread )

Other Threads:

=>0x0000000002b4e800 (exited) JavaThread "Unknown thread" [_thread_in_vm, id=2396, stack(0x0000000002b50000,0x0000000002c50000)]

VM state:not at safepoint (normal execution)

VM Mutex/Monitor currently owned by a thread: None

heap address: 0x00000006c5400000, size: 4012 MB, Compressed Oops mode: Zero based, Oop shift amount: 3
Narrow klass base: 0x0000000000000000, Narrow klass shift: 3
Compressed class space size: 1073741824 Address: 0x00000007c0000000

Heap:
 PSYoungGen      total 75264K, used 1290K [0x000000076c700000, 0x0000000771b00000, 0x00000007c0000000)
  eden space 64512K, 2% used [0x000000076c700000,0x000000076c842900,0x0000000770600000)
  from space 10752K, 0% used [0x0000000771080000,0x0000000771080000,0x0000000771b00000)
  to   space 10752K, 0% used [0x0000000770600000,0x0000000770600000,0x0000000771080000)
 ParOldGen       total 172032K, used 0K [0x00000006c5400000, 0x00000006cfc00000, 0x000000076c700000)
  object space 172032K, 0% used [0x00000006c5400000,0x00000006c5400000,0x00000006cfc00000)
 Metaspace       used 775K, capacity 4480K, committed 4480K, reserved 1056768K
  class space    used 76K, capacity 384K, committed 384K, reserved 1048576K

Card table byte_map: [0x0000000012110000,0x00000000128f0000] byte_map_base: 0x000000000eae6000

Marking Bits: (ParMarkBitMap*) 0x0000000060e55ce0
 Begin Bits: [0x0000000013630000, 0x00000000174e0000)
 End Bits:   [0x00000000174e0000, 0x000000001b390000)

Polling page: 0x0000000002a30000

CodeCache: size=245760Kb used=328Kb max_used=328Kb free=245431Kb
 bounds [0x0000000002d50000, 0x0000000002fc0000, 0x0000000011d50000]
 total_blobs=58 nmethods=0 adapters=38
 compilation: enabled

Compilation events (0 events):
No events

GC Heap History (0 events):
No events

Deoptimization events (0 events):
No events

Classes redefined (0 events):
No events

Internal exceptions (0 events):
No events

Events (10 events):
Event: 0.020 loading class java/lang/Short
Event: 0.020 loading class java/lang/Short done
Event: 0.020 loading class java/lang/Integer
Event: 0.020 loading class java/lang/Integer done
Event: 0.020 loading class java/lang/Long
Event: 0.020 loading class java/lang/Long done
Event: 0.020 loading class java/lang/NullPointerException
Event: 0.021 loading class java/lang/NullPointerException done
Event: 0.021 loading class java/lang/ArithmeticException
Event: 0.021 loading class java/lang/ArithmeticException done


Dynamic libraries:
0x00007ff795ab0000 - 0x00007ff795ae7000 	C:\Program Files\Java\jdk1.8.0_202\bin\javaw.exe
0x00007ffa4d5d0000 - 0x00007ffa4d7c8000 	C:\Windows\SYSTEM32\ntdll.dll
0x00007ffa4b620000 - 0x00007ffa4b6df000 	C:\Windows\System32\KERNEL32.DLL
0x00007ffa4aea0000 - 0x00007ffa4b172000 	C:\Windows\System32\KERNELBASE.dll
0x00007ffa4c2d0000 - 0x00007ffa4c37e000 	C:\Windows\System32\ADVAPI32.dll
0x00007ffa4cc40000 - 0x00007ffa4ccde000 	C:\Windows\System32\msvcrt.dll
0x00007ffa4bae0000 - 0x00007ffa4bb7c000 	C:\Windows\System32\sechost.dll
0x00007ffa4c990000 - 0x00007ffa4cab5000 	C:\Windows\System32\RPCRT4.dll
0x00007ffa4cee0000 - 0x00007ffa4d07d000 	C:\Windows\System32\USER32.dll
0x00007ffa4ae20000 - 0x00007ffa4ae42000 	C:\Windows\System32\win32u.dll
0x00007ffa4d560000 - 0x00007ffa4d58b000 	C:\Windows\System32\GDI32.dll
0x00007ffa4b220000 - 0x00007ffa4b32f000 	C:\Windows\System32\gdi32full.dll
0x00007ffa4ad80000 - 0x00007ffa4ae1d000 	C:\Windows\System32\msvcp_win.dll
0x00007ffa4b330000 - 0x00007ffa4b430000 	C:\Windows\System32\ucrtbase.dll
0x00007ffa3b980000 - 0x00007ffa3bc1a000 	C:\Windows\WinSxS\amd64_microsoft.windows.common-controls_6595b64144ccf1df_6.0.19041.1110_none_60b5254171f9507e\COMCTL32.dll
0x00007ffa4c8a0000 - 0x00007ffa4c8d2000 	C:\Windows\System32\IMM32.DLL
0x0000000060ee0000 - 0x0000000060fb2000 	C:\Program Files\Java\jdk1.8.0_202\jre\bin\msvcr100.dll
0x0000000060630000 - 0x0000000060ed5000 	C:\Program Files\Java\jdk1.8.0_202\jre\bin\server\jvm.dll
0x00007ffa4c530000 - 0x00007ffa4c538000 	C:\Windows\System32\PSAPI.DLL
0x00007ffa43940000 - 0x00007ffa4394a000 	C:\Windows\SYSTEM32\VERSION.dll
0x00007ffa2ac10000 - 0x00007ffa2ac19000 	C:\Windows\SYSTEM32\WSOCK32.dll
0x00007ffa4d080000 - 0x00007ffa4d0eb000 	C:\Windows\System32\WS2_32.dll
0x00007ffa23140000 - 0x00007ffa23167000 	C:\Windows\SYSTEM32\WINMM.dll
0x00007ffa227e0000 - 0x00007ffa227ef000 	C:\Program Files\Java\jdk1.8.0_202\jre\bin\verify.dll
0x00007ffa227b0000 - 0x00007ffa227d9000 	C:\Program Files\Java\jdk1.8.0_202\jre\bin\java.dll
0x00007ffa22720000 - 0x00007ffa22736000 	C:\Program Files\Java\jdk1.8.0_202\jre\bin\zip.dll

VM Arguments:
jvm_args: -Dmaven.home=EMBEDDED -Dclassworlds.conf=C:\RINGPAY\modified_RingPay\modified\.metadata\.plugins\org.eclipse.m2e.launching\launches\m2conf2732478553908639017.tmp -Dmaven.multiModuleProjectDirectory=D:\RingPay\RingPay_APIAutomation\modified_updated -Dfile.encoding=UTF-8 
java_command: org.codehaus.plexus.classworlds.launcher.Launcher -B test
java_class_path (initial): C:\Users\IGS0425\.p2\pool\plugins\org.eclipse.m2e.maven.runtime_1.18.3.20220227-1319\jars\plexus-classworlds-2.6.0.jar
Launcher Type: SUN_STANDARD

Environment Variables:
JAVA_HOME=C:\Program Files\Java\jdk1.8.0_202
PATH=C:/Users/IGS0425/.p2/pool/plugins/org.eclipse.justj.openjdk.hotspot.jre.full.win32.x86_64_17.0.3.v20220515-1416/jre/bin/server;C:/Users/IGS0425/.p2/pool/plugins/org.eclipse.justj.openjdk.hotspot.jre.full.win32.x86_64_17.0.3.v20220515-1416/jre/bin;C:\Program Files (x86)\Common Files\Oracle\Java\javapath;C:\Windows\system32;C:\Windows;C:\Windows\System32\Wbem;C:\Windows\System32\WindowsPowerShell\v1.0\;C:\Windows\System32\OpenSSH\;C:\Program Files\nodejs\;C:\Program Files\Git\cmd;C:\Program Files\apache-maven-3.8.6\bin;C:\Users\IGS0425\AppData\Local\Microsoft\WindowsApps;C:\Program Files\JetBrains\IntelliJ IDEA Community Edition 2022.1.3\bin;;C:\Users\IGS0425\AppData\Roaming\npm;C:\Program Files\Java\jdk1.8.0_202\bin;;C:\Windows\System32;
USERNAME=IGS0425
OS=Windows_NT
PROCESSOR_IDENTIFIER=Intel64 Family 6 Model 140 Stepping 1, GenuineIntel



---------------  S Y S T E M  ---------------

OS: Windows 10.0 , 64 bit Build 19041 (10.0.19041.2251)

CPU:total 8 (initial active 8) (4 cores per cpu, 2 threads per core) family 6 model 140 stepping 1, cmov, cx8, fxsr, mmx, sse, sse2, sse3, ssse3, sse4.1, sse4.2, popcnt, avx, avx2, aes, clmul, erms, 3dnowpref, lzcnt, ht, tsc, tscinvbit, bmi1, bmi2, adx

Memory: 4k page, physical 16428308k(2608960k free), swap 16428308k(4564k free)

vm_info: Java HotSpot(TM) 64-Bit Server VM (25.202-b08) for windows-amd64 JRE (1.8.0_202-b08), built on Dec 15 2018 19:54:30 by "java_re" with MS VC++ 10.0 (VS2010)

time: Tue Dec 06 16:48:29 2022
timezone: India Standard Time
elapsed time: 0 seconds (0d 0h 0m 0s)

