#
# There is insufficient memory for the Java Runtime Environment to continue.
# Native memory allocation (malloc) failed to allocate 32744 bytes for ChunkPool::allocate
# Possible reasons:
#   The system is out of physical RAM or swap space
#   The process is running with CompressedOops enabled, and the Java Heap may be blocking the growth of the native heap
# Possible solutions:
#   Reduce memory load on the system
#   Increase physical memory or swap space
#   Check if swap backing store is full
#   Decrease Java heap size (-Xmx/-Xms)
#   Decrease number of Java threads
#   Decrease Java thread stack sizes (-Xss)
#   Set larger code cache with -XX:ReservedCodeCacheSize=
#   JVM is running with Zero Based Compressed Oops mode in which the Java heap is
#     placed in the first 32GB address space. The Java Heap base address is the
#     maximum limit for the native heap growth. Please use -XX:HeapBaseMinAddress
#     to set the Java Heap base and to place the Java Heap above 32GB virtual address.
# This output file may be truncated or incomplete.
#
#  Out of Memory Error (allocation.cpp:272), pid=13604, tid=0x0000000000003a98
#
# JRE version: Java(TM) SE Runtime Environment (8.0_202-b08) (build 1.8.0_202-b08)
# Java VM: Java HotSpot(TM) 64-Bit Server VM (25.202-b08 mixed mode windows-amd64 compressed oops)
# Failed to write core dump. Minidumps are not enabled by default on client versions of Windows
#

---------------  T H R E A D  ---------------

Current thread (0x000000001c7e6000):  JavaThread "C2 CompilerThread0" daemon [_thread_in_native, id=15000, stack(0x000000001d0d0000,0x000000001d1d0000)]

Stack: [0x000000001d0d0000,0x000000001d1d0000]
[error occurred during error reporting (printing stack bounds), id 0xc0000005]

Native frames: (J=compiled Java code, j=interpreted, Vv=VM code, C=native code)


Current CompileTask:
C2:  21066 8229   !   4       java.util.concurrent.ConcurrentHashMap::putVal (362 bytes)


---------------  P R O C E S S  ---------------

Java Threads: ( => current thread )
  0x0000000023473000 JavaThread "Thread-4" [_thread_in_native, id=7304, stack(0x0000000027480000,0x0000000027580000)]
  0x000000002346b800 JavaThread "Thread-3" [_thread_in_native, id=13948, stack(0x0000000027380000,0x0000000027480000)]
  0x000000002346f800 JavaThread "Thread-2" [_thread_blocked, id=6280, stack(0x0000000027280000,0x0000000027380000)]
  0x000000002346e800 JavaThread "ThreadedStreamConsumer" daemon [_thread_in_native, id=18112, stack(0x0000000027180000,0x0000000027280000)]
  0x000000002346d000 JavaThread "ping-timer-10s" daemon [_thread_blocked, id=17532, stack(0x0000000026d40000,0x0000000026e40000)]
  0x0000000023471800 JavaThread "timeout-check-timer" daemon [_thread_blocked, id=8272, stack(0x0000000026c40000,0x0000000026d40000)]
  0x0000000023472800 JavaThread "resolver-5" daemon [_thread_blocked, id=13684, stack(0x0000000026b40000,0x0000000026c40000)]
  0x0000000023471000 JavaThread "resolver-4" daemon [_thread_blocked, id=6112, stack(0x0000000026a40000,0x0000000026b40000)]
  0x0000000023470000 JavaThread "resolver-3" daemon [_thread_blocked, id=14136, stack(0x0000000026940000,0x0000000026a40000)]
  0x000000002346e000 JavaThread "resolver-2" daemon [_thread_blocked, id=8328, stack(0x0000000025670000,0x0000000025770000)]
  0x000000001e8d2000 JavaThread "resolver-1" daemon [_thread_blocked, id=12548, stack(0x0000000025340000,0x0000000025440000)]
  0x000000001e8d1000 JavaThread "pool-1-thread-14" [_thread_blocked, id=9644, stack(0x0000000024e40000,0x0000000024f40000)]
  0x000000001e8d0800 JavaThread "pool-1-thread-13" [_thread_blocked, id=1364, stack(0x0000000022720000,0x0000000022820000)]
  0x000000001e8cf000 JavaThread "pool-1-thread-12" [_thread_blocked, id=18120, stack(0x00000000215d0000,0x00000000216d0000)]
  0x000000001e8ce000 JavaThread "pool-1-thread-11" [_thread_blocked, id=9928, stack(0x00000000214d0000,0x00000000215d0000)]
  0x000000001e8cf800 JavaThread "pool-1-thread-10" [_thread_blocked, id=3068, stack(0x00000000213d0000,0x00000000214d0000)]
  0x000000001e8cd800 JavaThread "pool-1-thread-9" [_thread_blocked, id=8396, stack(0x00000000210d0000,0x00000000211d0000)]
  0x000000001dd1c800 JavaThread "pool-1-thread-8" [_thread_blocked, id=6088, stack(0x0000000020890000,0x0000000020990000)]
  0x000000001ec49000 JavaThread "pool-1-thread-7 for channel id=9" [_thread_in_native, id=13480, stack(0x0000000020790000,0x0000000020890000)]
  0x000000001ec4c000 JavaThread "pool-1-thread-6" [_thread_blocked, id=18224, stack(0x0000000020590000,0x0000000020690000)]
  0x000000001e2ab000 JavaThread "pool-1-thread-5" [_thread_blocked, id=12156, stack(0x0000000020490000,0x0000000020590000)]
  0x000000001e0f9000 JavaThread "pool-1-thread-4" [_thread_blocked, id=3660, stack(0x0000000020390000,0x0000000020490000)]
  0x000000001dea8000 JavaThread "pool-1-thread-3" [_thread_blocked, id=14740, stack(0x0000000020290000,0x0000000020390000)]
  0x000000001dea7800 JavaThread "pool-1-thread-2" [_thread_blocked, id=16908, stack(0x0000000020190000,0x0000000020290000)]
  0x000000001cbaa000 JavaThread "pool-1-thread-1" [_thread_blocked, id=4548, stack(0x0000000020090000,0x0000000020190000)]
  0x000000001df5d800 JavaThread "Channel reader thread: channel" [_thread_in_native, id=15424, stack(0x000000001ff90000,0x0000000020090000)]
  0x000000001e484000 JavaThread "RemoteInvocationHandler [#1]" daemon [_thread_blocked, id=18024, stack(0x000000001eea0000,0x000000001efa0000)]
  0x000000001c88a000 JavaThread "Service Thread" daemon [_thread_blocked, id=2604, stack(0x000000001d4d0000,0x000000001d5d0000)]
  0x000000001c7ef000 JavaThread "C1 CompilerThread3" daemon [_thread_blocked, id=12136, stack(0x000000001d3d0000,0x000000001d4d0000)]
  0x000000001c7eb000 JavaThread "C2 CompilerThread2" daemon [_thread_blocked, id=7788, stack(0x000000001d2d0000,0x000000001d3d0000)]
  0x000000001c7e8000 JavaThread "C2 CompilerThread1" daemon [_thread_blocked, id=7204, stack(0x000000001d1d0000,0x000000001d2d0000)]
=>0x000000001c7e6000 JavaThread "C2 CompilerThread0" daemon [_thread_in_native, id=15000, stack(0x000000001d0d0000,0x000000001d1d0000)]
  0x000000001c7f5800 JavaThread "Attach Listener" daemon [_thread_blocked, id=2104, stack(0x000000001cfd0000,0x000000001d0d0000)]
  0x000000001c7f4000 JavaThread "Signal Dispatcher" daemon [_thread_blocked, id=8800, stack(0x000000001ced0000,0x000000001cfd0000)]
  0x0000000001178000 JavaThread "Finalizer" daemon [_thread_blocked, id=14952, stack(0x000000001ccc0000,0x000000001cdc0000)]
  0x000000001c7e0800 JavaThread "Reference Handler" daemon [_thread_blocked, id=8884, stack(0x000000001cbc0000,0x000000001ccc0000)]
  0x0000000001082800 JavaThread "main" [_thread_blocked, id=16348, stack(0x0000000000f80000,0x0000000001080000)]

Other Threads:
  0x000000001a9d9800 VMThread [stack: 0x000000001c6c0000,0x000000001c7c0000] [id=11900]
  0x000000001c8b7000 WatcherThread [stack: 0x000000001d5d0000,0x000000001d6d0000] [id=15608]

VM state:not at safepoint (normal execution)

VM Mutex/Monitor currently owned by a thread: None

heap address: 0x00000006c5400000, size: 4012 MB, Compressed Oops mode: Zero based, Oop shift amount: 3
Narrow klass base: 0x0000000000000000, Narrow klass shift: 3
Compressed class space size: 1073741824 Address: 0x00000007c0000000

Heap:
 PSYoungGen      total 279552K, used 189171K [0x000000076c700000, 0x0000000785c00000, 0x00000007c0000000)
  eden space 236032K, 68% used [0x000000076c700000,0x0000000776463f28,0x000000077ad80000)
  from space 43520K, 64% used [0x000000077ad80000,0x000000077c8d9078,0x000000077d800000)
  to   space 44544K, 0% used [0x0000000783080000,0x0000000783080000,0x0000000785c00000)
 ParOldGen       total 102400K, used 56095K [0x00000006c5400000, 0x00000006cb800000, 0x000000076c700000)
  object space 102400K, 54% used [0x00000006c5400000,0x00000006c8ac7c80,0x00000006cb800000)
 Metaspace       used 32541K, capacity 33482K, committed 33664K, reserved 1079296K
  class space    used 3561K, capacity 3904K, committed 3968K, reserved 1048576K

Card table byte_map: [0x0000000010540000,0x0000000010d20000] byte_map_base: 0x000000000cf16000

Marking Bits: (ParMarkBitMap*) 0x00000000535f5ce0
 Begin Bits: [0x0000000011a60000, 0x0000000015910000)
 End Bits:   [0x0000000015910000, 0x00000000197c0000)

Polling page: 0x0000000000ef0000

CodeCache: size=245760Kb used=25726Kb max_used=27879Kb free=220033Kb
 bounds [0x0000000001180000, 0x0000000002d40000, 0x0000000010180000]
 total_blobs=6840 nmethods=6393 adapters=359
 compilation: enabled

Compilation events (10 events):
Event: 18.957 Thread 0x000000001c7ef000 nmethod 8224 0x0000000001ad7fd0 code [0x0000000001ad8140, 0x0000000001ad8590]
Event: 18.958 Thread 0x000000001c7ef000 8225       3       java.util.concurrent.ThreadPoolExecutor::isRunningOrShutdown (31 bytes)
Event: 18.958 Thread 0x000000001c7ef000 nmethod 8225 0x000000000166e090 code [0x000000000166e200, 0x000000000166e530]
Event: 19.318 Thread 0x000000001c7ef000 8226       3       java.util.concurrent.locks.AbstractQueuedSynchronizer::isOnSyncQueue (33 bytes)
Event: 19.318 Thread 0x000000001c7ef000 nmethod 8226 0x000000000156a050 code [0x000000000156a1c0, 0x000000000156a570]
Event: 19.655 Thread 0x000000001c7ef000 8227       3       java.util.concurrent.ConcurrentLinkedQueue::updateHead (20 bytes)
Event: 19.655 Thread 0x000000001c7ef000 nmethod 8227 0x0000000001415110 code [0x0000000001415280, 0x0000000001415570]
Event: 21.002 Thread 0x000000001c7ef000 8228       3       sun.nio.cs.SingleByte$Decoder::decodeLoop (28 bytes)
Event: 21.002 Thread 0x000000001c7ef000 nmethod 8228 0x000000000173ba50 code [0x000000000173bbe0, 0x000000000173c118]
Event: 21.063 Thread 0x000000001c7e6000 8229   !   4       java.util.concurrent.ConcurrentHashMap::putVal (362 bytes)

GC Heap History (10 events):
Event: 3.801 GC heap before
{Heap before GC invocations=6 (full 1):
 PSYoungGen      total 105984K, used 105875K [0x000000076c700000, 0x0000000775400000, 0x00000007c0000000)
  eden space 101376K, 100% used [0x000000076c700000,0x0000000772a00000,0x0000000772a00000)
  from space 4608K, 97% used [0x0000000774f80000,0x00000007753e4d70,0x0000000775400000)
  to   space 10752K, 0% used [0x0000000773f00000,0x0000000773f00000,0x0000000774980000)
 ParOldGen       total 102400K, used 9276K [0x00000006c5400000, 0x00000006cb800000, 0x000000076c700000)
  object space 102400K, 9% used [0x00000006c5400000,0x00000006c5d0f398,0x00000006cb800000)
 Metaspace       used 22937K, capacity 23766K, committed 23936K, reserved 1071104K
  class space    used 2639K, capacity 2915K, committed 2944K, reserved 1048576K
Event: 3.808 GC heap after
Heap after GC invocations=6 (full 1):
 PSYoungGen      total 133632K, used 9054K [0x000000076c700000, 0x0000000777b00000, 0x00000007c0000000)
  eden space 122880K, 0% used [0x000000076c700000,0x000000076c700000,0x0000000773f00000)
  from space 10752K, 84% used [0x0000000773f00000,0x00000007747d7ac0,0x0000000774980000)
  to   space 13824K, 0% used [0x0000000776d80000,0x0000000776d80000,0x0000000777b00000)
 ParOldGen       total 102400K, used 9284K [0x00000006c5400000, 0x00000006cb800000, 0x000000076c700000)
  object space 102400K, 9% used [0x00000006c5400000,0x00000006c5d11398,0x00000006cb800000)
 Metaspace       used 22937K, capacity 23766K, committed 23936K, reserved 1071104K
  class space    used 2639K, capacity 2915K, committed 2944K, reserved 1048576K
}
Event: 5.304 GC heap before
{Heap before GC invocations=7 (full 1):
 PSYoungGen      total 133632K, used 131934K [0x000000076c700000, 0x0000000777b00000, 0x00000007c0000000)
  eden space 122880K, 100% used [0x000000076c700000,0x0000000773f00000,0x0000000773f00000)
  from space 10752K, 84% used [0x0000000773f00000,0x00000007747d7ac0,0x0000000774980000)
  to   space 13824K, 0% used [0x0000000776d80000,0x0000000776d80000,0x0000000777b00000)
 ParOldGen       total 102400K, used 9284K [0x00000006c5400000, 0x00000006cb800000, 0x000000076c700000)
  object space 102400K, 9% used [0x00000006c5400000,0x00000006c5d11398,0x00000006cb800000)
 Metaspace       used 27684K, capacity 28602K, committed 28928K, reserved 1075200K
  class space    used 3205K, capacity 3507K, committed 3584K, reserved 1048576K
Event: 5.325 GC heap after
Heap after GC invocations=7 (full 1):
 PSYoungGen      total 161792K, used 13798K [0x000000076c700000, 0x000000077ad80000, 0x00000007c0000000)
  eden space 147968K, 0% used [0x000000076c700000,0x000000076c700000,0x0000000775780000)
  from space 13824K, 99% used [0x0000000776d80000,0x0000000777af9838,0x0000000777b00000)
  to   space 22528K, 0% used [0x0000000775780000,0x0000000775780000,0x0000000776d80000)
 ParOldGen       total 102400K, used 21273K [0x00000006c5400000, 0x00000006cb800000, 0x000000076c700000)
  object space 102400K, 20% used [0x00000006c5400000,0x00000006c68c6598,0x00000006cb800000)
 Metaspace       used 27684K, capacity 28602K, committed 28928K, reserved 1075200K
  class space    used 3205K, capacity 3507K, committed 3584K, reserved 1048576K
}
Event: 6.248 GC heap before
{Heap before GC invocations=8 (full 1):
 PSYoungGen      total 161792K, used 161766K [0x000000076c700000, 0x000000077ad80000, 0x00000007c0000000)
  eden space 147968K, 100% used [0x000000076c700000,0x0000000775780000,0x0000000775780000)
  from space 13824K, 99% used [0x0000000776d80000,0x0000000777af9838,0x0000000777b00000)
  to   space 22528K, 0% used [0x0000000775780000,0x0000000775780000,0x0000000776d80000)
 ParOldGen       total 102400K, used 21273K [0x00000006c5400000, 0x00000006cb800000, 0x000000076c700000)
  object space 102400K, 20% used [0x00000006c5400000,0x00000006c68c6598,0x00000006cb800000)
 Metaspace       used 28727K, capacity 29612K, committed 29696K, reserved 1075200K
  class space    used 3261K, capacity 3541K, committed 3584K, reserved 1048576K
Event: 6.273 GC heap after
Heap after GC invocations=8 (full 1):
 PSYoungGen      total 170496K, used 22505K [0x000000076c700000, 0x000000077ff80000, 0x00000007c0000000)
  eden space 147968K, 0% used [0x000000076c700000,0x000000076c700000,0x0000000775780000)
  from space 22528K, 99% used [0x0000000775780000,0x0000000776d7a540,0x0000000776d80000)
  to   space 40448K, 0% used [0x000000077d800000,0x000000077d800000,0x000000077ff80000)
 ParOldGen       total 102400K, used 49304K [0x00000006c5400000, 0x00000006cb800000, 0x000000076c700000)
  object space 102400K, 48% used [0x00000006c5400000,0x00000006c8426258,0x00000006cb800000)
 Metaspace       used 28727K, capacity 29612K, committed 29696K, reserved 1075200K
  class space    used 3261K, capacity 3541K, committed 3584K, reserved 1048576K
}
Event: 7.687 GC heap before
{Heap before GC invocations=9 (full 1):
 PSYoungGen      total 170496K, used 170473K [0x000000076c700000, 0x000000077ff80000, 0x00000007c0000000)
  eden space 147968K, 100% used [0x000000076c700000,0x0000000775780000,0x0000000775780000)
  from space 22528K, 99% used [0x0000000775780000,0x0000000776d7a540,0x0000000776d80000)
  to   space 40448K, 0% used [0x000000077d800000,0x000000077d800000,0x000000077ff80000)
 ParOldGen       total 102400K, used 49304K [0x00000006c5400000, 0x00000006cb800000, 0x000000076c700000)
  object space 102400K, 48% used [0x00000006c5400000,0x00000006c8426258,0x00000006cb800000)
 Metaspace       used 30235K, capacity 31116K, committed 31360K, reserved 1077248K
  class space    used 3370K, capacity 3637K, committed 3712K, reserved 1048576K
Event: 7.717 GC heap after
Heap after GC invocations=9 (full 1):
 PSYoungGen      total 276480K, used 30630K [0x000000076c700000, 0x0000000780800000, 0x00000007c0000000)
  eden space 236032K, 0% used [0x000000076c700000,0x000000076c700000,0x000000077ad80000)
  from space 40448K, 75% used [0x000000077d800000,0x000000077f5e9b50,0x000000077ff80000)
  to   space 43520K, 0% used [0x000000077ad80000,0x000000077ad80000,0x000000077d800000)
 ParOldGen       total 102400K, used 50848K [0x00000006c5400000, 0x00000006cb800000, 0x000000076c700000)
  object space 102400K, 49% used [0x00000006c5400000,0x00000006c85a8258,0x00000006cb800000)
 Metaspace       used 30235K, capacity 31116K, committed 31360K, reserved 1077248K
  class space    used 3370K, capacity 3637K, committed 3712K, reserved 1048576K
}
Event: 9.179 GC heap before
{Heap before GC invocations=10 (full 1):
 PSYoungGen      total 276480K, used 266662K [0x000000076c700000, 0x0000000780800000, 0x00000007c0000000)
  eden space 236032K, 100% used [0x000000076c700000,0x000000077ad80000,0x000000077ad80000)
  from space 40448K, 75% used [0x000000077d800000,0x000000077f5e9b50,0x000000077ff80000)
  to   space 43520K, 0% used [0x000000077ad80000,0x000000077ad80000,0x000000077d800000)
 ParOldGen       total 102400K, used 50848K [0x00000006c5400000, 0x00000006cb800000, 0x000000076c700000)
  object space 102400K, 49% used [0x00000006c5400000,0x00000006c85a8258,0x00000006cb800000)
 Metaspace       used 30552K, capacity 31500K, committed 31616K, reserved 1077248K
  class space    used 3388K, capacity 3701K, committed 3712K, reserved 1048576K
Event: 9.206 GC heap after
Heap after GC invocations=10 (full 1):
 PSYoungGen      total 279552K, used 28004K [0x000000076c700000, 0x0000000785c00000, 0x00000007c0000000)
  eden space 236032K, 0% used [0x000000076c700000,0x000000076c700000,0x000000077ad80000)
  from space 43520K, 64% used [0x000000077ad80000,0x000000077c8d9078,0x000000077d800000)
  to   space 44544K, 0% used [0x0000000783080000,0x0000000783080000,0x0000000785c00000)
 ParOldGen       total 102400K, used 56095K [0x00000006c5400000, 0x00000006cb800000, 0x000000076c700000)
  object space 102400K, 54% used [0x00000006c5400000,0x00000006c8ac7c80,0x00000006cb800000)
 Metaspace       used 30552K, capacity 31500K, committed 31616K, reserved 1077248K
  class space    used 3388K, capacity 3701K, committed 3712K, reserved 1048576K
}

Deoptimization events (10 events):
Event: 10.814 Thread 0x000000001ec49000 Uncommon trap: reason=class_check action=maybe_recompile pc=0x0000000001ae8b88 method=java.util.Collections$UnmodifiableMap$UnmodifiableEntrySet$UnmodifiableEntry.getValue()Ljava/lang/Object; @ 4
Event: 10.814 Thread 0x000000001ec49000 Uncommon trap: reason=class_check action=maybe_recompile pc=0x0000000001ad4810 method=java.util.Collections$UnmodifiableMap$UnmodifiableEntrySet$1.hasNext()Z @ 4
Event: 10.814 Thread 0x000000001ec49000 Uncommon trap: reason=class_check action=maybe_recompile pc=0x0000000001adf458 method=java.util.Collections$UnmodifiableMap$UnmodifiableEntrySet$1.next()Ljava/util/Map$Entry; @ 8
Event: 10.814 Thread 0x000000001ec49000 Uncommon trap: reason=class_check action=maybe_recompile pc=0x0000000001ae0548 method=java.util.Collections$UnmodifiableMap$UnmodifiableEntrySet$UnmodifiableEntry.getKey()Ljava/lang/Object; @ 4
Event: 10.814 Thread 0x000000001ec49000 Uncommon trap: reason=class_check action=maybe_recompile pc=0x0000000001ae8b88 method=java.util.Collections$UnmodifiableMap$UnmodifiableEntrySet$UnmodifiableEntry.getValue()Ljava/lang/Object; @ 4
Event: 10.822 Thread 0x000000002346b800 Uncommon trap: reason=bimorphic action=maybe_recompile pc=0x0000000002ce70e4 method=java.nio.charset.CharsetDecoder.decode(Ljava/nio/ByteBuffer;Ljava/nio/CharBuffer;Z)Ljava/nio/charset/CoderResult; @ 57
Event: 10.822 Thread 0x0000000023473000 Uncommon trap: reason=bimorphic action=maybe_recompile pc=0x0000000002ce70e4 method=java.nio.charset.CharsetDecoder.decode(Ljava/nio/ByteBuffer;Ljava/nio/CharBuffer;Z)Ljava/nio/charset/CoderResult; @ 57
Event: 11.080 Thread 0x000000002346b800 Uncommon trap: reason=bimorphic action=maybe_recompile pc=0x0000000002ce70e4 method=java.nio.charset.CharsetDecoder.decode(Ljava/nio/ByteBuffer;Ljava/nio/CharBuffer;Z)Ljava/nio/charset/CoderResult; @ 57
Event: 11.081 Thread 0x000000002346b800 Uncommon trap: reason=bimorphic action=maybe_recompile pc=0x0000000002ce70e4 method=java.nio.charset.CharsetDecoder.decode(Ljava/nio/ByteBuffer;Ljava/nio/CharBuffer;Z)Ljava/nio/charset/CoderResult; @ 57
Event: 11.103 Thread 0x000000002346e800 Uncommon trap: reason=unstable_if action=reinterpret pc=0x000000000149b6dc method=java.util.StringTokenizer.nextToken()Ljava/lang/String; @ 5

Classes redefined (0 events):
No events

Internal exceptions (10 events):
Event: 9.821 Thread 0x000000001ec49000 Exception <a 'java/io/FileNotFoundException'> (0x000000076faca178) thrown at [C:\re\workspace\8-2-build-windows-amd64-cygwin\jdk8u202\12323\hotspot\src\share\vm\prims\jni.cpp, line 710]
Event: 9.821 Thread 0x000000001ec49000 Exception <a 'java/io/FileNotFoundException'> (0x000000076facb5b0) thrown at [C:\re\workspace\8-2-build-windows-amd64-cygwin\jdk8u202\12323\hotspot\src\share\vm\prims\jni.cpp, line 710]
Event: 9.822 Thread 0x000000001ec49000 Exception <a 'java/io/FileNotFoundException'> (0x000000076facc9e8) thrown at [C:\re\workspace\8-2-build-windows-amd64-cygwin\jdk8u202\12323\hotspot\src\share\vm\prims\jni.cpp, line 710]
Event: 9.822 Thread 0x000000001ec49000 Exception <a 'java/io/FileNotFoundException'> (0x000000076facde50) thrown at [C:\re\workspace\8-2-build-windows-amd64-cygwin\jdk8u202\12323\hotspot\src\share\vm\prims\jni.cpp, line 710]
Event: 9.822 Thread 0x000000001ec49000 Exception <a 'java/io/FileNotFoundException'> (0x000000076facf300) thrown at [C:\re\workspace\8-2-build-windows-amd64-cygwin\jdk8u202\12323\hotspot\src\share\vm\prims\jni.cpp, line 710]
Event: 10.384 Thread 0x000000001ec49000 Exception <a 'java/lang/NoSuchMethodError': org.apache.maven.execution.MavenExecutionRequest.getFailureBehavior()Ljava/lang/String;> (0x0000000773e63b60) thrown at [C:\re\workspace\8-2-build-windows-amd64-cygwin\jdk8u202\12323\hotspot\src\share\vm\interpr
Event: 10.401 Thread 0x000000001ec49000 Implicit null exception at 0x0000000001b04fe1 to 0x0000000001b05059
Event: 10.401 Thread 0x000000001ec49000 Implicit null exception at 0x0000000001ae0770 to 0x0000000001ae07c9
Event: 10.453 Thread 0x000000001ec49000 Implicit null exception at 0x0000000001a15f83 to 0x0000000001a161cd
Event: 10.523 Thread 0x000000001ec49000 Implicit null exception at 0x00000000024d0450 to 0x00000000024d1ef9

Events (10 events):
Event: 21.003 Thread 0x000000001c7ef000 flushing nmethod 0x0000000002786750
Event: 21.003 Thread 0x000000001c7ef000 flushing nmethod 0x00000000027d3c10
Event: 21.003 Thread 0x000000001c7ef000 flushing nmethod 0x00000000027d3f10
Event: 21.003 Thread 0x000000001c7ef000 flushing nmethod 0x00000000027d4790
Event: 21.063 loading class org/apache/maven/plugin/surefire/booterclient/output/InPluginProcessDumpSingleton
Event: 21.063 loading class org/apache/maven/plugin/surefire/booterclient/output/InPluginProcessDumpSingleton done
Event: 21.063 loading class org/apache/maven/plugin/surefire/booterclient/output/InPluginProcessDumpSingleton
Event: 21.063 loading class org/apache/maven/plugin/surefire/booterclient/output/InPluginProcessDumpSingleton done
Event: 21.063 loading class org/apache/maven/plugin/surefire/booterclient/output/InPluginProcessDumpSingleton
Event: 21.063 loading class org/apache/maven/plugin/surefire/booterclient/output/InPluginProcessDumpSingleton done


Dynamic libraries:
0x00007ff746d20000 - 0x00007ff746d57000 	C:\Program Files\Java\jdk1.8.0_202\bin\java.exe
0x00007ff8febf0000 - 0x00007ff8fede8000 	C:\Windows\SYSTEM32\ntdll.dll
0x00007ff8fe2a0000 - 0x00007ff8fe35f000 	C:\Windows\System32\KERNEL32.DLL
0x00007ff8fc440000 - 0x00007ff8fc712000 	C:\Windows\System32\KERNELBASE.dll
0x00007ff8fe140000 - 0x00007ff8fe1ee000 	C:\Windows\System32\ADVAPI32.dll
0x00007ff8fe7b0000 - 0x00007ff8fe84e000 	C:\Windows\System32\msvcrt.dll
0x00007ff8fdaf0000 - 0x00007ff8fdb8c000 	C:\Windows\System32\sechost.dll
0x00007ff8fcc30000 - 0x00007ff8fcd55000 	C:\Windows\System32\RPCRT4.dll
0x00007ff8fdf90000 - 0x00007ff8fe131000 	C:\Windows\System32\USER32.dll
0x00007ff8fc7b0000 - 0x00007ff8fc7d2000 	C:\Windows\System32\win32u.dll
0x00007ff8fdbf0000 - 0x00007ff8fdc1b000 	C:\Windows\System32\GDI32.dll
0x00007ff8fca70000 - 0x00007ff8fcb7f000 	C:\Windows\System32\gdi32full.dll
0x00007ff8fc3a0000 - 0x00007ff8fc43d000 	C:\Windows\System32\msvcp_win.dll
0x00007ff8fc7e0000 - 0x00007ff8fc8e0000 	C:\Windows\System32\ucrtbase.dll
0x00007ff8ed770000 - 0x00007ff8eda0a000 	C:\Windows\WinSxS\amd64_microsoft.windows.common-controls_6595b64144ccf1df_6.0.19041.1110_none_60b5254171f9507e\COMCTL32.dll
0x0000000053680000 - 0x0000000053752000 	C:\Program Files\Java\jdk1.8.0_202\jre\bin\msvcr100.dll
0x0000000052dd0000 - 0x0000000053675000 	C:\Program Files\Java\jdk1.8.0_202\jre\bin\server\jvm.dll
0x00007ff8fe360000 - 0x00007ff8fe368000 	C:\Windows\System32\PSAPI.DLL
0x00007ff8e3f10000 - 0x00007ff8e3f19000 	C:\Windows\SYSTEM32\WSOCK32.dll
0x00007ff8f5b60000 - 0x00007ff8f5b6a000 	C:\Windows\SYSTEM32\VERSION.dll
0x00007ff8d6940000 - 0x00007ff8d6967000 	C:\Windows\SYSTEM32\WINMM.dll
0x00007ff8fe860000 - 0x00007ff8fe8cb000 	C:\Windows\System32\WS2_32.dll
0x00007ff8d7ee0000 - 0x00007ff8d7eef000 	C:\Program Files\Java\jdk1.8.0_202\jre\bin\verify.dll
0x00007ff8d4b60000 - 0x00007ff8d4b89000 	C:\Program Files\Java\jdk1.8.0_202\jre\bin\java.dll
0x00007ff8d4b40000 - 0x00007ff8d4b56000 	C:\Program Files\Java\jdk1.8.0_202\jre\bin\zip.dll
0x00007ff8fd250000 - 0x00007ff8fd994000 	C:\Windows\System32\SHELL32.dll
0x00007ff8fa340000 - 0x00007ff8faad2000 	C:\Windows\SYSTEM32\windows.storage.dll
0x00007ff8fe370000 - 0x00007ff8fe6c5000 	C:\Windows\System32\combase.dll
0x00007ff8fbb80000 - 0x00007ff8fbbb0000 	C:\Windows\SYSTEM32\Wldp.dll
0x00007ff8fd9a0000 - 0x00007ff8fda4d000 	C:\Windows\System32\SHCORE.dll
0x00007ff8fcd60000 - 0x00007ff8fcdb5000 	C:\Windows\System32\shlwapi.dll
0x00007ff8fc220000 - 0x00007ff8fc23f000 	C:\Windows\SYSTEM32\profapi.dll
0x00007ff8d29c0000 - 0x00007ff8d29da000 	C:\Program Files\Java\jdk1.8.0_202\jre\bin\net.dll
0x00007ff8eec60000 - 0x00007ff8eee4d000 	C:\Windows\SYSTEM32\urlmon.dll
0x00007ff8fb780000 - 0x00007ff8fb78c000 	C:\Windows\SYSTEM32\netutils.dll
0x00007ff8eef90000 - 0x00007ff8ef241000 	C:\Windows\SYSTEM32\iertutil.dll
0x00007ff8f0920000 - 0x00007ff8f0948000 	C:\Windows\SYSTEM32\srvcli.dll
0x00007ff8fb960000 - 0x00007ff8fb9ca000 	C:\Windows\system32\mswsock.dll
0x00007ff8ec690000 - 0x00007ff8ec6a2000 	C:\Program Files\Java\jdk1.8.0_202\jre\bin\nio.dll
0x00007ff8cb940000 - 0x00007ff8cbad9000 	C:\Program Files\Java\jdk1.8.0_202\jre\bin\awt.dll
0x00007ff8fdc20000 - 0x00007ff8fdced000 	C:\Windows\System32\OLEAUT32.dll
0x00007ff8f9580000 - 0x00007ff8f9611000 	C:\Windows\SYSTEM32\apphelp.dll
0x0000000069ac0000 - 0x0000000069ae4000 	C:\Windows\Temp\jansi-2.4.0-402599202c0316f4-jansi.dll
0x00007ff8fbbc0000 - 0x00007ff8fbbd8000 	C:\Windows\SYSTEM32\CRYPTSP.dll
0x00007ff8fb2a0000 - 0x00007ff8fb2d4000 	C:\Windows\system32\rsaenh.dll
0x00007ff8fca40000 - 0x00007ff8fca67000 	C:\Windows\System32\bcrypt.dll
0x00007ff8fc720000 - 0x00007ff8fc7a2000 	C:\Windows\System32\bcryptprimitives.dll
0x00007ff8fbaf0000 - 0x00007ff8fbafc000 	C:\Windows\SYSTEM32\CRYPTBASE.dll
0x00007ff8fb670000 - 0x00007ff8fb6ab000 	C:\Windows\SYSTEM32\IPHLPAPI.DLL
0x00007ff8fe850000 - 0x00007ff8fe858000 	C:\Windows\System32\NSI.dll
0x00007ff8f5b70000 - 0x00007ff8f5b87000 	C:\Windows\SYSTEM32\dhcpcsvc6.DLL
0x00007ff8f55f0000 - 0x00007ff8f560d000 	C:\Windows\SYSTEM32\dhcpcsvc.DLL
0x00007ff8fb6b0000 - 0x00007ff8fb77a000 	C:\Windows\SYSTEM32\DNSAPI.dll

VM Arguments:
java_command: jenkins.maven3.agent.Maven35Main C:\Program Files\apache-maven-3.8.6 C:\ProgramData\Jenkins\war\WEB-INF\lib\remoting-4.13.2.jar C:\ProgramData\Jenkins\.jenkins\plugins\maven-plugin\WEB-INF\lib\maven35-interceptor-1.14.jar C:\ProgramData\Jenkins\.jenkins\plugins\maven-plugin\WEB-INF\lib\maven3-interceptor-commons-1.14.jar 63145
java_class_path (initial): C:\ProgramData\Jenkins\.jenkins\plugins\maven-plugin\WEB-INF\lib\maven35-agent-1.14.jar;C:\Program Files\apache-maven-3.8.6\boot\plexus-classworlds-2.6.0.jar;C:\Program Files\apache-maven-3.8.6/conf/logging
Launcher Type: SUN_STANDARD

Environment Variables:
JAVA_HOME=C:\Program Files\Java\jdk1.8.0_202
PATH=C:\Program Files\apache-maven-3.8.6/bin;C:\Program Files\Java\jdk1.8.0_202/bin;C:\Program Files\Java\jdk1.8.0_202/bin;C:\Program Files (x86)\Common Files\Oracle\Java\javapath;C:\Windows\system32;C:\Windows;C:\Windows\System32\Wbem;C:\Windows\System32\WindowsPowerShell\v1.0\;C:\Windows\System32\OpenSSH\;C:\Program Files\nodejs\;C:\Program Files\Git\cmd;C:\Program Files\apache-maven-3.8.6\bin;C:\Windows\system32\config\systemprofile\AppData\Local\Microsoft\WindowsApps
USERNAME=DESKTOP-077G3EM$
OS=Windows_NT
PROCESSOR_IDENTIFIER=Intel64 Family 6 Model 140 Stepping 1, GenuineIntel



---------------  S Y S T E M  ---------------

OS: Windows 10.0 , 64 bit Build 19041 (10.0.19041.2364)

CPU:total 8 (initial active 8) (4 cores per cpu, 2 threads per core) family 6 model 140 stepping 1, cmov, cx8, fxsr, mmx, sse, sse2, sse3, ssse3, sse4.1, sse4.2, popcnt, avx, avx2, aes, clmul, erms, 3dnowpref, lzcnt, ht, tsc, tscinvbit, bmi1, bmi2, adx

Memory: 4k page, physical 16428308k(1814872k free), swap 16428308k(5116k free)

vm_info: Java HotSpot(TM) 64-Bit Server VM (25.202-b08) for windows-amd64 JRE (1.8.0_202-b08), built on Dec 15 2018 19:54:30 by "java_re" with MS VC++ 10.0 (VS2010)

time: Mon Jan 16 15:22:18 2023
timezone: India Standard Time
elapsed time: 21 seconds (0d 0h 0m 21s)

