#
# There is insufficient memory for the Java Runtime Environment to continue.
# Native memory allocation (malloc) failed to allocate 447216 bytes for Chunk::new
# Possible reasons:
#   The system is out of physical RAM or swap space
#   The process is running with CompressedOops enabled, and the Java Heap may be blocking the growth of the native heap
# Possible solutions:
#   Reduce memory load on the system
#   Increase physical memory or swap space
#   Check if swap backing store is full
#   Decrease Java heap size (-Xmx/-Xms)
#   Decrease number of Java threads
#   Decrease Java thread stack sizes (-Xss)
#   Set larger code cache with -XX:ReservedCodeCacheSize=
#   JVM is running with Zero Based Compressed Oops mode in which the Java heap is
#     placed in the first 32GB address space. The Java Heap base address is the
#     maximum limit for the native heap growth. Please use -XX:HeapBaseMinAddress
#     to set the Java Heap base and to place the Java Heap above 32GB virtual address.
# This output file may be truncated or incomplete.
#
#  Out of Memory Error (allocation.cpp:389), pid=3260, tid=0x00000000000022d8
#
# JRE version: Java(TM) SE Runtime Environment (8.0_202-b08) (build 1.8.0_202-b08)
# Java VM: Java HotSpot(TM) 64-Bit Server VM (25.202-b08 mixed mode windows-amd64 compressed oops)
# Failed to write core dump. Minidumps are not enabled by default on client versions of Windows
#

---------------  T H R E A D  ---------------

Current thread (0x000000001e4b2000):  JavaThread "C2 CompilerThread1" daemon [_thread_in_native, id=8920, stack(0x000000001ee70000,0x000000001ef70000)]

Stack: [0x000000001ee70000,0x000000001ef70000]
[error occurred during error reporting (printing stack bounds), id 0xc0000005]

Native frames: (J=compiled Java code, j=interpreted, Vv=VM code, C=native code)


Current CompileTask:
C2:   5023 3904       4       groovy.lang.MetaClassImpl::addMetaMethodToIndex (65 bytes)


---------------  P R O C E S S  ---------------

Java Threads: ( => current thread )
  0x0000000020133800 JavaThread "ReaderThread" [_thread_in_native, id=5412, stack(0x0000000021090000,0x0000000021190000)]
  0x000000001e543800 JavaThread "Service Thread" daemon [_thread_blocked, id=15004, stack(0x000000001f170000,0x000000001f270000)]
  0x000000001e4bb800 JavaThread "C1 CompilerThread3" daemon [_thread_blocked, id=8096, stack(0x000000001f070000,0x000000001f170000)]
  0x000000001e4b7800 JavaThread "C2 CompilerThread2" daemon [_thread_in_native, id=15844, stack(0x000000001ef70000,0x000000001f070000)]
=>0x000000001e4b2000 JavaThread "C2 CompilerThread1" daemon [_thread_in_native, id=8920, stack(0x000000001ee70000,0x000000001ef70000)]
  0x000000001e4aa800 JavaThread "C2 CompilerThread0" daemon [_thread_in_native, id=2624, stack(0x000000001ed70000,0x000000001ee70000)]
  0x000000001e4a9000 JavaThread "Attach Listener" daemon [_thread_blocked, id=10612, stack(0x000000001ec70000,0x000000001ed70000)]
  0x000000001e4a8000 JavaThread "Signal Dispatcher" daemon [_thread_blocked, id=11328, stack(0x000000001eb70000,0x000000001ec70000)]
  0x000000001e490800 JavaThread "Finalizer" daemon [_thread_blocked, id=2732, stack(0x000000001e970000,0x000000001ea70000)]
  0x000000001c6a0000 JavaThread "Reference Handler" daemon [_thread_blocked, id=2296, stack(0x000000001e870000,0x000000001e970000)]
  0x0000000002d9a000 JavaThread "main" [_thread_in_Java, id=7432, stack(0x0000000002c30000,0x0000000002d30000)]

Other Threads:
  0x000000001c696800 VMThread [stack: 0x000000001e370000,0x000000001e470000] [id=12584]
  0x000000001e578000 WatcherThread [stack: 0x000000001f270000,0x000000001f370000] [id=12188]

VM state:not at safepoint (normal execution)

VM Mutex/Monitor currently owned by a thread: None

heap address: 0x00000006c5400000, size: 4012 MB, Compressed Oops mode: Zero based, Oop shift amount: 3
Narrow klass base: 0x0000000000000000, Narrow klass shift: 3
Compressed class space size: 1073741824 Address: 0x00000007c0000000

Heap:
 PSYoungGen      total 137216K, used 41679K [0x000000076c700000, 0x0000000779800000, 0x00000007c0000000)
  eden space 126464K, 25% used [0x000000076c700000,0x000000076e70cbb0,0x0000000774280000)
  from space 10752K, 82% used [0x0000000774280000,0x0000000774b27260,0x0000000774d00000)
  to   space 13824K, 0% used [0x0000000778a80000,0x0000000778a80000,0x0000000779800000)
 ParOldGen       total 104448K, used 15695K [0x00000006c5400000, 0x00000006cba00000, 0x000000076c700000)
  object space 104448K, 15% used [0x00000006c5400000,0x00000006c6353f48,0x00000006cba00000)
 Metaspace       used 40765K, capacity 42534K, committed 42752K, reserved 1087488K
  class space    used 5037K, capacity 5597K, committed 5632K, reserved 1048576K

Card table byte_map: [0x0000000012250000,0x0000000012a30000] byte_map_base: 0x000000000ec26000

Marking Bits: (ParMarkBitMap*) 0x0000000076f75ce0
 Begin Bits: [0x0000000013770000, 0x0000000017620000)
 End Bits:   [0x0000000017620000, 0x000000001b4d0000)

Polling page: 0x00000000012b0000

CodeCache: size=245760Kb used=15270Kb max_used=15282Kb free=230489Kb
 bounds [0x0000000002e90000, 0x0000000003d90000, 0x0000000011e90000]
 total_blobs=4669 nmethods=3897 adapters=684
 compilation: enabled

Compilation events (10 events):
Event: 5.009 Thread 0x000000001e4aa800 nmethod 3906 0x0000000003d7e290 code [0x0000000003d7e400, 0x0000000003d7e5a8]
Event: 5.009 Thread 0x000000001e4aa800 3915       4       java.lang.Class$MethodArray::removeLessSpecifics (111 bytes)
Event: 5.013 Thread 0x000000001e4aa800 nmethod 3915 0x0000000003d7f490 code [0x0000000003d7f620, 0x0000000003d7fae8]
Event: 5.014 Thread 0x000000001e4bb800 3916       3       groovy.lang.MetaClassImpl::getSuperClasses (92 bytes)
Event: 5.014 Thread 0x000000001e4bb800 nmethod 3916 0x0000000003d80350 code [0x0000000003d80580, 0x0000000003d80fe8]
Event: 5.015 Thread 0x000000001e4bb800 3917       3       java.util.Optional::ofNullable (15 bytes)
Event: 5.015 Thread 0x000000001e4bb800 nmethod 3917 0x0000000003d7d990 code [0x0000000003d7db40, 0x0000000003d7e008]
Event: 5.016 Thread 0x000000001e4aa800 3918 %     4       org.codehaus.groovy.runtime.metaclass.MetaMethodIndex::resize @ 20 (103 bytes)
Event: 5.018 Thread 0x000000001e4aa800 nmethod 3918% 0x0000000003d83710 code [0x0000000003d83860, 0x0000000003d83b38]
Event: 5.018 Thread 0x000000001e4aa800 3919       4       org.codehaus.groovy.runtime.MetaClassHelper::isGenericSetMethod (28 bytes)

GC Heap History (10 events):
Event: 2.035 GC heap before
{Heap before GC invocations=5 (full 1):
 PSYoungGen      total 75264K, used 64512K [0x000000076c700000, 0x0000000775a00000, 0x00000007c0000000)
  eden space 64512K, 100% used [0x000000076c700000,0x0000000770600000,0x0000000770600000)
  from space 10752K, 0% used [0x0000000770600000,0x0000000770600000,0x0000000771080000)
  to   space 10752K, 0% used [0x0000000774f80000,0x0000000774f80000,0x0000000775a00000)
 ParOldGen       total 104448K, used 7045K [0x00000006c5400000, 0x00000006cba00000, 0x000000076c700000)
  object space 104448K, 6% used [0x00000006c5400000,0x00000006c5ae1480,0x00000006cba00000)
 Metaspace       used 26024K, capacity 26532K, committed 26880K, reserved 1073152K
  class space    used 3135K, capacity 3273K, committed 3328K, reserved 1048576K
Event: 2.043 GC heap after
Heap after GC invocations=5 (full 1):
 PSYoungGen      total 105472K, used 7695K [0x000000076c700000, 0x0000000775780000, 0x00000007c0000000)
  eden space 97280K, 0% used [0x000000076c700000,0x000000076c700000,0x0000000772600000)
  from space 8192K, 93% used [0x0000000774f80000,0x0000000775703e98,0x0000000775780000)
  to   space 10752K, 0% used [0x0000000774280000,0x0000000774280000,0x0000000774d00000)
 ParOldGen       total 104448K, used 7053K [0x00000006c5400000, 0x00000006cba00000, 0x000000076c700000)
  object space 104448K, 6% used [0x00000006c5400000,0x00000006c5ae3480,0x00000006cba00000)
 Metaspace       used 26024K, capacity 26532K, committed 26880K, reserved 1073152K
  class space    used 3135K, capacity 3273K, committed 3328K, reserved 1048576K
}
Event: 2.701 GC heap before
{Heap before GC invocations=6 (full 1):
 PSYoungGen      total 105472K, used 104975K [0x000000076c700000, 0x0000000775780000, 0x00000007c0000000)
  eden space 97280K, 100% used [0x000000076c700000,0x0000000772600000,0x0000000772600000)
  from space 8192K, 93% used [0x0000000774f80000,0x0000000775703e98,0x0000000775780000)
  to   space 10752K, 0% used [0x0000000774280000,0x0000000774280000,0x0000000774d00000)
 ParOldGen       total 104448K, used 7053K [0x00000006c5400000, 0x00000006cba00000, 0x000000076c700000)
  object space 104448K, 6% used [0x00000006c5400000,0x00000006c5ae3480,0x00000006cba00000)
 Metaspace       used 33652K, capacity 34416K, committed 34688K, reserved 1079296K
  class space    used 3982K, capacity 4186K, committed 4224K, reserved 1048576K
Event: 2.715 GC heap after
Heap after GC invocations=6 (full 1):
 PSYoungGen      total 137216K, used 10745K [0x000000076c700000, 0x0000000777280000, 0x00000007c0000000)
  eden space 126464K, 0% used [0x000000076c700000,0x000000076c700000,0x0000000774280000)
  from space 10752K, 99% used [0x0000000774280000,0x0000000774cfe640,0x0000000774d00000)
  to   space 13312K, 0% used [0x0000000776580000,0x0000000776580000,0x0000000777280000)
 ParOldGen       total 104448K, used 10817K [0x00000006c5400000, 0x00000006cba00000, 0x000000076c700000)
  object space 104448K, 10% used [0x00000006c5400000,0x00000006c5e90450,0x00000006cba00000)
 Metaspace       used 33652K, capacity 34416K, committed 34688K, reserved 1079296K
  class space    used 3982K, capacity 4186K, committed 4224K, reserved 1048576K
}
Event: 2.857 GC heap before
{Heap before GC invocations=7 (full 1):
 PSYoungGen      total 137216K, used 38244K [0x000000076c700000, 0x0000000777280000, 0x00000007c0000000)
  eden space 126464K, 21% used [0x000000076c700000,0x000000076e1dac68,0x0000000774280000)
  from space 10752K, 99% used [0x0000000774280000,0x0000000774cfe640,0x0000000774d00000)
  to   space 13312K, 0% used [0x0000000776580000,0x0000000776580000,0x0000000777280000)
 ParOldGen       total 104448K, used 10817K [0x00000006c5400000, 0x00000006cba00000, 0x000000076c700000)
  object space 104448K, 10% used [0x00000006c5400000,0x00000006c5e90450,0x00000006cba00000)
 Metaspace       used 34698K, capacity 35432K, committed 35496K, reserved 1081344K
  class space    used 4141K, capacity 4338K, committed 4352K, reserved 1048576K
Event: 2.868 GC heap after
Heap after GC invocations=7 (full 1):
 PSYoungGen      total 139776K, used 12104K [0x000000076c700000, 0x0000000777280000, 0x00000007c0000000)
  eden space 126464K, 0% used [0x000000076c700000,0x000000076c700000,0x0000000774280000)
  from space 13312K, 90% used [0x0000000776580000,0x0000000777152288,0x0000000777280000)
  to   space 10752K, 0% used [0x0000000774280000,0x0000000774280000,0x0000000774d00000)
 ParOldGen       total 104448K, used 10825K [0x00000006c5400000, 0x00000006cba00000, 0x000000076c700000)
  object space 104448K, 10% used [0x00000006c5400000,0x00000006c5e92450,0x00000006cba00000)
 Metaspace       used 34698K, capacity 35432K, committed 35496K, reserved 1081344K
  class space    used 4141K, capacity 4338K, committed 4352K, reserved 1048576K
}
Event: 2.868 GC heap before
{Heap before GC invocations=8 (full 2):
 PSYoungGen      total 139776K, used 12104K [0x000000076c700000, 0x0000000777280000, 0x00000007c0000000)
  eden space 126464K, 0% used [0x000000076c700000,0x000000076c700000,0x0000000774280000)
  from space 13312K, 90% used [0x0000000776580000,0x0000000777152288,0x0000000777280000)
  to   space 10752K, 0% used [0x0000000774280000,0x0000000774280000,0x0000000774d00000)
 ParOldGen       total 104448K, used 10825K [0x00000006c5400000, 0x00000006cba00000, 0x000000076c700000)
  object space 104448K, 10% used [0x00000006c5400000,0x00000006c5e92450,0x00000006cba00000)
 Metaspace       used 34698K, capacity 35432K, committed 35496K, reserved 1081344K
  class space    used 4141K, capacity 4338K, committed 4352K, reserved 1048576K
Event: 2.919 GC heap after
Heap after GC invocations=8 (full 2):
 PSYoungGen      total 139776K, used 0K [0x000000076c700000, 0x0000000777280000, 0x00000007c0000000)
  eden space 126464K, 0% used [0x000000076c700000,0x000000076c700000,0x0000000774280000)
  from space 13312K, 0% used [0x0000000776580000,0x0000000776580000,0x0000000777280000)
  to   space 10752K, 0% used [0x0000000774280000,0x0000000774280000,0x0000000774d00000)
 ParOldGen       total 104448K, used 15687K [0x00000006c5400000, 0x00000006cba00000, 0x000000076c700000)
  object space 104448K, 15% used [0x00000006c5400000,0x00000006c6351f48,0x00000006cba00000)
 Metaspace       used 34696K, capacity 35426K, committed 35496K, reserved 1081344K
  class space    used 4140K, capacity 4336K, committed 4352K, reserved 1048576K
}
Event: 4.916 GC heap before
{Heap before GC invocations=9 (full 2):
 PSYoungGen      total 139776K, used 126464K [0x000000076c700000, 0x0000000777280000, 0x00000007c0000000)
  eden space 126464K, 100% used [0x000000076c700000,0x0000000774280000,0x0000000774280000)
  from space 13312K, 0% used [0x0000000776580000,0x0000000776580000,0x0000000777280000)
  to   space 10752K, 0% used [0x0000000774280000,0x0000000774280000,0x0000000774d00000)
 ParOldGen       total 104448K, used 15687K [0x00000006c5400000, 0x00000006cba00000, 0x000000076c700000)
  object space 104448K, 15% used [0x00000006c5400000,0x00000006c6351f48,0x00000006cba00000)
 Metaspace       used 40263K, capacity 41858K, committed 42112K, reserved 1085440K
  class space    used 4928K, capacity 5384K, committed 5504K, reserved 1048576K
Event: 4.921 GC heap after
Heap after GC invocations=9 (full 2):
 PSYoungGen      total 137216K, used 8860K [0x000000076c700000, 0x0000000779800000, 0x00000007c0000000)
  eden space 126464K, 0% used [0x000000076c700000,0x000000076c700000,0x0000000774280000)
  from space 10752K, 82% used [0x0000000774280000,0x0000000774b27260,0x0000000774d00000)
  to   space 13824K, 0% used [0x0000000778a80000,0x0000000778a80000,0x0000000779800000)
 ParOldGen       total 104448K, used 15695K [0x00000006c5400000, 0x00000006cba00000, 0x000000076c700000)
  object space 104448K, 15% used [0x00000006c5400000,0x00000006c6353f48,0x00000006cba00000)
 Metaspace       used 40263K, capacity 41858K, committed 42112K, reserved 1085440K
  class space    used 4928K, capacity 5384K, committed 5504K, reserved 1048576K
}

Deoptimization events (10 events):
Event: 4.283 Thread 0x0000000002d9a000 Uncommon trap: reason=bimorphic action=maybe_recompile pc=0x0000000003c1249c method=java.util.regex.Pattern$Branch.match(Ljava/util/regex/Matcher;ILjava/lang/CharSequence;)Z @ 32
Event: 4.283 Thread 0x0000000002d9a000 Uncommon trap: reason=bimorphic action=maybe_recompile pc=0x0000000003c1249c method=java.util.regex.Pattern$Branch.match(Ljava/util/regex/Matcher;ILjava/lang/CharSequence;)Z @ 32
Event: 4.283 Thread 0x0000000002d9a000 Uncommon trap: reason=bimorphic action=maybe_recompile pc=0x0000000003c1249c method=java.util.regex.Pattern$Branch.match(Ljava/util/regex/Matcher;ILjava/lang/CharSequence;)Z @ 32
Event: 4.293 Thread 0x0000000002d9a000 Uncommon trap: reason=unstable_if action=reinterpret pc=0x0000000003a3b1ac method=java.util.concurrent.ConcurrentHashMap.putVal(Ljava/lang/Object;Ljava/lang/Object;Z)Ljava/lang/Object; @ 206
Event: 4.948 Thread 0x0000000002d9a000 Uncommon trap: reason=class_check action=maybe_recompile pc=0x0000000003c15b2c method=java.util.stream.ReferencePipeline$3$1.accept(Ljava/lang/Object;)V @ 17
Event: 4.948 Thread 0x0000000002d9a000 Uncommon trap: reason=class_check action=maybe_recompile pc=0x0000000003c15b2c method=java.util.stream.ReferencePipeline$3$1.accept(Ljava/lang/Object;)V @ 17
Event: 4.948 Thread 0x0000000002d9a000 Uncommon trap: reason=class_check action=maybe_recompile pc=0x0000000003c15b2c method=java.util.stream.ReferencePipeline$3$1.accept(Ljava/lang/Object;)V @ 17
Event: 4.948 Thread 0x0000000002d9a000 Uncommon trap: reason=class_check action=maybe_recompile pc=0x0000000003c15b2c method=java.util.stream.ReferencePipeline$3$1.accept(Ljava/lang/Object;)V @ 17
Event: 4.950 Thread 0x0000000002d9a000 Uncommon trap: reason=unstable_if action=reinterpret pc=0x0000000003a99b0c method=sun.reflect.misc.ReflectUtil.isNonPublicProxyClass(Ljava/lang/Class;)Z @ 14
Event: 4.990 Thread 0x0000000002d9a000 Uncommon trap: reason=unstable_if action=reinterpret pc=0x0000000003720818 method=jdk.internal.org.objectweb.asm.Type.getArgumentsAndReturnSizes(Ljava/lang/String;)I @ 47

Classes redefined (0 events):
No events

Internal exceptions (10 events):
Event: 5.003 Thread 0x0000000002d9a000 Exception <a 'java/lang/ClassNotFoundException': java/io/BufferedReaderCustomizer> (0x000000076de9b040) thrown at [C:\re\workspace\8-2-build-windows-amd64-cygwin\jdk8u202\12323\hotspot\src\share\vm\classfile\systemDictionary.cpp, line 210]
Event: 5.003 Thread 0x0000000002d9a000 Exception <a 'java/lang/ClassNotFoundException': groovy/io/LineColumnReaderCustomizer> (0x000000076ded9cf8) thrown at [C:\re\workspace\8-2-build-windows-amd64-cygwin\jdk8u202\12323\hotspot\src\share\vm\classfile\systemDictionary.cpp, line 210]
Event: 5.008 Thread 0x0000000002d9a000 Exception <a 'java/lang/ClassNotFoundException': groovy/json/JsonLexerBeanInfo> (0x000000076df53170) thrown at [C:\re\workspace\8-2-build-windows-amd64-cygwin\jdk8u202\12323\hotspot\src\share\vm\classfile\systemDictionary.cpp, line 210]
Event: 5.009 Thread 0x0000000002d9a000 Exception <a 'java/lang/ClassNotFoundException': groovy/json/JsonLexerCustomizer> (0x000000076df73928) thrown at [C:\re\workspace\8-2-build-windows-amd64-cygwin\jdk8u202\12323\hotspot\src\share\vm\classfile\systemDictionary.cpp, line 210]
Event: 5.012 Thread 0x0000000002d9a000 Exception <a 'java/lang/ClassNotFoundException': groovy/json/JsonTokenType$1BeanInfo> (0x000000076dfddac0) thrown at [C:\re\workspace\8-2-build-windows-amd64-cygwin\jdk8u202\12323\hotspot\src\share\vm\classfile\systemDictionary.cpp, line 210]
Event: 5.012 Thread 0x0000000002d9a000 Exception <a 'java/lang/ClassNotFoundException': groovy/json/JsonTokenType$1Customizer> (0x000000076e001e68) thrown at [C:\re\workspace\8-2-build-windows-amd64-cygwin\jdk8u202\12323\hotspot\src\share\vm\classfile\systemDictionary.cpp, line 210]
Event: 5.014 Thread 0x0000000002d9a000 Exception <a 'java/lang/ClassNotFoundException': groovy/json/JsonTokenTypeBeanInfo> (0x000000076e04f2f0) thrown at [C:\re\workspace\8-2-build-windows-amd64-cygwin\jdk8u202\12323\hotspot\src\share\vm\classfile\systemDictionary.cpp, line 210]
Event: 5.014 Thread 0x0000000002d9a000 Exception <a 'java/lang/ClassNotFoundException': groovy/json/JsonTokenTypeCustomizer> (0x000000076e0726f8) thrown at [C:\re\workspace\8-2-build-windows-amd64-cygwin\jdk8u202\12323\hotspot\src\share\vm\classfile\systemDictionary.cpp, line 210]
Event: 5.019 Thread 0x0000000002d9a000 Exception <a 'java/lang/ClassNotFoundException': org/codehaus/groovy/reflection/CachedMethodBeanInfo> (0x000000076e423310) thrown at [C:\re\workspace\8-2-build-windows-amd64-cygwin\jdk8u202\12323\hotspot\src\share\vm\classfile\systemDictionary.cpp, line 2
Event: 5.020 Thread 0x0000000002d9a000 Exception <a 'java/lang/ClassNotFoundException': groovy/lang/MetaMethodBeanInfo> (0x000000076e458fc0) thrown at [C:\re\workspace\8-2-build-windows-amd64-cygwin\jdk8u202\12323\hotspot\src\share\vm\classfile\systemDictionary.cpp, line 210]

Events (10 events):
Event: 5.019 loading class org/codehaus/groovy/reflection/CachedMethodBeanInfo
Event: 5.019 loading class org/codehaus/groovy/reflection/CachedMethodBeanInfo done
Event: 5.019 loading class groovy/lang/MetaMethodBeanInfo
Event: 5.019 loading class groovy/lang/MetaMethodBeanInfo done
Event: 5.019 loading class groovy/lang/MetaMethodBeanInfo
Event: 5.019 loading class groovy/lang/MetaMethodBeanInfo done
Event: 5.020 loading class groovy/lang/MetaMethodBeanInfo
Event: 5.020 loading class groovy/lang/MetaMethodBeanInfo done
Event: 5.020 loading class org/codehaus/groovy/reflection/ParameterTypesBeanInfo
Event: 5.020 loading class org/codehaus/groovy/reflection/ParameterTypesBeanInfo done


Dynamic libraries:
0x00007ff7eeff0000 - 0x00007ff7ef027000 	C:\Program Files\Java\jdk1.8.0_202\bin\javaw.exe
0x00007ff8b51f0000 - 0x00007ff8b53e8000 	C:\Windows\SYSTEM32\ntdll.dll
0x00007ff8b3d90000 - 0x00007ff8b3e4f000 	C:\Windows\System32\KERNEL32.DLL
0x00007ff8b2d90000 - 0x00007ff8b3062000 	C:\Windows\System32\KERNELBASE.dll
0x00007ff8b4c30000 - 0x00007ff8b4cde000 	C:\Windows\System32\ADVAPI32.dll
0x00007ff8b4e80000 - 0x00007ff8b4f1e000 	C:\Windows\System32\msvcrt.dll
0x00007ff8b38b0000 - 0x00007ff8b394c000 	C:\Windows\System32\sechost.dll
0x00007ff8b3b30000 - 0x00007ff8b3c55000 	C:\Windows\System32\RPCRT4.dll
0x00007ff8b4330000 - 0x00007ff8b44d1000 	C:\Windows\System32\USER32.dll
0x00007ff8b2ae0000 - 0x00007ff8b2b02000 	C:\Windows\System32\win32u.dll
0x00007ff8b4e50000 - 0x00007ff8b4e7b000 	C:\Windows\System32\GDI32.dll
0x00007ff8b3070000 - 0x00007ff8b317f000 	C:\Windows\System32\gdi32full.dll
0x00007ff8b28e0000 - 0x00007ff8b297d000 	C:\Windows\System32\msvcp_win.dll
0x00007ff8b2c90000 - 0x00007ff8b2d90000 	C:\Windows\System32\ucrtbase.dll
0x00007ff8a4fa0000 - 0x00007ff8a523a000 	C:\Windows\WinSxS\amd64_microsoft.windows.common-controls_6595b64144ccf1df_6.0.19041.1110_none_60b5254171f9507e\COMCTL32.dll
0x00007ff8b3950000 - 0x00007ff8b3982000 	C:\Windows\System32\IMM32.DLL
0x0000000077000000 - 0x00000000770d2000 	C:\Program Files\Java\jdk1.8.0_202\jre\bin\msvcr100.dll
0x0000000076750000 - 0x0000000076ff5000 	C:\Program Files\Java\jdk1.8.0_202\jre\bin\server\jvm.dll
0x00007ff8b4320000 - 0x00007ff8b4328000 	C:\Windows\System32\PSAPI.DLL
0x00007ff8906b0000 - 0x00007ff8906d7000 	C:\Windows\SYSTEM32\WINMM.dll
0x00007ff8abe00000 - 0x00007ff8abe0a000 	C:\Windows\SYSTEM32\VERSION.dll
0x00007ff898210000 - 0x00007ff898219000 	C:\Windows\SYSTEM32\WSOCK32.dll
0x00007ff8b3990000 - 0x00007ff8b39fb000 	C:\Windows\System32\WS2_32.dll
0x00007ff88b610000 - 0x00007ff88b61f000 	C:\Program Files\Java\jdk1.8.0_202\jre\bin\verify.dll
0x00007ff88b140000 - 0x00007ff88b169000 	C:\Program Files\Java\jdk1.8.0_202\jre\bin\java.dll
0x00007ff88b5f0000 - 0x00007ff88b606000 	C:\Program Files\Java\jdk1.8.0_202\jre\bin\zip.dll
0x00007ff8b44e0000 - 0x00007ff8b4c24000 	C:\Windows\System32\SHELL32.dll
0x00007ff8b0940000 - 0x00007ff8b10d2000 	C:\Windows\SYSTEM32\windows.storage.dll
0x00007ff8b34a0000 - 0x00007ff8b37f5000 	C:\Windows\System32\combase.dll
0x00007ff8b2180000 - 0x00007ff8b21b0000 	C:\Windows\SYSTEM32\Wldp.dll
0x00007ff8b4da0000 - 0x00007ff8b4e4d000 	C:\Windows\System32\SHCORE.dll
0x00007ff8b3e50000 - 0x00007ff8b3ea5000 	C:\Windows\System32\shlwapi.dll
0x00007ff8b2820000 - 0x00007ff8b283f000 	C:\Windows\SYSTEM32\profapi.dll
0x00007ff8868f0000 - 0x00007ff88690a000 	C:\Program Files\Java\jdk1.8.0_202\jre\bin\net.dll
0x00007ff89dd60000 - 0x00007ff89df4d000 	C:\Windows\SYSTEM32\urlmon.dll
0x00007ff8a8800000 - 0x00007ff8a8828000 	C:\Windows\SYSTEM32\srvcli.dll
0x00007ff8b1d80000 - 0x00007ff8b1d8c000 	C:\Windows\SYSTEM32\netutils.dll
0x00007ff89e0b0000 - 0x00007ff89e361000 	C:\Windows\SYSTEM32\iertutil.dll
0x00007ff8b1f60000 - 0x00007ff8b1fca000 	C:\Windows\system32\mswsock.dll
0x00007ff8b1cb0000 - 0x00007ff8b1d7a000 	C:\Windows\SYSTEM32\DNSAPI.dll
0x00007ff8b1c70000 - 0x00007ff8b1cab000 	C:\Windows\SYSTEM32\IPHLPAPI.DLL
0x00007ff8b4ce0000 - 0x00007ff8b4ce8000 	C:\Windows\System32\NSI.dll
0x00007ff8abdd0000 - 0x00007ff8abdda000 	C:\Windows\System32\rasadhlp.dll
0x00007ff8aa740000 - 0x00007ff8aa7c0000 	C:\Windows\System32\fwpuclnt.dll
0x00007ff8b2bf0000 - 0x00007ff8b2c17000 	C:\Windows\System32\bcrypt.dll
0x00007ff8b2230000 - 0x00007ff8b2248000 	C:\Windows\SYSTEM32\CRYPTSP.dll
0x00007ff8b18a0000 - 0x00007ff8b18d4000 	C:\Windows\system32\rsaenh.dll
0x00007ff8b27e0000 - 0x00007ff8b280e000 	C:\Windows\SYSTEM32\USERENV.dll
0x00007ff8b2b60000 - 0x00007ff8b2be2000 	C:\Windows\System32\bcryptprimitives.dll
0x00007ff8b20f0000 - 0x00007ff8b20fc000 	C:\Windows\SYSTEM32\CRYPTBASE.dll
0x00007ff8ab510000 - 0x00007ff8ab527000 	C:\Windows\SYSTEM32\dhcpcsvc6.DLL
0x00007ff8ab7d0000 - 0x00007ff8ab7ed000 	C:\Windows\SYSTEM32\dhcpcsvc.DLL
0x00007ff8849b0000 - 0x00007ff8849c2000 	C:\Program Files\Java\jdk1.8.0_202\jre\bin\nio.dll
0x00007ff8877b0000 - 0x00007ff8877bd000 	C:\Program Files\Java\jdk1.8.0_202\jre\bin\management.dll
0x00007ff88b120000 - 0x00007ff88b137000 	C:\Windows\system32\napinsp.dll
0x00007ff88b100000 - 0x00007ff88b11b000 	C:\Windows\system32\pnrpnsp.dll
0x00007ff88b1c0000 - 0x00007ff88b1d5000 	C:\Windows\system32\wshbth.dll
0x00007ff8adc60000 - 0x00007ff8adc7d000 	C:\Windows\system32\NLAapi.dll
0x00007ff88b1a0000 - 0x00007ff88b1b2000 	C:\Windows\System32\winrnr.dll
0x00007ff8a2640000 - 0x00007ff8a2664000 	C:\Program Files\Java\jdk1.8.0_202\jre\bin\sunec.dll
0x00007ff8a2630000 - 0x00007ff8a263b000 	C:\Program Files\Java\jdk1.8.0_202\jre\bin\sunmscapi.dll
0x00007ff8b2980000 - 0x00007ff8b2ad6000 	C:\Windows\System32\CRYPT32.dll

VM Arguments:
jvm_args: -ea -Dfile.encoding=UTF-8 
java_command: org.testng.remote.RemoteTestNG -serport 58990 -protocol json -d D:\RingPay\RingPay_APIAutomation\modified_updated\test-output D:\RingPay\RingPay_APIAutomation\modified_updated\RingPay.xml
java_class_path (initial): C:\Users\IGS0425\eclipse\java-2022-06\eclipse\configuration\org.eclipse.osgi\447\0\.cp\lib\testng-remote.jar;D:\RingPay\RingPay_APIAutomation\modified_updated\target\test-classes;D:\RingPay\RingPay_APIAutomation\modified_updated\target\classes;C:\Users\IGS0425\.m2\repository\io\appium\java-client\7.2.0\java-client-7.2.0.jar;C:\Users\IGS0425\.m2\repository\org\seleniumhq\selenium\selenium-support\3.141.59\selenium-support-3.141.59.jar;C:\Users\IGS0425\.m2\repository\org\seleniumhq\selenium\selenium-api\3.141.59\selenium-api-3.141.59.jar;C:\Users\IGS0425\.m2\repository\com\google\code\gson\gson\2.8.5\gson-2.8.5.jar;C:\Users\IGS0425\.m2\repository\org\apache\httpcomponents\httpclient\4.5.9\httpclient-4.5.9.jar;C:\Users\IGS0425\.m2\repository\cglib\cglib\3.2.12\cglib-3.2.12.jar;C:\Users\IGS0425\.m2\repository\org\ow2\asm\asm\7.1\asm-7.1.jar;C:\Users\IGS0425\.m2\repository\commons-io\commons-io\2.6\commons-io-2.6.jar;C:\Users\IGS0425\.m2\repository\org\springframework\spring-context\5.1.8.RELEASE\spring-context-5.1.8.RELEASE.jar;C:\Users\IGS0425\.m2\repository\org\springframework\spring-aop\5.1.8.RELEASE\spring-aop-5.1.8.RELEASE.jar;C:\Users\IGS0425\.m2\repository\org\springframework\spring-beans\5.1.8.RELEASE\spring-beans-5.1.8.RELEASE.jar;C:\Users\IGS0425\.m2\repository\org\springframework\spring-core\5.1.8.RELEASE\spring-core-5.1.8.RELEASE.jar;C:\Users\IGS0425\.m2\repository\org\springframework\spring-jcl\5.1.8.RELEASE\spring-jcl-5.1.8.RELEASE.jar;C:\Users\IGS0425\.m2\repository\org\springframework\spring-expression\5.1.8.RELEASE\spring-expression-5.1.8.RELEASE.jar;C:\Users\IGS0425\.m2\repository\org\aspectj\aspectjweaver\1.9.4\aspectjweaver-1.9.4.jar;C:\Users\IGS0425\.m2\repository\org\slf4j\slf4j-api\1.7.26\slf4j-api-1.7.26.jar;C:\Users\IGS0425\.m2\repository\org\seleniumhq\selenium\selenium-java\3.141.59\selenium-java-3.141.59.jar;C:\Users\IGS0425\.m2\repository\org\seleniumhq\selenium\selenium-chrome-driver\3.141.59\selenium-chrome-dri
Launcher Type: SUN_STANDARD

Environment Variables:
JAVA_HOME=C:\Program Files\Java\jdk1.8.0_202
PATH=C:/Users/IGS0425/.p2/pool/plugins/org.eclipse.justj.openjdk.hotspot.jre.full.win32.x86_64_17.0.3.v20220515-1416/jre/bin/server;C:/Users/IGS0425/.p2/pool/plugins/org.eclipse.justj.openjdk.hotspot.jre.full.win32.x86_64_17.0.3.v20220515-1416/jre/bin;C:\Program Files (x86)\Common Files\Oracle\Java\javapath;C:\Windows\system32;C:\Windows;C:\Windows\System32\Wbem;C:\Windows\System32\WindowsPowerShell\v1.0\;C:\Windows\System32\OpenSSH\;C:\Program Files\nodejs\;C:\Program Files\Git\cmd;C:\Program Files\apache-maven-3.8.6\bin;C:\Users\IGS0425\AppData\Local\Microsoft\WindowsApps;C:\Program Files\JetBrains\IntelliJ IDEA Community Edition 2022.1.3\bin;;C:\Users\IGS0425\AppData\Roaming\npm;C:\Program Files\Java\jdk1.8.0_202\bin;;C:\Windows\System32;
USERNAME=IGS0425
OS=Windows_NT
PROCESSOR_IDENTIFIER=Intel64 Family 6 Model 140 Stepping 1, GenuineIntel



---------------  S Y S T E M  ---------------

OS: Windows 10.0 , 64 bit Build 19041 (10.0.19041.2364)

CPU:total 8 (initial active 8) (4 cores per cpu, 2 threads per core) family 6 model 140 stepping 1, cmov, cx8, fxsr, mmx, sse, sse2, sse3, ssse3, sse4.1, sse4.2, popcnt, avx, avx2, aes, clmul, erms, 3dnowpref, lzcnt, ht, tsc, tscinvbit, bmi1, bmi2, adx

Memory: 4k page, physical 16428308k(1840572k free), swap 16428308k(2924k free)

vm_info: Java HotSpot(TM) 64-Bit Server VM (25.202-b08) for windows-amd64 JRE (1.8.0_202-b08), built on Dec 15 2018 19:54:30 by "java_re" with MS VC++ 10.0 (VS2010)

time: Wed Jan 11 15:31:38 2023
timezone: India Standard Time
elapsed time: 5 seconds (0d 0h 0m 5s)

