#
# There is insufficient memory for the Java Runtime Environment to continue.
# Native memory allocation (malloc) failed to allocate 1000176 bytes for Chunk::new
# Possible reasons:
#   The system is out of physical RAM or swap space
#   The process is running with CompressedOops enabled, and the Java Heap may be blocking the growth of the native heap
# Possible solutions:
#   Reduce memory load on the system
#   Increase physical memory or swap space
#   Check if swap backing store is full
#   Decrease Java heap size (-Xmx/-Xms)
#   Decrease number of Java threads
#   Decrease Java thread stack sizes (-Xss)
#   Set larger code cache with -XX:ReservedCodeCacheSize=
#   JVM is running with Zero Based Compressed Oops mode in which the Java heap is
#     placed in the first 32GB address space. The Java Heap base address is the
#     maximum limit for the native heap growth. Please use -XX:HeapBaseMinAddress
#     to set the Java Heap base and to place the Java Heap above 32GB virtual address.
# This output file may be truncated or incomplete.
#
#  Out of Memory Error (allocation.cpp:389), pid=6404, tid=0x00000000000029bc
#
# JRE version: Java(TM) SE Runtime Environment (8.0_202-b08) (build 1.8.0_202-b08)
# Java VM: Java HotSpot(TM) 64-Bit Server VM (25.202-b08 mixed mode windows-amd64 compressed oops)
# Failed to write core dump. Minidumps are not enabled by default on client versions of Windows
#

---------------  T H R E A D  ---------------

Current thread (0x000000001e320000):  JavaThread "C2 CompilerThread1" daemon [_thread_in_native, id=10684, stack(0x000000001ece0000,0x000000001ede0000)]

Stack: [0x000000001ece0000,0x000000001ede0000]
[error occurred during error reporting (printing stack bounds), id 0xc0000005]

Native frames: (J=compiled Java code, j=interpreted, Vv=VM code, C=native code)


Current CompileTask:
C2:   2912 2849       4       groovy.lang.MetaClassImpl$1MOPIter::methodNameAction (325 bytes)


---------------  P R O C E S S  ---------------

Java Threads: ( => current thread )
  0x00000000201da800 JavaThread "ReaderThread" [_thread_in_native, id=11008, stack(0x0000000020df0000,0x0000000020ef0000)]
  0x000000001e3cf000 JavaThread "Service Thread" daemon [_thread_blocked, id=16428, stack(0x000000001efe0000,0x000000001f0e0000)]
  0x000000001e332800 JavaThread "C1 CompilerThread3" daemon [_thread_blocked, id=11472, stack(0x000000001eee0000,0x000000001efe0000)]
  0x000000001e32d000 JavaThread "C2 CompilerThread2" daemon [_thread_in_native, id=7156, stack(0x000000001ede0000,0x000000001eee0000)]
=>0x000000001e320000 JavaThread "C2 CompilerThread1" daemon [_thread_in_native, id=10684, stack(0x000000001ece0000,0x000000001ede0000)]
  0x000000001e31b800 JavaThread "C2 CompilerThread0" daemon [_thread_in_native, id=14700, stack(0x000000001ebe0000,0x000000001ece0000)]
  0x000000001e31a800 JavaThread "Attach Listener" daemon [_thread_blocked, id=16920, stack(0x000000001eae0000,0x000000001ebe0000)]
  0x000000001c50e800 JavaThread "Signal Dispatcher" daemon [_thread_blocked, id=16104, stack(0x000000001e9e0000,0x000000001eae0000)]
  0x000000001e300800 JavaThread "Finalizer" daemon [_thread_blocked, id=14332, stack(0x000000001e7e0000,0x000000001e8e0000)]
  0x000000001c500000 JavaThread "Reference Handler" daemon [_thread_blocked, id=13548, stack(0x000000001e6e0000,0x000000001e7e0000)]
  0x0000000002bfa000 JavaThread "main" [_thread_in_vm, id=12548, stack(0x0000000002af0000,0x0000000002bf0000)]

Other Threads:
  0x000000001c4f6800 VMThread [stack: 0x000000001e1e0000,0x000000001e2e0000] [id=8768]
  0x000000001e3e9000 WatcherThread [stack: 0x000000001f0e0000,0x000000001f1e0000] [id=8752]

VM state:not at safepoint (normal execution)

VM Mutex/Monitor currently owned by a thread: None

heap address: 0x00000006c5400000, size: 4012 MB, Compressed Oops mode: Zero based, Oop shift amount: 3
Narrow klass base: 0x0000000000000000, Narrow klass shift: 3
Compressed class space size: 1073741824 Address: 0x00000007c0000000

Heap:
 PSYoungGen      total 75264K, used 36193K [0x000000076c700000, 0x0000000773e80000, 0x00000007c0000000)
  eden space 64512K, 39% used [0x000000076c700000,0x000000076dfdca30,0x0000000770600000)
  from space 10752K, 99% used [0x0000000770600000,0x000000077107bc10,0x0000000771080000)
  to   space 11776K, 0% used [0x0000000773300000,0x0000000773300000,0x0000000773e80000)
 ParOldGen       total 104960K, used 7683K [0x00000006c5400000, 0x00000006cba80000, 0x000000076c700000)
  object space 104960K, 7% used [0x00000006c5400000,0x00000006c5b80f80,0x00000006cba80000)
 Metaspace       used 33372K, capacity 34074K, committed 34176K, reserved 1079296K
  class space    used 3979K, capacity 4143K, committed 4224K, reserved 1048576K

Card table byte_map: [0x00000000120b0000,0x0000000012890000] byte_map_base: 0x000000000ea86000

Marking Bits: (ParMarkBitMap*) 0x000000006ae75ce0
 Begin Bits: [0x00000000135d0000, 0x0000000017480000)
 End Bits:   [0x0000000017480000, 0x000000001b330000)

Polling page: 0x00000000027d0000

CodeCache: size=245760Kb used=10967Kb max_used=10972Kb free=234792Kb
 bounds [0x0000000002cf0000, 0x00000000037b0000, 0x0000000011cf0000]
 total_blobs=3601 nmethods=2880 adapters=633
 compilation: enabled

Compilation events (10 events):
Event: 2.855 Thread 0x000000001e31b800 nmethod 2878 0x0000000003791890 code [0x00000000037919e0, 0x0000000003791cd8]
Event: 2.871 Thread 0x000000001e332800 2879       3       java.util.zip.ZipUtils::get32 (23 bytes)
Event: 2.871 Thread 0x000000001e332800 nmethod 2879 0x00000000037978d0 code [0x0000000003797a60, 0x0000000003797e90]
Event: 2.879 Thread 0x000000001e31b800 2880   !   4       java.net.URLClassLoader$1::run (63 bytes)
Event: 2.879 Thread 0x000000001e332800 2881       3       java.util.zip.ZipUtils::unixTimeToFileTime (8 bytes)
Event: 2.880 Thread 0x000000001e332800 nmethod 2881 0x0000000003797250 code [0x00000000037973c0, 0x0000000003797710]
Event: 2.880 Thread 0x000000001e332800 2882       3       java.nio.file.attribute.FileTime::from (18 bytes)
Event: 2.880 Thread 0x000000001e332800 nmethod 2882 0x0000000003794710 code [0x00000000037948a0, 0x0000000003794c68]
Event: 2.880 Thread 0x000000001e332800 2883       3       java.nio.file.attribute.FileTime::<init> (21 bytes)
Event: 2.880 Thread 0x000000001e332800 nmethod 2883 0x0000000003796e50 code [0x0000000003796fa0, 0x0000000003797190]

GC Heap History (10 events):
Event: 1.526 GC heap before
{Heap before GC invocations=2 (full 0):
 PSYoungGen      total 75264K, used 70836K [0x000000076c700000, 0x0000000771b00000, 0x00000007c0000000)
  eden space 64512K, 100% used [0x000000076c700000,0x0000000770600000,0x0000000770600000)
  from space 10752K, 58% used [0x0000000770600000,0x0000000770c2d308,0x0000000771080000)
  to   space 10752K, 0% used [0x0000000771080000,0x0000000771080000,0x0000000771b00000)
 ParOldGen       total 172032K, used 72K [0x00000006c5400000, 0x00000006cfc00000, 0x000000076c700000)
  object space 172032K, 0% used [0x00000006c5400000,0x00000006c5412010,0x00000006cfc00000)
 Metaspace       used 18339K, capacity 18704K, committed 18816K, reserved 1064960K
  class space    used 2246K, capacity 2359K, committed 2432K, reserved 1048576K
Event: 1.531 GC heap after
Heap after GC invocations=2 (full 0):
 PSYoungGen      total 75264K, used 8370K [0x000000076c700000, 0x0000000771b00000, 0x00000007c0000000)
  eden space 64512K, 0% used [0x000000076c700000,0x000000076c700000,0x0000000770600000)
  from space 10752K, 77% used [0x0000000771080000,0x00000007718acbb8,0x0000000771b00000)
  to   space 10752K, 0% used [0x0000000770600000,0x0000000770600000,0x0000000771080000)
 ParOldGen       total 172032K, used 152K [0x00000006c5400000, 0x00000006cfc00000, 0x000000076c700000)
  object space 172032K, 0% used [0x00000006c5400000,0x00000006c5426020,0x00000006cfc00000)
 Metaspace       used 18339K, capacity 18704K, committed 18816K, reserved 1064960K
  class space    used 2246K, capacity 2359K, committed 2432K, reserved 1048576K
}
Event: 1.712 GC heap before
{Heap before GC invocations=3 (full 0):
 PSYoungGen      total 75264K, used 32963K [0x000000076c700000, 0x0000000771b00000, 0x00000007c0000000)
  eden space 64512K, 38% used [0x000000076c700000,0x000000076df04340,0x0000000770600000)
  from space 10752K, 77% used [0x0000000771080000,0x00000007718acbb8,0x0000000771b00000)
  to   space 10752K, 0% used [0x0000000770600000,0x0000000770600000,0x0000000771080000)
 ParOldGen       total 172032K, used 152K [0x00000006c5400000, 0x00000006cfc00000, 0x000000076c700000)
  object space 172032K, 0% used [0x00000006c5400000,0x00000006c5426020,0x00000006cfc00000)
 Metaspace       used 20724K, capacity 21096K, committed 21296K, reserved 1069056K
  class space    used 2508K, capacity 2621K, committed 2688K, reserved 1048576K
Event: 1.716 GC heap after
Heap after GC invocations=3 (full 0):
 PSYoungGen      total 75264K, used 7075K [0x000000076c700000, 0x0000000771b00000, 0x00000007c0000000)
  eden space 64512K, 0% used [0x000000076c700000,0x000000076c700000,0x0000000770600000)
  from space 10752K, 65% used [0x0000000770600000,0x0000000770ce8df8,0x0000000771080000)
  to   space 10752K, 0% used [0x0000000771080000,0x0000000771080000,0x0000000771b00000)
 ParOldGen       total 172032K, used 160K [0x00000006c5400000, 0x00000006cfc00000, 0x000000076c700000)
  object space 172032K, 0% used [0x00000006c5400000,0x00000006c5428020,0x00000006cfc00000)
 Metaspace       used 20724K, capacity 21096K, committed 21296K, reserved 1069056K
  class space    used 2508K, capacity 2621K, committed 2688K, reserved 1048576K
}
Event: 1.716 GC heap before
{Heap before GC invocations=4 (full 1):
 PSYoungGen      total 75264K, used 7075K [0x000000076c700000, 0x0000000771b00000, 0x00000007c0000000)
  eden space 64512K, 0% used [0x000000076c700000,0x000000076c700000,0x0000000770600000)
  from space 10752K, 65% used [0x0000000770600000,0x0000000770ce8df8,0x0000000771080000)
  to   space 10752K, 0% used [0x0000000771080000,0x0000000771080000,0x0000000771b00000)
 ParOldGen       total 172032K, used 160K [0x00000006c5400000, 0x00000006cfc00000, 0x000000076c700000)
  object space 172032K, 0% used [0x00000006c5400000,0x00000006c5428020,0x00000006cfc00000)
 Metaspace       used 20724K, capacity 21096K, committed 21296K, reserved 1069056K
  class space    used 2508K, capacity 2621K, committed 2688K, reserved 1048576K
Event: 1.737 GC heap after
Heap after GC invocations=4 (full 1):
 PSYoungGen      total 75264K, used 0K [0x000000076c700000, 0x0000000771b00000, 0x00000007c0000000)
  eden space 64512K, 0% used [0x000000076c700000,0x000000076c700000,0x0000000770600000)
  from space 10752K, 0% used [0x0000000770600000,0x0000000770600000,0x0000000771080000)
  to   space 10752K, 0% used [0x0000000771080000,0x0000000771080000,0x0000000771b00000)
 ParOldGen       total 104960K, used 6847K [0x00000006c5400000, 0x00000006cba80000, 0x000000076c700000)
  object space 104960K, 6% used [0x00000006c5400000,0x00000006c5aafec0,0x00000006cba80000)
 Metaspace       used 20724K, capacity 21096K, committed 21296K, reserved 1069056K
  class space    used 2508K, capacity 2621K, committed 2688K, reserved 1048576K
}
Event: 2.260 GC heap before
{Heap before GC invocations=5 (full 1):
 PSYoungGen      total 75264K, used 64512K [0x000000076c700000, 0x0000000771b00000, 0x00000007c0000000)
  eden space 64512K, 100% used [0x000000076c700000,0x0000000770600000,0x0000000770600000)
  from space 10752K, 0% used [0x0000000770600000,0x0000000770600000,0x0000000771080000)
  to   space 10752K, 0% used [0x0000000771080000,0x0000000771080000,0x0000000771b00000)
 ParOldGen       total 104960K, used 6847K [0x00000006c5400000, 0x00000006cba80000, 0x000000076c700000)
  object space 104960K, 6% used [0x00000006c5400000,0x00000006c5aafec0,0x00000006cba80000)
 Metaspace       used 27513K, capacity 28116K, committed 28160K, reserved 1073152K
  class space    used 3380K, capacity 3567K, committed 3584K, reserved 1048576K
Event: 2.264 GC heap after
Heap after GC invocations=5 (full 1):
 PSYoungGen      total 75264K, used 8287K [0x000000076c700000, 0x0000000773900000, 0x00000007c0000000)
  eden space 64512K, 0% used [0x000000076c700000,0x000000076c700000,0x0000000770600000)
  from space 10752K, 77% used [0x0000000771080000,0x0000000771897e18,0x0000000771b00000)
  to   space 10752K, 0% used [0x0000000770600000,0x0000000770600000,0x0000000771080000)
 ParOldGen       total 104960K, used 6855K [0x00000006c5400000, 0x00000006cba80000, 0x000000076c700000)
  object space 104960K, 6% used [0x00000006c5400000,0x00000006c5ab1ec0,0x00000006cba80000)
 Metaspace       used 27513K, capacity 28116K, committed 28160K, reserved 1073152K
  class space    used 3380K, capacity 3567K, committed 3584K, reserved 1048576K
}
Event: 2.768 GC heap before
{Heap before GC invocations=6 (full 1):
 PSYoungGen      total 75264K, used 72799K [0x000000076c700000, 0x0000000773900000, 0x00000007c0000000)
  eden space 64512K, 100% used [0x000000076c700000,0x0000000770600000,0x0000000770600000)
  from space 10752K, 77% used [0x0000000771080000,0x0000000771897e18,0x0000000771b00000)
  to   space 10752K, 0% used [0x0000000770600000,0x0000000770600000,0x0000000771080000)
 ParOldGen       total 104960K, used 6855K [0x00000006c5400000, 0x00000006cba80000, 0x000000076c700000)
  object space 104960K, 6% used [0x00000006c5400000,0x00000006c5ab1ec0,0x00000006cba80000)
 Metaspace       used 31583K, capacity 32282K, committed 32384K, reserved 1077248K
  class space    used 3781K, capacity 3951K, committed 3968K, reserved 1048576K
Event: 2.780 GC heap after
Heap after GC invocations=6 (full 1):
 PSYoungGen      total 75264K, used 10735K [0x000000076c700000, 0x0000000773e80000, 0x00000007c0000000)
  eden space 64512K, 0% used [0x000000076c700000,0x000000076c700000,0x0000000770600000)
  from space 10752K, 99% used [0x0000000770600000,0x000000077107bc10,0x0000000771080000)
  to   space 11776K, 0% used [0x0000000773300000,0x0000000773300000,0x0000000773e80000)
 ParOldGen       total 104960K, used 7683K [0x00000006c5400000, 0x00000006cba80000, 0x000000076c700000)
  object space 104960K, 7% used [0x00000006c5400000,0x00000006c5b80f80,0x00000006cba80000)
 Metaspace       used 31583K, capacity 32282K, committed 32384K, reserved 1077248K
  class space    used 3781K, capacity 3951K, committed 3968K, reserved 1048576K
}

Deoptimization events (10 events):
Event: 1.951 Thread 0x0000000002bfa000 Uncommon trap: reason=unstable_if action=reinterpret pc=0x000000000332afa0 method=org.apache.xmlbeans.impl.store.Cur.isNormal()Z @ 60
Event: 1.951 Thread 0x0000000002bfa000 Uncommon trap: reason=unstable_if action=reinterpret pc=0x000000000334579c method=org.apache.xmlbeans.impl.store.Cur.moveTo(Lorg/apache/xmlbeans/impl/store/Xobj;I)V @ 111
Event: 1.951 Thread 0x0000000002bfa000 Uncommon trap: reason=unstable_if action=reinterpret pc=0x000000000332ce40 method=org.apache.xmlbeans.impl.store.Cur.moveToNoCheck(Lorg/apache/xmlbeans/impl/store/Xobj;I)V @ 5
Event: 1.951 Thread 0x0000000002bfa000 Uncommon trap: reason=unstable_if action=reinterpret pc=0x0000000003387ff8 method=org.apache.xmlbeans.impl.store.Cur.isNormal()Z @ 60
Event: 1.951 Thread 0x0000000002bfa000 Uncommon trap: reason=unstable_if action=reinterpret pc=0x0000000003333410 method=org.apache.xmlbeans.impl.store.Cur.isNormal()Z @ 60
Event: 1.951 Thread 0x0000000002bfa000 Uncommon trap: reason=unstable_if action=reinterpret pc=0x0000000003324de0 method=org.apache.xmlbeans.impl.store.Xobj.bitIsSet(I)Z @ 6
Event: 1.961 Thread 0x0000000002bfa000 Uncommon trap: reason=class_check action=maybe_recompile pc=0x0000000003351308 method=org.apache.xmlbeans.XmlOptions.hasOption(Ljava/lang/Object;)Z @ 5
Event: 2.109 Thread 0x0000000002bfa000 Uncommon trap: reason=class_check action=maybe_recompile pc=0x000000000326ff50 method=java.io.FilterInputStream.read([BII)I @ 7
Event: 2.335 Thread 0x0000000002bfa000 Uncommon trap: reason=unstable_if action=reinterpret pc=0x00000000034dce40 method=java.lang.ClassLoader.getClassLoadingLock(Ljava/lang/String;)Ljava/lang/Object; @ 6
Event: 2.430 Thread 0x0000000002bfa000 Uncommon trap: reason=unstable_if action=reinterpret pc=0x000000000350cde4 method=java.lang.Class$MethodArray.addIfNotPresent(Ljava/lang/reflect/Method;)V @ 19

Classes redefined (0 events):
No events

Internal exceptions (10 events):
Event: 2.689 Thread 0x0000000002bfa000 Exception <a 'java/lang/ClassNotFoundException': [Lcom/fasterxml/jackson/core/JsonEncoding;BeanInfo> (0x000000076fb88fb8) thrown at [C:\re\workspace\8-2-build-windows-amd64-cygwin\jdk8u202\12323\hotspot\src\share\vm\prims\jni.cpp, line 736]
Event: 2.689 Thread 0x0000000002bfa000 Exception <a 'java/lang/ClassNotFoundException': [Lcom/fasterxml/jackson/core/JsonEncoding;BeanInfo> (0x000000076fb89628) thrown at [C:\re\workspace\8-2-build-windows-amd64-cygwin\jdk8u202\12323\hotspot\src\share\vm\prims\jni.cpp, line 736]
Event: 2.689 Thread 0x0000000002bfa000 Exception <a 'java/lang/ClassNotFoundException': [Lcom/fasterxml/jackson/core/JsonEncoding;BeanInfo> (0x000000076fb89c98) thrown at [C:\re\workspace\8-2-build-windows-amd64-cygwin\jdk8u202\12323\hotspot\src\share\vm\prims\jni.cpp, line 736]
Event: 2.689 Thread 0x0000000002bfa000 Exception <a 'java/lang/ClassNotFoundException': [Lcom/fasterxml/jackson/core/JsonEncoding;Customizer> (0x000000076fb8a5e0) thrown at [C:\re\workspace\8-2-build-windows-amd64-cygwin\jdk8u202\12323\hotspot\src\share\vm\prims\jni.cpp, line 736]
Event: 2.689 Thread 0x0000000002bfa000 Exception <a 'java/lang/ClassNotFoundException': [Lcom/fasterxml/jackson/core/JsonEncoding;Customizer> (0x000000076fb8ac50) thrown at [C:\re\workspace\8-2-build-windows-amd64-cygwin\jdk8u202\12323\hotspot\src\share\vm\prims\jni.cpp, line 736]
Event: 2.689 Thread 0x0000000002bfa000 Exception <a 'java/lang/ClassNotFoundException': [Lcom/fasterxml/jackson/core/JsonEncoding;Customizer> (0x000000076fb8b2c0) thrown at [C:\re\workspace\8-2-build-windows-amd64-cygwin\jdk8u202\12323\hotspot\src\share\vm\prims\jni.cpp, line 736]
Event: 2.694 Thread 0x0000000002bfa000 Exception <a 'java/lang/ClassNotFoundException': org/json/simple/JSONObjectBeanInfo> (0x000000076fc1b5e8) thrown at [C:\re\workspace\8-2-build-windows-amd64-cygwin\jdk8u202\12323\hotspot\src\share\vm\classfile\systemDictionary.cpp, line 210]
Event: 2.695 Thread 0x0000000002bfa000 Exception <a 'java/lang/ClassNotFoundException': org/json/simple/JSONObjectCustomizer> (0x000000076fc3bbf0) thrown at [C:\re\workspace\8-2-build-windows-amd64-cygwin\jdk8u202\12323\hotspot\src\share\vm\classfile\systemDictionary.cpp, line 210]
Event: 2.699 Thread 0x0000000002bfa000 Exception <a 'java/lang/ClassNotFoundException': io/restassured/path/json/mapper/factory/DefaultJackson2ObjectMapperFactoryBeanInfo> (0x000000076fcab830) thrown at [C:\re\workspace\8-2-build-windows-amd64-cygwin\jdk8u202\12323\hotspot\src\share\vm\classfi
Event: 2.699 Thread 0x0000000002bfa000 Exception <a 'java/lang/ClassNotFoundException': io/restassured/path/json/mapper/factory/DefaultJackson2ObjectMapperFactoryCustomizer> (0x000000076fce5d40) thrown at [C:\re\workspace\8-2-build-windows-amd64-cygwin\jdk8u202\12323\hotspot\src\share\vm\class

Events (10 events):
Event: 2.909 loading class com/fasterxml/jackson/databind/ser/std/CollectionSerializer
Event: 2.909 loading class com/fasterxml/jackson/databind/ser/std/CollectionSerializer done
Event: 2.910 loading class com/fasterxml/jackson/databind/ser/impl/StringArraySerializer
Event: 2.910 loading class com/fasterxml/jackson/databind/ser/impl/StringArraySerializer done
Event: 2.910 loading class com/fasterxml/jackson/databind/ser/std/ArraySerializerBase
Event: 2.910 loading class com/fasterxml/jackson/databind/ser/std/ArraySerializerBase done
Event: 2.911 loading class com/fasterxml/jackson/databind/ser/std/ObjectArraySerializer
Event: 2.911 loading class com/fasterxml/jackson/databind/ser/std/ObjectArraySerializer done
Event: 2.912 loading class com/fasterxml/jackson/databind/introspect/AnnotatedField
Event: 2.912 loading class com/fasterxml/jackson/databind/introspect/AnnotatedField done


Dynamic libraries:
0x00007ff605a80000 - 0x00007ff605ab7000 	C:\Program Files\Java\jdk1.8.0_202\bin\javaw.exe
0x00007ffe571f0000 - 0x00007ffe573e8000 	C:\Windows\SYSTEM32\ntdll.dll
0x00007ffe56c80000 - 0x00007ffe56d3f000 	C:\Windows\System32\KERNEL32.DLL
0x00007ffe54c60000 - 0x00007ffe54f32000 	C:\Windows\System32\KERNELBASE.dll
0x00007ffe570c0000 - 0x00007ffe5716e000 	C:\Windows\System32\ADVAPI32.dll
0x00007ffe56bd0000 - 0x00007ffe56c6e000 	C:\Windows\System32\msvcrt.dll
0x00007ffe567d0000 - 0x00007ffe5686c000 	C:\Windows\System32\sechost.dll
0x00007ffe56f90000 - 0x00007ffe570b5000 	C:\Windows\System32\RPCRT4.dll
0x00007ffe56a20000 - 0x00007ffe56bc1000 	C:\Windows\System32\USER32.dll
0x00007ffe55200000 - 0x00007ffe55222000 	C:\Windows\System32\win32u.dll
0x00007ffe57170000 - 0x00007ffe5719b000 	C:\Windows\System32\GDI32.dll
0x00007ffe550f0000 - 0x00007ffe551ff000 	C:\Windows\System32\gdi32full.dll
0x00007ffe54b30000 - 0x00007ffe54bcd000 	C:\Windows\System32\msvcp_win.dll
0x00007ffe54f40000 - 0x00007ffe55040000 	C:\Windows\System32\ucrtbase.dll
0x00007ffe3db30000 - 0x00007ffe3ddca000 	C:\Windows\WinSxS\amd64_microsoft.windows.common-controls_6595b64144ccf1df_6.0.19041.1110_none_60b5254171f9507e\COMCTL32.dll
0x00007ffe56dc0000 - 0x00007ffe56df2000 	C:\Windows\System32\IMM32.DLL
0x000000006af00000 - 0x000000006afd2000 	C:\Program Files\Java\jdk1.8.0_202\jre\bin\msvcr100.dll
0x000000006a650000 - 0x000000006aef5000 	C:\Program Files\Java\jdk1.8.0_202\jre\bin\server\jvm.dll
0x00007ffe56c70000 - 0x00007ffe56c78000 	C:\Windows\System32\PSAPI.DLL
0x00007ffe4d110000 - 0x00007ffe4d11a000 	C:\Windows\SYSTEM32\VERSION.dll
0x00007ffe3af50000 - 0x00007ffe3af59000 	C:\Windows\SYSTEM32\WSOCK32.dll
0x00007ffe2e570000 - 0x00007ffe2e597000 	C:\Windows\SYSTEM32\WINMM.dll
0x00007ffe56760000 - 0x00007ffe567cb000 	C:\Windows\System32\WS2_32.dll
0x00007ffe2c020000 - 0x00007ffe2c02f000 	C:\Program Files\Java\jdk1.8.0_202\jre\bin\verify.dll
0x00007ffe2bff0000 - 0x00007ffe2c019000 	C:\Program Files\Java\jdk1.8.0_202\jre\bin\java.dll
0x00007ffe2b920000 - 0x00007ffe2b936000 	C:\Program Files\Java\jdk1.8.0_202\jre\bin\zip.dll
0x00007ffe55630000 - 0x00007ffe55d74000 	C:\Windows\System32\SHELL32.dll
0x00007ffe52940000 - 0x00007ffe530d2000 	C:\Windows\SYSTEM32\windows.storage.dll
0x00007ffe55f00000 - 0x00007ffe56255000 	C:\Windows\System32\combase.dll
0x00007ffe54180000 - 0x00007ffe541b0000 	C:\Windows\SYSTEM32\Wldp.dll
0x00007ffe55df0000 - 0x00007ffe55e9d000 	C:\Windows\System32\SHCORE.dll
0x00007ffe55ea0000 - 0x00007ffe55ef5000 	C:\Windows\System32\shlwapi.dll
0x00007ffe54820000 - 0x00007ffe5483f000 	C:\Windows\SYSTEM32\profapi.dll
0x00007ffe27b50000 - 0x00007ffe27b6a000 	C:\Program Files\Java\jdk1.8.0_202\jre\bin\net.dll
0x00007ffe3f030000 - 0x00007ffe3f21d000 	C:\Windows\SYSTEM32\urlmon.dll
0x00007ffe3f380000 - 0x00007ffe3f631000 	C:\Windows\SYSTEM32\iertutil.dll
0x00007ffe3f000000 - 0x00007ffe3f028000 	C:\Windows\SYSTEM32\srvcli.dll
0x00007ffe53d80000 - 0x00007ffe53d8c000 	C:\Windows\SYSTEM32\netutils.dll
0x00007ffe53f60000 - 0x00007ffe53fca000 	C:\Windows\system32\mswsock.dll
0x00007ffe53cb0000 - 0x00007ffe53d7a000 	C:\Windows\SYSTEM32\DNSAPI.dll
0x00007ffe53c70000 - 0x00007ffe53cab000 	C:\Windows\SYSTEM32\IPHLPAPI.DLL
0x00007ffe571a0000 - 0x00007ffe571a8000 	C:\Windows\System32\NSI.dll
0x00007ffe4be10000 - 0x00007ffe4be1a000 	C:\Windows\System32\rasadhlp.dll
0x00007ffe4a330000 - 0x00007ffe4a3b0000 	C:\Windows\System32\fwpuclnt.dll
0x00007ffe549a0000 - 0x00007ffe549c7000 	C:\Windows\System32\bcrypt.dll
0x00007ffe541c0000 - 0x00007ffe541d8000 	C:\Windows\SYSTEM32\CRYPTSP.dll
0x00007ffe538a0000 - 0x00007ffe538d4000 	C:\Windows\system32\rsaenh.dll
0x00007ffe547e0000 - 0x00007ffe5480e000 	C:\Windows\SYSTEM32\USERENV.dll
0x00007ffe54bd0000 - 0x00007ffe54c52000 	C:\Windows\System32\bcryptprimitives.dll
0x00007ffe540f0000 - 0x00007ffe540fc000 	C:\Windows\SYSTEM32\CRYPTBASE.dll
0x00007ffe4be80000 - 0x00007ffe4be97000 	C:\Windows\SYSTEM32\dhcpcsvc6.DLL
0x00007ffe4c8c0000 - 0x00007ffe4c8dd000 	C:\Windows\SYSTEM32\dhcpcsvc.DLL
0x00007ffe25820000 - 0x00007ffe25832000 	C:\Program Files\Java\jdk1.8.0_202\jre\bin\nio.dll
0x00007ffe28920000 - 0x00007ffe2892d000 	C:\Program Files\Java\jdk1.8.0_202\jre\bin\management.dll
0x00007ffe3d3d0000 - 0x00007ffe3d3e7000 	C:\Windows\system32\napinsp.dll
0x00007ffe3d3b0000 - 0x00007ffe3d3cb000 	C:\Windows\system32\pnrpnsp.dll
0x00007ffe4f180000 - 0x00007ffe4f195000 	C:\Windows\system32\wshbth.dll
0x00007ffe4fc60000 - 0x00007ffe4fc7d000 	C:\Windows\system32\NLAapi.dll
0x00007ffe2a620000 - 0x00007ffe2a632000 	C:\Windows\System32\winrnr.dll

VM Arguments:
jvm_args: -ea -Dfile.encoding=UTF-8 
java_command: org.testng.remote.RemoteTestNG -serport 65355 -protocol json -d D:\RingPay\RingPay_APIAutomation\modified_updated\test-output D:\RingPay\RingPay_APIAutomation\modified_updated\RingPay.xml
java_class_path (initial): C:\Users\IGS0425\eclipse\java-2022-06\eclipse\configuration\org.eclipse.osgi\447\0\.cp\lib\testng-remote.jar;D:\RingPay\RingPay_APIAutomation\modified_updated\target\test-classes;D:\RingPay\RingPay_APIAutomation\modified_updated\target\classes;C:\Users\IGS0425\.m2\repository\io\appium\java-client\7.2.0\java-client-7.2.0.jar;C:\Users\IGS0425\.m2\repository\org\seleniumhq\selenium\selenium-support\3.141.59\selenium-support-3.141.59.jar;C:\Users\IGS0425\.m2\repository\org\seleniumhq\selenium\selenium-api\3.141.59\selenium-api-3.141.59.jar;C:\Users\IGS0425\.m2\repository\com\google\code\gson\gson\2.8.5\gson-2.8.5.jar;C:\Users\IGS0425\.m2\repository\org\apache\httpcomponents\httpclient\4.5.9\httpclient-4.5.9.jar;C:\Users\IGS0425\.m2\repository\cglib\cglib\3.2.12\cglib-3.2.12.jar;C:\Users\IGS0425\.m2\repository\org\ow2\asm\asm\7.1\asm-7.1.jar;C:\Users\IGS0425\.m2\repository\commons-io\commons-io\2.6\commons-io-2.6.jar;C:\Users\IGS0425\.m2\repository\org\springframework\spring-context\5.1.8.RELEASE\spring-context-5.1.8.RELEASE.jar;C:\Users\IGS0425\.m2\repository\org\springframework\spring-aop\5.1.8.RELEASE\spring-aop-5.1.8.RELEASE.jar;C:\Users\IGS0425\.m2\repository\org\springframework\spring-beans\5.1.8.RELEASE\spring-beans-5.1.8.RELEASE.jar;C:\Users\IGS0425\.m2\repository\org\springframework\spring-core\5.1.8.RELEASE\spring-core-5.1.8.RELEASE.jar;C:\Users\IGS0425\.m2\repository\org\springframework\spring-jcl\5.1.8.RELEASE\spring-jcl-5.1.8.RELEASE.jar;C:\Users\IGS0425\.m2\repository\org\springframework\spring-expression\5.1.8.RELEASE\spring-expression-5.1.8.RELEASE.jar;C:\Users\IGS0425\.m2\repository\org\aspectj\aspectjweaver\1.9.4\aspectjweaver-1.9.4.jar;C:\Users\IGS0425\.m2\repository\org\slf4j\slf4j-api\1.7.26\slf4j-api-1.7.26.jar;C:\Users\IGS0425\.m2\repository\org\seleniumhq\selenium\selenium-java\3.141.59\selenium-java-3.141.59.jar;C:\Users\IGS0425\.m2\repository\org\seleniumhq\selenium\selenium-chrome-driver\3.141.59\selenium-chrome-dri
Launcher Type: SUN_STANDARD

Environment Variables:
JAVA_HOME=C:\Program Files\Java\jdk1.8.0_202
PATH=C:/Users/IGS0425/.p2/pool/plugins/org.eclipse.justj.openjdk.hotspot.jre.full.win32.x86_64_17.0.3.v20220515-1416/jre/bin/server;C:/Users/IGS0425/.p2/pool/plugins/org.eclipse.justj.openjdk.hotspot.jre.full.win32.x86_64_17.0.3.v20220515-1416/jre/bin;C:\Program Files (x86)\Common Files\Oracle\Java\javapath;C:\Windows\system32;C:\Windows;C:\Windows\System32\Wbem;C:\Windows\System32\WindowsPowerShell\v1.0\;C:\Windows\System32\OpenSSH\;C:\Program Files\nodejs\;C:\Program Files\Git\cmd;C:\Program Files\apache-maven-3.8.6\bin;C:\Users\IGS0425\AppData\Local\Microsoft\WindowsApps;C:\Program Files\JetBrains\IntelliJ IDEA Community Edition 2022.1.3\bin;;C:\Users\IGS0425\AppData\Roaming\npm;C:\Program Files\Java\jdk1.8.0_202\bin;;C:\Windows\system32;
USERNAME=IGS0425
OS=Windows_NT
PROCESSOR_IDENTIFIER=Intel64 Family 6 Model 140 Stepping 1, GenuineIntel



---------------  S Y S T E M  ---------------

OS: Windows 10.0 , 64 bit Build 19041 (10.0.19041.2364)

CPU:total 8 (initial active 8) (4 cores per cpu, 2 threads per core) family 6 model 140 stepping 1, cmov, cx8, fxsr, mmx, sse, sse2, sse3, ssse3, sse4.1, sse4.2, popcnt, avx, avx2, aes, clmul, erms, 3dnowpref, lzcnt, ht, tsc, tscinvbit, bmi1, bmi2, adx

Memory: 4k page, physical 16428308k(2483836k free), swap 16428308k(5664k free)

vm_info: Java HotSpot(TM) 64-Bit Server VM (25.202-b08) for windows-amd64 JRE (1.8.0_202-b08), built on Dec 15 2018 19:54:30 by "java_re" with MS VC++ 10.0 (VS2010)

time: Mon Dec 19 17:46:02 2022
timezone: India Standard Time
elapsed time: 2 seconds (0d 0h 0m 2s)

