#
# There is insufficient memory for the Java Runtime Environment to continue.
# Native memory allocation (malloc) failed to allocate 318256 bytes for Chunk::new
# Possible reasons:
#   The system is out of physical RAM or swap space
#   The process is running with CompressedOops enabled, and the Java Heap may be blocking the growth of the native heap
# Possible solutions:
#   Reduce memory load on the system
#   Increase physical memory or swap space
#   Check if swap backing store is full
#   Decrease Java heap size (-Xmx/-Xms)
#   Decrease number of Java threads
#   Decrease Java thread stack sizes (-Xss)
#   Set larger code cache with -XX:ReservedCodeCacheSize=
#   JVM is running with Zero Based Compressed Oops mode in which the Java heap is
#     placed in the first 32GB address space. The Java Heap base address is the
#     maximum limit for the native heap growth. Please use -XX:HeapBaseMinAddress
#     to set the Java Heap base and to place the Java Heap above 32GB virtual address.
# This output file may be truncated or incomplete.
#
#  Out of Memory Error (allocation.cpp:389), pid=3920, tid=0x0000000000003540
#
# JRE version: Java(TM) SE Runtime Environment (8.0_202-b08) (build 1.8.0_202-b08)
# Java VM: Java HotSpot(TM) 64-Bit Server VM (25.202-b08 mixed mode windows-amd64 compressed oops)
# Failed to write core dump. Minidumps are not enabled by default on client versions of Windows
#

---------------  T H R E A D  ---------------

Current thread (0x000000001e9f5000):  JavaThread "C2 CompilerThread1" daemon [_thread_in_native, id=13632, stack(0x000000001f3c0000,0x000000001f4c0000)]

Stack: [0x000000001f3c0000,0x000000001f4c0000]
[error occurred during error reporting (printing stack bounds), id 0xc0000005]

Native frames: (J=compiled Java code, j=interpreted, Vv=VM code, C=native code)


Current CompileTask:
C2:  74570 10295       4       com.sun.org.apache.xerces.internal.impl.XMLDocumentScannerImpl::<init> (126 bytes)


---------------  P R O C E S S  ---------------

Java Threads: ( => current thread )
  0x000000002033d000 JavaThread "OkHttp ConnectionPool" daemon [_thread_blocked, id=11944, stack(0x0000000029bd0000,0x0000000029cd0000)]
  0x0000000020340800 JavaThread "OkHttp ConnectionPool" daemon [_thread_blocked, id=7464, stack(0x0000000029ad0000,0x0000000029bd0000)]
  0x000000002033a800 JavaThread "OkHttp ConnectionPool" daemon [_thread_blocked, id=17808, stack(0x00000000299d0000,0x0000000029ad0000)]
  0x0000000020341800 JavaThread "OkHttp ConnectionPool" daemon [_thread_blocked, id=18848, stack(0x00000000298d0000,0x00000000299d0000)]
  0x0000000020340000 JavaThread "OkHttp ConnectionPool" daemon [_thread_blocked, id=12884, stack(0x00000000014b0000,0x00000000015b0000)]
  0x0000000020333000 JavaThread "OkHttp ConnectionPool" daemon [_thread_blocked, id=15744, stack(0x00000000297d0000,0x00000000298d0000)]
  0x000000002033a000 JavaThread "OkHttp ConnectionPool" daemon [_thread_blocked, id=10392, stack(0x00000000296d0000,0x00000000297d0000)]
  0x0000000020332000 JavaThread "OkHttp ConnectionPool" daemon [_thread_blocked, id=20312, stack(0x00000000295d0000,0x00000000296d0000)]
  0x0000000020334800 JavaThread "OkHttp ConnectionPool" daemon [_thread_blocked, id=18576, stack(0x00000000294d0000,0x00000000295d0000)]
  0x0000000020334000 JavaThread "OkHttp ConnectionPool" daemon [_thread_blocked, id=14740, stack(0x00000000293d0000,0x00000000294d0000)]
  0x0000000020337800 JavaThread "OkHttp ConnectionPool" daemon [_thread_blocked, id=1812, stack(0x00000000292d0000,0x00000000293d0000)]
  0x0000000020339000 JavaThread "OkHttp ConnectionPool" daemon [_thread_blocked, id=15920, stack(0x00000000291d0000,0x00000000292d0000)]
  0x0000000020338800 JavaThread "OkHttp ConnectionPool" daemon [_thread_blocked, id=15760, stack(0x00000000290d0000,0x00000000291d0000)]
  0x0000000020335800 JavaThread "OkHttp ConnectionPool" daemon [_thread_blocked, id=13140, stack(0x0000000028fd0000,0x00000000290d0000)]
  0x0000000020336000 JavaThread "OkHttp ConnectionPool" daemon [_thread_blocked, id=15468, stack(0x0000000028cd0000,0x0000000028dd0000)]
  0x000000001e9fe800 JavaThread "OkHttp ConnectionPool" daemon [_thread_blocked, id=9456, stack(0x00000000289d0000,0x0000000028ad0000)]
  0x000000001e9f9000 JavaThread "OkHttp ConnectionPool" daemon [_thread_blocked, id=11884, stack(0x00000000288d0000,0x00000000289d0000)]
  0x000000001e9fd800 JavaThread "OkHttp ConnectionPool" daemon [_thread_blocked, id=648, stack(0x00000000287d0000,0x00000000288d0000)]
  0x0000000024fc1800 JavaThread "Okio Watchdog" daemon [_thread_blocked, id=14176, stack(0x00000000286d0000,0x00000000287d0000)]
  0x00000000222d9800 JavaThread "OkHttp ConnectionPool" daemon [_thread_blocked, id=10168, stack(0x00000000285d0000,0x00000000286d0000)]
  0x0000000020c7e800 JavaThread "pool-2-thread-6" daemon [_thread_blocked, id=18780, stack(0x0000000027fd0000,0x00000000280d0000)]
  0x0000000020cad800 JavaThread "pool-2-thread-5" daemon [_thread_blocked, id=13320, stack(0x0000000027ed0000,0x0000000027fd0000)]
  0x0000000020f72800 JavaThread "pool-2-thread-4" daemon [_thread_blocked, id=11036, stack(0x0000000027dd0000,0x0000000027ed0000)]
  0x0000000024fff800 JavaThread "pool-2-thread-3" daemon [_thread_blocked, id=13288, stack(0x00000000271f0000,0x00000000272f0000)]
  0x0000000020f80800 JavaThread "pool-2-thread-2" daemon [_thread_blocked, id=15616, stack(0x0000000026e80000,0x0000000026f80000)]
  0x000000001fb0d000 JavaThread "pool-2-thread-1" daemon [_thread_blocked, id=12872, stack(0x0000000021090000,0x0000000021190000)]
  0x0000000020440800 JavaThread "ReaderThread" [_thread_in_native, id=3088, stack(0x00000000215f0000,0x00000000216f0000)]
  0x000000001ea85800 JavaThread "Service Thread" daemon [_thread_blocked, id=7248, stack(0x000000001f6c0000,0x000000001f7c0000)]
  0x000000001e9f8800 JavaThread "C1 CompilerThread3" daemon [_thread_blocked, id=13364, stack(0x000000001f5c0000,0x000000001f6c0000)]
  0x000000001e9fd000 JavaThread "C2 CompilerThread2" daemon [_thread_blocked, id=16736, stack(0x000000001f4c0000,0x000000001f5c0000)]
=>0x000000001e9f5000 JavaThread "C2 CompilerThread1" daemon [_thread_in_native, id=13632, stack(0x000000001f3c0000,0x000000001f4c0000)]
  0x000000001e9ec000 JavaThread "C2 CompilerThread0" daemon [_thread_blocked, id=10536, stack(0x000000001f2c0000,0x000000001f3c0000)]
  0x000000001e9ea800 JavaThread "Attach Listener" daemon [_thread_blocked, id=1948, stack(0x000000001f1c0000,0x000000001f2c0000)]
  0x000000001e9e9800 JavaThread "Signal Dispatcher" daemon [_thread_blocked, id=5240, stack(0x000000001f0c0000,0x000000001f1c0000)]
  0x000000001e9d0800 JavaThread "Finalizer" daemon [_thread_blocked, id=18360, stack(0x000000001eeb0000,0x000000001efb0000)]
  0x000000001cba0000 JavaThread "Reference Handler" daemon [_thread_blocked, id=1084, stack(0x000000001edb0000,0x000000001eeb0000)]
  0x000000000323a000 JavaThread "main" [_thread_in_vm, id=12324, stack(0x0000000003130000,0x0000000003230000)]

Other Threads:
  0x000000001cb96800 VMThread [stack: 0x000000001e8b0000,0x000000001e9b0000] [id=20404]
  0x000000001eabb000 WatcherThread [stack: 0x000000001f7c0000,0x000000001f8c0000] [id=11680]

VM state:not at safepoint (normal execution)

VM Mutex/Monitor currently owned by a thread: None

heap address: 0x00000006c5400000, size: 4012 MB, Compressed Oops mode: Zero based, Oop shift amount: 3
Narrow klass base: 0x0000000000000000, Narrow klass shift: 3
Compressed class space size: 1073741824 Address: 0x00000007c0000000

Heap:
 PSYoungGen      total 293376K, used 200366K [0x000000076c700000, 0x000000077fa80000, 0x00000007c0000000)
  eden space 274944K, 72% used [0x000000076c700000,0x0000000778aab9d0,0x000000077d380000)
  from space 18432K, 0% used [0x000000077e880000,0x000000077e880000,0x000000077fa80000)
  to   space 19968K, 0% used [0x000000077d380000,0x000000077d380000,0x000000077e700000)
 ParOldGen       total 171008K, used 28013K [0x00000006c5400000, 0x00000006cfb00000, 0x000000076c700000)
  object space 171008K, 16% used [0x00000006c5400000,0x00000006c6f5b590,0x00000006cfb00000)
 Metaspace       used 55715K, capacity 58602K, committed 59416K, reserved 1101824K
  class space    used 6722K, capacity 7514K, committed 7808K, reserved 1048576K

Card table byte_map: [0x0000000012700000,0x0000000012ee0000] byte_map_base: 0x000000000f0d6000

Marking Bits: (ParMarkBitMap*) 0x0000000077005ce0
 Begin Bits: [0x0000000013c20000, 0x0000000017ad0000)
 End Bits:   [0x0000000017ad0000, 0x000000001b980000)

Polling page: 0x0000000002ff0000

CodeCache: size=245760Kb used=29553Kb max_used=30595Kb free=216206Kb
 bounds [0x0000000003340000, 0x0000000005170000, 0x0000000012340000]
 total_blobs=9143 nmethods=8315 adapters=739
 compilation: enabled

Compilation events (10 events):
Event: 74.547 Thread 0x000000001e9f8800 10296       3       org.apache.xmlbeans.impl.values.JavaStringEnumerationHolderEx::set_text (59 bytes)
Event: 74.549 Thread 0x000000001e9f8800 nmethod 10296 0x000000000490c310 code [0x000000000490c540, 0x000000000490d3c8]
Event: 74.549 Thread 0x000000001e9f8800 10297       3       org.apache.xmlbeans.impl.schema.SchemaTypeImpl::enumForString (27 bytes)
Event: 74.549 Thread 0x000000001e9f8800 nmethod 10297 0x00000000042a1910 code [0x00000000042a1aa0, 0x00000000042a1e58]
Event: 74.549 Thread 0x000000001e9f8800 10299       1       java.io.BufferedInputStream::markSupported (2 bytes)
Event: 74.549 Thread 0x000000001e9f8800 nmethod 10299 0x00000000043d3b90 code [0x00000000043d3ce0, 0x00000000043d3df0]
Event: 74.550 Thread 0x000000001e9f8800 10301       3       java.text.CalendarBuilder::establish (264 bytes)
Event: 74.550 Thread 0x000000001e9f8800 nmethod 10301 0x0000000004abce50 code [0x0000000004abd0e0, 0x0000000004abe488]
Event: 74.550 Thread 0x000000001e9f8800 10300       3       java.text.DecimalFormat::appendAffix (244 bytes)
Event: 74.551 Thread 0x000000001e9f8800 nmethod 10300 0x0000000004dc6190 code [0x0000000004dc6500, 0x0000000004dc88b8]

GC Heap History (10 events):
Event: 30.329 GC heap before
{Heap before GC invocations=13 (full 2):
 PSYoungGen      total 233472K, used 233441K [0x000000076c700000, 0x000000077bd80000, 0x00000007c0000000)
  eden space 218624K, 100% used [0x000000076c700000,0x0000000779c80000,0x0000000779c80000)
  from space 14848K, 99% used [0x000000077ac80000,0x000000077baf8610,0x000000077bb00000)
  to   space 16384K, 0% used [0x0000000779c80000,0x0000000779c80000,0x000000077ac80000)
 ParOldGen       total 171008K, used 15892K [0x00000006c5400000, 0x00000006cfb00000, 0x000000076c700000)
  object space 171008K, 9% used [0x00000006c5400000,0x00000006c63852d8,0x00000006cfb00000)
 Metaspace       used 54148K, capacity 56734K, committed 56832K, reserved 1099776K
  class space    used 6655K, capacity 7404K, committed 7424K, reserved 1048576K
Event: 30.346 GC heap after
Heap after GC invocations=13 (full 2):
 PSYoungGen      total 235008K, used 15121K [0x000000076c700000, 0x000000077e200000, 0x00000007c0000000)
  eden space 218624K, 0% used [0x000000076c700000,0x000000076c700000,0x0000000779c80000)
  from space 16384K, 92% used [0x0000000779c80000,0x000000077ab44650,0x000000077ac80000)
  to   space 17408K, 0% used [0x000000077d100000,0x000000077d100000,0x000000077e200000)
 ParOldGen       total 171008K, used 15900K [0x00000006c5400000, 0x00000006cfb00000, 0x000000076c700000)
  object space 171008K, 9% used [0x00000006c5400000,0x00000006c63872d8,0x00000006cfb00000)
 Metaspace       used 54148K, capacity 56734K, committed 56832K, reserved 1099776K
  class space    used 6655K, capacity 7404K, committed 7424K, reserved 1048576K
}
Event: 41.224 GC heap before
{Heap before GC invocations=14 (full 2):
 PSYoungGen      total 235008K, used 233745K [0x000000076c700000, 0x000000077e200000, 0x00000007c0000000)
  eden space 218624K, 100% used [0x000000076c700000,0x0000000779c80000,0x0000000779c80000)
  from space 16384K, 92% used [0x0000000779c80000,0x000000077ab44650,0x000000077ac80000)
  to   space 17408K, 0% used [0x000000077d100000,0x000000077d100000,0x000000077e200000)
 ParOldGen       total 171008K, used 15900K [0x00000006c5400000, 0x00000006cfb00000, 0x000000076c700000)
  object space 171008K, 9% used [0x00000006c5400000,0x00000006c63872d8,0x00000006cfb00000)
 Metaspace       used 55012K, capacity 57954K, committed 58112K, reserved 1099776K
  class space    used 6736K, capacity 7569K, committed 7680K, reserved 1048576K
Event: 41.237 GC heap after
Heap after GC invocations=14 (full 2):
 PSYoungGen      total 264192K, used 15180K [0x000000076c700000, 0x000000077e000000, 0x00000007c0000000)
  eden space 248832K, 0% used [0x000000076c700000,0x000000076c700000,0x000000077ba00000)
  from space 15360K, 98% used [0x000000077d100000,0x000000077dfd32c8,0x000000077e000000)
  to   space 18432K, 0% used [0x000000077bc00000,0x000000077bc00000,0x000000077ce00000)
 ParOldGen       total 171008K, used 15908K [0x00000006c5400000, 0x00000006cfb00000, 0x000000076c700000)
  object space 171008K, 9% used [0x00000006c5400000,0x00000006c63892d8,0x00000006cfb00000)
 Metaspace       used 55012K, capacity 57954K, committed 58112K, reserved 1099776K
  class space    used 6736K, capacity 7569K, committed 7680K, reserved 1048576K
}
Event: 56.623 GC heap before
{Heap before GC invocations=15 (full 2):
 PSYoungGen      total 264192K, used 264012K [0x000000076c700000, 0x000000077e000000, 0x00000007c0000000)
  eden space 248832K, 100% used [0x000000076c700000,0x000000077ba00000,0x000000077ba00000)
  from space 15360K, 98% used [0x000000077d100000,0x000000077dfd32c8,0x000000077e000000)
  to   space 18432K, 0% used [0x000000077bc00000,0x000000077bc00000,0x000000077ce00000)
 ParOldGen       total 171008K, used 15908K [0x00000006c5400000, 0x00000006cfb00000, 0x000000076c700000)
  object space 171008K, 9% used [0x00000006c5400000,0x00000006c63892d8,0x00000006cfb00000)
 Metaspace       used 55551K, capacity 58588K, committed 58624K, reserved 1099776K
  class space    used 6768K, capacity 7650K, committed 7680K, reserved 1048576K
Event: 56.635 GC heap after
Heap after GC invocations=15 (full 2):
 PSYoungGen      total 269312K, used 16162K [0x000000076c700000, 0x000000077fb80000, 0x00000007c0000000)
  eden space 250880K, 0% used [0x000000076c700000,0x000000076c700000,0x000000077bc00000)
  from space 18432K, 87% used [0x000000077bc00000,0x000000077cbc89c8,0x000000077ce00000)
  to   space 19456K, 0% used [0x000000077e880000,0x000000077e880000,0x000000077fb80000)
 ParOldGen       total 171008K, used 15916K [0x00000006c5400000, 0x00000006cfb00000, 0x000000076c700000)
  object space 171008K, 9% used [0x00000006c5400000,0x00000006c638b2d8,0x00000006cfb00000)
 Metaspace       used 55551K, capacity 58588K, committed 58624K, reserved 1099776K
  class space    used 6768K, capacity 7650K, committed 7680K, reserved 1048576K
}
Event: 65.789 GC heap before
{Heap before GC invocations=16 (full 2):
 PSYoungGen      total 269312K, used 201087K [0x000000076c700000, 0x000000077fb80000, 0x00000007c0000000)
  eden space 250880K, 73% used [0x000000076c700000,0x0000000777b97548,0x000000077bc00000)
  from space 18432K, 87% used [0x000000077bc00000,0x000000077cbc89c8,0x000000077ce00000)
  to   space 19456K, 0% used [0x000000077e880000,0x000000077e880000,0x000000077fb80000)
 ParOldGen       total 171008K, used 15916K [0x00000006c5400000, 0x00000006cfb00000, 0x000000076c700000)
  object space 171008K, 9% used [0x00000006c5400000,0x00000006c638b2d8,0x00000006cfb00000)
 Metaspace       used 56004K, capacity 59070K, committed 59160K, reserved 1101824K
  class space    used 6793K, capacity 7718K, committed 7808K, reserved 1048576K
Event: 65.801 GC heap after
Heap after GC invocations=16 (full 2):
 PSYoungGen      total 293376K, used 15091K [0x000000076c700000, 0x000000077fa80000, 0x00000007c0000000)
  eden space 274944K, 0% used [0x000000076c700000,0x000000076c700000,0x000000077d380000)
  from space 18432K, 81% used [0x000000077e880000,0x000000077f73cfb8,0x000000077fa80000)
  to   space 19968K, 0% used [0x000000077d380000,0x000000077d380000,0x000000077e700000)
 ParOldGen       total 171008K, used 15924K [0x00000006c5400000, 0x00000006cfb00000, 0x000000076c700000)
  object space 171008K, 9% used [0x00000006c5400000,0x00000006c638d2d8,0x00000006cfb00000)
 Metaspace       used 56004K, capacity 59070K, committed 59160K, reserved 1101824K
  class space    used 6793K, capacity 7718K, committed 7808K, reserved 1048576K
}
Event: 65.801 GC heap before
{Heap before GC invocations=17 (full 3):
 PSYoungGen      total 293376K, used 15091K [0x000000076c700000, 0x000000077fa80000, 0x00000007c0000000)
  eden space 274944K, 0% used [0x000000076c700000,0x000000076c700000,0x000000077d380000)
  from space 18432K, 81% used [0x000000077e880000,0x000000077f73cfb8,0x000000077fa80000)
  to   space 19968K, 0% used [0x000000077d380000,0x000000077d380000,0x000000077e700000)
 ParOldGen       total 171008K, used 15924K [0x00000006c5400000, 0x00000006cfb00000, 0x000000076c700000)
  object space 171008K, 9% used [0x00000006c5400000,0x00000006c638d2d8,0x00000006cfb00000)
 Metaspace       used 56004K, capacity 59070K, committed 59160K, reserved 1101824K
  class space    used 6793K, capacity 7718K, committed 7808K, reserved 1048576K
Event: 65.955 GC heap after
Heap after GC invocations=17 (full 3):
 PSYoungGen      total 293376K, used 0K [0x000000076c700000, 0x000000077fa80000, 0x00000007c0000000)
  eden space 274944K, 0% used [0x000000076c700000,0x000000076c700000,0x000000077d380000)
  from space 18432K, 0% used [0x000000077e880000,0x000000077e880000,0x000000077fa80000)
  to   space 19968K, 0% used [0x000000077d380000,0x000000077d380000,0x000000077e700000)
 ParOldGen       total 171008K, used 28013K [0x00000006c5400000, 0x00000006cfb00000, 0x000000076c700000)
  object space 171008K, 16% used [0x00000006c5400000,0x00000006c6f5b590,0x00000006cfb00000)
 Metaspace       used 55459K, capacity 58290K, committed 59160K, reserved 1101824K
  class space    used 6699K, capacity 7458K, committed 7808K, reserved 1048576K
}

Deoptimization events (10 events):
Event: 35.613 Thread 0x000000000323a000 Uncommon trap: reason=class_check action=maybe_recompile pc=0x00000000036154f0 method=org.apache.xmlbeans.impl.store.CharUtil.getString(Ljava/lang/Object;II)Ljava/lang/String; @ 55
Event: 44.777 Thread 0x000000000323a000 Uncommon trap: reason=unstable_if action=reinterpret pc=0x000000000433fe8c method=groovyjarjarantlr4.v4.runtime.atn.PredictionContext.join(Lgroovyjarjarantlr4/v4/runtime/atn/PredictionContext;Lgroovyjarjarantlr4/v4/runtime/atn/PredictionContext;Lgroovyjar
Event: 44.785 Thread 0x000000000323a000 Uncommon trap: reason=bimorphic action=maybe_recompile pc=0x00000000042e2e7c method=groovyjarjarantlr4.v4.runtime.atn.ATNConfigSet.canMerge(Lgroovyjarjarantlr4/v4/runtime/atn/ATNConfig;JLgroovyjarjarantlr4/v4/runtime/atn/ATNConfig;)Z @ 42
Event: 44.785 Thread 0x000000000323a000 Uncommon trap: reason=bimorphic action=maybe_recompile pc=0x00000000042e2e7c method=groovyjarjarantlr4.v4.runtime.atn.ATNConfigSet.canMerge(Lgroovyjarjarantlr4/v4/runtime/atn/ATNConfig;JLgroovyjarjarantlr4/v4/runtime/atn/ATNConfig;)Z @ 42
Event: 44.785 Thread 0x000000000323a000 Uncommon trap: reason=bimorphic action=maybe_recompile pc=0x00000000042ddc08 method=groovyjarjarantlr4.v4.runtime.atn.ATNConfigSet.canMerge(Lgroovyjarjarantlr4/v4/runtime/atn/ATNConfig;JLgroovyjarjarantlr4/v4/runtime/atn/ATNConfig;)Z @ 42
Event: 44.785 Thread 0x000000000323a000 Uncommon trap: reason=bimorphic action=maybe_recompile pc=0x00000000042e2e7c method=groovyjarjarantlr4.v4.runtime.atn.ATNConfigSet.canMerge(Lgroovyjarjarantlr4/v4/runtime/atn/ATNConfig;JLgroovyjarjarantlr4/v4/runtime/atn/ATNConfig;)Z @ 42
Event: 44.785 Thread 0x000000000323a000 Uncommon trap: reason=bimorphic action=maybe_recompile pc=0x00000000042ddc08 method=groovyjarjarantlr4.v4.runtime.atn.ATNConfigSet.canMerge(Lgroovyjarjarantlr4/v4/runtime/atn/ATNConfig;JLgroovyjarjarantlr4/v4/runtime/atn/ATNConfig;)Z @ 42
Event: 48.593 Thread 0x000000000323a000 Uncommon trap: reason=class_check action=maybe_recompile pc=0x0000000003615464 method=org.apache.xmlbeans.impl.store.Locale$ScrubBuffer.scrub(Ljava/lang/Object;II)V @ 25
Event: 60.596 Thread 0x000000000323a000 Uncommon trap: reason=unstable_if action=reinterpret pc=0x000000000499c89c method=java.util.HashMap.removeNode(ILjava/lang/Object;Ljava/lang/Object;ZZ)Ljava/util/HashMap$Node; @ 133
Event: 62.544 Thread 0x000000000323a000 Uncommon trap: reason=unstable_if action=reinterpret pc=0x0000000003e53624 method=org.apache.xmlbeans.impl.store.Xobj.getValueAsString(I)Ljava/lang/String; @ 61

Classes redefined (0 events):
No events

Internal exceptions (10 events):
Event: 74.432 Thread 0x000000000323a000 Exception <a 'java/lang/ClassNotFoundException': Script1BeanInfo> (0x00000007763db8e8) thrown at [C:\re\workspace\8-2-build-windows-amd64-cygwin\jdk8u202\12323\hotspot\src\share\vm\classfile\systemDictionary.cpp, line 210]
Event: 74.433 Thread 0x000000000323a000 Exception <a 'java/lang/ClassNotFoundException': Script1Customizer> (0x00000007763faa00) thrown at [C:\re\workspace\8-2-build-windows-amd64-cygwin\jdk8u202\12323\hotspot\src\share\vm\classfile\systemDictionary.cpp, line 210]
Event: 74.443 Thread 0x000000000323a000 Exception <a 'java/lang/ClassNotFoundException': Script1BeanInfo> (0x000000077658b540) thrown at [C:\re\workspace\8-2-build-windows-amd64-cygwin\jdk8u202\12323\hotspot\src\share\vm\classfile\systemDictionary.cpp, line 210]
Event: 74.444 Thread 0x000000000323a000 Exception <a 'java/lang/ClassNotFoundException': Script1Customizer> (0x00000007765aa658) thrown at [C:\re\workspace\8-2-build-windows-amd64-cygwin\jdk8u202\12323\hotspot\src\share\vm\classfile\systemDictionary.cpp, line 210]
Event: 74.453 Thread 0x000000000323a000 Exception <a 'java/lang/ClassNotFoundException': Script1BeanInfo> (0x000000077673c988) thrown at [C:\re\workspace\8-2-build-windows-amd64-cygwin\jdk8u202\12323\hotspot\src\share\vm\classfile\systemDictionary.cpp, line 210]
Event: 74.454 Thread 0x000000000323a000 Exception <a 'java/lang/ClassNotFoundException': Script1Customizer> (0x000000077675baa0) thrown at [C:\re\workspace\8-2-build-windows-amd64-cygwin\jdk8u202\12323\hotspot\src\share\vm\classfile\systemDictionary.cpp, line 210]
Event: 74.462 Thread 0x000000000323a000 Exception <a 'java/lang/ClassNotFoundException': Script1BeanInfo> (0x00000007768ee290) thrown at [C:\re\workspace\8-2-build-windows-amd64-cygwin\jdk8u202\12323\hotspot\src\share\vm\classfile\systemDictionary.cpp, line 210]
Event: 74.463 Thread 0x000000000323a000 Exception <a 'java/lang/ClassNotFoundException': Script1Customizer> (0x000000077690d3a8) thrown at [C:\re\workspace\8-2-build-windows-amd64-cygwin\jdk8u202\12323\hotspot\src\share\vm\classfile\systemDictionary.cpp, line 210]
Event: 74.518 Thread 0x000000000323a000 Exception <a 'java/lang/ClassNotFoundException': Script1BeanInfo> (0x0000000776bdb448) thrown at [C:\re\workspace\8-2-build-windows-amd64-cygwin\jdk8u202\12323\hotspot\src\share\vm\classfile\systemDictionary.cpp, line 210]
Event: 74.518 Thread 0x000000000323a000 Exception <a 'java/lang/ClassNotFoundException': Script1Customizer> (0x0000000776bfa560) thrown at [C:\re\workspace\8-2-build-windows-amd64-cygwin\jdk8u202\12323\hotspot\src\share\vm\classfile\systemDictionary.cpp, line 210]

Events (10 events):
Event: 74.567 loading class org/apache/xerces/util/SecurityManager
Event: 74.567 loading class org/apache/xerces/util/SecurityManager done
Event: 74.567 loading class org/apache/xerces/util/SecurityManager
Event: 74.567 loading class org/apache/xerces/util/SecurityManager done
Event: 74.568 loading class org/apache/xerces/util/SecurityManager
Event: 74.568 loading class org/apache/xerces/util/SecurityManager done
Event: 74.569 loading class org/apache/xerces/util/SecurityManager
Event: 74.569 loading class org/apache/xerces/util/SecurityManager done
Event: 74.569 loading class org/apache/xerces/util/SecurityManager
Event: 74.569 loading class org/apache/xerces/util/SecurityManager done


Dynamic libraries:
0x00007ff7334b0000 - 0x00007ff7334e7000 	C:\Program Files\Java\jdk1.8.0_202\bin\javaw.exe
0x00007fffd6870000 - 0x00007fffd6a68000 	C:\Windows\SYSTEM32\ntdll.dll
0x00007fffd5b00000 - 0x00007fffd5bbf000 	C:\Windows\System32\KERNEL32.DLL
0x00007fffd4300000 - 0x00007fffd45d2000 	C:\Windows\System32\KERNELBASE.dll
0x00007fffd4aa0000 - 0x00007fffd4b4e000 	C:\Windows\System32\ADVAPI32.dll
0x00007fffd49a0000 - 0x00007fffd4a3e000 	C:\Windows\System32\msvcrt.dll
0x00007fffd5180000 - 0x00007fffd521c000 	C:\Windows\System32\sechost.dll
0x00007fffd4fa0000 - 0x00007fffd50c5000 	C:\Windows\System32\RPCRT4.dll
0x00007fffd5390000 - 0x00007fffd552d000 	C:\Windows\System32\USER32.dll
0x00007fffd4630000 - 0x00007fffd4652000 	C:\Windows\System32\win32u.dll
0x00007fffd5220000 - 0x00007fffd524b000 	C:\Windows\System32\GDI32.dll
0x00007fffd41f0000 - 0x00007fffd42ff000 	C:\Windows\System32\gdi32full.dll
0x00007fffd4660000 - 0x00007fffd46fd000 	C:\Windows\System32\msvcp_win.dll
0x00007fffd4730000 - 0x00007fffd4830000 	C:\Windows\System32\ucrtbase.dll
0x00007fffbd2d0000 - 0x00007fffbd56a000 	C:\Windows\WinSxS\amd64_microsoft.windows.common-controls_6595b64144ccf1df_6.0.19041.1110_none_60b5254171f9507e\COMCTL32.dll
0x00007fffd4f60000 - 0x00007fffd4f92000 	C:\Windows\System32\IMM32.DLL
0x0000000077090000 - 0x0000000077162000 	C:\Program Files\Java\jdk1.8.0_202\jre\bin\msvcr100.dll
0x00000000767e0000 - 0x0000000077085000 	C:\Program Files\Java\jdk1.8.0_202\jre\bin\server\jvm.dll
0x00007fffd5550000 - 0x00007fffd5558000 	C:\Windows\System32\PSAPI.DLL
0x00007fffb4a70000 - 0x00007fffb4a79000 	C:\Windows\SYSTEM32\WSOCK32.dll
0x00007fffcc180000 - 0x00007fffcc18a000 	C:\Windows\SYSTEM32\VERSION.dll
0x00007fffad660000 - 0x00007fffad687000 	C:\Windows\SYSTEM32\WINMM.dll
0x00007fffd5320000 - 0x00007fffd538b000 	C:\Windows\System32\WS2_32.dll
0x00007fffabcd0000 - 0x00007fffabcdf000 	C:\Program Files\Java\jdk1.8.0_202\jre\bin\verify.dll
0x00007fffabca0000 - 0x00007fffabcc9000 	C:\Program Files\Java\jdk1.8.0_202\jre\bin\java.dll
0x00007fffabbc0000 - 0x00007fffabbd6000 	C:\Program Files\Java\jdk1.8.0_202\jre\bin\zip.dll
0x00007fffd5bc0000 - 0x00007fffd6303000 	C:\Windows\System32\SHELL32.dll
0x00007fffd1fd0000 - 0x00007fffd2762000 	C:\Windows\SYSTEM32\windows.storage.dll
0x00007fffd6420000 - 0x00007fffd6774000 	C:\Windows\System32\combase.dll
0x00007fffd3810000 - 0x00007fffd3840000 	C:\Windows\SYSTEM32\Wldp.dll
0x00007fffd6780000 - 0x00007fffd682d000 	C:\Windows\System32\SHCORE.dll
0x00007fffd4a40000 - 0x00007fffd4a95000 	C:\Windows\System32\shlwapi.dll
0x00007fffd3eb0000 - 0x00007fffd3ecf000 	C:\Windows\SYSTEM32\profapi.dll
0x00007fffbc600000 - 0x00007fffbc61a000 	C:\Program Files\Java\jdk1.8.0_202\jre\bin\net.dll
0x00007fffbe6d0000 - 0x00007fffbe8bd000 	C:\Windows\SYSTEM32\urlmon.dll
0x00007fffbea50000 - 0x00007fffbed01000 	C:\Windows\SYSTEM32\iertutil.dll
0x00007fffbe6a0000 - 0x00007fffbe6c8000 	C:\Windows\SYSTEM32\srvcli.dll
0x00007fffd3410000 - 0x00007fffd341c000 	C:\Windows\SYSTEM32\netutils.dll
0x00007fffd35f0000 - 0x00007fffd365a000 	C:\Windows\system32\mswsock.dll
0x00007fffd3340000 - 0x00007fffd340a000 	C:\Windows\SYSTEM32\DNSAPI.dll
0x00007fffd3300000 - 0x00007fffd333b000 	C:\Windows\SYSTEM32\IPHLPAPI.DLL
0x00007fffd6370000 - 0x00007fffd6378000 	C:\Windows\System32\NSI.dll
0x00007fffcc170000 - 0x00007fffcc17a000 	C:\Windows\System32\rasadhlp.dll
0x00007fffcb2e0000 - 0x00007fffcb360000 	C:\Windows\System32\fwpuclnt.dll
0x00007fffd4700000 - 0x00007fffd4727000 	C:\Windows\System32\bcrypt.dll
0x00007fffd38c0000 - 0x00007fffd38d8000 	C:\Windows\SYSTEM32\CRYPTSP.dll
0x00007fffd2f30000 - 0x00007fffd2f64000 	C:\Windows\system32\rsaenh.dll
0x00007fffd3e30000 - 0x00007fffd3e5e000 	C:\Windows\SYSTEM32\USERENV.dll
0x00007fffd4830000 - 0x00007fffd48b2000 	C:\Windows\System32\bcryptprimitives.dll
0x00007fffd3780000 - 0x00007fffd378c000 	C:\Windows\SYSTEM32\CRYPTBASE.dll
0x00007fffcc190000 - 0x00007fffcc1a7000 	C:\Windows\SYSTEM32\dhcpcsvc6.DLL
0x00007fffcc1b0000 - 0x00007fffcc1cd000 	C:\Windows\SYSTEM32\dhcpcsvc.DLL
0x00007fffa7c10000 - 0x00007fffa7c22000 	C:\Program Files\Java\jdk1.8.0_202\jre\bin\nio.dll
0x00007fff9a230000 - 0x00007fff9a23d000 	C:\Program Files\Java\jdk1.8.0_202\jre\bin\management.dll
0x00007fffabe20000 - 0x00007fffabe37000 	C:\Windows\system32\napinsp.dll
0x00007fffabe00000 - 0x00007fffabe1b000 	C:\Windows\system32\pnrpnsp.dll
0x00007fffce6c0000 - 0x00007fffce6d5000 	C:\Windows\system32\wshbth.dll
0x00007fffcf2f0000 - 0x00007fffcf30d000 	C:\Windows\system32\NLAapi.dll
0x00007fffabce0000 - 0x00007fffabcf2000 	C:\Windows\System32\winrnr.dll
0x00007fffbb100000 - 0x00007fffbb124000 	C:\Program Files\Java\jdk1.8.0_202\jre\bin\sunec.dll
0x00007fffbb0f0000 - 0x00007fffbb0fb000 	C:\Program Files\Java\jdk1.8.0_202\jre\bin\sunmscapi.dll
0x00007fffd3fe0000 - 0x00007fffd4136000 	C:\Windows\System32\CRYPT32.dll

VM Arguments:
jvm_args: -ea -Dfile.encoding=UTF-8 
java_command: org.testng.remote.RemoteTestNG -serport 52771 -protocol json -d D:\RingPay\RingPay_APIAutomation\modified_updated\test-output D:\RingPay\RingPay_APIAutomation\modified_updated\RingPay.xml
java_class_path (initial): C:\Users\IGS0425\eclipse\java-2022-06\eclipse\configuration\org.eclipse.osgi\447\0\.cp\lib\testng-remote.jar;D:\RingPay\RingPay_APIAutomation\modified_updated\target\test-classes;D:\RingPay\RingPay_APIAutomation\modified_updated\target\classes;C:\Users\IGS0425\.m2\repository\io\appium\java-client\7.2.0\java-client-7.2.0.jar;C:\Users\IGS0425\.m2\repository\org\seleniumhq\selenium\selenium-support\3.141.59\selenium-support-3.141.59.jar;C:\Users\IGS0425\.m2\repository\org\seleniumhq\selenium\selenium-api\3.141.59\selenium-api-3.141.59.jar;C:\Users\IGS0425\.m2\repository\com\google\code\gson\gson\2.8.5\gson-2.8.5.jar;C:\Users\IGS0425\.m2\repository\org\apache\httpcomponents\httpclient\4.5.9\httpclient-4.5.9.jar;C:\Users\IGS0425\.m2\repository\cglib\cglib\3.2.12\cglib-3.2.12.jar;C:\Users\IGS0425\.m2\repository\org\ow2\asm\asm\7.1\asm-7.1.jar;C:\Users\IGS0425\.m2\repository\commons-io\commons-io\2.6\commons-io-2.6.jar;C:\Users\IGS0425\.m2\repository\org\springframework\spring-context\5.1.8.RELEASE\spring-context-5.1.8.RELEASE.jar;C:\Users\IGS0425\.m2\repository\org\springframework\spring-aop\5.1.8.RELEASE\spring-aop-5.1.8.RELEASE.jar;C:\Users\IGS0425\.m2\repository\org\springframework\spring-beans\5.1.8.RELEASE\spring-beans-5.1.8.RELEASE.jar;C:\Users\IGS0425\.m2\repository\org\springframework\spring-core\5.1.8.RELEASE\spring-core-5.1.8.RELEASE.jar;C:\Users\IGS0425\.m2\repository\org\springframework\spring-jcl\5.1.8.RELEASE\spring-jcl-5.1.8.RELEASE.jar;C:\Users\IGS0425\.m2\repository\org\springframework\spring-expression\5.1.8.RELEASE\spring-expression-5.1.8.RELEASE.jar;C:\Users\IGS0425\.m2\repository\org\aspectj\aspectjweaver\1.9.4\aspectjweaver-1.9.4.jar;C:\Users\IGS0425\.m2\repository\org\slf4j\slf4j-api\1.7.26\slf4j-api-1.7.26.jar;C:\Users\IGS0425\.m2\repository\org\seleniumhq\selenium\selenium-java\3.141.59\selenium-java-3.141.59.jar;C:\Users\IGS0425\.m2\repository\org\seleniumhq\selenium\selenium-chrome-driver\3.141.59\selenium-chrome-dri
Launcher Type: SUN_STANDARD

Environment Variables:
JAVA_HOME=C:\Program Files\Java\jdk1.8.0_202
PATH=C:/Users/IGS0425/.p2/pool/plugins/org.eclipse.justj.openjdk.hotspot.jre.full.win32.x86_64_17.0.3.v20220515-1416/jre/bin/server;C:/Users/IGS0425/.p2/pool/plugins/org.eclipse.justj.openjdk.hotspot.jre.full.win32.x86_64_17.0.3.v20220515-1416/jre/bin;C:\Program Files (x86)\Common Files\Oracle\Java\javapath;C:\Windows\system32;C:\Windows;C:\Windows\System32\Wbem;C:\Windows\System32\WindowsPowerShell\v1.0\;C:\Windows\System32\OpenSSH\;C:\Program Files\nodejs\;C:\Program Files\Git\cmd;C:\Program Files\apache-maven-3.8.6\bin;C:\Users\IGS0425\AppData\Local\Microsoft\WindowsApps;C:\Program Files\JetBrains\IntelliJ IDEA Community Edition 2022.1.3\bin;;C:\Users\IGS0425\AppData\Roaming\npm;C:\Program Files\Java\jdk1.8.0_202\bin;;C:\Windows\System32;
USERNAME=IGS0425
OS=Windows_NT
PROCESSOR_IDENTIFIER=Intel64 Family 6 Model 140 Stepping 1, GenuineIntel



---------------  S Y S T E M  ---------------

OS: Windows 10.0 , 64 bit Build 19041 (10.0.19041.2251)

CPU:total 8 (initial active 8) (4 cores per cpu, 2 threads per core) family 6 model 140 stepping 1, cmov, cx8, fxsr, mmx, sse, sse2, sse3, ssse3, sse4.1, sse4.2, popcnt, avx, avx2, aes, clmul, erms, 3dnowpref, lzcnt, ht, tsc, tscinvbit, bmi1, bmi2, adx

Memory: 4k page, physical 16428308k(2315840k free), swap 16428308k(5152k free)

vm_info: Java HotSpot(TM) 64-Bit Server VM (25.202-b08) for windows-amd64 JRE (1.8.0_202-b08), built on Dec 15 2018 19:54:30 by "java_re" with MS VC++ 10.0 (VS2010)

time: Mon Dec 12 17:21:58 2022
timezone: India Standard Time
elapsed time: 74 seconds (0d 0h 1m 14s)

