#
# There is insufficient memory for the Java Runtime Environment to continue.
# Native memory allocation (malloc) failed to allocate 2188496 bytes for Chunk::new
# Possible reasons:
#   The system is out of physical RAM or swap space
#   The process is running with CompressedOops enabled, and the Java Heap may be blocking the growth of the native heap
# Possible solutions:
#   Reduce memory load on the system
#   Increase physical memory or swap space
#   Check if swap backing store is full
#   Decrease Java heap size (-Xmx/-Xms)
#   Decrease number of Java threads
#   Decrease Java thread stack sizes (-Xss)
#   Set larger code cache with -XX:ReservedCodeCacheSize=
#   JVM is running with Zero Based Compressed Oops mode in which the Java heap is
#     placed in the first 32GB address space. The Java Heap base address is the
#     maximum limit for the native heap growth. Please use -XX:HeapBaseMinAddress
#     to set the Java Heap base and to place the Java Heap above 32GB virtual address.
# This output file may be truncated or incomplete.
#
#  Out of Memory Error (allocation.cpp:389), pid=14332, tid=0x000000000000269c
#
# JRE version: Java(TM) SE Runtime Environment (8.0_202-b08) (build 1.8.0_202-b08)
# Java VM: Java HotSpot(TM) 64-Bit Server VM (25.202-b08 mixed mode windows-amd64 compressed oops)
# Failed to write core dump. Minidumps are not enabled by default on client versions of Windows
#

---------------  T H R E A D  ---------------

Current thread (0x000000001e68c800):  JavaThread "C2 CompilerThread2" daemon [_thread_in_native, id=9884, stack(0x000000001f140000,0x000000001f240000)]

Stack: [0x000000001f140000,0x000000001f240000]
[error occurred during error reporting (printing stack bounds), id 0xc0000005]

Native frames: (J=compiled Java code, j=interpreted, Vv=VM code, C=native code)


Current CompileTask:
C2:   3849 3477       4       com.sun.beans.TypeResolver::resolve (37 bytes)


---------------  P R O C E S S  ---------------

Java Threads: ( => current thread )
  0x00000000201e8000 JavaThread "ReaderThread" [_thread_in_native, id=9220, stack(0x0000000020d10000,0x0000000020e10000)]
  0x000000001e6cf000 JavaThread "Service Thread" daemon [_thread_blocked, id=10688, stack(0x000000001f340000,0x000000001f440000)]
  0x000000001e692000 JavaThread "C1 CompilerThread3" daemon [_thread_blocked, id=17456, stack(0x000000001f240000,0x000000001f340000)]
=>0x000000001e68c800 JavaThread "C2 CompilerThread2" daemon [_thread_in_native, id=9884, stack(0x000000001f140000,0x000000001f240000)]
  0x000000001e680000 JavaThread "C2 CompilerThread1" daemon [_thread_blocked, id=9448, stack(0x000000001f040000,0x000000001f140000)]
  0x000000001e67c000 JavaThread "C2 CompilerThread0" daemon [_thread_in_native, id=12692, stack(0x000000001ef40000,0x000000001f040000)]
  0x000000001e67b000 JavaThread "Attach Listener" daemon [_thread_blocked, id=18440, stack(0x000000001ee40000,0x000000001ef40000)]
  0x000000001e67a000 JavaThread "Signal Dispatcher" daemon [_thread_blocked, id=17188, stack(0x000000001ed40000,0x000000001ee40000)]
  0x000000001c858000 JavaThread "Finalizer" daemon [_thread_blocked, id=14812, stack(0x000000001eb40000,0x000000001ec40000)]
  0x000000001e660800 JavaThread "Reference Handler" daemon [_thread_blocked, id=7580, stack(0x000000001ea40000,0x000000001eb40000)]
  0x0000000002f4a000 JavaThread "main" [_thread_in_native, id=9300, stack(0x0000000002df0000,0x0000000002ef0000)]

Other Threads:
  0x000000001c849000 VMThread [stack: 0x000000001e540000,0x000000001e640000] [id=1904]
  0x000000001e756800 WatcherThread [stack: 0x000000001f440000,0x000000001f540000] [id=6388]

VM state:not at safepoint (normal execution)

VM Mutex/Monitor currently owned by a thread: None

heap address: 0x00000006c5400000, size: 4012 MB, Compressed Oops mode: Zero based, Oop shift amount: 3
Narrow klass base: 0x0000000000000000, Narrow klass shift: 3
Compressed class space size: 1073741824 Address: 0x00000007c0000000

Heap:
 PSYoungGen      total 107008K, used 28147K [0x000000076c700000, 0x0000000775800000, 0x00000007c0000000)
  eden space 96256K, 23% used [0x000000076c700000,0x000000076dd76ea0,0x0000000772500000)
  from space 10752K, 47% used [0x0000000774300000,0x00000007748060a0,0x0000000774d80000)
  to   space 8704K, 0% used [0x0000000774f80000,0x0000000774f80000,0x0000000775800000)
 ParOldGen       total 103936K, used 15142K [0x00000006c5400000, 0x00000006cb980000, 0x000000076c700000)
  object space 103936K, 14% used [0x00000006c5400000,0x00000006c62c9a40,0x00000006cb980000)
 Metaspace       used 38972K, capacity 40466K, committed 40576K, reserved 1085440K
  class space    used 4810K, capacity 5246K, committed 5248K, reserved 1048576K

Card table byte_map: [0x0000000012400000,0x0000000012be0000] byte_map_base: 0x000000000edd6000

Marking Bits: (ParMarkBitMap*) 0x000000006ae75ce0
 Begin Bits: [0x0000000013920000, 0x00000000177d0000)
 End Bits:   [0x00000000177d0000, 0x000000001b680000)

Polling page: 0x00000000014b0000

CodeCache: size=245760Kb used=13683Kb max_used=13683Kb free=232076Kb
 bounds [0x0000000003040000, 0x0000000003db0000, 0x0000000012040000]
 total_blobs=4329 nmethods=3573 adapters=668
 compilation: enabled

Compilation events (10 events):
Event: 3.831 Thread 0x000000001e692000 3573       3       sun.security.util.AlgorithmDecomposer::decomposeImpl (129 bytes)
Event: 3.832 Thread 0x000000001e692000 nmethod 3573 0x0000000003d97350 code [0x0000000003d97580, 0x0000000003d98468]
Event: 3.832 Thread 0x000000001e692000 3572   !   3       sun.security.ssl.SSLAlgorithmDecomposer::decompose (56 bytes)
Event: 3.832 Thread 0x000000001e692000 nmethod 3572 0x0000000003d98cd0 code [0x0000000003d98ea0, 0x0000000003d99508]
Event: 3.832 Thread 0x000000001e692000 3574       3       sun.security.ssl.CipherSuite::valueOf (67 bytes)
Event: 3.832 Thread 0x000000001e692000 nmethod 3574 0x0000000003d99710 code [0x0000000003d99940, 0x0000000003d9a668]
Event: 3.832 Thread 0x000000001e692000 3575       3       sun.security.ssl.SSLAlgorithmDecomposer::decompose (74 bytes)
Event: 3.832 Thread 0x000000001e692000 nmethod 3575 0x0000000003d9ac10 code [0x0000000003d9ae00, 0x0000000003d9b6b8]
Event: 3.832 Thread 0x000000001e692000 3576       3       sun.security.ssl.SSLAlgorithmDecomposer::decomposes (579 bytes)
Event: 3.834 Thread 0x000000001e692000 nmethod 3576 0x0000000003d9bad0 code [0x0000000003d9c2c0, 0x0000000003da2b48]

GC Heap History (10 events):
Event: 2.297 GC heap before
{Heap before GC invocations=5 (full 1):
 PSYoungGen      total 75264K, used 64512K [0x000000076c700000, 0x0000000775a00000, 0x00000007c0000000)
  eden space 64512K, 100% used [0x000000076c700000,0x0000000770600000,0x0000000770600000)
  from space 10752K, 0% used [0x0000000770600000,0x0000000770600000,0x0000000771080000)
  to   space 10752K, 0% used [0x0000000774f80000,0x0000000774f80000,0x0000000775a00000)
 ParOldGen       total 103936K, used 6850K [0x00000006c5400000, 0x00000006cb980000, 0x000000076c700000)
  object space 103936K, 6% used [0x00000006c5400000,0x00000006c5ab0af0,0x00000006cb980000)
 Metaspace       used 27626K, capacity 28194K, committed 28416K, reserved 1075200K
  class space    used 3394K, capacity 3570K, committed 3584K, reserved 1048576K
Event: 2.302 GC heap after
Heap after GC invocations=5 (full 1):
 PSYoungGen      total 104960K, used 8403K [0x000000076c700000, 0x0000000775800000, 0x00000007c0000000)
  eden space 96256K, 0% used [0x000000076c700000,0x000000076c700000,0x0000000772500000)
  from space 8704K, 96% used [0x0000000774f80000,0x00000007757b4cb8,0x0000000775800000)
  to   space 10752K, 0% used [0x0000000774300000,0x0000000774300000,0x0000000774d80000)
 ParOldGen       total 103936K, used 6858K [0x00000006c5400000, 0x00000006cb980000, 0x000000076c700000)
  object space 103936K, 6% used [0x00000006c5400000,0x00000006c5ab2af0,0x00000006cb980000)
 Metaspace       used 27626K, capacity 28194K, committed 28416K, reserved 1075200K
  class space    used 3394K, capacity 3570K, committed 3584K, reserved 1048576K
}
Event: 2.918 GC heap before
{Heap before GC invocations=6 (full 1):
 PSYoungGen      total 104960K, used 104659K [0x000000076c700000, 0x0000000775800000, 0x00000007c0000000)
  eden space 96256K, 100% used [0x000000076c700000,0x0000000772500000,0x0000000772500000)
  from space 8704K, 96% used [0x0000000774f80000,0x00000007757b4cb8,0x0000000775800000)
  to   space 10752K, 0% used [0x0000000774300000,0x0000000774300000,0x0000000774d80000)
 ParOldGen       total 103936K, used 6858K [0x00000006c5400000, 0x00000006cb980000, 0x000000076c700000)
  object space 103936K, 6% used [0x00000006c5400000,0x00000006c5ab2af0,0x00000006cb980000)
 Metaspace       used 33742K, capacity 34476K, committed 34688K, reserved 1079296K
  class space    used 4031K, capacity 4210K, committed 4224K, reserved 1048576K
Event: 2.929 GC heap after
Heap after GC invocations=6 (full 1):
 PSYoungGen      total 107008K, used 10730K [0x000000076c700000, 0x0000000775800000, 0x00000007c0000000)
  eden space 96256K, 0% used [0x000000076c700000,0x000000076c700000,0x0000000772500000)
  from space 10752K, 99% used [0x0000000774300000,0x0000000774d7a850,0x0000000774d80000)
  to   space 8704K, 0% used [0x0000000774f80000,0x0000000774f80000,0x0000000775800000)
 ParOldGen       total 103936K, used 10443K [0x00000006c5400000, 0x00000006cb980000, 0x000000076c700000)
  object space 103936K, 10% used [0x00000006c5400000,0x00000006c5e32cb8,0x00000006cb980000)
 Metaspace       used 33742K, capacity 34476K, committed 34688K, reserved 1079296K
  class space    used 4031K, capacity 4210K, committed 4224K, reserved 1048576K
}
Event: 3.023 GC heap before
{Heap before GC invocations=7 (full 1):
 PSYoungGen      total 107008K, used 31810K [0x000000076c700000, 0x0000000775800000, 0x00000007c0000000)
  eden space 96256K, 21% used [0x000000076c700000,0x000000076db961a8,0x0000000772500000)
  from space 10752K, 99% used [0x0000000774300000,0x0000000774d7a850,0x0000000774d80000)
  to   space 8704K, 0% used [0x0000000774f80000,0x0000000774f80000,0x0000000775800000)
 ParOldGen       total 103936K, used 10443K [0x00000006c5400000, 0x00000006cb980000, 0x000000076c700000)
  object space 103936K, 10% used [0x00000006c5400000,0x00000006c5e32cb8,0x00000006cb980000)
 Metaspace       used 34555K, capacity 35444K, committed 35496K, reserved 1081344K
  class space    used 4158K, capacity 4428K, committed 4480K, reserved 1048576K
Event: 3.029 GC heap after
Heap after GC invocations=7 (full 1):
 PSYoungGen      total 104960K, used 8698K [0x000000076c700000, 0x0000000775800000, 0x00000007c0000000)
  eden space 96256K, 0% used [0x000000076c700000,0x000000076c700000,0x0000000772500000)
  from space 8704K, 99% used [0x0000000774f80000,0x00000007757fe980,0x0000000775800000)
  to   space 10752K, 0% used [0x0000000774300000,0x0000000774300000,0x0000000774d80000)
 ParOldGen       total 103936K, used 12850K [0x00000006c5400000, 0x00000006cb980000, 0x000000076c700000)
  object space 103936K, 12% used [0x00000006c5400000,0x00000006c608c838,0x00000006cb980000)
 Metaspace       used 34555K, capacity 35444K, committed 35496K, reserved 1081344K
  class space    used 4158K, capacity 4428K, committed 4480K, reserved 1048576K
}
Event: 3.029 GC heap before
{Heap before GC invocations=8 (full 2):
 PSYoungGen      total 104960K, used 8698K [0x000000076c700000, 0x0000000775800000, 0x00000007c0000000)
  eden space 96256K, 0% used [0x000000076c700000,0x000000076c700000,0x0000000772500000)
  from space 8704K, 99% used [0x0000000774f80000,0x00000007757fe980,0x0000000775800000)
  to   space 10752K, 0% used [0x0000000774300000,0x0000000774300000,0x0000000774d80000)
 ParOldGen       total 103936K, used 12850K [0x00000006c5400000, 0x00000006cb980000, 0x000000076c700000)
  object space 103936K, 12% used [0x00000006c5400000,0x00000006c608c838,0x00000006cb980000)
 Metaspace       used 34555K, capacity 35444K, committed 35496K, reserved 1081344K
  class space    used 4158K, capacity 4428K, committed 4480K, reserved 1048576K
Event: 3.063 GC heap after
Heap after GC invocations=8 (full 2):
 PSYoungGen      total 104960K, used 0K [0x000000076c700000, 0x0000000775800000, 0x00000007c0000000)
  eden space 96256K, 0% used [0x000000076c700000,0x000000076c700000,0x0000000772500000)
  from space 8704K, 0% used [0x0000000774f80000,0x0000000774f80000,0x0000000775800000)
  to   space 10752K, 0% used [0x0000000774300000,0x0000000774300000,0x0000000774d80000)
 ParOldGen       total 103936K, used 15134K [0x00000006c5400000, 0x00000006cb980000, 0x000000076c700000)
  object space 103936K, 14% used [0x00000006c5400000,0x00000006c62c7a40,0x00000006cb980000)
 Metaspace       used 34553K, capacity 35438K, committed 35496K, reserved 1081344K
  class space    used 4157K, capacity 4426K, committed 4480K, reserved 1048576K
}
Event: 3.611 GC heap before
{Heap before GC invocations=9 (full 2):
 PSYoungGen      total 104960K, used 96256K [0x000000076c700000, 0x0000000775800000, 0x00000007c0000000)
  eden space 96256K, 100% used [0x000000076c700000,0x0000000772500000,0x0000000772500000)
  from space 8704K, 0% used [0x0000000774f80000,0x0000000774f80000,0x0000000775800000)
  to   space 10752K, 0% used [0x0000000774300000,0x0000000774300000,0x0000000774d80000)
 ParOldGen       total 103936K, used 15134K [0x00000006c5400000, 0x00000006cb980000, 0x000000076c700000)
  object space 103936K, 14% used [0x00000006c5400000,0x00000006c62c7a40,0x00000006cb980000)
 Metaspace       used 37723K, capacity 39170K, committed 39424K, reserved 1083392K
  class space    used 4630K, capacity 5045K, committed 5120K, reserved 1048576K
Event: 3.615 GC heap after
Heap after GC invocations=9 (full 2):
 PSYoungGen      total 107008K, used 5144K [0x000000076c700000, 0x0000000775800000, 0x00000007c0000000)
  eden space 96256K, 0% used [0x000000076c700000,0x000000076c700000,0x0000000772500000)
  from space 10752K, 47% used [0x0000000774300000,0x00000007748060a0,0x0000000774d80000)
  to   space 8704K, 0% used [0x0000000774f80000,0x0000000774f80000,0x0000000775800000)
 ParOldGen       total 103936K, used 15142K [0x00000006c5400000, 0x00000006cb980000, 0x000000076c700000)
  object space 103936K, 14% used [0x00000006c5400000,0x00000006c62c9a40,0x00000006cb980000)
 Metaspace       used 37723K, capacity 39170K, committed 39424K, reserved 1083392K
  class space    used 4630K, capacity 5045K, committed 5120K, reserved 1048576K
}

Deoptimization events (10 events):
Event: 3.302 Thread 0x0000000002f4a000 Uncommon trap: reason=unstable_if action=reinterpret pc=0x00000000033b53bc method=java.lang.CharacterDataLatin1.isWhitespace(I)Z @ 14
Event: 3.310 Thread 0x0000000002f4a000 Uncommon trap: reason=unstable_if action=reinterpret pc=0x0000000003bb73ec method=java.security.CodeSource.getCertificates()[Ljava/security/cert/Certificate; @ 22
Event: 3.323 Thread 0x0000000002f4a000 Uncommon trap: reason=unstable_if action=reinterpret pc=0x00000000035f1f2c method=java.util.jar.JarFile.maybeInstantiateVerifier()V @ 75
Event: 3.324 Thread 0x0000000002f4a000 Uncommon trap: reason=unstable_if action=reinterpret pc=0x00000000035dc314 method=java.util.LinkedHashMap.get(Ljava/lang/Object;)Ljava/lang/Object; @ 20
Event: 3.516 Thread 0x0000000002f4a000 Uncommon trap: reason=unstable_if action=reinterpret pc=0x00000000038452e4 method=java.util.zip.ZipFile$ZipEntryIterator.hasNext()Z @ 25
Event: 3.518 Thread 0x0000000002f4a000 Uncommon trap: reason=unstable_if action=reinterpret pc=0x0000000003843cac method=java.util.zip.ZipFile$ZipEntryIterator.hasNext()Z @ 25
Event: 3.524 Thread 0x0000000002f4a000 Uncommon trap: reason=unstable_if action=reinterpret pc=0x00000000038460ac method=java.util.zip.ZipFile$ZipEntryIterator.hasNext()Z @ 25
Event: 3.588 Thread 0x0000000002f4a000 Uncommon trap: reason=unstable_if action=reinterpret pc=0x0000000003c2e994 method=groovyjarjarasm.asm.Frame.execute(IILgroovyjarjarasm/asm/Symbol;Lgroovyjarjarasm/asm/SymbolTable;)V @ 2260
Event: 3.639 Thread 0x0000000002f4a000 Uncommon trap: reason=bimorphic action=maybe_recompile pc=0x00000000035db0e0 method=java.util.HashMap.putVal(ILjava/lang/Object;Ljava/lang/Object;ZZ)Ljava/lang/Object; @ 253
Event: 3.643 Thread 0x0000000002f4a000 Uncommon trap: reason=bimorphic action=maybe_recompile pc=0x00000000035db0e0 method=java.util.HashMap.putVal(ILjava/lang/Object;Ljava/lang/Object;ZZ)Ljava/lang/Object; @ 253

Classes redefined (0 events):
No events

Internal exceptions (10 events):
Event: 3.654 Thread 0x0000000002f4a000 Exception <a 'java/lang/ClassNotFoundException': groovy/lang/MetaPropertyCustomizer> (0x000000076d135728) thrown at [C:\re\workspace\8-2-build-windows-amd64-cygwin\jdk8u202\12323\hotspot\src\share\vm\classfile\systemDictionary.cpp, line 210]
Event: 3.655 Thread 0x0000000002f4a000 Exception <a 'java/lang/ClassNotFoundException': groovy/lang/MetaBeanPropertyCustomizer> (0x000000076d175fc8) thrown at [C:\re\workspace\8-2-build-windows-amd64-cygwin\jdk8u202\12323\hotspot\src\share\vm\classfile\systemDictionary.cpp, line 210]
Event: 3.656 Thread 0x0000000002f4a000 Exception <a 'java/lang/ClassNotFoundException': org/apache/http/entity/StringEntityBeanInfo> (0x000000076d1ccd80) thrown at [C:\re\workspace\8-2-build-windows-amd64-cygwin\jdk8u202\12323\hotspot\src\share\vm\classfile\systemDictionary.cpp, line 210]
Event: 3.656 Thread 0x0000000002f4a000 Exception <a 'java/lang/ClassNotFoundException': org/apache/http/entity/AbstractHttpEntityBeanInfo> (0x000000076d1f50d8) thrown at [C:\re\workspace\8-2-build-windows-amd64-cygwin\jdk8u202\12323\hotspot\src\share\vm\classfile\systemDictionary.cpp, line 210
Event: 3.656 Thread 0x0000000002f4a000 Exception <a 'java/lang/ClassNotFoundException': org/apache/http/entity/AbstractHttpEntityCustomizer> (0x000000076d21f320) thrown at [C:\re\workspace\8-2-build-windows-amd64-cygwin\jdk8u202\12323\hotspot\src\share\vm\classfile\systemDictionary.cpp, line 2
Event: 3.657 Thread 0x0000000002f4a000 Exception <a 'java/lang/ClassNotFoundException': org/apache/http/entity/StringEntityCustomizer> (0x000000076d250cf0) thrown at [C:\re\workspace\8-2-build-windows-amd64-cygwin\jdk8u202\12323\hotspot\src\share\vm\classfile\systemDictionary.cpp, line 210]
Event: 3.658 Thread 0x0000000002f4a000 Exception <a 'java/lang/ClassNotFoundException': java/util/HashMap$KeySetBeanInfo> (0x000000076d2f93f0) thrown at [C:\re\workspace\8-2-build-windows-amd64-cygwin\jdk8u202\12323\hotspot\src\share\vm\classfile\systemDictionary.cpp, line 210]
Event: 3.658 Thread 0x0000000002f4a000 Exception <a 'java/lang/ClassNotFoundException': java/util/HashMap$KeySetCustomizer> (0x000000076d3094e0) thrown at [C:\re\workspace\8-2-build-windows-amd64-cygwin\jdk8u202\12323\hotspot\src\share\vm\classfile\systemDictionary.cpp, line 210]
Event: 3.697 Thread 0x0000000002f4a000 Exception <a 'java/lang/ClassNotFoundException': sun/net/spi/DefaultProxySelectorBeanInfo> (0x000000076d5e98e0) thrown at [C:\re\workspace\8-2-build-windows-amd64-cygwin\jdk8u202\12323\hotspot\src\share\vm\classfile\systemDictionary.cpp, line 210]
Event: 3.697 Thread 0x0000000002f4a000 Exception <a 'java/lang/ClassNotFoundException': sun/net/spi/DefaultProxySelectorCustomizer> (0x000000076d5fbe30) thrown at [C:\re\workspace\8-2-build-windows-amd64-cygwin\jdk8u202\12323\hotspot\src\share\vm\classfile\systemDictionary.cpp, line 210]

Events (10 events):
Event: 3.832 loading class sun/security/ssl/SignatureAlgorithmsExtension
Event: 3.832 loading class sun/security/ssl/SignatureAlgorithmsExtension done
Event: 3.832 loading class sun/security/ssl/ExtendedMasterSecretExtension
Event: 3.832 loading class sun/security/ssl/ExtendedMasterSecretExtension done
Event: 3.832 loading class sun/security/ssl/ServerNameExtension
Event: 3.833 loading class sun/security/ssl/ServerNameExtension done
Event: 3.833 loading class sun/security/ssl/RenegotiationInfoExtension
Event: 3.833 loading class sun/security/ssl/RenegotiationInfoExtension done
Event: 3.833 loading class sun/security/ssl/HandshakeStateManager$HandshakeState
Event: 3.833 loading class sun/security/ssl/HandshakeStateManager$HandshakeState done


Dynamic libraries:
0x00007ff7a9170000 - 0x00007ff7a91a7000 	C:\Program Files\Java\jdk1.8.0_202\bin\javaw.exe
0x00007ffe571f0000 - 0x00007ffe573e8000 	C:\Windows\SYSTEM32\ntdll.dll
0x00007ffe56c80000 - 0x00007ffe56d3f000 	C:\Windows\System32\KERNEL32.DLL
0x00007ffe54c60000 - 0x00007ffe54f32000 	C:\Windows\System32\KERNELBASE.dll
0x00007ffe570c0000 - 0x00007ffe5716e000 	C:\Windows\System32\ADVAPI32.dll
0x00007ffe56bd0000 - 0x00007ffe56c6e000 	C:\Windows\System32\msvcrt.dll
0x00007ffe567d0000 - 0x00007ffe5686c000 	C:\Windows\System32\sechost.dll
0x00007ffe56f90000 - 0x00007ffe570b5000 	C:\Windows\System32\RPCRT4.dll
0x00007ffe56a20000 - 0x00007ffe56bc1000 	C:\Windows\System32\USER32.dll
0x00007ffe55200000 - 0x00007ffe55222000 	C:\Windows\System32\win32u.dll
0x00007ffe57170000 - 0x00007ffe5719b000 	C:\Windows\System32\GDI32.dll
0x00007ffe550f0000 - 0x00007ffe551ff000 	C:\Windows\System32\gdi32full.dll
0x00007ffe54b30000 - 0x00007ffe54bcd000 	C:\Windows\System32\msvcp_win.dll
0x00007ffe54f40000 - 0x00007ffe55040000 	C:\Windows\System32\ucrtbase.dll
0x00007ffe3db30000 - 0x00007ffe3ddca000 	C:\Windows\WinSxS\amd64_microsoft.windows.common-controls_6595b64144ccf1df_6.0.19041.1110_none_60b5254171f9507e\COMCTL32.dll
0x00007ffe56dc0000 - 0x00007ffe56df2000 	C:\Windows\System32\IMM32.DLL
0x000000006af00000 - 0x000000006afd2000 	C:\Program Files\Java\jdk1.8.0_202\jre\bin\msvcr100.dll
0x000000006a650000 - 0x000000006aef5000 	C:\Program Files\Java\jdk1.8.0_202\jre\bin\server\jvm.dll
0x00007ffe56c70000 - 0x00007ffe56c78000 	C:\Windows\System32\PSAPI.DLL
0x00007ffe2e570000 - 0x00007ffe2e597000 	C:\Windows\SYSTEM32\WINMM.dll
0x00007ffe4d110000 - 0x00007ffe4d11a000 	C:\Windows\SYSTEM32\VERSION.dll
0x00007ffe3af50000 - 0x00007ffe3af59000 	C:\Windows\SYSTEM32\WSOCK32.dll
0x00007ffe56760000 - 0x00007ffe567cb000 	C:\Windows\System32\WS2_32.dll
0x00007ffe2c020000 - 0x00007ffe2c02f000 	C:\Program Files\Java\jdk1.8.0_202\jre\bin\verify.dll
0x00007ffe2bff0000 - 0x00007ffe2c019000 	C:\Program Files\Java\jdk1.8.0_202\jre\bin\java.dll
0x00007ffe2b920000 - 0x00007ffe2b936000 	C:\Program Files\Java\jdk1.8.0_202\jre\bin\zip.dll
0x00007ffe55630000 - 0x00007ffe55d74000 	C:\Windows\System32\SHELL32.dll
0x00007ffe52940000 - 0x00007ffe530d2000 	C:\Windows\SYSTEM32\windows.storage.dll
0x00007ffe55f00000 - 0x00007ffe56255000 	C:\Windows\System32\combase.dll
0x00007ffe54180000 - 0x00007ffe541b0000 	C:\Windows\SYSTEM32\Wldp.dll
0x00007ffe55df0000 - 0x00007ffe55e9d000 	C:\Windows\System32\SHCORE.dll
0x00007ffe55ea0000 - 0x00007ffe55ef5000 	C:\Windows\System32\shlwapi.dll
0x00007ffe54820000 - 0x00007ffe5483f000 	C:\Windows\SYSTEM32\profapi.dll
0x00007ffe27b50000 - 0x00007ffe27b6a000 	C:\Program Files\Java\jdk1.8.0_202\jre\bin\net.dll
0x00007ffe3f030000 - 0x00007ffe3f21d000 	C:\Windows\SYSTEM32\urlmon.dll
0x00007ffe3f000000 - 0x00007ffe3f028000 	C:\Windows\SYSTEM32\srvcli.dll
0x00007ffe53d80000 - 0x00007ffe53d8c000 	C:\Windows\SYSTEM32\netutils.dll
0x00007ffe3f380000 - 0x00007ffe3f631000 	C:\Windows\SYSTEM32\iertutil.dll
0x00007ffe53f60000 - 0x00007ffe53fca000 	C:\Windows\system32\mswsock.dll
0x00007ffe53cb0000 - 0x00007ffe53d7a000 	C:\Windows\SYSTEM32\DNSAPI.dll
0x00007ffe53c70000 - 0x00007ffe53cab000 	C:\Windows\SYSTEM32\IPHLPAPI.DLL
0x00007ffe571a0000 - 0x00007ffe571a8000 	C:\Windows\System32\NSI.dll
0x00007ffe4be10000 - 0x00007ffe4be1a000 	C:\Windows\System32\rasadhlp.dll
0x00007ffe4a330000 - 0x00007ffe4a3b0000 	C:\Windows\System32\fwpuclnt.dll
0x00007ffe549a0000 - 0x00007ffe549c7000 	C:\Windows\System32\bcrypt.dll
0x00007ffe541c0000 - 0x00007ffe541d8000 	C:\Windows\SYSTEM32\CRYPTSP.dll
0x00007ffe538a0000 - 0x00007ffe538d4000 	C:\Windows\system32\rsaenh.dll
0x00007ffe547e0000 - 0x00007ffe5480e000 	C:\Windows\SYSTEM32\USERENV.dll
0x00007ffe54bd0000 - 0x00007ffe54c52000 	C:\Windows\System32\bcryptprimitives.dll
0x00007ffe540f0000 - 0x00007ffe540fc000 	C:\Windows\SYSTEM32\CRYPTBASE.dll
0x00007ffe4be80000 - 0x00007ffe4be97000 	C:\Windows\SYSTEM32\dhcpcsvc6.DLL
0x00007ffe4c8c0000 - 0x00007ffe4c8dd000 	C:\Windows\SYSTEM32\dhcpcsvc.DLL
0x00007ffe25820000 - 0x00007ffe25832000 	C:\Program Files\Java\jdk1.8.0_202\jre\bin\nio.dll
0x00007ffe28920000 - 0x00007ffe2892d000 	C:\Program Files\Java\jdk1.8.0_202\jre\bin\management.dll
0x00007ffe3d3d0000 - 0x00007ffe3d3e7000 	C:\Windows\system32\napinsp.dll
0x00007ffe3d3b0000 - 0x00007ffe3d3cb000 	C:\Windows\system32\pnrpnsp.dll
0x00007ffe4f180000 - 0x00007ffe4f195000 	C:\Windows\system32\wshbth.dll
0x00007ffe4fc60000 - 0x00007ffe4fc7d000 	C:\Windows\system32\NLAapi.dll
0x00007ffe2a620000 - 0x00007ffe2a632000 	C:\Windows\System32\winrnr.dll
0x00007ffe28550000 - 0x00007ffe28574000 	C:\Program Files\Java\jdk1.8.0_202\jre\bin\sunec.dll
0x00007ffe28540000 - 0x00007ffe2854b000 	C:\Program Files\Java\jdk1.8.0_202\jre\bin\sunmscapi.dll
0x00007ffe549d0000 - 0x00007ffe54b26000 	C:\Windows\System32\CRYPT32.dll

VM Arguments:
jvm_args: -ea -Dfile.encoding=UTF-8 
java_command: org.testng.remote.RemoteTestNG -serport 62380 -protocol json -d D:\RingPay\RingPay_APIAutomation\modified_updated\test-output D:\RingPay\RingPay_APIAutomation\modified_updated\RingPay.xml
java_class_path (initial): C:\Users\IGS0425\eclipse\java-2022-06\eclipse\configuration\org.eclipse.osgi\447\0\.cp\lib\testng-remote.jar;D:\RingPay\RingPay_APIAutomation\modified_updated\target\test-classes;D:\RingPay\RingPay_APIAutomation\modified_updated\target\classes;C:\Users\IGS0425\.m2\repository\io\appium\java-client\7.2.0\java-client-7.2.0.jar;C:\Users\IGS0425\.m2\repository\org\seleniumhq\selenium\selenium-support\3.141.59\selenium-support-3.141.59.jar;C:\Users\IGS0425\.m2\repository\org\seleniumhq\selenium\selenium-api\3.141.59\selenium-api-3.141.59.jar;C:\Users\IGS0425\.m2\repository\com\google\code\gson\gson\2.8.5\gson-2.8.5.jar;C:\Users\IGS0425\.m2\repository\org\apache\httpcomponents\httpclient\4.5.9\httpclient-4.5.9.jar;C:\Users\IGS0425\.m2\repository\cglib\cglib\3.2.12\cglib-3.2.12.jar;C:\Users\IGS0425\.m2\repository\org\ow2\asm\asm\7.1\asm-7.1.jar;C:\Users\IGS0425\.m2\repository\commons-io\commons-io\2.6\commons-io-2.6.jar;C:\Users\IGS0425\.m2\repository\org\springframework\spring-context\5.1.8.RELEASE\spring-context-5.1.8.RELEASE.jar;C:\Users\IGS0425\.m2\repository\org\springframework\spring-aop\5.1.8.RELEASE\spring-aop-5.1.8.RELEASE.jar;C:\Users\IGS0425\.m2\repository\org\springframework\spring-beans\5.1.8.RELEASE\spring-beans-5.1.8.RELEASE.jar;C:\Users\IGS0425\.m2\repository\org\springframework\spring-core\5.1.8.RELEASE\spring-core-5.1.8.RELEASE.jar;C:\Users\IGS0425\.m2\repository\org\springframework\spring-jcl\5.1.8.RELEASE\spring-jcl-5.1.8.RELEASE.jar;C:\Users\IGS0425\.m2\repository\org\springframework\spring-expression\5.1.8.RELEASE\spring-expression-5.1.8.RELEASE.jar;C:\Users\IGS0425\.m2\repository\org\aspectj\aspectjweaver\1.9.4\aspectjweaver-1.9.4.jar;C:\Users\IGS0425\.m2\repository\org\slf4j\slf4j-api\1.7.26\slf4j-api-1.7.26.jar;C:\Users\IGS0425\.m2\repository\org\seleniumhq\selenium\selenium-java\3.141.59\selenium-java-3.141.59.jar;C:\Users\IGS0425\.m2\repository\org\seleniumhq\selenium\selenium-chrome-driver\3.141.59\selenium-chrome-dri
Launcher Type: SUN_STANDARD

Environment Variables:
JAVA_HOME=C:\Program Files\Java\jdk1.8.0_202
PATH=C:/Users/IGS0425/.p2/pool/plugins/org.eclipse.justj.openjdk.hotspot.jre.full.win32.x86_64_17.0.3.v20220515-1416/jre/bin/server;C:/Users/IGS0425/.p2/pool/plugins/org.eclipse.justj.openjdk.hotspot.jre.full.win32.x86_64_17.0.3.v20220515-1416/jre/bin;C:\Program Files (x86)\Common Files\Oracle\Java\javapath;C:\Windows\system32;C:\Windows;C:\Windows\System32\Wbem;C:\Windows\System32\WindowsPowerShell\v1.0\;C:\Windows\System32\OpenSSH\;C:\Program Files\nodejs\;C:\Program Files\Git\cmd;C:\Program Files\apache-maven-3.8.6\bin;C:\Users\IGS0425\AppData\Local\Microsoft\WindowsApps;C:\Program Files\JetBrains\IntelliJ IDEA Community Edition 2022.1.3\bin;;C:\Users\IGS0425\AppData\Roaming\npm;C:\Program Files\Java\jdk1.8.0_202\bin;;C:\Windows\System32;
USERNAME=IGS0425
OS=Windows_NT
PROCESSOR_IDENTIFIER=Intel64 Family 6 Model 140 Stepping 1, GenuineIntel



---------------  S Y S T E M  ---------------

OS: Windows 10.0 , 64 bit Build 19041 (10.0.19041.2364)

CPU:total 8 (initial active 8) (4 cores per cpu, 2 threads per core) family 6 model 140 stepping 1, cmov, cx8, fxsr, mmx, sse, sse2, sse3, ssse3, sse4.1, sse4.2, popcnt, avx, avx2, aes, clmul, erms, 3dnowpref, lzcnt, ht, tsc, tscinvbit, bmi1, bmi2, adx

Memory: 4k page, physical 16428308k(1796876k free), swap 16428308k(6416k free)

vm_info: Java HotSpot(TM) 64-Bit Server VM (25.202-b08) for windows-amd64 JRE (1.8.0_202-b08), built on Dec 15 2018 19:54:30 by "java_re" with MS VC++ 10.0 (VS2010)

time: Tue Dec 20 14:44:56 2022
timezone: India Standard Time
elapsed time: 3 seconds (0d 0h 0m 3s)

